2023-12-15 20:47:56,812  |  INFO  |    
2023-12-15 20:47:56,813  |  INFO  |  ---------------------------------------------  
2023-12-15 20:47:56,813  |  INFO  |  Beginning the source data extraction process...  
2023-12-15 20:47:56,818  |  INFO  |  Successfully loaded 'Marketing_Spend.csv'  
2023-12-15 20:47:56,866  |  DEBUG  |    
2023-12-15 20:47:56,869  |  INFO  |  =================================================================================  
2023-12-15 20:47:56,870  |  INFO  |  CONNECTION SUCCESS: Managed to connect successfully to the oltp_db database!!  
2023-12-15 20:47:56,871  |  INFO  |  Connection details: user=postgres password=xxx dbname=oltp_db host=localhost port=5432   
2023-12-15 20:47:56,873  |  INFO  |  =================================================================================  
2023-12-15 20:47:56,874  |  DEBUG  |    
2023-12-15 20:47:56,879  |  DEBUG  |    
2023-12-15 20:47:56,880  |  INFO  |  =================================================================================================  
2023-12-15 20:47:56,881  |  INFO  |  SCHEMA CREATION SUCCESS: Managed to create main schema in oltp_db   
2023-12-15 20:47:56,882  |  INFO  |  Schema name in Postgres: main   
2023-12-15 20:47:56,882  |  INFO  |  SQL Query for validation check:  SELECT schema_name from information_schema.schemata WHERE schema_name= 'main';   
2023-12-15 20:47:56,883  |  INFO  |  =================================================================================================  
2023-12-15 20:47:56,884  |  DEBUG  |    
2023-12-15 20:47:56,890  |  DEBUG  |    
2023-12-15 20:47:56,890  |  ERROR  |  ==========================================================================================================================================================================  
2023-12-15 20:47:56,891  |  ERROR  |  TABLE DELETION FAILURE: Unable to delete marketing_spend. This table may have objects that depend on it (use DROP TABLE ... CASCADE to resolve) or it doesn't exist.   
2023-12-15 20:47:56,891  |  ERROR  |  SQL Query for validation check:  SELECT EXISTS (SELECT 1 FROM information_schema.tables WHERE table_name = 'marketing_spend' );   
2023-12-15 20:47:56,892  |  ERROR  |  ==========================================================================================================================================================================  
2023-12-15 20:47:56,893  |  DEBUG  |    
2023-12-15 20:47:56,897  |  DEBUG  |    
2023-12-15 20:47:56,897  |  INFO  |  =============================================================================================================================================================================  
2023-12-15 20:47:56,898  |  INFO  |  TABLE CREATION SUCCESS: Managed to create marketing_spend table in oltp_db.    
2023-12-15 20:47:56,898  |  INFO  |  SQL Query for validation check:  SELECT EXISTS (SELECT 1 FROM information_schema.tables WHERE table_name = 'marketing_spend' );   
2023-12-15 20:47:56,899  |  INFO  |  =============================================================================================================================================================================  
2023-12-15 20:47:56,899  |  DEBUG  |    
2023-12-15 20:47:56,900  |  INFO  |  Rows before SQL insert in Postgres: 0   
2023-12-15 20:47:56,901  |  DEBUG  |    
2023-12-15 20:47:56,903  |  DEBUG  |  ---------------------------------  
2023-12-15 20:47:56,904  |  INFO  |  INSERT SUCCESS record no 1   
2023-12-15 20:47:56,904  |  DEBUG  |  ---------------------------------  
2023-12-15 20:47:56,905  |  DEBUG  |  ---------------------------------  
2023-12-15 20:47:56,906  |  INFO  |  INSERT SUCCESS record no 2   
2023-12-15 20:47:56,906  |  DEBUG  |  ---------------------------------  
2023-12-15 20:47:56,908  |  DEBUG  |  ---------------------------------  
2023-12-15 20:47:56,908  |  INFO  |  INSERT SUCCESS record no 3   
2023-12-15 20:47:56,909  |  DEBUG  |  ---------------------------------  
2023-12-15 20:47:56,910  |  DEBUG  |  ---------------------------------  
2023-12-15 20:47:56,911  |  INFO  |  INSERT SUCCESS record no 4   
2023-12-15 20:47:56,911  |  DEBUG  |  ---------------------------------  
2023-12-15 20:47:56,913  |  DEBUG  |  ---------------------------------  
2023-12-15 20:47:56,913  |  INFO  |  INSERT SUCCESS record no 5   
2023-12-15 20:47:56,913  |  DEBUG  |  ---------------------------------  
2023-12-15 20:47:56,914  |  DEBUG  |  ---------------------------------  
2023-12-15 20:47:56,914  |  INFO  |  INSERT SUCCESS record no 6   
2023-12-15 20:47:56,915  |  DEBUG  |  ---------------------------------  
2023-12-15 20:47:56,915  |  DEBUG  |  ---------------------------------  
2023-12-15 20:47:56,916  |  INFO  |  INSERT SUCCESS record no 7   
2023-12-15 20:47:56,916  |  DEBUG  |  ---------------------------------  
2023-12-15 20:47:56,916  |  DEBUG  |  ---------------------------------  
2023-12-15 20:47:56,917  |  INFO  |  INSERT SUCCESS record no 8   
2023-12-15 20:47:56,917  |  DEBUG  |  ---------------------------------  
2023-12-15 20:47:56,918  |  DEBUG  |  ---------------------------------  
2023-12-15 20:47:56,918  |  INFO  |  INSERT SUCCESS record no 9   
2023-12-15 20:47:56,918  |  DEBUG  |  ---------------------------------  
2023-12-15 20:47:56,919  |  DEBUG  |  ---------------------------------  
2023-12-15 20:47:56,919  |  INFO  |  INSERT SUCCESS record no 10   
2023-12-15 20:47:56,919  |  DEBUG  |  ---------------------------------  
2023-12-15 20:47:56,920  |  DEBUG  |  ---------------------------------  
2023-12-15 20:47:56,921  |  INFO  |  INSERT SUCCESS record no 11   
2023-12-15 20:47:56,921  |  DEBUG  |  ---------------------------------  
2023-12-15 20:47:56,922  |  DEBUG  |  ---------------------------------  
2023-12-15 20:47:56,922  |  INFO  |  INSERT SUCCESS record no 12   
2023-12-15 20:47:56,922  |  DEBUG  |  ---------------------------------  
2023-12-15 20:47:56,923  |  DEBUG  |  ---------------------------------  
2023-12-15 20:47:56,923  |  INFO  |  INSERT SUCCESS record no 13   
2023-12-15 20:47:56,924  |  DEBUG  |  ---------------------------------  
2023-12-15 20:47:56,926  |  DEBUG  |  ---------------------------------  
2023-12-15 20:47:56,931  |  INFO  |  INSERT SUCCESS record no 14   
2023-12-15 20:47:56,932  |  DEBUG  |  ---------------------------------  
2023-12-15 20:47:56,933  |  DEBUG  |  ---------------------------------  
2023-12-15 20:47:56,933  |  INFO  |  INSERT SUCCESS record no 15   
2023-12-15 20:47:56,933  |  DEBUG  |  ---------------------------------  
2023-12-15 20:47:56,934  |  DEBUG  |  ---------------------------------  
2023-12-15 20:47:56,934  |  INFO  |  INSERT SUCCESS record no 16   
2023-12-15 20:47:56,934  |  DEBUG  |  ---------------------------------  
2023-12-15 20:47:56,935  |  DEBUG  |  ---------------------------------  
2023-12-15 20:47:56,935  |  INFO  |  INSERT SUCCESS record no 17   
2023-12-15 20:47:56,936  |  DEBUG  |  ---------------------------------  
2023-12-15 20:47:56,936  |  DEBUG  |  ---------------------------------  
2023-12-15 20:47:56,937  |  INFO  |  INSERT SUCCESS record no 18   
2023-12-15 20:47:56,937  |  DEBUG  |  ---------------------------------  
2023-12-15 20:47:56,938  |  DEBUG  |  ---------------------------------  
2023-12-15 20:47:56,939  |  INFO  |  INSERT SUCCESS record no 19   
2023-12-15 20:47:56,939  |  DEBUG  |  ---------------------------------  
2023-12-15 20:47:56,941  |  DEBUG  |  ---------------------------------  
2023-12-15 20:47:56,942  |  INFO  |  INSERT SUCCESS record no 20   
2023-12-15 20:47:56,943  |  DEBUG  |  ---------------------------------  
2023-12-15 20:47:56,945  |  DEBUG  |  ---------------------------------  
2023-12-15 20:47:56,946  |  INFO  |  INSERT SUCCESS record no 21   
2023-12-15 20:47:56,946  |  DEBUG  |  ---------------------------------  
2023-12-15 20:47:56,947  |  DEBUG  |  ---------------------------------  
2023-12-15 20:47:56,948  |  INFO  |  INSERT SUCCESS record no 22   
2023-12-15 20:47:56,948  |  DEBUG  |  ---------------------------------  
2023-12-15 20:47:56,949  |  DEBUG  |  ---------------------------------  
2023-12-15 20:47:56,950  |  INFO  |  INSERT SUCCESS record no 23   
2023-12-15 20:47:56,950  |  DEBUG  |  ---------------------------------  
2023-12-15 20:47:56,952  |  DEBUG  |  ---------------------------------  
2023-12-15 20:47:56,953  |  INFO  |  INSERT SUCCESS record no 24   
2023-12-15 20:47:56,953  |  DEBUG  |  ---------------------------------  
2023-12-15 20:47:56,954  |  DEBUG  |  ---------------------------------  
2023-12-15 20:47:56,954  |  INFO  |  INSERT SUCCESS record no 25   
2023-12-15 20:47:56,955  |  DEBUG  |  ---------------------------------  
2023-12-15 20:47:56,955  |  DEBUG  |  ---------------------------------  
2023-12-15 20:47:56,955  |  INFO  |  INSERT SUCCESS record no 26   
2023-12-15 20:47:56,956  |  DEBUG  |  ---------------------------------  
2023-12-15 20:47:56,957  |  DEBUG  |  ---------------------------------  
2023-12-15 20:47:56,965  |  INFO  |  INSERT SUCCESS record no 27   
2023-12-15 20:47:56,966  |  DEBUG  |  ---------------------------------  
2023-12-15 20:47:56,967  |  DEBUG  |  ---------------------------------  
2023-12-15 20:47:56,967  |  INFO  |  INSERT SUCCESS record no 28   
2023-12-15 20:47:56,967  |  DEBUG  |  ---------------------------------  
2023-12-15 20:47:56,968  |  DEBUG  |  ---------------------------------  
2023-12-15 20:47:56,968  |  INFO  |  INSERT SUCCESS record no 29   
2023-12-15 20:47:56,968  |  DEBUG  |  ---------------------------------  
2023-12-15 20:47:56,969  |  DEBUG  |  ---------------------------------  
2023-12-15 20:47:56,969  |  INFO  |  INSERT SUCCESS record no 30   
2023-12-15 20:47:56,970  |  DEBUG  |  ---------------------------------  
2023-12-15 20:47:56,970  |  DEBUG  |  ---------------------------------  
2023-12-15 20:47:56,971  |  INFO  |  INSERT SUCCESS record no 31   
2023-12-15 20:47:56,971  |  DEBUG  |  ---------------------------------  
2023-12-15 20:47:56,972  |  DEBUG  |  ---------------------------------  
2023-12-15 20:47:56,973  |  INFO  |  INSERT SUCCESS record no 32   
2023-12-15 20:47:56,974  |  DEBUG  |  ---------------------------------  
2023-12-15 20:47:56,975  |  DEBUG  |  ---------------------------------  
2023-12-15 20:47:56,976  |  INFO  |  INSERT SUCCESS record no 33   
2023-12-15 20:47:56,977  |  DEBUG  |  ---------------------------------  
2023-12-15 20:47:56,978  |  DEBUG  |  ---------------------------------  
2023-12-15 20:47:56,979  |  INFO  |  INSERT SUCCESS record no 34   
2023-12-15 20:47:56,979  |  DEBUG  |  ---------------------------------  
2023-12-15 20:47:56,980  |  DEBUG  |  ---------------------------------  
2023-12-15 20:47:56,981  |  INFO  |  INSERT SUCCESS record no 35   
2023-12-15 20:47:56,981  |  DEBUG  |  ---------------------------------  
2023-12-15 20:47:56,982  |  DEBUG  |  ---------------------------------  
2023-12-15 20:47:56,982  |  INFO  |  INSERT SUCCESS record no 36   
2023-12-15 20:47:56,983  |  DEBUG  |  ---------------------------------  
2023-12-15 20:47:56,984  |  DEBUG  |  ---------------------------------  
2023-12-15 20:47:56,984  |  INFO  |  INSERT SUCCESS record no 37   
2023-12-15 20:47:56,985  |  DEBUG  |  ---------------------------------  
2023-12-15 20:47:56,986  |  DEBUG  |  ---------------------------------  
2023-12-15 20:47:56,986  |  INFO  |  INSERT SUCCESS record no 38   
2023-12-15 20:47:56,987  |  DEBUG  |  ---------------------------------  
2023-12-15 20:47:56,988  |  DEBUG  |  ---------------------------------  
2023-12-15 20:47:56,988  |  INFO  |  INSERT SUCCESS record no 39   
2023-12-15 20:47:56,988  |  DEBUG  |  ---------------------------------  
2023-12-15 20:47:56,989  |  DEBUG  |  ---------------------------------  
2023-12-15 20:47:56,990  |  INFO  |  INSERT SUCCESS record no 40   
2023-12-15 20:47:56,990  |  DEBUG  |  ---------------------------------  
2023-12-15 20:47:56,991  |  DEBUG  |  ---------------------------------  
2023-12-15 20:47:56,992  |  INFO  |  INSERT SUCCESS record no 41   
2023-12-15 20:47:56,992  |  DEBUG  |  ---------------------------------  
2023-12-15 20:47:56,993  |  DEBUG  |  ---------------------------------  
2023-12-15 20:47:56,993  |  INFO  |  INSERT SUCCESS record no 42   
2023-12-15 20:47:56,993  |  DEBUG  |  ---------------------------------  
2023-12-15 20:47:56,994  |  DEBUG  |  ---------------------------------  
2023-12-15 20:47:56,994  |  INFO  |  INSERT SUCCESS record no 43   
2023-12-15 20:47:56,995  |  DEBUG  |  ---------------------------------  
2023-12-15 20:47:56,995  |  DEBUG  |  ---------------------------------  
2023-12-15 20:47:56,995  |  INFO  |  INSERT SUCCESS record no 44   
2023-12-15 20:47:56,996  |  DEBUG  |  ---------------------------------  
2023-12-15 20:47:56,996  |  DEBUG  |  ---------------------------------  
2023-12-15 20:47:56,997  |  INFO  |  INSERT SUCCESS record no 45   
2023-12-15 20:47:56,997  |  DEBUG  |  ---------------------------------  
2023-12-15 20:47:56,998  |  DEBUG  |  ---------------------------------  
2023-12-15 20:47:56,999  |  INFO  |  INSERT SUCCESS record no 46   
2023-12-15 20:47:56,999  |  DEBUG  |  ---------------------------------  
2023-12-15 20:47:57,000  |  DEBUG  |  ---------------------------------  
2023-12-15 20:47:57,001  |  INFO  |  INSERT SUCCESS record no 47   
2023-12-15 20:47:57,006  |  DEBUG  |  ---------------------------------  
2023-12-15 20:47:57,008  |  DEBUG  |  ---------------------------------  
2023-12-15 20:47:57,008  |  INFO  |  INSERT SUCCESS record no 48   
2023-12-15 20:47:57,008  |  DEBUG  |  ---------------------------------  
2023-12-15 20:47:57,009  |  DEBUG  |  ---------------------------------  
2023-12-15 20:47:57,010  |  INFO  |  INSERT SUCCESS record no 49   
2023-12-15 20:47:57,010  |  DEBUG  |  ---------------------------------  
2023-12-15 20:47:57,011  |  DEBUG  |  ---------------------------------  
2023-12-15 20:47:57,011  |  INFO  |  INSERT SUCCESS record no 50   
2023-12-15 20:47:57,011  |  DEBUG  |  ---------------------------------  
2023-12-15 20:47:57,012  |  DEBUG  |  ---------------------------------  
2023-12-15 20:47:57,012  |  INFO  |  INSERT SUCCESS record no 51   
2023-12-15 20:47:57,013  |  DEBUG  |  ---------------------------------  
2023-12-15 20:47:57,014  |  DEBUG  |  ---------------------------------  
2023-12-15 20:47:57,015  |  INFO  |  INSERT SUCCESS record no 52   
2023-12-15 20:47:57,015  |  DEBUG  |  ---------------------------------  
2023-12-15 20:47:57,016  |  DEBUG  |  ---------------------------------  
2023-12-15 20:47:57,018  |  INFO  |  INSERT SUCCESS record no 53   
2023-12-15 20:47:57,019  |  DEBUG  |  ---------------------------------  
2023-12-15 20:47:57,020  |  DEBUG  |  ---------------------------------  
2023-12-15 20:47:57,021  |  INFO  |  INSERT SUCCESS record no 54   
2023-12-15 20:47:57,022  |  DEBUG  |  ---------------------------------  
2023-12-15 20:47:57,023  |  DEBUG  |  ---------------------------------  
2023-12-15 20:47:57,023  |  INFO  |  INSERT SUCCESS record no 55   
2023-12-15 20:47:57,023  |  DEBUG  |  ---------------------------------  
2023-12-15 20:47:57,024  |  DEBUG  |  ---------------------------------  
2023-12-15 20:47:57,025  |  INFO  |  INSERT SUCCESS record no 56   
2023-12-15 20:47:57,025  |  DEBUG  |  ---------------------------------  
2023-12-15 20:47:57,026  |  DEBUG  |  ---------------------------------  
2023-12-15 20:47:57,026  |  INFO  |  INSERT SUCCESS record no 57   
2023-12-15 20:47:57,027  |  DEBUG  |  ---------------------------------  
2023-12-15 20:47:57,027  |  DEBUG  |  ---------------------------------  
2023-12-15 20:47:57,028  |  INFO  |  INSERT SUCCESS record no 58   
2023-12-15 20:47:57,028  |  DEBUG  |  ---------------------------------  
2023-12-15 20:47:57,029  |  DEBUG  |  ---------------------------------  
2023-12-15 20:47:57,029  |  INFO  |  INSERT SUCCESS record no 59   
2023-12-15 20:47:57,029  |  DEBUG  |  ---------------------------------  
2023-12-15 20:47:57,030  |  DEBUG  |  ---------------------------------  
2023-12-15 20:47:57,030  |  INFO  |  INSERT SUCCESS record no 60   
2023-12-15 20:47:57,031  |  DEBUG  |  ---------------------------------  
2023-12-15 20:47:57,032  |  DEBUG  |  ---------------------------------  
2023-12-15 20:47:57,033  |  INFO  |  INSERT SUCCESS record no 61   
2023-12-15 20:47:57,034  |  DEBUG  |  ---------------------------------  
2023-12-15 20:47:57,043  |  DEBUG  |  ---------------------------------  
2023-12-15 20:47:57,043  |  INFO  |  INSERT SUCCESS record no 62   
2023-12-15 20:47:57,044  |  DEBUG  |  ---------------------------------  
2023-12-15 20:47:57,044  |  DEBUG  |  ---------------------------------  
2023-12-15 20:47:57,045  |  INFO  |  INSERT SUCCESS record no 63   
2023-12-15 20:47:57,046  |  DEBUG  |  ---------------------------------  
2023-12-15 20:47:57,047  |  DEBUG  |  ---------------------------------  
2023-12-15 20:47:57,047  |  INFO  |  INSERT SUCCESS record no 64   
2023-12-15 20:47:57,047  |  DEBUG  |  ---------------------------------  
2023-12-15 20:47:57,048  |  DEBUG  |  ---------------------------------  
2023-12-15 20:47:57,050  |  INFO  |  INSERT SUCCESS record no 65   
2023-12-15 20:47:57,051  |  DEBUG  |  ---------------------------------  
2023-12-15 20:47:57,054  |  DEBUG  |  ---------------------------------  
2023-12-15 20:47:57,055  |  INFO  |  INSERT SUCCESS record no 66   
2023-12-15 20:47:57,056  |  DEBUG  |  ---------------------------------  
2023-12-15 20:47:57,057  |  DEBUG  |  ---------------------------------  
2023-12-15 20:47:57,057  |  INFO  |  INSERT SUCCESS record no 67   
2023-12-15 20:47:57,058  |  DEBUG  |  ---------------------------------  
2023-12-15 20:47:57,058  |  DEBUG  |  ---------------------------------  
2023-12-15 20:47:57,059  |  INFO  |  INSERT SUCCESS record no 68   
2023-12-15 20:47:57,059  |  DEBUG  |  ---------------------------------  
2023-12-15 20:47:57,060  |  DEBUG  |  ---------------------------------  
2023-12-15 20:47:57,061  |  INFO  |  INSERT SUCCESS record no 69   
2023-12-15 20:47:57,061  |  DEBUG  |  ---------------------------------  
2023-12-15 20:47:57,063  |  DEBUG  |  ---------------------------------  
2023-12-15 20:47:57,063  |  INFO  |  INSERT SUCCESS record no 70   
2023-12-15 20:47:57,063  |  DEBUG  |  ---------------------------------  
2023-12-15 20:47:57,064  |  DEBUG  |  ---------------------------------  
2023-12-15 20:47:57,064  |  INFO  |  INSERT SUCCESS record no 71   
2023-12-15 20:47:57,064  |  DEBUG  |  ---------------------------------  
2023-12-15 20:47:57,065  |  DEBUG  |  ---------------------------------  
2023-12-15 20:47:57,065  |  INFO  |  INSERT SUCCESS record no 72   
2023-12-15 20:47:57,066  |  DEBUG  |  ---------------------------------  
2023-12-15 20:47:57,067  |  DEBUG  |  ---------------------------------  
2023-12-15 20:47:57,067  |  INFO  |  INSERT SUCCESS record no 73   
2023-12-15 20:47:57,067  |  DEBUG  |  ---------------------------------  
2023-12-15 20:47:57,068  |  DEBUG  |  ---------------------------------  
2023-12-15 20:47:57,069  |  INFO  |  INSERT SUCCESS record no 74   
2023-12-15 20:47:57,069  |  DEBUG  |  ---------------------------------  
2023-12-15 20:47:57,070  |  DEBUG  |  ---------------------------------  
2023-12-15 20:47:57,070  |  INFO  |  INSERT SUCCESS record no 75   
2023-12-15 20:47:57,070  |  DEBUG  |  ---------------------------------  
2023-12-15 20:47:57,071  |  DEBUG  |  ---------------------------------  
2023-12-15 20:47:57,071  |  INFO  |  INSERT SUCCESS record no 76   
2023-12-15 20:47:57,072  |  DEBUG  |  ---------------------------------  
2023-12-15 20:47:57,072  |  DEBUG  |  ---------------------------------  
2023-12-15 20:47:57,073  |  INFO  |  INSERT SUCCESS record no 77   
2023-12-15 20:47:57,073  |  DEBUG  |  ---------------------------------  
2023-12-15 20:47:57,074  |  DEBUG  |  ---------------------------------  
2023-12-15 20:47:57,074  |  INFO  |  INSERT SUCCESS record no 78   
2023-12-15 20:47:57,075  |  DEBUG  |  ---------------------------------  
2023-12-15 20:47:57,075  |  DEBUG  |  ---------------------------------  
2023-12-15 20:47:57,075  |  INFO  |  INSERT SUCCESS record no 79   
2023-12-15 20:47:57,076  |  DEBUG  |  ---------------------------------  
2023-12-15 20:47:57,076  |  DEBUG  |  ---------------------------------  
2023-12-15 20:47:57,077  |  INFO  |  INSERT SUCCESS record no 80   
2023-12-15 20:47:57,077  |  DEBUG  |  ---------------------------------  
2023-12-15 20:47:57,077  |  DEBUG  |  ---------------------------------  
2023-12-15 20:47:57,078  |  INFO  |  INSERT SUCCESS record no 81   
2023-12-15 20:47:57,083  |  DEBUG  |  ---------------------------------  
2023-12-15 20:47:57,084  |  DEBUG  |  ---------------------------------  
2023-12-15 20:47:57,084  |  INFO  |  INSERT SUCCESS record no 82   
2023-12-15 20:47:57,085  |  DEBUG  |  ---------------------------------  
2023-12-15 20:47:57,086  |  DEBUG  |  ---------------------------------  
2023-12-15 20:47:57,086  |  INFO  |  INSERT SUCCESS record no 83   
2023-12-15 20:47:57,086  |  DEBUG  |  ---------------------------------  
2023-12-15 20:47:57,087  |  DEBUG  |  ---------------------------------  
2023-12-15 20:47:57,088  |  INFO  |  INSERT SUCCESS record no 84   
2023-12-15 20:47:57,088  |  DEBUG  |  ---------------------------------  
2023-12-15 20:47:57,089  |  DEBUG  |  ---------------------------------  
2023-12-15 20:47:57,089  |  INFO  |  INSERT SUCCESS record no 85   
2023-12-15 20:47:57,090  |  DEBUG  |  ---------------------------------  
2023-12-15 20:47:57,091  |  DEBUG  |  ---------------------------------  
2023-12-15 20:47:57,092  |  INFO  |  INSERT SUCCESS record no 86   
2023-12-15 20:47:57,092  |  DEBUG  |  ---------------------------------  
2023-12-15 20:47:57,094  |  DEBUG  |  ---------------------------------  
2023-12-15 20:47:57,095  |  INFO  |  INSERT SUCCESS record no 87   
2023-12-15 20:47:57,096  |  DEBUG  |  ---------------------------------  
2023-12-15 20:47:57,097  |  DEBUG  |  ---------------------------------  
2023-12-15 20:47:57,098  |  INFO  |  INSERT SUCCESS record no 88   
2023-12-15 20:47:57,098  |  DEBUG  |  ---------------------------------  
2023-12-15 20:47:57,099  |  DEBUG  |  ---------------------------------  
2023-12-15 20:47:57,099  |  INFO  |  INSERT SUCCESS record no 89   
2023-12-15 20:47:57,100  |  DEBUG  |  ---------------------------------  
2023-12-15 20:47:57,100  |  DEBUG  |  ---------------------------------  
2023-12-15 20:47:57,101  |  INFO  |  INSERT SUCCESS record no 90   
2023-12-15 20:47:57,101  |  DEBUG  |  ---------------------------------  
2023-12-15 20:47:57,102  |  DEBUG  |  ---------------------------------  
2023-12-15 20:47:57,103  |  INFO  |  INSERT SUCCESS record no 91   
2023-12-15 20:47:57,103  |  DEBUG  |  ---------------------------------  
2023-12-15 20:47:57,104  |  DEBUG  |  ---------------------------------  
2023-12-15 20:47:57,104  |  INFO  |  INSERT SUCCESS record no 92   
2023-12-15 20:47:57,105  |  DEBUG  |  ---------------------------------  
2023-12-15 20:47:57,105  |  DEBUG  |  ---------------------------------  
2023-12-15 20:47:57,106  |  INFO  |  INSERT SUCCESS record no 93   
2023-12-15 20:47:57,106  |  DEBUG  |  ---------------------------------  
2023-12-15 20:47:57,106  |  DEBUG  |  ---------------------------------  
2023-12-15 20:47:57,107  |  INFO  |  INSERT SUCCESS record no 94   
2023-12-15 20:47:57,107  |  DEBUG  |  ---------------------------------  
2023-12-15 20:47:57,108  |  DEBUG  |  ---------------------------------  
2023-12-15 20:47:57,108  |  INFO  |  INSERT SUCCESS record no 95   
2023-12-15 20:47:57,108  |  DEBUG  |  ---------------------------------  
2023-12-15 20:47:57,109  |  DEBUG  |  ---------------------------------  
2023-12-15 20:47:57,110  |  INFO  |  INSERT SUCCESS record no 96   
2023-12-15 20:47:57,120  |  DEBUG  |  ---------------------------------  
2023-12-15 20:47:57,121  |  DEBUG  |  ---------------------------------  
2023-12-15 20:47:57,121  |  INFO  |  INSERT SUCCESS record no 97   
2023-12-15 20:47:57,122  |  DEBUG  |  ---------------------------------  
2023-12-15 20:47:57,122  |  DEBUG  |  ---------------------------------  
2023-12-15 20:47:57,123  |  INFO  |  INSERT SUCCESS record no 98   
2023-12-15 20:47:57,123  |  DEBUG  |  ---------------------------------  
2023-12-15 20:47:57,124  |  DEBUG  |  ---------------------------------  
2023-12-15 20:47:57,124  |  INFO  |  INSERT SUCCESS record no 99   
2023-12-15 20:47:57,124  |  DEBUG  |  ---------------------------------  
2023-12-15 20:47:57,125  |  DEBUG  |  ---------------------------------  
2023-12-15 20:47:57,126  |  INFO  |  INSERT SUCCESS record no 100   
2023-12-15 20:47:57,126  |  DEBUG  |  ---------------------------------  
2023-12-15 20:47:57,128  |  DEBUG  |  ---------------------------------  
2023-12-15 20:47:57,129  |  INFO  |  INSERT SUCCESS record no 101   
2023-12-15 20:47:57,129  |  DEBUG  |  ---------------------------------  
2023-12-15 20:47:57,131  |  DEBUG  |  ---------------------------------  
2023-12-15 20:47:57,132  |  INFO  |  INSERT SUCCESS record no 102   
2023-12-15 20:47:57,132  |  DEBUG  |  ---------------------------------  
2023-12-15 20:47:57,133  |  DEBUG  |  ---------------------------------  
2023-12-15 20:47:57,134  |  INFO  |  INSERT SUCCESS record no 103   
2023-12-15 20:47:57,134  |  DEBUG  |  ---------------------------------  
2023-12-15 20:47:57,135  |  DEBUG  |  ---------------------------------  
2023-12-15 20:47:57,135  |  INFO  |  INSERT SUCCESS record no 104   
2023-12-15 20:47:57,136  |  DEBUG  |  ---------------------------------  
2023-12-15 20:47:57,137  |  DEBUG  |  ---------------------------------  
2023-12-15 20:47:57,137  |  INFO  |  INSERT SUCCESS record no 105   
2023-12-15 20:47:57,137  |  DEBUG  |  ---------------------------------  
2023-12-15 20:47:57,138  |  DEBUG  |  ---------------------------------  
2023-12-15 20:47:57,138  |  INFO  |  INSERT SUCCESS record no 106   
2023-12-15 20:47:57,139  |  DEBUG  |  ---------------------------------  
2023-12-15 20:47:57,139  |  DEBUG  |  ---------------------------------  
2023-12-15 20:47:57,139  |  INFO  |  INSERT SUCCESS record no 107   
2023-12-15 20:47:57,140  |  DEBUG  |  ---------------------------------  
2023-12-15 20:47:57,141  |  DEBUG  |  ---------------------------------  
2023-12-15 20:47:57,141  |  INFO  |  INSERT SUCCESS record no 108   
2023-12-15 20:47:57,141  |  DEBUG  |  ---------------------------------  
2023-12-15 20:47:57,143  |  DEBUG  |  ---------------------------------  
2023-12-15 20:47:57,144  |  INFO  |  INSERT SUCCESS record no 109   
2023-12-15 20:47:57,151  |  DEBUG  |  ---------------------------------  
2023-12-15 20:47:57,152  |  DEBUG  |  ---------------------------------  
2023-12-15 20:47:57,153  |  INFO  |  INSERT SUCCESS record no 110   
2023-12-15 20:47:57,153  |  DEBUG  |  ---------------------------------  
2023-12-15 20:47:57,154  |  DEBUG  |  ---------------------------------  
2023-12-15 20:47:57,154  |  INFO  |  INSERT SUCCESS record no 111   
2023-12-15 20:47:57,154  |  DEBUG  |  ---------------------------------  
2023-12-15 20:47:57,155  |  DEBUG  |  ---------------------------------  
2023-12-15 20:47:57,155  |  INFO  |  INSERT SUCCESS record no 112   
2023-12-15 20:47:57,156  |  DEBUG  |  ---------------------------------  
2023-12-15 20:47:57,156  |  DEBUG  |  ---------------------------------  
2023-12-15 20:47:57,157  |  INFO  |  INSERT SUCCESS record no 113   
2023-12-15 20:47:57,157  |  DEBUG  |  ---------------------------------  
2023-12-15 20:47:57,157  |  DEBUG  |  ---------------------------------  
2023-12-15 20:47:57,158  |  INFO  |  INSERT SUCCESS record no 114   
2023-12-15 20:47:57,158  |  DEBUG  |  ---------------------------------  
2023-12-15 20:47:57,160  |  DEBUG  |  ---------------------------------  
2023-12-15 20:47:57,160  |  INFO  |  INSERT SUCCESS record no 115   
2023-12-15 20:47:57,161  |  DEBUG  |  ---------------------------------  
2023-12-15 20:47:57,162  |  DEBUG  |  ---------------------------------  
2023-12-15 20:47:57,163  |  INFO  |  INSERT SUCCESS record no 116   
2023-12-15 20:47:57,164  |  DEBUG  |  ---------------------------------  
2023-12-15 20:47:57,165  |  DEBUG  |  ---------------------------------  
2023-12-15 20:47:57,166  |  INFO  |  INSERT SUCCESS record no 117   
2023-12-15 20:47:57,166  |  DEBUG  |  ---------------------------------  
2023-12-15 20:47:57,168  |  DEBUG  |  ---------------------------------  
2023-12-15 20:47:57,168  |  INFO  |  INSERT SUCCESS record no 118   
2023-12-15 20:47:57,168  |  DEBUG  |  ---------------------------------  
2023-12-15 20:47:57,169  |  DEBUG  |  ---------------------------------  
2023-12-15 20:47:57,169  |  INFO  |  INSERT SUCCESS record no 119   
2023-12-15 20:47:57,170  |  DEBUG  |  ---------------------------------  
2023-12-15 20:47:57,171  |  DEBUG  |  ---------------------------------  
2023-12-15 20:47:57,171  |  INFO  |  INSERT SUCCESS record no 120   
2023-12-15 20:47:57,172  |  DEBUG  |  ---------------------------------  
2023-12-15 20:47:57,172  |  DEBUG  |  ---------------------------------  
2023-12-15 20:47:57,173  |  INFO  |  INSERT SUCCESS record no 121   
2023-12-15 20:47:57,173  |  DEBUG  |  ---------------------------------  
2023-12-15 20:47:57,174  |  DEBUG  |  ---------------------------------  
2023-12-15 20:47:57,174  |  INFO  |  INSERT SUCCESS record no 122   
2023-12-15 20:47:57,174  |  DEBUG  |  ---------------------------------  
2023-12-15 20:47:57,175  |  DEBUG  |  ---------------------------------  
2023-12-15 20:47:57,175  |  INFO  |  INSERT SUCCESS record no 123   
2023-12-15 20:47:57,175  |  DEBUG  |  ---------------------------------  
2023-12-15 20:47:57,176  |  DEBUG  |  ---------------------------------  
2023-12-15 20:47:57,176  |  INFO  |  INSERT SUCCESS record no 124   
2023-12-15 20:47:57,177  |  DEBUG  |  ---------------------------------  
2023-12-15 20:47:57,178  |  DEBUG  |  ---------------------------------  
2023-12-15 20:47:57,178  |  INFO  |  INSERT SUCCESS record no 125   
2023-12-15 20:47:57,178  |  DEBUG  |  ---------------------------------  
2023-12-15 20:47:57,179  |  DEBUG  |  ---------------------------------  
2023-12-15 20:47:57,179  |  INFO  |  INSERT SUCCESS record no 126   
2023-12-15 20:47:57,180  |  DEBUG  |  ---------------------------------  
2023-12-15 20:47:57,180  |  DEBUG  |  ---------------------------------  
2023-12-15 20:47:57,180  |  INFO  |  INSERT SUCCESS record no 127   
2023-12-15 20:47:57,181  |  DEBUG  |  ---------------------------------  
2023-12-15 20:47:57,181  |  DEBUG  |  ---------------------------------  
2023-12-15 20:47:57,182  |  INFO  |  INSERT SUCCESS record no 128   
2023-12-15 20:47:57,182  |  DEBUG  |  ---------------------------------  
2023-12-15 20:47:57,183  |  DEBUG  |  ---------------------------------  
2023-12-15 20:47:57,183  |  INFO  |  INSERT SUCCESS record no 129   
2023-12-15 20:47:57,184  |  DEBUG  |  ---------------------------------  
2023-12-15 20:47:57,184  |  DEBUG  |  ---------------------------------  
2023-12-15 20:47:57,185  |  INFO  |  INSERT SUCCESS record no 130   
2023-12-15 20:47:57,185  |  DEBUG  |  ---------------------------------  
2023-12-15 20:47:57,186  |  DEBUG  |  ---------------------------------  
2023-12-15 20:47:57,186  |  INFO  |  INSERT SUCCESS record no 131   
2023-12-15 20:47:57,186  |  DEBUG  |  ---------------------------------  
2023-12-15 20:47:57,187  |  DEBUG  |  ---------------------------------  
2023-12-15 20:47:57,187  |  INFO  |  INSERT SUCCESS record no 132   
2023-12-15 20:47:57,187  |  DEBUG  |  ---------------------------------  
2023-12-15 20:47:57,188  |  DEBUG  |  ---------------------------------  
2023-12-15 20:47:57,194  |  INFO  |  INSERT SUCCESS record no 133   
2023-12-15 20:47:57,195  |  DEBUG  |  ---------------------------------  
2023-12-15 20:47:57,196  |  DEBUG  |  ---------------------------------  
2023-12-15 20:47:57,197  |  INFO  |  INSERT SUCCESS record no 134   
2023-12-15 20:47:57,197  |  DEBUG  |  ---------------------------------  
2023-12-15 20:47:57,198  |  DEBUG  |  ---------------------------------  
2023-12-15 20:47:57,198  |  INFO  |  INSERT SUCCESS record no 135   
2023-12-15 20:47:57,198  |  DEBUG  |  ---------------------------------  
2023-12-15 20:47:57,199  |  DEBUG  |  ---------------------------------  
2023-12-15 20:47:57,199  |  INFO  |  INSERT SUCCESS record no 136   
2023-12-15 20:47:57,199  |  DEBUG  |  ---------------------------------  
2023-12-15 20:47:57,200  |  DEBUG  |  ---------------------------------  
2023-12-15 20:47:57,200  |  INFO  |  INSERT SUCCESS record no 137   
2023-12-15 20:47:57,201  |  DEBUG  |  ---------------------------------  
2023-12-15 20:47:57,202  |  DEBUG  |  ---------------------------------  
2023-12-15 20:47:57,203  |  INFO  |  INSERT SUCCESS record no 138   
2023-12-15 20:47:57,203  |  DEBUG  |  ---------------------------------  
2023-12-15 20:47:57,204  |  DEBUG  |  ---------------------------------  
2023-12-15 20:47:57,205  |  INFO  |  INSERT SUCCESS record no 139   
2023-12-15 20:47:57,206  |  DEBUG  |  ---------------------------------  
2023-12-15 20:47:57,207  |  DEBUG  |  ---------------------------------  
2023-12-15 20:47:57,208  |  INFO  |  INSERT SUCCESS record no 140   
2023-12-15 20:47:57,209  |  DEBUG  |  ---------------------------------  
2023-12-15 20:47:57,210  |  DEBUG  |  ---------------------------------  
2023-12-15 20:47:57,210  |  INFO  |  INSERT SUCCESS record no 141   
2023-12-15 20:47:57,210  |  DEBUG  |  ---------------------------------  
2023-12-15 20:47:57,211  |  DEBUG  |  ---------------------------------  
2023-12-15 20:47:57,211  |  INFO  |  INSERT SUCCESS record no 142   
2023-12-15 20:47:57,212  |  DEBUG  |  ---------------------------------  
2023-12-15 20:47:57,213  |  DEBUG  |  ---------------------------------  
2023-12-15 20:47:57,214  |  INFO  |  INSERT SUCCESS record no 143   
2023-12-15 20:47:57,214  |  DEBUG  |  ---------------------------------  
2023-12-15 20:47:57,215  |  DEBUG  |  ---------------------------------  
2023-12-15 20:47:57,216  |  INFO  |  INSERT SUCCESS record no 144   
2023-12-15 20:47:57,216  |  DEBUG  |  ---------------------------------  
2023-12-15 20:47:57,217  |  DEBUG  |  ---------------------------------  
2023-12-15 20:47:57,217  |  INFO  |  INSERT SUCCESS record no 145   
2023-12-15 20:47:57,217  |  DEBUG  |  ---------------------------------  
2023-12-15 20:47:57,218  |  DEBUG  |  ---------------------------------  
2023-12-15 20:47:57,218  |  INFO  |  INSERT SUCCESS record no 146   
2023-12-15 20:47:57,219  |  DEBUG  |  ---------------------------------  
2023-12-15 20:47:57,220  |  DEBUG  |  ---------------------------------  
2023-12-15 20:47:57,221  |  INFO  |  INSERT SUCCESS record no 147   
2023-12-15 20:47:57,227  |  DEBUG  |  ---------------------------------  
2023-12-15 20:47:57,228  |  DEBUG  |  ---------------------------------  
2023-12-15 20:47:57,228  |  INFO  |  INSERT SUCCESS record no 148   
2023-12-15 20:47:57,229  |  DEBUG  |  ---------------------------------  
2023-12-15 20:47:57,229  |  DEBUG  |  ---------------------------------  
2023-12-15 20:47:57,230  |  INFO  |  INSERT SUCCESS record no 149   
2023-12-15 20:47:57,230  |  DEBUG  |  ---------------------------------  
2023-12-15 20:47:57,231  |  DEBUG  |  ---------------------------------  
2023-12-15 20:47:57,231  |  INFO  |  INSERT SUCCESS record no 150   
2023-12-15 20:47:57,232  |  DEBUG  |  ---------------------------------  
2023-12-15 20:47:57,232  |  DEBUG  |  ---------------------------------  
2023-12-15 20:47:57,233  |  INFO  |  INSERT SUCCESS record no 151   
2023-12-15 20:47:57,233  |  DEBUG  |  ---------------------------------  
2023-12-15 20:47:57,235  |  DEBUG  |  ---------------------------------  
2023-12-15 20:47:57,235  |  INFO  |  INSERT SUCCESS record no 152   
2023-12-15 20:47:57,236  |  DEBUG  |  ---------------------------------  
2023-12-15 20:47:57,237  |  DEBUG  |  ---------------------------------  
2023-12-15 20:47:57,238  |  INFO  |  INSERT SUCCESS record no 153   
2023-12-15 20:47:57,238  |  DEBUG  |  ---------------------------------  
2023-12-15 20:47:57,240  |  DEBUG  |  ---------------------------------  
2023-12-15 20:47:57,240  |  INFO  |  INSERT SUCCESS record no 154   
2023-12-15 20:47:57,241  |  DEBUG  |  ---------------------------------  
2023-12-15 20:47:57,242  |  DEBUG  |  ---------------------------------  
2023-12-15 20:47:57,243  |  INFO  |  INSERT SUCCESS record no 155   
2023-12-15 20:47:57,243  |  DEBUG  |  ---------------------------------  
2023-12-15 20:47:57,244  |  DEBUG  |  ---------------------------------  
2023-12-15 20:47:57,245  |  INFO  |  INSERT SUCCESS record no 156   
2023-12-15 20:47:57,245  |  DEBUG  |  ---------------------------------  
2023-12-15 20:47:57,246  |  DEBUG  |  ---------------------------------  
2023-12-15 20:47:57,246  |  INFO  |  INSERT SUCCESS record no 157   
2023-12-15 20:47:57,246  |  DEBUG  |  ---------------------------------  
2023-12-15 20:47:57,247  |  DEBUG  |  ---------------------------------  
2023-12-15 20:47:57,247  |  INFO  |  INSERT SUCCESS record no 158   
2023-12-15 20:47:57,248  |  DEBUG  |  ---------------------------------  
2023-12-15 20:47:57,248  |  DEBUG  |  ---------------------------------  
2023-12-15 20:47:57,249  |  INFO  |  INSERT SUCCESS record no 159   
2023-12-15 20:47:57,249  |  DEBUG  |  ---------------------------------  
2023-12-15 20:47:57,250  |  DEBUG  |  ---------------------------------  
2023-12-15 20:47:57,250  |  INFO  |  INSERT SUCCESS record no 160   
2023-12-15 20:47:57,251  |  DEBUG  |  ---------------------------------  
2023-12-15 20:47:57,252  |  DEBUG  |  ---------------------------------  
2023-12-15 20:47:57,252  |  INFO  |  INSERT SUCCESS record no 161   
2023-12-15 20:47:57,252  |  DEBUG  |  ---------------------------------  
2023-12-15 20:47:57,253  |  DEBUG  |  ---------------------------------  
2023-12-15 20:47:57,254  |  INFO  |  INSERT SUCCESS record no 162   
2023-12-15 20:47:57,255  |  DEBUG  |  ---------------------------------  
2023-12-15 20:47:57,265  |  DEBUG  |  ---------------------------------  
2023-12-15 20:47:57,265  |  INFO  |  INSERT SUCCESS record no 163   
2023-12-15 20:47:57,265  |  DEBUG  |  ---------------------------------  
2023-12-15 20:47:57,266  |  DEBUG  |  ---------------------------------  
2023-12-15 20:47:57,266  |  INFO  |  INSERT SUCCESS record no 164   
2023-12-15 20:47:57,267  |  DEBUG  |  ---------------------------------  
2023-12-15 20:47:57,267  |  DEBUG  |  ---------------------------------  
2023-12-15 20:47:57,268  |  INFO  |  INSERT SUCCESS record no 165   
2023-12-15 20:47:57,268  |  DEBUG  |  ---------------------------------  
2023-12-15 20:47:57,268  |  DEBUG  |  ---------------------------------  
2023-12-15 20:47:57,269  |  INFO  |  INSERT SUCCESS record no 166   
2023-12-15 20:47:57,269  |  DEBUG  |  ---------------------------------  
2023-12-15 20:47:57,270  |  DEBUG  |  ---------------------------------  
2023-12-15 20:47:57,272  |  INFO  |  INSERT SUCCESS record no 167   
2023-12-15 20:47:57,272  |  DEBUG  |  ---------------------------------  
2023-12-15 20:47:57,274  |  DEBUG  |  ---------------------------------  
2023-12-15 20:47:57,274  |  INFO  |  INSERT SUCCESS record no 168   
2023-12-15 20:47:57,275  |  DEBUG  |  ---------------------------------  
2023-12-15 20:47:57,276  |  DEBUG  |  ---------------------------------  
2023-12-15 20:47:57,276  |  INFO  |  INSERT SUCCESS record no 169   
2023-12-15 20:47:57,277  |  DEBUG  |  ---------------------------------  
2023-12-15 20:47:57,278  |  DEBUG  |  ---------------------------------  
2023-12-15 20:47:57,279  |  INFO  |  INSERT SUCCESS record no 170   
2023-12-15 20:47:57,279  |  DEBUG  |  ---------------------------------  
2023-12-15 20:47:57,280  |  DEBUG  |  ---------------------------------  
2023-12-15 20:47:57,280  |  INFO  |  INSERT SUCCESS record no 171   
2023-12-15 20:47:57,280  |  DEBUG  |  ---------------------------------  
2023-12-15 20:47:57,281  |  DEBUG  |  ---------------------------------  
2023-12-15 20:47:57,282  |  INFO  |  INSERT SUCCESS record no 172   
2023-12-15 20:47:57,282  |  DEBUG  |  ---------------------------------  
2023-12-15 20:47:57,283  |  DEBUG  |  ---------------------------------  
2023-12-15 20:47:57,284  |  INFO  |  INSERT SUCCESS record no 173   
2023-12-15 20:47:57,284  |  DEBUG  |  ---------------------------------  
2023-12-15 20:47:57,284  |  DEBUG  |  ---------------------------------  
2023-12-15 20:47:57,285  |  INFO  |  INSERT SUCCESS record no 174   
2023-12-15 20:47:57,285  |  DEBUG  |  ---------------------------------  
2023-12-15 20:47:57,286  |  DEBUG  |  ---------------------------------  
2023-12-15 20:47:57,286  |  INFO  |  INSERT SUCCESS record no 175   
2023-12-15 20:47:57,287  |  DEBUG  |  ---------------------------------  
2023-12-15 20:47:57,287  |  DEBUG  |  ---------------------------------  
2023-12-15 20:47:57,288  |  INFO  |  INSERT SUCCESS record no 176   
2023-12-15 20:47:57,288  |  DEBUG  |  ---------------------------------  
2023-12-15 20:47:57,289  |  DEBUG  |  ---------------------------------  
2023-12-15 20:47:57,289  |  INFO  |  INSERT SUCCESS record no 177   
2023-12-15 20:47:57,290  |  DEBUG  |  ---------------------------------  
2023-12-15 20:47:57,291  |  DEBUG  |  ---------------------------------  
2023-12-15 20:47:57,291  |  INFO  |  INSERT SUCCESS record no 178   
2023-12-15 20:47:57,291  |  DEBUG  |  ---------------------------------  
2023-12-15 20:47:57,292  |  DEBUG  |  ---------------------------------  
2023-12-15 20:47:57,292  |  INFO  |  INSERT SUCCESS record no 179   
2023-12-15 20:47:57,293  |  DEBUG  |  ---------------------------------  
2023-12-15 20:47:57,293  |  DEBUG  |  ---------------------------------  
2023-12-15 20:47:57,294  |  INFO  |  INSERT SUCCESS record no 180   
2023-12-15 20:47:57,294  |  DEBUG  |  ---------------------------------  
2023-12-15 20:47:57,294  |  DEBUG  |  ---------------------------------  
2023-12-15 20:47:57,295  |  INFO  |  INSERT SUCCESS record no 181   
2023-12-15 20:47:57,295  |  DEBUG  |  ---------------------------------  
2023-12-15 20:47:57,296  |  DEBUG  |  ---------------------------------  
2023-12-15 20:47:57,296  |  INFO  |  INSERT SUCCESS record no 182   
2023-12-15 20:47:57,296  |  DEBUG  |  ---------------------------------  
2023-12-15 20:47:57,297  |  DEBUG  |  ---------------------------------  
2023-12-15 20:47:57,297  |  INFO  |  INSERT SUCCESS record no 183   
2023-12-15 20:47:57,298  |  DEBUG  |  ---------------------------------  
2023-12-15 20:47:57,298  |  DEBUG  |  ---------------------------------  
2023-12-15 20:47:57,299  |  INFO  |  INSERT SUCCESS record no 184   
2023-12-15 20:47:57,299  |  DEBUG  |  ---------------------------------  
2023-12-15 20:47:57,299  |  DEBUG  |  ---------------------------------  
2023-12-15 20:47:57,300  |  INFO  |  INSERT SUCCESS record no 185   
2023-12-15 20:47:57,305  |  DEBUG  |  ---------------------------------  
2023-12-15 20:47:57,307  |  DEBUG  |  ---------------------------------  
2023-12-15 20:47:57,308  |  INFO  |  INSERT SUCCESS record no 186   
2023-12-15 20:47:57,308  |  DEBUG  |  ---------------------------------  
2023-12-15 20:47:57,309  |  DEBUG  |  ---------------------------------  
2023-12-15 20:47:57,310  |  INFO  |  INSERT SUCCESS record no 187   
2023-12-15 20:47:57,310  |  DEBUG  |  ---------------------------------  
2023-12-15 20:47:57,311  |  DEBUG  |  ---------------------------------  
2023-12-15 20:47:57,311  |  INFO  |  INSERT SUCCESS record no 188   
2023-12-15 20:47:57,312  |  DEBUG  |  ---------------------------------  
2023-12-15 20:47:57,313  |  DEBUG  |  ---------------------------------  
2023-12-15 20:47:57,313  |  INFO  |  INSERT SUCCESS record no 189   
2023-12-15 20:47:57,314  |  DEBUG  |  ---------------------------------  
2023-12-15 20:47:57,315  |  DEBUG  |  ---------------------------------  
2023-12-15 20:47:57,317  |  INFO  |  INSERT SUCCESS record no 190   
2023-12-15 20:47:57,318  |  DEBUG  |  ---------------------------------  
2023-12-15 20:47:57,319  |  DEBUG  |  ---------------------------------  
2023-12-15 20:47:57,320  |  INFO  |  INSERT SUCCESS record no 191   
2023-12-15 20:47:57,321  |  DEBUG  |  ---------------------------------  
2023-12-15 20:47:57,322  |  DEBUG  |  ---------------------------------  
2023-12-15 20:47:57,323  |  INFO  |  INSERT SUCCESS record no 192   
2023-12-15 20:47:57,323  |  DEBUG  |  ---------------------------------  
2023-12-15 20:47:57,324  |  DEBUG  |  ---------------------------------  
2023-12-15 20:47:57,325  |  INFO  |  INSERT SUCCESS record no 193   
2023-12-15 20:47:57,325  |  DEBUG  |  ---------------------------------  
2023-12-15 20:47:57,327  |  DEBUG  |  ---------------------------------  
2023-12-15 20:47:57,327  |  INFO  |  INSERT SUCCESS record no 194   
2023-12-15 20:47:57,327  |  DEBUG  |  ---------------------------------  
2023-12-15 20:47:57,328  |  DEBUG  |  ---------------------------------  
2023-12-15 20:47:57,328  |  INFO  |  INSERT SUCCESS record no 195   
2023-12-15 20:47:57,329  |  DEBUG  |  ---------------------------------  
2023-12-15 20:47:57,329  |  DEBUG  |  ---------------------------------  
2023-12-15 20:47:57,330  |  INFO  |  INSERT SUCCESS record no 196   
2023-12-15 20:47:57,330  |  DEBUG  |  ---------------------------------  
2023-12-15 20:47:57,331  |  DEBUG  |  ---------------------------------  
2023-12-15 20:47:57,332  |  INFO  |  INSERT SUCCESS record no 197   
2023-12-15 20:47:57,341  |  DEBUG  |  ---------------------------------  
2023-12-15 20:47:57,342  |  DEBUG  |  ---------------------------------  
2023-12-15 20:47:57,343  |  INFO  |  INSERT SUCCESS record no 198   
2023-12-15 20:47:57,343  |  DEBUG  |  ---------------------------------  
2023-12-15 20:47:57,344  |  DEBUG  |  ---------------------------------  
2023-12-15 20:47:57,345  |  INFO  |  INSERT SUCCESS record no 199   
2023-12-15 20:47:57,345  |  DEBUG  |  ---------------------------------  
2023-12-15 20:47:57,346  |  DEBUG  |  ---------------------------------  
2023-12-15 20:47:57,347  |  INFO  |  INSERT SUCCESS record no 200   
2023-12-15 20:47:57,347  |  DEBUG  |  ---------------------------------  
2023-12-15 20:47:57,349  |  DEBUG  |  ---------------------------------  
2023-12-15 20:47:57,350  |  INFO  |  INSERT SUCCESS record no 201   
2023-12-15 20:47:57,351  |  DEBUG  |  ---------------------------------  
2023-12-15 20:47:57,353  |  DEBUG  |  ---------------------------------  
2023-12-15 20:47:57,354  |  INFO  |  INSERT SUCCESS record no 202   
2023-12-15 20:47:57,355  |  DEBUG  |  ---------------------------------  
2023-12-15 20:47:57,356  |  DEBUG  |  ---------------------------------  
2023-12-15 20:47:57,356  |  INFO  |  INSERT SUCCESS record no 203   
2023-12-15 20:47:57,357  |  DEBUG  |  ---------------------------------  
2023-12-15 20:47:57,358  |  DEBUG  |  ---------------------------------  
2023-12-15 20:47:57,359  |  INFO  |  INSERT SUCCESS record no 204   
2023-12-15 20:47:57,360  |  DEBUG  |  ---------------------------------  
2023-12-15 20:47:57,361  |  DEBUG  |  ---------------------------------  
2023-12-15 20:47:57,362  |  INFO  |  INSERT SUCCESS record no 205   
2023-12-15 20:47:57,362  |  DEBUG  |  ---------------------------------  
2023-12-15 20:47:57,363  |  DEBUG  |  ---------------------------------  
2023-12-15 20:47:57,363  |  INFO  |  INSERT SUCCESS record no 206   
2023-12-15 20:47:57,364  |  DEBUG  |  ---------------------------------  
2023-12-15 20:47:57,364  |  DEBUG  |  ---------------------------------  
2023-12-15 20:47:57,364  |  INFO  |  INSERT SUCCESS record no 207   
2023-12-15 20:47:57,365  |  DEBUG  |  ---------------------------------  
2023-12-15 20:47:57,366  |  DEBUG  |  ---------------------------------  
2023-12-15 20:47:57,366  |  INFO  |  INSERT SUCCESS record no 208   
2023-12-15 20:47:57,367  |  DEBUG  |  ---------------------------------  
2023-12-15 20:47:57,367  |  DEBUG  |  ---------------------------------  
2023-12-15 20:47:57,368  |  INFO  |  INSERT SUCCESS record no 209   
2023-12-15 20:47:57,368  |  DEBUG  |  ---------------------------------  
2023-12-15 20:47:57,368  |  DEBUG  |  ---------------------------------  
2023-12-15 20:47:57,369  |  INFO  |  INSERT SUCCESS record no 210   
2023-12-15 20:47:57,369  |  DEBUG  |  ---------------------------------  
2023-12-15 20:47:57,370  |  DEBUG  |  ---------------------------------  
2023-12-15 20:47:57,370  |  INFO  |  INSERT SUCCESS record no 211   
2023-12-15 20:47:57,370  |  DEBUG  |  ---------------------------------  
2023-12-15 20:47:57,371  |  DEBUG  |  ---------------------------------  
2023-12-15 20:47:57,372  |  INFO  |  INSERT SUCCESS record no 212   
2023-12-15 20:47:57,372  |  DEBUG  |  ---------------------------------  
2023-12-15 20:47:57,373  |  DEBUG  |  ---------------------------------  
2023-12-15 20:47:57,373  |  INFO  |  INSERT SUCCESS record no 213   
2023-12-15 20:47:57,374  |  DEBUG  |  ---------------------------------  
2023-12-15 20:47:57,374  |  DEBUG  |  ---------------------------------  
2023-12-15 20:47:57,375  |  INFO  |  INSERT SUCCESS record no 214   
2023-12-15 20:47:57,375  |  DEBUG  |  ---------------------------------  
2023-12-15 20:47:57,376  |  DEBUG  |  ---------------------------------  
2023-12-15 20:47:57,376  |  INFO  |  INSERT SUCCESS record no 215   
2023-12-15 20:47:57,376  |  DEBUG  |  ---------------------------------  
2023-12-15 20:47:57,377  |  DEBUG  |  ---------------------------------  
2023-12-15 20:47:57,378  |  INFO  |  INSERT SUCCESS record no 216   
2023-12-15 20:47:57,388  |  DEBUG  |  ---------------------------------  
2023-12-15 20:47:57,389  |  DEBUG  |  ---------------------------------  
2023-12-15 20:47:57,389  |  INFO  |  INSERT SUCCESS record no 217   
2023-12-15 20:47:57,389  |  DEBUG  |  ---------------------------------  
2023-12-15 20:47:57,390  |  DEBUG  |  ---------------------------------  
2023-12-15 20:47:57,390  |  INFO  |  INSERT SUCCESS record no 218   
2023-12-15 20:47:57,391  |  DEBUG  |  ---------------------------------  
2023-12-15 20:47:57,391  |  DEBUG  |  ---------------------------------  
2023-12-15 20:47:57,392  |  INFO  |  INSERT SUCCESS record no 219   
2023-12-15 20:47:57,392  |  DEBUG  |  ---------------------------------  
2023-12-15 20:47:57,393  |  DEBUG  |  ---------------------------------  
2023-12-15 20:47:57,393  |  INFO  |  INSERT SUCCESS record no 220   
2023-12-15 20:47:57,393  |  DEBUG  |  ---------------------------------  
2023-12-15 20:47:57,394  |  DEBUG  |  ---------------------------------  
2023-12-15 20:47:57,395  |  INFO  |  INSERT SUCCESS record no 221   
2023-12-15 20:47:57,396  |  DEBUG  |  ---------------------------------  
2023-12-15 20:47:57,397  |  DEBUG  |  ---------------------------------  
2023-12-15 20:47:57,398  |  INFO  |  INSERT SUCCESS record no 222   
2023-12-15 20:47:57,399  |  DEBUG  |  ---------------------------------  
2023-12-15 20:47:57,400  |  DEBUG  |  ---------------------------------  
2023-12-15 20:47:57,402  |  INFO  |  INSERT SUCCESS record no 223   
2023-12-15 20:47:57,402  |  DEBUG  |  ---------------------------------  
2023-12-15 20:47:57,403  |  DEBUG  |  ---------------------------------  
2023-12-15 20:47:57,404  |  INFO  |  INSERT SUCCESS record no 224   
2023-12-15 20:47:57,405  |  DEBUG  |  ---------------------------------  
2023-12-15 20:47:57,406  |  DEBUG  |  ---------------------------------  
2023-12-15 20:47:57,407  |  INFO  |  INSERT SUCCESS record no 225   
2023-12-15 20:47:57,407  |  DEBUG  |  ---------------------------------  
2023-12-15 20:47:57,409  |  DEBUG  |  ---------------------------------  
2023-12-15 20:47:57,409  |  INFO  |  INSERT SUCCESS record no 226   
2023-12-15 20:47:57,409  |  DEBUG  |  ---------------------------------  
2023-12-15 20:47:57,410  |  DEBUG  |  ---------------------------------  
2023-12-15 20:47:57,411  |  INFO  |  INSERT SUCCESS record no 227   
2023-12-15 20:47:57,412  |  DEBUG  |  ---------------------------------  
2023-12-15 20:47:57,412  |  DEBUG  |  ---------------------------------  
2023-12-15 20:47:57,413  |  INFO  |  INSERT SUCCESS record no 228   
2023-12-15 20:47:57,413  |  DEBUG  |  ---------------------------------  
2023-12-15 20:47:57,415  |  DEBUG  |  ---------------------------------  
2023-12-15 20:47:57,415  |  INFO  |  INSERT SUCCESS record no 229   
2023-12-15 20:47:57,416  |  DEBUG  |  ---------------------------------  
2023-12-15 20:47:57,417  |  DEBUG  |  ---------------------------------  
2023-12-15 20:47:57,417  |  INFO  |  INSERT SUCCESS record no 230   
2023-12-15 20:47:57,417  |  DEBUG  |  ---------------------------------  
2023-12-15 20:47:57,418  |  DEBUG  |  ---------------------------------  
2023-12-15 20:47:57,419  |  INFO  |  INSERT SUCCESS record no 231   
2023-12-15 20:47:57,419  |  DEBUG  |  ---------------------------------  
2023-12-15 20:47:57,420  |  DEBUG  |  ---------------------------------  
2023-12-15 20:47:57,420  |  INFO  |  INSERT SUCCESS record no 232   
2023-12-15 20:47:57,421  |  DEBUG  |  ---------------------------------  
2023-12-15 20:47:57,423  |  DEBUG  |  ---------------------------------  
2023-12-15 20:47:57,423  |  INFO  |  INSERT SUCCESS record no 233   
2023-12-15 20:47:57,424  |  DEBUG  |  ---------------------------------  
2023-12-15 20:47:57,432  |  DEBUG  |  ---------------------------------  
2023-12-15 20:47:57,433  |  INFO  |  INSERT SUCCESS record no 234   
2023-12-15 20:47:57,433  |  DEBUG  |  ---------------------------------  
2023-12-15 20:47:57,435  |  DEBUG  |  ---------------------------------  
2023-12-15 20:47:57,436  |  INFO  |  INSERT SUCCESS record no 235   
2023-12-15 20:47:57,437  |  DEBUG  |  ---------------------------------  
2023-12-15 20:47:57,438  |  DEBUG  |  ---------------------------------  
2023-12-15 20:47:57,439  |  INFO  |  INSERT SUCCESS record no 236   
2023-12-15 20:47:57,439  |  DEBUG  |  ---------------------------------  
2023-12-15 20:47:57,441  |  DEBUG  |  ---------------------------------  
2023-12-15 20:47:57,442  |  INFO  |  INSERT SUCCESS record no 237   
2023-12-15 20:47:57,443  |  DEBUG  |  ---------------------------------  
2023-12-15 20:47:57,444  |  DEBUG  |  ---------------------------------  
2023-12-15 20:47:57,445  |  INFO  |  INSERT SUCCESS record no 238   
2023-12-15 20:47:57,446  |  DEBUG  |  ---------------------------------  
2023-12-15 20:47:57,448  |  DEBUG  |  ---------------------------------  
2023-12-15 20:47:57,449  |  INFO  |  INSERT SUCCESS record no 239   
2023-12-15 20:47:57,449  |  DEBUG  |  ---------------------------------  
2023-12-15 20:47:57,452  |  DEBUG  |  ---------------------------------  
2023-12-15 20:47:57,453  |  INFO  |  INSERT SUCCESS record no 240   
2023-12-15 20:47:57,454  |  DEBUG  |  ---------------------------------  
2023-12-15 20:47:57,455  |  DEBUG  |  ---------------------------------  
2023-12-15 20:47:57,456  |  INFO  |  INSERT SUCCESS record no 241   
2023-12-15 20:47:57,457  |  DEBUG  |  ---------------------------------  
2023-12-15 20:47:57,458  |  DEBUG  |  ---------------------------------  
2023-12-15 20:47:57,467  |  INFO  |  INSERT SUCCESS record no 242   
2023-12-15 20:47:57,467  |  DEBUG  |  ---------------------------------  
2023-12-15 20:47:57,469  |  DEBUG  |  ---------------------------------  
2023-12-15 20:47:57,470  |  INFO  |  INSERT SUCCESS record no 243   
2023-12-15 20:47:57,471  |  DEBUG  |  ---------------------------------  
2023-12-15 20:47:57,473  |  DEBUG  |  ---------------------------------  
2023-12-15 20:47:57,474  |  INFO  |  INSERT SUCCESS record no 244   
2023-12-15 20:47:57,475  |  DEBUG  |  ---------------------------------  
2023-12-15 20:47:57,476  |  DEBUG  |  ---------------------------------  
2023-12-15 20:47:57,477  |  INFO  |  INSERT SUCCESS record no 245   
2023-12-15 20:47:57,478  |  DEBUG  |  ---------------------------------  
2023-12-15 20:47:57,479  |  DEBUG  |  ---------------------------------  
2023-12-15 20:47:57,481  |  INFO  |  INSERT SUCCESS record no 246   
2023-12-15 20:47:57,482  |  DEBUG  |  ---------------------------------  
2023-12-15 20:47:57,483  |  DEBUG  |  ---------------------------------  
2023-12-15 20:47:57,485  |  INFO  |  INSERT SUCCESS record no 247   
2023-12-15 20:47:57,486  |  DEBUG  |  ---------------------------------  
2023-12-15 20:47:57,487  |  DEBUG  |  ---------------------------------  
2023-12-15 20:47:57,489  |  INFO  |  INSERT SUCCESS record no 248   
2023-12-15 20:47:57,490  |  DEBUG  |  ---------------------------------  
2023-12-15 20:47:57,493  |  DEBUG  |  ---------------------------------  
2023-12-15 20:47:57,494  |  INFO  |  INSERT SUCCESS record no 249   
2023-12-15 20:47:57,494  |  DEBUG  |  ---------------------------------  
2023-12-15 20:47:57,496  |  DEBUG  |  ---------------------------------  
2023-12-15 20:47:57,496  |  INFO  |  INSERT SUCCESS record no 250   
2023-12-15 20:47:57,497  |  DEBUG  |  ---------------------------------  
2023-12-15 20:47:57,498  |  DEBUG  |  ---------------------------------  
2023-12-15 20:47:57,499  |  INFO  |  INSERT SUCCESS record no 251   
2023-12-15 20:47:57,500  |  DEBUG  |  ---------------------------------  
2023-12-15 20:47:57,501  |  DEBUG  |  ---------------------------------  
2023-12-15 20:47:57,502  |  INFO  |  INSERT SUCCESS record no 252   
2023-12-15 20:47:57,503  |  DEBUG  |  ---------------------------------  
2023-12-15 20:47:57,507  |  DEBUG  |  ---------------------------------  
2023-12-15 20:47:57,515  |  INFO  |  INSERT SUCCESS record no 253   
2023-12-15 20:47:57,516  |  DEBUG  |  ---------------------------------  
2023-12-15 20:47:57,517  |  DEBUG  |  ---------------------------------  
2023-12-15 20:47:57,518  |  INFO  |  INSERT SUCCESS record no 254   
2023-12-15 20:47:57,519  |  DEBUG  |  ---------------------------------  
2023-12-15 20:47:57,520  |  DEBUG  |  ---------------------------------  
2023-12-15 20:47:57,521  |  INFO  |  INSERT SUCCESS record no 255   
2023-12-15 20:47:57,522  |  DEBUG  |  ---------------------------------  
2023-12-15 20:47:57,523  |  DEBUG  |  ---------------------------------  
2023-12-15 20:47:57,524  |  INFO  |  INSERT SUCCESS record no 256   
2023-12-15 20:47:57,525  |  DEBUG  |  ---------------------------------  
2023-12-15 20:47:57,526  |  DEBUG  |  ---------------------------------  
2023-12-15 20:47:57,527  |  INFO  |  INSERT SUCCESS record no 257   
2023-12-15 20:47:57,528  |  DEBUG  |  ---------------------------------  
2023-12-15 20:47:57,530  |  DEBUG  |  ---------------------------------  
2023-12-15 20:47:57,531  |  INFO  |  INSERT SUCCESS record no 258   
2023-12-15 20:47:57,532  |  DEBUG  |  ---------------------------------  
2023-12-15 20:47:57,534  |  DEBUG  |  ---------------------------------  
2023-12-15 20:47:57,535  |  INFO  |  INSERT SUCCESS record no 259   
2023-12-15 20:47:57,535  |  DEBUG  |  ---------------------------------  
2023-12-15 20:47:57,538  |  DEBUG  |  ---------------------------------  
2023-12-15 20:47:57,539  |  INFO  |  INSERT SUCCESS record no 260   
2023-12-15 20:47:57,539  |  DEBUG  |  ---------------------------------  
2023-12-15 20:47:57,541  |  DEBUG  |  ---------------------------------  
2023-12-15 20:47:57,542  |  INFO  |  INSERT SUCCESS record no 261   
2023-12-15 20:47:57,542  |  DEBUG  |  ---------------------------------  
2023-12-15 20:47:57,543  |  DEBUG  |  ---------------------------------  
2023-12-15 20:47:57,544  |  INFO  |  INSERT SUCCESS record no 262   
2023-12-15 20:47:57,544  |  DEBUG  |  ---------------------------------  
2023-12-15 20:47:57,545  |  DEBUG  |  ---------------------------------  
2023-12-15 20:47:57,546  |  INFO  |  INSERT SUCCESS record no 263   
2023-12-15 20:47:57,547  |  DEBUG  |  ---------------------------------  
2023-12-15 20:47:57,548  |  DEBUG  |  ---------------------------------  
2023-12-15 20:47:57,549  |  INFO  |  INSERT SUCCESS record no 264   
2023-12-15 20:47:57,550  |  DEBUG  |  ---------------------------------  
2023-12-15 20:47:57,551  |  DEBUG  |  ---------------------------------  
2023-12-15 20:47:57,553  |  INFO  |  INSERT SUCCESS record no 265   
2023-12-15 20:47:57,563  |  DEBUG  |  ---------------------------------  
2023-12-15 20:47:57,565  |  DEBUG  |  ---------------------------------  
2023-12-15 20:47:57,565  |  INFO  |  INSERT SUCCESS record no 266   
2023-12-15 20:47:57,565  |  DEBUG  |  ---------------------------------  
2023-12-15 20:47:57,566  |  DEBUG  |  ---------------------------------  
2023-12-15 20:47:57,567  |  INFO  |  INSERT SUCCESS record no 267   
2023-12-15 20:47:57,568  |  DEBUG  |  ---------------------------------  
2023-12-15 20:47:57,569  |  DEBUG  |  ---------------------------------  
2023-12-15 20:47:57,569  |  INFO  |  INSERT SUCCESS record no 268   
2023-12-15 20:47:57,570  |  DEBUG  |  ---------------------------------  
2023-12-15 20:47:57,571  |  DEBUG  |  ---------------------------------  
2023-12-15 20:47:57,573  |  INFO  |  INSERT SUCCESS record no 269   
2023-12-15 20:47:57,578  |  DEBUG  |  ---------------------------------  
2023-12-15 20:47:57,581  |  DEBUG  |  ---------------------------------  
2023-12-15 20:47:57,583  |  INFO  |  INSERT SUCCESS record no 270   
2023-12-15 20:47:57,584  |  DEBUG  |  ---------------------------------  
2023-12-15 20:47:57,586  |  DEBUG  |  ---------------------------------  
2023-12-15 20:47:57,588  |  INFO  |  INSERT SUCCESS record no 271   
2023-12-15 20:47:57,589  |  DEBUG  |  ---------------------------------  
2023-12-15 20:47:57,590  |  DEBUG  |  ---------------------------------  
2023-12-15 20:47:57,596  |  INFO  |  INSERT SUCCESS record no 272   
2023-12-15 20:47:57,597  |  DEBUG  |  ---------------------------------  
2023-12-15 20:47:57,598  |  DEBUG  |  ---------------------------------  
2023-12-15 20:47:57,599  |  INFO  |  INSERT SUCCESS record no 273   
2023-12-15 20:47:57,600  |  DEBUG  |  ---------------------------------  
2023-12-15 20:47:57,601  |  DEBUG  |  ---------------------------------  
2023-12-15 20:47:57,601  |  INFO  |  INSERT SUCCESS record no 274   
2023-12-15 20:47:57,602  |  DEBUG  |  ---------------------------------  
2023-12-15 20:47:57,603  |  DEBUG  |  ---------------------------------  
2023-12-15 20:47:57,604  |  INFO  |  INSERT SUCCESS record no 275   
2023-12-15 20:47:57,605  |  DEBUG  |  ---------------------------------  
2023-12-15 20:47:57,606  |  DEBUG  |  ---------------------------------  
2023-12-15 20:47:57,607  |  INFO  |  INSERT SUCCESS record no 276   
2023-12-15 20:47:57,607  |  DEBUG  |  ---------------------------------  
2023-12-15 20:47:57,610  |  DEBUG  |  ---------------------------------  
2023-12-15 20:47:57,611  |  INFO  |  INSERT SUCCESS record no 277   
2023-12-15 20:47:57,612  |  DEBUG  |  ---------------------------------  
2023-12-15 20:47:57,613  |  DEBUG  |  ---------------------------------  
2023-12-15 20:47:57,614  |  INFO  |  INSERT SUCCESS record no 278   
2023-12-15 20:47:57,615  |  DEBUG  |  ---------------------------------  
2023-12-15 20:47:57,616  |  DEBUG  |  ---------------------------------  
2023-12-15 20:47:57,617  |  INFO  |  INSERT SUCCESS record no 279   
2023-12-15 20:47:57,618  |  DEBUG  |  ---------------------------------  
2023-12-15 20:47:57,619  |  DEBUG  |  ---------------------------------  
2023-12-15 20:47:57,620  |  INFO  |  INSERT SUCCESS record no 280   
2023-12-15 20:47:57,620  |  DEBUG  |  ---------------------------------  
2023-12-15 20:47:57,621  |  DEBUG  |  ---------------------------------  
2023-12-15 20:47:57,622  |  INFO  |  INSERT SUCCESS record no 281   
2023-12-15 20:47:57,631  |  DEBUG  |  ---------------------------------  
2023-12-15 20:47:57,632  |  DEBUG  |  ---------------------------------  
2023-12-15 20:47:57,633  |  INFO  |  INSERT SUCCESS record no 282   
2023-12-15 20:47:57,633  |  DEBUG  |  ---------------------------------  
2023-12-15 20:47:57,634  |  DEBUG  |  ---------------------------------  
2023-12-15 20:47:57,634  |  INFO  |  INSERT SUCCESS record no 283   
2023-12-15 20:47:57,634  |  DEBUG  |  ---------------------------------  
2023-12-15 20:47:57,635  |  DEBUG  |  ---------------------------------  
2023-12-15 20:47:57,635  |  INFO  |  INSERT SUCCESS record no 284   
2023-12-15 20:47:57,635  |  DEBUG  |  ---------------------------------  
2023-12-15 20:47:57,636  |  DEBUG  |  ---------------------------------  
2023-12-15 20:47:57,637  |  INFO  |  INSERT SUCCESS record no 285   
2023-12-15 20:47:57,637  |  DEBUG  |  ---------------------------------  
2023-12-15 20:47:57,638  |  DEBUG  |  ---------------------------------  
2023-12-15 20:47:57,638  |  INFO  |  INSERT SUCCESS record no 286   
2023-12-15 20:47:57,639  |  DEBUG  |  ---------------------------------  
2023-12-15 20:47:57,640  |  DEBUG  |  ---------------------------------  
2023-12-15 20:47:57,641  |  INFO  |  INSERT SUCCESS record no 287   
2023-12-15 20:47:57,641  |  DEBUG  |  ---------------------------------  
2023-12-15 20:47:57,642  |  DEBUG  |  ---------------------------------  
2023-12-15 20:47:57,642  |  INFO  |  INSERT SUCCESS record no 288   
2023-12-15 20:47:57,643  |  DEBUG  |  ---------------------------------  
2023-12-15 20:47:57,643  |  DEBUG  |  ---------------------------------  
2023-12-15 20:47:57,644  |  INFO  |  INSERT SUCCESS record no 289   
2023-12-15 20:47:57,644  |  DEBUG  |  ---------------------------------  
2023-12-15 20:47:57,646  |  DEBUG  |  ---------------------------------  
2023-12-15 20:47:57,646  |  INFO  |  INSERT SUCCESS record no 290   
2023-12-15 20:47:57,647  |  DEBUG  |  ---------------------------------  
2023-12-15 20:47:57,648  |  DEBUG  |  ---------------------------------  
2023-12-15 20:47:57,648  |  INFO  |  INSERT SUCCESS record no 291   
2023-12-15 20:47:57,649  |  DEBUG  |  ---------------------------------  
2023-12-15 20:47:57,649  |  DEBUG  |  ---------------------------------  
2023-12-15 20:47:57,650  |  INFO  |  INSERT SUCCESS record no 292   
2023-12-15 20:47:57,650  |  DEBUG  |  ---------------------------------  
2023-12-15 20:47:57,652  |  DEBUG  |  ---------------------------------  
2023-12-15 20:47:57,652  |  INFO  |  INSERT SUCCESS record no 293   
2023-12-15 20:47:57,653  |  DEBUG  |  ---------------------------------  
2023-12-15 20:47:57,655  |  DEBUG  |  ---------------------------------  
2023-12-15 20:47:57,655  |  INFO  |  INSERT SUCCESS record no 294   
2023-12-15 20:47:57,655  |  DEBUG  |  ---------------------------------  
2023-12-15 20:47:57,656  |  DEBUG  |  ---------------------------------  
2023-12-15 20:47:57,657  |  INFO  |  INSERT SUCCESS record no 295   
2023-12-15 20:47:57,657  |  DEBUG  |  ---------------------------------  
2023-12-15 20:47:57,659  |  DEBUG  |  ---------------------------------  
2023-12-15 20:47:57,663  |  INFO  |  INSERT SUCCESS record no 296   
2023-12-15 20:47:57,664  |  DEBUG  |  ---------------------------------  
2023-12-15 20:47:57,665  |  DEBUG  |  ---------------------------------  
2023-12-15 20:47:57,665  |  INFO  |  INSERT SUCCESS record no 297   
2023-12-15 20:47:57,665  |  DEBUG  |  ---------------------------------  
2023-12-15 20:47:57,666  |  DEBUG  |  ---------------------------------  
2023-12-15 20:47:57,666  |  INFO  |  INSERT SUCCESS record no 298   
2023-12-15 20:47:57,667  |  DEBUG  |  ---------------------------------  
2023-12-15 20:47:57,667  |  DEBUG  |  ---------------------------------  
2023-12-15 20:47:57,668  |  INFO  |  INSERT SUCCESS record no 299   
2023-12-15 20:47:57,668  |  DEBUG  |  ---------------------------------  
2023-12-15 20:47:57,669  |  DEBUG  |  ---------------------------------  
2023-12-15 20:47:57,670  |  INFO  |  INSERT SUCCESS record no 300   
2023-12-15 20:47:57,670  |  DEBUG  |  ---------------------------------  
2023-12-15 20:47:57,671  |  DEBUG  |  ---------------------------------  
2023-12-15 20:47:57,672  |  INFO  |  INSERT SUCCESS record no 301   
2023-12-15 20:47:57,672  |  DEBUG  |  ---------------------------------  
2023-12-15 20:47:57,673  |  DEBUG  |  ---------------------------------  
2023-12-15 20:47:57,674  |  INFO  |  INSERT SUCCESS record no 302   
2023-12-15 20:47:57,675  |  DEBUG  |  ---------------------------------  
2023-12-15 20:47:57,676  |  DEBUG  |  ---------------------------------  
2023-12-15 20:47:57,677  |  INFO  |  INSERT SUCCESS record no 303   
2023-12-15 20:47:57,677  |  DEBUG  |  ---------------------------------  
2023-12-15 20:47:57,678  |  DEBUG  |  ---------------------------------  
2023-12-15 20:47:57,679  |  INFO  |  INSERT SUCCESS record no 304   
2023-12-15 20:47:57,679  |  DEBUG  |  ---------------------------------  
2023-12-15 20:47:57,680  |  DEBUG  |  ---------------------------------  
2023-12-15 20:47:57,681  |  INFO  |  INSERT SUCCESS record no 305   
2023-12-15 20:47:57,682  |  DEBUG  |  ---------------------------------  
2023-12-15 20:47:57,683  |  DEBUG  |  ---------------------------------  
2023-12-15 20:47:57,683  |  INFO  |  INSERT SUCCESS record no 306   
2023-12-15 20:47:57,684  |  DEBUG  |  ---------------------------------  
2023-12-15 20:47:57,685  |  DEBUG  |  ---------------------------------  
2023-12-15 20:47:57,686  |  INFO  |  INSERT SUCCESS record no 307   
2023-12-15 20:47:57,686  |  DEBUG  |  ---------------------------------  
2023-12-15 20:47:57,687  |  DEBUG  |  ---------------------------------  
2023-12-15 20:47:57,688  |  INFO  |  INSERT SUCCESS record no 308   
2023-12-15 20:47:57,688  |  DEBUG  |  ---------------------------------  
2023-12-15 20:47:57,689  |  DEBUG  |  ---------------------------------  
2023-12-15 20:47:57,700  |  INFO  |  INSERT SUCCESS record no 309   
2023-12-15 20:47:57,701  |  DEBUG  |  ---------------------------------  
2023-12-15 20:47:57,702  |  DEBUG  |  ---------------------------------  
2023-12-15 20:47:57,703  |  INFO  |  INSERT SUCCESS record no 310   
2023-12-15 20:47:57,704  |  DEBUG  |  ---------------------------------  
2023-12-15 20:47:57,705  |  DEBUG  |  ---------------------------------  
2023-12-15 20:47:57,708  |  INFO  |  INSERT SUCCESS record no 311   
2023-12-15 20:47:57,709  |  DEBUG  |  ---------------------------------  
2023-12-15 20:47:57,710  |  DEBUG  |  ---------------------------------  
2023-12-15 20:47:57,711  |  INFO  |  INSERT SUCCESS record no 312   
2023-12-15 20:47:57,712  |  DEBUG  |  ---------------------------------  
2023-12-15 20:47:57,713  |  DEBUG  |  ---------------------------------  
2023-12-15 20:47:57,714  |  INFO  |  INSERT SUCCESS record no 313   
2023-12-15 20:47:57,715  |  DEBUG  |  ---------------------------------  
2023-12-15 20:47:57,716  |  DEBUG  |  ---------------------------------  
2023-12-15 20:47:57,717  |  INFO  |  INSERT SUCCESS record no 314   
2023-12-15 20:47:57,718  |  DEBUG  |  ---------------------------------  
2023-12-15 20:47:57,720  |  DEBUG  |  ---------------------------------  
2023-12-15 20:47:57,721  |  INFO  |  INSERT SUCCESS record no 315   
2023-12-15 20:47:57,722  |  DEBUG  |  ---------------------------------  
2023-12-15 20:47:57,723  |  DEBUG  |  ---------------------------------  
2023-12-15 20:47:57,724  |  INFO  |  INSERT SUCCESS record no 316   
2023-12-15 20:47:57,725  |  DEBUG  |  ---------------------------------  
2023-12-15 20:47:57,727  |  DEBUG  |  ---------------------------------  
2023-12-15 20:47:57,728  |  INFO  |  INSERT SUCCESS record no 317   
2023-12-15 20:47:57,729  |  DEBUG  |  ---------------------------------  
2023-12-15 20:47:57,730  |  DEBUG  |  ---------------------------------  
2023-12-15 20:47:57,731  |  INFO  |  INSERT SUCCESS record no 318   
2023-12-15 20:47:57,731  |  DEBUG  |  ---------------------------------  
2023-12-15 20:47:57,732  |  DEBUG  |  ---------------------------------  
2023-12-15 20:47:57,733  |  INFO  |  INSERT SUCCESS record no 319   
2023-12-15 20:47:57,734  |  DEBUG  |  ---------------------------------  
2023-12-15 20:47:57,735  |  DEBUG  |  ---------------------------------  
2023-12-15 20:47:57,736  |  INFO  |  INSERT SUCCESS record no 320   
2023-12-15 20:47:57,737  |  DEBUG  |  ---------------------------------  
2023-12-15 20:47:57,749  |  DEBUG  |  ---------------------------------  
2023-12-15 20:47:57,750  |  INFO  |  INSERT SUCCESS record no 321   
2023-12-15 20:47:57,750  |  DEBUG  |  ---------------------------------  
2023-12-15 20:47:57,752  |  DEBUG  |  ---------------------------------  
2023-12-15 20:47:57,753  |  INFO  |  INSERT SUCCESS record no 322   
2023-12-15 20:47:57,753  |  DEBUG  |  ---------------------------------  
2023-12-15 20:47:57,755  |  DEBUG  |  ---------------------------------  
2023-12-15 20:47:57,755  |  INFO  |  INSERT SUCCESS record no 323   
2023-12-15 20:47:57,757  |  DEBUG  |  ---------------------------------  
2023-12-15 20:47:57,758  |  DEBUG  |  ---------------------------------  
2023-12-15 20:47:57,759  |  INFO  |  INSERT SUCCESS record no 324   
2023-12-15 20:47:57,760  |  DEBUG  |  ---------------------------------  
2023-12-15 20:47:57,763  |  DEBUG  |  ---------------------------------  
2023-12-15 20:47:57,764  |  INFO  |  INSERT SUCCESS record no 325   
2023-12-15 20:47:57,765  |  DEBUG  |  ---------------------------------  
2023-12-15 20:47:57,767  |  DEBUG  |  ---------------------------------  
2023-12-15 20:47:57,768  |  INFO  |  INSERT SUCCESS record no 326   
2023-12-15 20:47:57,769  |  DEBUG  |  ---------------------------------  
2023-12-15 20:47:57,771  |  DEBUG  |  ---------------------------------  
2023-12-15 20:47:57,772  |  INFO  |  INSERT SUCCESS record no 327   
2023-12-15 20:47:57,772  |  DEBUG  |  ---------------------------------  
2023-12-15 20:47:57,773  |  DEBUG  |  ---------------------------------  
2023-12-15 20:47:57,774  |  INFO  |  INSERT SUCCESS record no 328   
2023-12-15 20:47:57,775  |  DEBUG  |  ---------------------------------  
2023-12-15 20:47:57,776  |  DEBUG  |  ---------------------------------  
2023-12-15 20:47:57,777  |  INFO  |  INSERT SUCCESS record no 329   
2023-12-15 20:47:57,777  |  DEBUG  |  ---------------------------------  
2023-12-15 20:47:57,779  |  DEBUG  |  ---------------------------------  
2023-12-15 20:47:57,779  |  INFO  |  INSERT SUCCESS record no 330   
2023-12-15 20:47:57,780  |  DEBUG  |  ---------------------------------  
2023-12-15 20:47:57,781  |  DEBUG  |  ---------------------------------  
2023-12-15 20:47:57,781  |  INFO  |  INSERT SUCCESS record no 331   
2023-12-15 20:47:57,782  |  DEBUG  |  ---------------------------------  
2023-12-15 20:47:57,784  |  DEBUG  |  ---------------------------------  
2023-12-15 20:47:57,786  |  INFO  |  INSERT SUCCESS record no 332   
2023-12-15 20:47:57,796  |  DEBUG  |  ---------------------------------  
2023-12-15 20:47:57,797  |  DEBUG  |  ---------------------------------  
2023-12-15 20:47:57,798  |  INFO  |  INSERT SUCCESS record no 333   
2023-12-15 20:47:57,799  |  DEBUG  |  ---------------------------------  
2023-12-15 20:47:57,801  |  DEBUG  |  ---------------------------------  
2023-12-15 20:47:57,802  |  INFO  |  INSERT SUCCESS record no 334   
2023-12-15 20:47:57,803  |  DEBUG  |  ---------------------------------  
2023-12-15 20:47:57,806  |  DEBUG  |  ---------------------------------  
2023-12-15 20:47:57,807  |  INFO  |  INSERT SUCCESS record no 335   
2023-12-15 20:47:57,808  |  DEBUG  |  ---------------------------------  
2023-12-15 20:47:57,809  |  DEBUG  |  ---------------------------------  
2023-12-15 20:47:57,810  |  INFO  |  INSERT SUCCESS record no 336   
2023-12-15 20:47:57,811  |  DEBUG  |  ---------------------------------  
2023-12-15 20:47:57,812  |  DEBUG  |  ---------------------------------  
2023-12-15 20:47:57,813  |  INFO  |  INSERT SUCCESS record no 337   
2023-12-15 20:47:57,814  |  DEBUG  |  ---------------------------------  
2023-12-15 20:47:57,816  |  DEBUG  |  ---------------------------------  
2023-12-15 20:47:57,817  |  INFO  |  INSERT SUCCESS record no 338   
2023-12-15 20:47:57,818  |  DEBUG  |  ---------------------------------  
2023-12-15 20:47:57,820  |  DEBUG  |  ---------------------------------  
2023-12-15 20:47:57,822  |  INFO  |  INSERT SUCCESS record no 339   
2023-12-15 20:47:57,823  |  DEBUG  |  ---------------------------------  
2023-12-15 20:47:57,825  |  DEBUG  |  ---------------------------------  
2023-12-15 20:47:57,825  |  INFO  |  INSERT SUCCESS record no 340   
2023-12-15 20:47:57,826  |  DEBUG  |  ---------------------------------  
2023-12-15 20:47:57,827  |  DEBUG  |  ---------------------------------  
2023-12-15 20:47:57,828  |  INFO  |  INSERT SUCCESS record no 341   
2023-12-15 20:47:57,829  |  DEBUG  |  ---------------------------------  
2023-12-15 20:47:57,830  |  DEBUG  |  ---------------------------------  
2023-12-15 20:47:57,831  |  INFO  |  INSERT SUCCESS record no 342   
2023-12-15 20:47:57,831  |  DEBUG  |  ---------------------------------  
2023-12-15 20:47:57,833  |  DEBUG  |  ---------------------------------  
2023-12-15 20:47:57,835  |  INFO  |  INSERT SUCCESS record no 343   
2023-12-15 20:47:57,846  |  DEBUG  |  ---------------------------------  
2023-12-15 20:47:57,848  |  DEBUG  |  ---------------------------------  
2023-12-15 20:47:57,848  |  INFO  |  INSERT SUCCESS record no 344   
2023-12-15 20:47:57,849  |  DEBUG  |  ---------------------------------  
2023-12-15 20:47:57,850  |  DEBUG  |  ---------------------------------  
2023-12-15 20:47:57,850  |  INFO  |  INSERT SUCCESS record no 345   
2023-12-15 20:47:57,850  |  DEBUG  |  ---------------------------------  
2023-12-15 20:47:57,852  |  DEBUG  |  ---------------------------------  
2023-12-15 20:47:57,854  |  INFO  |  INSERT SUCCESS record no 346   
2023-12-15 20:47:57,855  |  DEBUG  |  ---------------------------------  
2023-12-15 20:47:57,857  |  DEBUG  |  ---------------------------------  
2023-12-15 20:47:57,858  |  INFO  |  INSERT SUCCESS record no 347   
2023-12-15 20:47:57,859  |  DEBUG  |  ---------------------------------  
2023-12-15 20:47:57,860  |  DEBUG  |  ---------------------------------  
2023-12-15 20:47:57,861  |  INFO  |  INSERT SUCCESS record no 348   
2023-12-15 20:47:57,862  |  DEBUG  |  ---------------------------------  
2023-12-15 20:47:57,864  |  DEBUG  |  ---------------------------------  
2023-12-15 20:47:57,865  |  INFO  |  INSERT SUCCESS record no 349   
2023-12-15 20:47:57,866  |  DEBUG  |  ---------------------------------  
2023-12-15 20:47:57,868  |  DEBUG  |  ---------------------------------  
2023-12-15 20:47:57,869  |  INFO  |  INSERT SUCCESS record no 350   
2023-12-15 20:47:57,869  |  DEBUG  |  ---------------------------------  
2023-12-15 20:47:57,872  |  DEBUG  |  ---------------------------------  
2023-12-15 20:47:57,879  |  INFO  |  INSERT SUCCESS record no 351   
2023-12-15 20:47:57,880  |  DEBUG  |  ---------------------------------  
2023-12-15 20:47:57,883  |  DEBUG  |  ---------------------------------  
2023-12-15 20:47:57,883  |  INFO  |  INSERT SUCCESS record no 352   
2023-12-15 20:47:57,884  |  DEBUG  |  ---------------------------------  
2023-12-15 20:47:57,885  |  DEBUG  |  ---------------------------------  
2023-12-15 20:47:57,886  |  INFO  |  INSERT SUCCESS record no 353   
2023-12-15 20:47:57,887  |  DEBUG  |  ---------------------------------  
2023-12-15 20:47:57,888  |  DEBUG  |  ---------------------------------  
2023-12-15 20:47:57,889  |  INFO  |  INSERT SUCCESS record no 354   
2023-12-15 20:47:57,890  |  DEBUG  |  ---------------------------------  
2023-12-15 20:47:57,891  |  DEBUG  |  ---------------------------------  
2023-12-15 20:47:57,892  |  INFO  |  INSERT SUCCESS record no 355   
2023-12-15 20:47:57,892  |  DEBUG  |  ---------------------------------  
2023-12-15 20:47:57,894  |  DEBUG  |  ---------------------------------  
2023-12-15 20:47:57,895  |  INFO  |  INSERT SUCCESS record no 356   
2023-12-15 20:47:57,896  |  DEBUG  |  ---------------------------------  
2023-12-15 20:47:57,897  |  DEBUG  |  ---------------------------------  
2023-12-15 20:47:57,897  |  INFO  |  INSERT SUCCESS record no 357   
2023-12-15 20:47:57,898  |  DEBUG  |  ---------------------------------  
2023-12-15 20:47:57,900  |  DEBUG  |  ---------------------------------  
2023-12-15 20:47:57,902  |  INFO  |  INSERT SUCCESS record no 358   
2023-12-15 20:47:57,903  |  DEBUG  |  ---------------------------------  
2023-12-15 20:47:57,904  |  DEBUG  |  ---------------------------------  
2023-12-15 20:47:57,906  |  INFO  |  INSERT SUCCESS record no 359   
2023-12-15 20:47:57,908  |  DEBUG  |  ---------------------------------  
2023-12-15 20:47:57,925  |  DEBUG  |  ---------------------------------  
2023-12-15 20:47:57,927  |  INFO  |  INSERT SUCCESS record no 360   
2023-12-15 20:47:57,927  |  DEBUG  |  ---------------------------------  
2023-12-15 20:47:57,930  |  DEBUG  |  ---------------------------------  
2023-12-15 20:47:57,931  |  INFO  |  INSERT SUCCESS record no 361   
2023-12-15 20:47:57,933  |  DEBUG  |  ---------------------------------  
2023-12-15 20:47:57,935  |  DEBUG  |  ---------------------------------  
2023-12-15 20:47:57,936  |  INFO  |  INSERT SUCCESS record no 362   
2023-12-15 20:47:57,937  |  DEBUG  |  ---------------------------------  
2023-12-15 20:47:57,938  |  DEBUG  |  ---------------------------------  
2023-12-15 20:47:57,939  |  INFO  |  INSERT SUCCESS record no 363   
2023-12-15 20:47:57,940  |  DEBUG  |  ---------------------------------  
2023-12-15 20:47:57,942  |  DEBUG  |  ---------------------------------  
2023-12-15 20:47:57,943  |  INFO  |  INSERT SUCCESS record no 364   
2023-12-15 20:47:57,943  |  DEBUG  |  ---------------------------------  
2023-12-15 20:47:57,945  |  DEBUG  |  ---------------------------------  
2023-12-15 20:47:57,946  |  INFO  |  INSERT SUCCESS record no 365   
2023-12-15 20:47:57,946  |  DEBUG  |  ---------------------------------  
2023-12-15 20:47:57,947  |  INFO  |  Rows after SQL insert in Postgres: 365   
2023-12-15 20:47:57,948  |  DEBUG  |    
2023-12-15 20:47:57,951  |  INFO  |  Sensitve columns: ['Product_Category']  
2023-12-15 20:47:57,974  |  INFO  |  ================================================  
2023-12-15 20:47:57,975  |  INFO  |  Total columns in table after insertion: 3  
2023-12-15 20:47:57,976  |  INFO  |  Columns name list in table after insertion: ['dateh', 'offs', 'ons']  
2023-12-15 20:47:57,977  |  DEBUG  |    
2023-12-15 20:47:57,978  |  INFO  |  DATA VALIDATION SUCCESS: All general DQ checks passed!   
2023-12-15 20:47:57,979  |  DEBUG  |    
2023-12-15 20:47:57,979  |  INFO  |  Now saving changes made by SQL statements to Postgres DB....  
2023-12-15 20:47:57,980  |  INFO  |  Saved successfully, now terminating cursor and current session....  
2023-12-15 20:47:57,982  |  DEBUG  |    
2023-12-15 20:47:57,982  |  DEBUG  |  Cursor closed successfully.  
2023-12-15 20:47:57,984  |  DEBUG  |  Session connected to Postgres database closed.  
