2023-12-14 15:34:29,348  |  INFO  |    
2023-12-14 15:34:29,348  |  INFO  |  ---------------------------------------------  
2023-12-14 15:34:29,348  |  INFO  |  Beginning the source data extraction process...  
2023-12-14 15:34:29,349  |  INFO  |  File type: '<class 'list'>'  
2023-12-14 15:34:29,349  |  INFO  |  [{'Product_Category': 'Nest-USA', 'GST': '0.1'}, {'Product_Category': 'Office', 'GST': '0.1'}, {'Product_Category': 'Apparel', 'GST': '0.18'}, {'Product_Category': 'Bags', 'GST': '0.18'}, {'Product_Category': 'Drinkware', 'GST': '0.18'}, {'Product_Category': 'Lifestyle', 'GST': '0.18'}, {'Product_Category': 'Notebooks & Journals', 'GST': '0.05'}, {'Product_Category': 'Headgear', 'GST': '0.05'}, {'Product_Category': 'Waze', 'GST': '0.18'}, {'Product_Category': 'Fun', 'GST': '0.18'}, {'Product_Category': 'Nest-Canada', 'GST': '0.1'}, {'Product_Category': 'Backpacks', 'GST': '0.1'}, {'Product_Category': 'Google', 'GST': '0.1'}, {'Product_Category': 'Bottles', 'GST': '0.05'}, {'Product_Category': 'Gift Cards', 'GST': '0.05'}, {'Product_Category': 'More Bags', 'GST': '0.18'}, {'Product_Category': 'Housewares', 'GST': '0.12'}, {'Product_Category': 'Android', 'GST': '0.1'}, {'Product_Category': 'Accessories', 'GST': '0.1'}, {'Product_Category': 'Nest', 'GST': '0.05'}]  
2023-12-14 15:34:29,393  |  DEBUG  |    
2023-12-14 15:34:29,393  |  INFO  |  =================================================================================  
2023-12-14 15:34:29,393  |  INFO  |  CONNECTION SUCCESS: Managed to connect successfully to the rawdwdss database!!  
2023-12-14 15:34:29,394  |  INFO  |  Connection details: user=postgres password=xxx dbname=rawdwdss host=localhost port=5432   
2023-12-14 15:34:29,394  |  INFO  |  =================================================================================  
2023-12-14 15:34:29,395  |  DEBUG  |    
2023-12-14 15:34:29,396  |  DEBUG  |    
2023-12-14 15:34:29,397  |  INFO  |  =================================================================================================  
2023-12-14 15:34:29,397  |  INFO  |  SCHEMA CREATION SUCCESS: Managed to create main schema in rawdwdss   
2023-12-14 15:34:29,397  |  INFO  |  Schema name in Postgres: main   
2023-12-14 15:34:29,397  |  INFO  |  SQL Query for validation check:  SELECT schema_name from information_schema.schemata WHERE schema_name= 'main';   
2023-12-14 15:34:29,397  |  INFO  |  =================================================================================================  
2023-12-14 15:34:29,398  |  DEBUG  |    
2023-12-14 15:34:29,403  |  DEBUG  |    
2023-12-14 15:34:29,403  |  ERROR  |  ==========================================================================================================================================================================  
2023-12-14 15:34:29,403  |  ERROR  |  TABLE DELETION FAILURE: Unable to delete raw_tax_amount_tbl. This table may have objects that depend on it (use DROP TABLE ... CASCADE to resolve) or it doesn't exist.   
2023-12-14 15:34:29,404  |  ERROR  |  SQL Query for validation check:  SELECT EXISTS (SELECT 1 FROM information_schema.tables WHERE table_name = 'raw_tax_amount_tbl' );   
2023-12-14 15:34:29,404  |  ERROR  |  ==========================================================================================================================================================================  
2023-12-14 15:34:29,404  |  DEBUG  |    
2023-12-14 15:34:29,408  |  DEBUG  |    
2023-12-14 15:34:29,409  |  INFO  |  =============================================================================================================================================================================  
2023-12-14 15:34:29,409  |  INFO  |  TABLE CREATION SUCCESS: Managed to create raw_tax_amount_tbl table in rawdwdss.    
2023-12-14 15:34:29,409  |  INFO  |  SQL Query for validation check:  SELECT EXISTS (SELECT 1 FROM information_schema.tables WHERE table_name = 'raw_tax_amount_tbl' );   
2023-12-14 15:34:29,410  |  INFO  |  =============================================================================================================================================================================  
2023-12-14 15:34:29,410  |  DEBUG  |    
2023-12-14 15:34:29,412  |  INFO  |  Rows before SQL insert in Postgres: 0   
2023-12-14 15:34:29,412  |  DEBUG  |    
2023-12-14 15:34:29,413  |  DEBUG  |  ---------------------------------  
2023-12-14 15:34:29,413  |  INFO  |  INSERT SUCCESS record no 1   
2023-12-14 15:34:29,414  |  DEBUG  |  ---------------------------------  
2023-12-14 15:34:29,414  |  DEBUG  |  ---------------------------------  
2023-12-14 15:34:29,414  |  INFO  |  INSERT SUCCESS record no 2   
2023-12-14 15:34:29,415  |  DEBUG  |  ---------------------------------  
2023-12-14 15:34:29,415  |  DEBUG  |  ---------------------------------  
2023-12-14 15:34:29,416  |  INFO  |  INSERT SUCCESS record no 3   
2023-12-14 15:34:29,416  |  DEBUG  |  ---------------------------------  
2023-12-14 15:34:29,417  |  DEBUG  |  ---------------------------------  
2023-12-14 15:34:29,417  |  INFO  |  INSERT SUCCESS record no 4   
2023-12-14 15:34:29,417  |  DEBUG  |  ---------------------------------  
2023-12-14 15:34:29,418  |  DEBUG  |  ---------------------------------  
2023-12-14 15:34:29,418  |  INFO  |  INSERT SUCCESS record no 5   
2023-12-14 15:34:29,418  |  DEBUG  |  ---------------------------------  
2023-12-14 15:34:29,419  |  DEBUG  |  ---------------------------------  
2023-12-14 15:34:29,419  |  INFO  |  INSERT SUCCESS record no 6   
2023-12-14 15:34:29,419  |  DEBUG  |  ---------------------------------  
2023-12-14 15:34:29,420  |  DEBUG  |  ---------------------------------  
2023-12-14 15:34:29,420  |  INFO  |  INSERT SUCCESS record no 7   
2023-12-14 15:34:29,420  |  DEBUG  |  ---------------------------------  
2023-12-14 15:34:29,421  |  DEBUG  |  ---------------------------------  
2023-12-14 15:34:29,421  |  INFO  |  INSERT SUCCESS record no 8   
2023-12-14 15:34:29,421  |  DEBUG  |  ---------------------------------  
2023-12-14 15:34:29,421  |  DEBUG  |  ---------------------------------  
2023-12-14 15:34:29,421  |  INFO  |  INSERT SUCCESS record no 9   
2023-12-14 15:34:29,422  |  DEBUG  |  ---------------------------------  
2023-12-14 15:34:29,422  |  DEBUG  |  ---------------------------------  
2023-12-14 15:34:29,422  |  INFO  |  INSERT SUCCESS record no 10   
2023-12-14 15:34:29,422  |  DEBUG  |  ---------------------------------  
2023-12-14 15:34:29,422  |  DEBUG  |  ---------------------------------  
2023-12-14 15:34:29,423  |  INFO  |  INSERT SUCCESS record no 11   
2023-12-14 15:34:29,423  |  DEBUG  |  ---------------------------------  
2023-12-14 15:34:29,423  |  DEBUG  |  ---------------------------------  
2023-12-14 15:34:29,424  |  INFO  |  INSERT SUCCESS record no 12   
2023-12-14 15:34:29,424  |  DEBUG  |  ---------------------------------  
2023-12-14 15:34:29,424  |  DEBUG  |  ---------------------------------  
2023-12-14 15:34:29,425  |  INFO  |  INSERT SUCCESS record no 13   
2023-12-14 15:34:29,425  |  DEBUG  |  ---------------------------------  
2023-12-14 15:34:29,426  |  DEBUG  |  ---------------------------------  
2023-12-14 15:34:29,426  |  INFO  |  INSERT SUCCESS record no 14   
2023-12-14 15:34:29,426  |  DEBUG  |  ---------------------------------  
2023-12-14 15:34:29,426  |  DEBUG  |  ---------------------------------  
2023-12-14 15:34:29,427  |  INFO  |  INSERT SUCCESS record no 15   
2023-12-14 15:34:29,427  |  DEBUG  |  ---------------------------------  
2023-12-14 15:34:29,427  |  DEBUG  |  ---------------------------------  
2023-12-14 15:34:29,427  |  INFO  |  INSERT SUCCESS record no 16   
2023-12-14 15:34:29,427  |  DEBUG  |  ---------------------------------  
2023-12-14 15:34:29,428  |  DEBUG  |  ---------------------------------  
2023-12-14 15:34:29,428  |  INFO  |  INSERT SUCCESS record no 17   
2023-12-14 15:34:29,428  |  DEBUG  |  ---------------------------------  
2023-12-14 15:34:29,428  |  DEBUG  |  ---------------------------------  
2023-12-14 15:34:29,428  |  INFO  |  INSERT SUCCESS record no 18   
2023-12-14 15:34:29,429  |  DEBUG  |  ---------------------------------  
2023-12-14 15:34:29,429  |  DEBUG  |  ---------------------------------  
2023-12-14 15:34:29,429  |  INFO  |  INSERT SUCCESS record no 19   
2023-12-14 15:34:29,429  |  DEBUG  |  ---------------------------------  
2023-12-14 15:34:29,430  |  DEBUG  |  ---------------------------------  
2023-12-14 15:34:29,430  |  INFO  |  INSERT SUCCESS record no 20   
2023-12-14 15:34:29,430  |  DEBUG  |  ---------------------------------  
2023-12-14 15:34:29,430  |  INFO  |  Rows after SQL insert in Postgres: 20   
2023-12-14 15:34:29,430  |  DEBUG  |    
2023-12-14 15:34:29,430  |  INFO  |  Sensitve columns: ['Product_Category', 'GST']  
2023-12-14 15:34:29,439  |  INFO  |  ================================================  
2023-12-14 15:34:29,439  |  INFO  |  Total columns in table after insertion: 6  
2023-12-14 15:34:29,439  |  INFO  |  Columns name list in table after insertion: ['tax_amount_id', 'product_category', 'gst', 'created_at', 'updated_at', 'source']  
2023-12-14 15:34:29,439  |  DEBUG  |    
2023-12-14 15:34:29,439  |  INFO  |  DATA VALIDATION SUCCESS: All general DQ checks passed!   
2023-12-14 15:34:29,440  |  DEBUG  |    
2023-12-14 15:34:29,440  |  INFO  |  Now saving changes made by SQL statements to Postgres DB....  
2023-12-14 15:34:29,440  |  INFO  |  Saved successfully, now terminating cursor and current session....  
2023-12-14 15:34:29,440  |  DEBUG  |    
2023-12-14 15:34:29,441  |  DEBUG  |  Cursor closed successfully.  
2023-12-14 15:34:29,441  |  DEBUG  |  Session connected to Postgres database closed.  
