2023-12-12 20:17:39,737  |  INFO  |    
2023-12-12 20:17:39,738  |  INFO  |  ---------------------------------------------  
2023-12-12 20:17:39,739  |  INFO  |  Beginning the source data extraction process...  
2023-12-12 20:17:39,741  |  INFO  |  Successfully located 'customer_feedbacks.json'  
2023-12-12 20:17:39,741  |  INFO  |  File type: '<class 'list'>'  
2023-12-12 20:17:39,833  |  DEBUG  |    
2023-12-12 20:17:39,834  |  INFO  |  =================================================================================  
2023-12-12 20:17:39,835  |  INFO  |  CONNECTION SUCCESS: Managed to connect successfully to the dwdss database!!  
2023-12-12 20:17:39,835  |  INFO  |  Connection details: user=postgres password=xxx dbname=dwdss host=localhost port=5432   
2023-12-12 20:17:39,836  |  INFO  |  =================================================================================  
2023-12-12 20:17:39,836  |  DEBUG  |    
2023-12-12 20:17:39,839  |  DEBUG  |    
2023-12-12 20:17:39,840  |  INFO  |  =================================================================================================  
2023-12-12 20:17:39,841  |  INFO  |  SCHEMA CREATION SUCCESS: Managed to create main schema in dwdss   
2023-12-12 20:17:39,841  |  INFO  |  Schema name in Postgres: main   
2023-12-12 20:17:39,841  |  INFO  |  SQL Query for validation check:     SELECT schema_name from information_schema.schemata WHERE schema_name= 'main';
           
2023-12-12 20:17:39,842  |  INFO  |  =================================================================================================  
2023-12-12 20:17:39,842  |  DEBUG  |    
2023-12-12 20:17:39,846  |  DEBUG  |    
2023-12-12 20:17:39,847  |  ERROR  |  ==========================================================================================================================================================================  
2023-12-12 20:17:39,848  |  ERROR  |  TABLE DELETION FAILURE: Unable to delete raw_customer_feedbacks_tbl. This table may have objects that depend on it (use DROP TABLE ... CASCADE to resolve) or it doesn't exist.   
2023-12-12 20:17:39,850  |  ERROR  |  SQL Query for validation check:     SELECT EXISTS (SELECT 1 FROM information_schema.tables WHERE table_name = 'raw_customer_feedbacks_tbl' );
           
2023-12-12 20:17:39,851  |  ERROR  |  ==========================================================================================================================================================================  
2023-12-12 20:17:39,865  |  DEBUG  |    
2023-12-12 20:17:39,876  |  DEBUG  |    
2023-12-12 20:17:39,877  |  INFO  |  =============================================================================================================================================================================  
2023-12-12 20:17:39,878  |  INFO  |  TABLE CREATION SUCCESS: Managed to create raw_customer_feedbacks_tbl table in dwdss.    
2023-12-12 20:17:39,879  |  INFO  |  SQL Query for validation check:         SELECT EXISTS (SELECT 1 FROM information_schema.tables WHERE table_name = 'raw_customer_feedbacks_tbl' );
           
2023-12-12 20:17:39,879  |  INFO  |  =============================================================================================================================================================================  
2023-12-12 20:17:39,880  |  DEBUG  |    
2023-12-12 20:17:39,913  |  DEBUG  |    
2023-12-12 20:17:39,919  |  INFO  |  =============================================================================================================================================================================  
2023-12-12 20:17:39,924  |  INFO  |  DATA LINEAGE FIELDS CREATION SUCCESS: Managed to create data lineage columns in main.raw_customer_feedbacks_tbl.    
2023-12-12 20:17:39,925  |  INFO  |  SQL Query for validation check:          
                                                                    SELECT * 
                                                                    FROM    information_schema.columns 
                                                                    WHERE   table_name      = 'raw_customer_feedbacks_tbl' 
                                                                        AND     (column_name    = 'created_at'
                                                                        OR      column_name     = 'updated_at' 
                                                                        OR      column_name     = 'source_system' 
                                                                        OR      column_name     = 'source_file' 
                                                                        OR      column_name     = 'load_timestamp' 
                                                                        OR      column_name     = 'dwh_layer');
                                                                              
           
2023-12-12 20:17:39,927  |  INFO  |  =============================================================================================================================================================================  
2023-12-12 20:17:39,927  |  DEBUG  |    
2023-12-12 20:17:39,929  |  INFO  |  Rows before SQL insert in Postgres: 0   
2023-12-12 20:17:39,930  |  DEBUG  |    
2023-12-12 20:17:39,933  |  DEBUG  |  ---------------------------------  
2023-12-12 20:17:39,934  |  INFO  |  INSERT SUCCESS: Uploaded customer_feedbacks record no 1   
2023-12-12 20:17:39,934  |  DEBUG  |  ---------------------------------  
2023-12-12 20:17:39,935  |  DEBUG  |  ---------------------------------  
2023-12-12 20:17:39,936  |  INFO  |  INSERT SUCCESS: Uploaded customer_feedbacks record no 2   
2023-12-12 20:17:39,939  |  DEBUG  |  ---------------------------------  
2023-12-12 20:17:39,940  |  DEBUG  |  ---------------------------------  
2023-12-12 20:17:39,940  |  INFO  |  INSERT SUCCESS: Uploaded customer_feedbacks record no 3   
2023-12-12 20:17:39,941  |  DEBUG  |  ---------------------------------  
2023-12-12 20:17:39,942  |  DEBUG  |  ---------------------------------  
2023-12-12 20:17:39,942  |  INFO  |  INSERT SUCCESS: Uploaded customer_feedbacks record no 4   
2023-12-12 20:17:39,943  |  DEBUG  |  ---------------------------------  
2023-12-12 20:17:39,946  |  DEBUG  |  ---------------------------------  
2023-12-12 20:17:39,947  |  INFO  |  INSERT SUCCESS: Uploaded customer_feedbacks record no 5   
2023-12-12 20:17:39,947  |  DEBUG  |  ---------------------------------  
2023-12-12 20:17:39,948  |  DEBUG  |  ---------------------------------  
2023-12-12 20:17:39,949  |  INFO  |  INSERT SUCCESS: Uploaded customer_feedbacks record no 6   
2023-12-12 20:17:39,949  |  DEBUG  |  ---------------------------------  
2023-12-12 20:17:39,950  |  DEBUG  |  ---------------------------------  
2023-12-12 20:17:39,952  |  INFO  |  INSERT SUCCESS: Uploaded customer_feedbacks record no 7   
2023-12-12 20:17:39,953  |  DEBUG  |  ---------------------------------  
2023-12-12 20:17:39,954  |  DEBUG  |  ---------------------------------  
2023-12-12 20:17:39,955  |  INFO  |  INSERT SUCCESS: Uploaded customer_feedbacks record no 8   
2023-12-12 20:17:39,955  |  DEBUG  |  ---------------------------------  
2023-12-12 20:17:39,957  |  DEBUG  |  ---------------------------------  
2023-12-12 20:17:39,960  |  INFO  |  INSERT SUCCESS: Uploaded customer_feedbacks record no 9   
2023-12-12 20:17:39,960  |  DEBUG  |  ---------------------------------  
2023-12-12 20:17:39,962  |  DEBUG  |  ---------------------------------  
2023-12-12 20:17:39,962  |  INFO  |  INSERT SUCCESS: Uploaded customer_feedbacks record no 10   
2023-12-12 20:17:39,963  |  DEBUG  |  ---------------------------------  
2023-12-12 20:17:39,964  |  DEBUG  |  ---------------------------------  
2023-12-12 20:17:39,964  |  INFO  |  INSERT SUCCESS: Uploaded customer_feedbacks record no 11   
2023-12-12 20:17:39,965  |  DEBUG  |  ---------------------------------  
2023-12-12 20:17:39,967  |  DEBUG  |  ---------------------------------  
2023-12-12 20:17:39,967  |  INFO  |  INSERT SUCCESS: Uploaded customer_feedbacks record no 12   
2023-12-12 20:17:39,968  |  DEBUG  |  ---------------------------------  
2023-12-12 20:17:39,970  |  DEBUG  |  ---------------------------------  
2023-12-12 20:17:39,970  |  INFO  |  INSERT SUCCESS: Uploaded customer_feedbacks record no 13   
2023-12-12 20:17:39,971  |  DEBUG  |  ---------------------------------  
2023-12-12 20:17:39,973  |  DEBUG  |  ---------------------------------  
2023-12-12 20:17:39,974  |  INFO  |  INSERT SUCCESS: Uploaded customer_feedbacks record no 14   
2023-12-12 20:17:39,975  |  DEBUG  |  ---------------------------------  
2023-12-12 20:17:39,976  |  DEBUG  |  ---------------------------------  
2023-12-12 20:17:39,977  |  INFO  |  INSERT SUCCESS: Uploaded customer_feedbacks record no 15   
2023-12-12 20:17:39,977  |  DEBUG  |  ---------------------------------  
2023-12-12 20:17:39,980  |  DEBUG  |  ---------------------------------  
2023-12-12 20:17:39,981  |  INFO  |  INSERT SUCCESS: Uploaded customer_feedbacks record no 16   
2023-12-12 20:17:39,981  |  DEBUG  |  ---------------------------------  
2023-12-12 20:17:39,983  |  DEBUG  |  ---------------------------------  
2023-12-12 20:17:39,984  |  INFO  |  INSERT SUCCESS: Uploaded customer_feedbacks record no 17   
2023-12-12 20:17:39,984  |  DEBUG  |  ---------------------------------  
2023-12-12 20:17:39,987  |  DEBUG  |  ---------------------------------  
2023-12-12 20:17:39,987  |  INFO  |  INSERT SUCCESS: Uploaded customer_feedbacks record no 18   
2023-12-12 20:17:39,988  |  DEBUG  |  ---------------------------------  
2023-12-12 20:17:39,990  |  DEBUG  |  ---------------------------------  
2023-12-12 20:17:39,991  |  INFO  |  INSERT SUCCESS: Uploaded customer_feedbacks record no 19   
2023-12-12 20:17:39,991  |  DEBUG  |  ---------------------------------  
2023-12-12 20:17:39,993  |  DEBUG  |  ---------------------------------  
2023-12-12 20:17:39,994  |  INFO  |  INSERT SUCCESS: Uploaded customer_feedbacks record no 20   
2023-12-12 20:17:39,995  |  DEBUG  |  ---------------------------------  
2023-12-12 20:17:39,996  |  DEBUG  |  ---------------------------------  
2023-12-12 20:17:39,997  |  INFO  |  INSERT SUCCESS: Uploaded customer_feedbacks record no 21   
2023-12-12 20:17:40,001  |  DEBUG  |  ---------------------------------  
2023-12-12 20:17:40,003  |  DEBUG  |  ---------------------------------  
2023-12-12 20:17:40,004  |  INFO  |  INSERT SUCCESS: Uploaded customer_feedbacks record no 22   
2023-12-12 20:17:40,004  |  DEBUG  |  ---------------------------------  
2023-12-12 20:17:40,006  |  DEBUG  |  ---------------------------------  
2023-12-12 20:17:40,008  |  INFO  |  INSERT SUCCESS: Uploaded customer_feedbacks record no 23   
2023-12-12 20:17:40,008  |  DEBUG  |  ---------------------------------  
2023-12-12 20:17:40,010  |  DEBUG  |  ---------------------------------  
2023-12-12 20:17:40,010  |  INFO  |  INSERT SUCCESS: Uploaded customer_feedbacks record no 24   
2023-12-12 20:17:40,010  |  DEBUG  |  ---------------------------------  
2023-12-12 20:17:40,012  |  DEBUG  |  ---------------------------------  
2023-12-12 20:17:40,012  |  INFO  |  INSERT SUCCESS: Uploaded customer_feedbacks record no 25   
2023-12-12 20:17:40,013  |  DEBUG  |  ---------------------------------  
2023-12-12 20:17:40,015  |  DEBUG  |  ---------------------------------  
2023-12-12 20:17:40,016  |  INFO  |  INSERT SUCCESS: Uploaded customer_feedbacks record no 26   
2023-12-12 20:17:40,016  |  DEBUG  |  ---------------------------------  
2023-12-12 20:17:40,017  |  DEBUG  |  ---------------------------------  
2023-12-12 20:17:40,018  |  INFO  |  INSERT SUCCESS: Uploaded customer_feedbacks record no 27   
2023-12-12 20:17:40,018  |  DEBUG  |  ---------------------------------  
2023-12-12 20:17:40,019  |  DEBUG  |  ---------------------------------  
2023-12-12 20:17:40,022  |  INFO  |  INSERT SUCCESS: Uploaded customer_feedbacks record no 28   
2023-12-12 20:17:40,022  |  DEBUG  |  ---------------------------------  
2023-12-12 20:17:40,023  |  DEBUG  |  ---------------------------------  
2023-12-12 20:17:40,024  |  INFO  |  INSERT SUCCESS: Uploaded customer_feedbacks record no 29   
2023-12-12 20:17:40,024  |  DEBUG  |  ---------------------------------  
2023-12-12 20:17:40,025  |  DEBUG  |  ---------------------------------  
2023-12-12 20:17:40,026  |  INFO  |  INSERT SUCCESS: Uploaded customer_feedbacks record no 30   
2023-12-12 20:17:40,026  |  DEBUG  |  ---------------------------------  
2023-12-12 20:17:40,028  |  DEBUG  |  ---------------------------------  
2023-12-12 20:17:40,029  |  INFO  |  INSERT SUCCESS: Uploaded customer_feedbacks record no 31   
2023-12-12 20:17:40,029  |  DEBUG  |  ---------------------------------  
2023-12-12 20:17:40,031  |  DEBUG  |  ---------------------------------  
2023-12-12 20:17:40,031  |  INFO  |  INSERT SUCCESS: Uploaded customer_feedbacks record no 32   
2023-12-12 20:17:40,031  |  DEBUG  |  ---------------------------------  
2023-12-12 20:17:40,033  |  DEBUG  |  ---------------------------------  
2023-12-12 20:17:40,033  |  INFO  |  INSERT SUCCESS: Uploaded customer_feedbacks record no 33   
2023-12-12 20:17:40,034  |  DEBUG  |  ---------------------------------  
2023-12-12 20:17:40,035  |  DEBUG  |  ---------------------------------  
2023-12-12 20:17:40,036  |  INFO  |  INSERT SUCCESS: Uploaded customer_feedbacks record no 34   
2023-12-12 20:17:40,036  |  DEBUG  |  ---------------------------------  
2023-12-12 20:17:40,038  |  DEBUG  |  ---------------------------------  
2023-12-12 20:17:40,039  |  INFO  |  INSERT SUCCESS: Uploaded customer_feedbacks record no 35   
2023-12-12 20:17:40,039  |  DEBUG  |  ---------------------------------  
2023-12-12 20:17:40,042  |  DEBUG  |  ---------------------------------  
2023-12-12 20:17:40,043  |  INFO  |  INSERT SUCCESS: Uploaded customer_feedbacks record no 36   
2023-12-12 20:17:40,043  |  DEBUG  |  ---------------------------------  
2023-12-12 20:17:40,045  |  DEBUG  |  ---------------------------------  
2023-12-12 20:17:40,045  |  INFO  |  INSERT SUCCESS: Uploaded customer_feedbacks record no 37   
2023-12-12 20:17:40,046  |  DEBUG  |  ---------------------------------  
2023-12-12 20:17:40,047  |  DEBUG  |  ---------------------------------  
2023-12-12 20:17:40,047  |  INFO  |  INSERT SUCCESS: Uploaded customer_feedbacks record no 38   
2023-12-12 20:17:40,048  |  DEBUG  |  ---------------------------------  
2023-12-12 20:17:40,050  |  DEBUG  |  ---------------------------------  
2023-12-12 20:17:40,050  |  INFO  |  INSERT SUCCESS: Uploaded customer_feedbacks record no 39   
2023-12-12 20:17:40,051  |  DEBUG  |  ---------------------------------  
2023-12-12 20:17:40,052  |  DEBUG  |  ---------------------------------  
2023-12-12 20:17:40,052  |  INFO  |  INSERT SUCCESS: Uploaded customer_feedbacks record no 40   
2023-12-12 20:17:40,053  |  DEBUG  |  ---------------------------------  
2023-12-12 20:17:40,054  |  DEBUG  |  ---------------------------------  
2023-12-12 20:17:40,055  |  INFO  |  INSERT SUCCESS: Uploaded customer_feedbacks record no 41   
2023-12-12 20:17:40,055  |  DEBUG  |  ---------------------------------  
2023-12-12 20:17:40,057  |  DEBUG  |  ---------------------------------  
2023-12-12 20:17:40,057  |  INFO  |  INSERT SUCCESS: Uploaded customer_feedbacks record no 42   
2023-12-12 20:17:40,058  |  DEBUG  |  ---------------------------------  
2023-12-12 20:17:40,100  |  DEBUG  |  ---------------------------------  
2023-12-12 20:17:40,155  |  INFO  |  INSERT SUCCESS: Uploaded customer_feedbacks record no 43   
2023-12-12 20:17:40,203  |  DEBUG  |  ---------------------------------  
2023-12-12 20:17:40,214  |  DEBUG  |  ---------------------------------  
2023-12-12 20:17:40,218  |  INFO  |  INSERT SUCCESS: Uploaded customer_feedbacks record no 44   
2023-12-12 20:17:40,218  |  DEBUG  |  ---------------------------------  
2023-12-12 20:17:40,225  |  DEBUG  |  ---------------------------------  
2023-12-12 20:17:40,227  |  INFO  |  INSERT SUCCESS: Uploaded customer_feedbacks record no 45   
2023-12-12 20:17:40,232  |  DEBUG  |  ---------------------------------  
2023-12-12 20:17:40,235  |  DEBUG  |  ---------------------------------  
2023-12-12 20:17:40,238  |  INFO  |  INSERT SUCCESS: Uploaded customer_feedbacks record no 46   
2023-12-12 20:17:40,240  |  DEBUG  |  ---------------------------------  
2023-12-12 20:17:40,241  |  DEBUG  |  ---------------------------------  
2023-12-12 20:17:40,247  |  INFO  |  INSERT SUCCESS: Uploaded customer_feedbacks record no 47   
2023-12-12 20:17:40,248  |  DEBUG  |  ---------------------------------  
2023-12-12 20:17:40,253  |  DEBUG  |  ---------------------------------  
2023-12-12 20:17:40,294  |  INFO  |  INSERT SUCCESS: Uploaded customer_feedbacks record no 48   
2023-12-12 20:17:40,323  |  DEBUG  |  ---------------------------------  
2023-12-12 20:17:40,324  |  DEBUG  |  ---------------------------------  
2023-12-12 20:17:40,327  |  INFO  |  INSERT SUCCESS: Uploaded customer_feedbacks record no 49   
2023-12-12 20:17:40,328  |  DEBUG  |  ---------------------------------  
2023-12-12 20:17:40,330  |  DEBUG  |  ---------------------------------  
2023-12-12 20:17:40,331  |  INFO  |  INSERT SUCCESS: Uploaded customer_feedbacks record no 50   
2023-12-12 20:17:40,331  |  DEBUG  |  ---------------------------------  
2023-12-12 20:17:40,333  |  DEBUG  |  ---------------------------------  
2023-12-12 20:17:40,335  |  INFO  |  INSERT SUCCESS: Uploaded customer_feedbacks record no 51   
2023-12-12 20:17:40,335  |  DEBUG  |  ---------------------------------  
2023-12-12 20:17:40,337  |  DEBUG  |  ---------------------------------  
2023-12-12 20:17:40,338  |  INFO  |  INSERT SUCCESS: Uploaded customer_feedbacks record no 52   
2023-12-12 20:17:40,338  |  DEBUG  |  ---------------------------------  
2023-12-12 20:17:40,340  |  DEBUG  |  ---------------------------------  
2023-12-12 20:17:40,341  |  INFO  |  INSERT SUCCESS: Uploaded customer_feedbacks record no 53   
2023-12-12 20:17:40,342  |  DEBUG  |  ---------------------------------  
2023-12-12 20:17:40,343  |  DEBUG  |  ---------------------------------  
2023-12-12 20:17:40,343  |  INFO  |  INSERT SUCCESS: Uploaded customer_feedbacks record no 54   
2023-12-12 20:17:40,344  |  DEBUG  |  ---------------------------------  
2023-12-12 20:17:40,345  |  DEBUG  |  ---------------------------------  
2023-12-12 20:17:40,345  |  INFO  |  INSERT SUCCESS: Uploaded customer_feedbacks record no 55   
2023-12-12 20:17:40,346  |  DEBUG  |  ---------------------------------  
2023-12-12 20:17:40,348  |  DEBUG  |  ---------------------------------  
2023-12-12 20:17:40,349  |  INFO  |  INSERT SUCCESS: Uploaded customer_feedbacks record no 56   
2023-12-12 20:17:40,350  |  DEBUG  |  ---------------------------------  
2023-12-12 20:17:40,351  |  DEBUG  |  ---------------------------------  
2023-12-12 20:17:40,365  |  INFO  |  INSERT SUCCESS: Uploaded customer_feedbacks record no 57   
2023-12-12 20:17:40,366  |  DEBUG  |  ---------------------------------  
2023-12-12 20:17:40,367  |  DEBUG  |  ---------------------------------  
2023-12-12 20:17:40,368  |  INFO  |  INSERT SUCCESS: Uploaded customer_feedbacks record no 58   
2023-12-12 20:17:40,369  |  DEBUG  |  ---------------------------------  
2023-12-12 20:17:40,370  |  DEBUG  |  ---------------------------------  
2023-12-12 20:17:40,371  |  INFO  |  INSERT SUCCESS: Uploaded customer_feedbacks record no 59   
2023-12-12 20:17:40,371  |  DEBUG  |  ---------------------------------  
2023-12-12 20:17:40,372  |  DEBUG  |  ---------------------------------  
2023-12-12 20:17:40,373  |  INFO  |  INSERT SUCCESS: Uploaded customer_feedbacks record no 60   
2023-12-12 20:17:40,373  |  DEBUG  |  ---------------------------------  
2023-12-12 20:17:40,375  |  DEBUG  |  ---------------------------------  
2023-12-12 20:17:40,376  |  INFO  |  INSERT SUCCESS: Uploaded customer_feedbacks record no 61   
2023-12-12 20:17:40,377  |  DEBUG  |  ---------------------------------  
2023-12-12 20:17:40,378  |  DEBUG  |  ---------------------------------  
2023-12-12 20:17:40,378  |  INFO  |  INSERT SUCCESS: Uploaded customer_feedbacks record no 62   
2023-12-12 20:17:40,379  |  DEBUG  |  ---------------------------------  
2023-12-12 20:17:40,380  |  DEBUG  |  ---------------------------------  
2023-12-12 20:17:40,381  |  INFO  |  INSERT SUCCESS: Uploaded customer_feedbacks record no 63   
2023-12-12 20:17:40,381  |  DEBUG  |  ---------------------------------  
2023-12-12 20:17:40,383  |  DEBUG  |  ---------------------------------  
2023-12-12 20:17:40,383  |  INFO  |  INSERT SUCCESS: Uploaded customer_feedbacks record no 64   
2023-12-12 20:17:40,384  |  DEBUG  |  ---------------------------------  
2023-12-12 20:17:40,385  |  DEBUG  |  ---------------------------------  
2023-12-12 20:17:40,386  |  INFO  |  INSERT SUCCESS: Uploaded customer_feedbacks record no 65   
2023-12-12 20:17:40,386  |  DEBUG  |  ---------------------------------  
2023-12-12 20:17:40,387  |  DEBUG  |  ---------------------------------  
2023-12-12 20:17:40,388  |  INFO  |  INSERT SUCCESS: Uploaded customer_feedbacks record no 66   
2023-12-12 20:17:40,389  |  DEBUG  |  ---------------------------------  
2023-12-12 20:17:40,391  |  DEBUG  |  ---------------------------------  
2023-12-12 20:17:40,392  |  INFO  |  INSERT SUCCESS: Uploaded customer_feedbacks record no 67   
2023-12-12 20:17:40,393  |  DEBUG  |  ---------------------------------  
2023-12-12 20:17:40,397  |  DEBUG  |  ---------------------------------  
2023-12-12 20:17:40,421  |  INFO  |  INSERT SUCCESS: Uploaded customer_feedbacks record no 68   
2023-12-12 20:17:40,421  |  DEBUG  |  ---------------------------------  
2023-12-12 20:17:40,426  |  DEBUG  |  ---------------------------------  
2023-12-12 20:17:40,426  |  INFO  |  INSERT SUCCESS: Uploaded customer_feedbacks record no 69   
2023-12-12 20:17:40,427  |  DEBUG  |  ---------------------------------  
2023-12-12 20:17:40,429  |  DEBUG  |  ---------------------------------  
2023-12-12 20:17:40,430  |  INFO  |  INSERT SUCCESS: Uploaded customer_feedbacks record no 70   
2023-12-12 20:17:40,435  |  DEBUG  |  ---------------------------------  
2023-12-12 20:17:40,436  |  DEBUG  |  ---------------------------------  
2023-12-12 20:17:40,439  |  INFO  |  INSERT SUCCESS: Uploaded customer_feedbacks record no 71   
2023-12-12 20:17:40,444  |  DEBUG  |  ---------------------------------  
2023-12-12 20:17:40,447  |  DEBUG  |  ---------------------------------  
2023-12-12 20:17:40,448  |  INFO  |  INSERT SUCCESS: Uploaded customer_feedbacks record no 72   
2023-12-12 20:17:40,449  |  DEBUG  |  ---------------------------------  
2023-12-12 20:17:40,450  |  DEBUG  |  ---------------------------------  
2023-12-12 20:17:40,452  |  INFO  |  INSERT SUCCESS: Uploaded customer_feedbacks record no 73   
2023-12-12 20:17:40,453  |  DEBUG  |  ---------------------------------  
2023-12-12 20:17:40,454  |  DEBUG  |  ---------------------------------  
2023-12-12 20:17:40,455  |  INFO  |  INSERT SUCCESS: Uploaded customer_feedbacks record no 74   
2023-12-12 20:17:40,455  |  DEBUG  |  ---------------------------------  
2023-12-12 20:17:40,456  |  DEBUG  |  ---------------------------------  
2023-12-12 20:17:40,457  |  INFO  |  INSERT SUCCESS: Uploaded customer_feedbacks record no 75   
2023-12-12 20:17:40,459  |  DEBUG  |  ---------------------------------  
2023-12-12 20:17:40,462  |  DEBUG  |  ---------------------------------  
2023-12-12 20:17:40,469  |  INFO  |  INSERT SUCCESS: Uploaded customer_feedbacks record no 76   
2023-12-12 20:17:40,469  |  DEBUG  |  ---------------------------------  
2023-12-12 20:17:40,472  |  DEBUG  |  ---------------------------------  
2023-12-12 20:17:40,472  |  INFO  |  INSERT SUCCESS: Uploaded customer_feedbacks record no 77   
2023-12-12 20:17:40,473  |  DEBUG  |  ---------------------------------  
2023-12-12 20:17:40,474  |  DEBUG  |  ---------------------------------  
2023-12-12 20:17:40,475  |  INFO  |  INSERT SUCCESS: Uploaded customer_feedbacks record no 78   
2023-12-12 20:17:40,476  |  DEBUG  |  ---------------------------------  
2023-12-12 20:17:40,477  |  DEBUG  |  ---------------------------------  
2023-12-12 20:17:40,481  |  INFO  |  INSERT SUCCESS: Uploaded customer_feedbacks record no 79   
2023-12-12 20:17:40,483  |  DEBUG  |  ---------------------------------  
2023-12-12 20:17:40,485  |  DEBUG  |  ---------------------------------  
2023-12-12 20:17:40,489  |  INFO  |  INSERT SUCCESS: Uploaded customer_feedbacks record no 80   
2023-12-12 20:17:40,490  |  DEBUG  |  ---------------------------------  
2023-12-12 20:17:40,492  |  DEBUG  |  ---------------------------------  
2023-12-12 20:17:40,493  |  INFO  |  INSERT SUCCESS: Uploaded customer_feedbacks record no 81   
2023-12-12 20:17:40,495  |  DEBUG  |  ---------------------------------  
2023-12-12 20:17:40,496  |  DEBUG  |  ---------------------------------  
2023-12-12 20:17:40,497  |  INFO  |  INSERT SUCCESS: Uploaded customer_feedbacks record no 82   
2023-12-12 20:17:40,497  |  DEBUG  |  ---------------------------------  
2023-12-12 20:17:40,498  |  DEBUG  |  ---------------------------------  
2023-12-12 20:17:40,499  |  INFO  |  INSERT SUCCESS: Uploaded customer_feedbacks record no 83   
2023-12-12 20:17:40,499  |  DEBUG  |  ---------------------------------  
2023-12-12 20:17:40,503  |  DEBUG  |  ---------------------------------  
2023-12-12 20:17:40,503  |  INFO  |  INSERT SUCCESS: Uploaded customer_feedbacks record no 84   
2023-12-12 20:17:40,504  |  DEBUG  |  ---------------------------------  
2023-12-12 20:17:40,505  |  DEBUG  |  ---------------------------------  
2023-12-12 20:17:40,505  |  INFO  |  INSERT SUCCESS: Uploaded customer_feedbacks record no 85   
2023-12-12 20:17:40,506  |  DEBUG  |  ---------------------------------  
2023-12-12 20:17:40,507  |  DEBUG  |  ---------------------------------  
2023-12-12 20:17:40,508  |  INFO  |  INSERT SUCCESS: Uploaded customer_feedbacks record no 86   
2023-12-12 20:17:40,509  |  DEBUG  |  ---------------------------------  
2023-12-12 20:17:40,511  |  DEBUG  |  ---------------------------------  
2023-12-12 20:17:40,521  |  INFO  |  INSERT SUCCESS: Uploaded customer_feedbacks record no 87   
2023-12-12 20:17:40,522  |  DEBUG  |  ---------------------------------  
2023-12-12 20:17:40,523  |  DEBUG  |  ---------------------------------  
2023-12-12 20:17:40,523  |  INFO  |  INSERT SUCCESS: Uploaded customer_feedbacks record no 88   
2023-12-12 20:17:40,523  |  DEBUG  |  ---------------------------------  
2023-12-12 20:17:40,524  |  DEBUG  |  ---------------------------------  
2023-12-12 20:17:40,525  |  INFO  |  INSERT SUCCESS: Uploaded customer_feedbacks record no 89   
2023-12-12 20:17:40,525  |  DEBUG  |  ---------------------------------  
2023-12-12 20:17:40,526  |  DEBUG  |  ---------------------------------  
2023-12-12 20:17:40,526  |  INFO  |  INSERT SUCCESS: Uploaded customer_feedbacks record no 90   
2023-12-12 20:17:40,526  |  DEBUG  |  ---------------------------------  
2023-12-12 20:17:40,527  |  DEBUG  |  ---------------------------------  
2023-12-12 20:17:40,527  |  INFO  |  INSERT SUCCESS: Uploaded customer_feedbacks record no 91   
2023-12-12 20:17:40,527  |  DEBUG  |  ---------------------------------  
2023-12-12 20:17:40,530  |  DEBUG  |  ---------------------------------  
2023-12-12 20:17:40,531  |  INFO  |  INSERT SUCCESS: Uploaded customer_feedbacks record no 92   
2023-12-12 20:17:40,531  |  DEBUG  |  ---------------------------------  
2023-12-12 20:17:40,533  |  DEBUG  |  ---------------------------------  
2023-12-12 20:17:40,533  |  INFO  |  INSERT SUCCESS: Uploaded customer_feedbacks record no 93   
2023-12-12 20:17:40,534  |  DEBUG  |  ---------------------------------  
2023-12-12 20:17:40,536  |  DEBUG  |  ---------------------------------  
2023-12-12 20:17:40,537  |  INFO  |  INSERT SUCCESS: Uploaded customer_feedbacks record no 94   
2023-12-12 20:17:40,537  |  DEBUG  |  ---------------------------------  
2023-12-12 20:17:40,539  |  DEBUG  |  ---------------------------------  
2023-12-12 20:17:40,539  |  INFO  |  INSERT SUCCESS: Uploaded customer_feedbacks record no 95   
2023-12-12 20:17:40,540  |  DEBUG  |  ---------------------------------  
2023-12-12 20:17:40,542  |  DEBUG  |  ---------------------------------  
2023-12-12 20:17:40,543  |  INFO  |  INSERT SUCCESS: Uploaded customer_feedbacks record no 96   
2023-12-12 20:17:40,543  |  DEBUG  |  ---------------------------------  
2023-12-12 20:17:40,545  |  DEBUG  |  ---------------------------------  
2023-12-12 20:17:40,545  |  INFO  |  INSERT SUCCESS: Uploaded customer_feedbacks record no 97   
2023-12-12 20:17:40,545  |  DEBUG  |  ---------------------------------  
2023-12-12 20:17:40,546  |  DEBUG  |  ---------------------------------  
2023-12-12 20:17:40,547  |  INFO  |  INSERT SUCCESS: Uploaded customer_feedbacks record no 98   
2023-12-12 20:17:40,548  |  DEBUG  |  ---------------------------------  
2023-12-12 20:17:40,550  |  DEBUG  |  ---------------------------------  
2023-12-12 20:17:40,555  |  INFO  |  INSERT SUCCESS: Uploaded customer_feedbacks record no 99   
2023-12-12 20:17:40,557  |  DEBUG  |  ---------------------------------  
2023-12-12 20:17:40,558  |  DEBUG  |  ---------------------------------  
2023-12-12 20:17:40,558  |  INFO  |  INSERT SUCCESS: Uploaded customer_feedbacks record no 100   
2023-12-12 20:17:40,559  |  DEBUG  |  ---------------------------------  
2023-12-12 20:17:40,559  |  DEBUG  |  ---------------------------------  
2023-12-12 20:17:40,560  |  INFO  |  INSERT SUCCESS: Uploaded customer_feedbacks record no 101   
2023-12-12 20:17:40,560  |  DEBUG  |  ---------------------------------  
2023-12-12 20:17:40,561  |  DEBUG  |  ---------------------------------  
2023-12-12 20:17:40,562  |  INFO  |  INSERT SUCCESS: Uploaded customer_feedbacks record no 102   
2023-12-12 20:17:40,563  |  DEBUG  |  ---------------------------------  
2023-12-12 20:17:40,565  |  DEBUG  |  ---------------------------------  
2023-12-12 20:17:40,565  |  INFO  |  INSERT SUCCESS: Uploaded customer_feedbacks record no 103   
2023-12-12 20:17:40,567  |  DEBUG  |  ---------------------------------  
2023-12-12 20:17:40,570  |  DEBUG  |  ---------------------------------  
2023-12-12 20:17:40,571  |  INFO  |  INSERT SUCCESS: Uploaded customer_feedbacks record no 104   
2023-12-12 20:17:40,571  |  DEBUG  |  ---------------------------------  
2023-12-12 20:17:40,573  |  DEBUG  |  ---------------------------------  
2023-12-12 20:17:40,575  |  INFO  |  INSERT SUCCESS: Uploaded customer_feedbacks record no 105   
2023-12-12 20:17:40,579  |  DEBUG  |  ---------------------------------  
2023-12-12 20:17:40,580  |  DEBUG  |  ---------------------------------  
2023-12-12 20:17:40,580  |  INFO  |  INSERT SUCCESS: Uploaded customer_feedbacks record no 106   
2023-12-12 20:17:40,581  |  DEBUG  |  ---------------------------------  
2023-12-12 20:17:40,583  |  DEBUG  |  ---------------------------------  
2023-12-12 20:17:40,585  |  INFO  |  INSERT SUCCESS: Uploaded customer_feedbacks record no 107   
2023-12-12 20:17:40,598  |  DEBUG  |  ---------------------------------  
2023-12-12 20:17:40,599  |  DEBUG  |  ---------------------------------  
2023-12-12 20:17:40,600  |  INFO  |  INSERT SUCCESS: Uploaded customer_feedbacks record no 108   
2023-12-12 20:17:40,600  |  DEBUG  |  ---------------------------------  
2023-12-12 20:17:40,601  |  DEBUG  |  ---------------------------------  
2023-12-12 20:17:40,601  |  INFO  |  INSERT SUCCESS: Uploaded customer_feedbacks record no 109   
2023-12-12 20:17:40,602  |  DEBUG  |  ---------------------------------  
2023-12-12 20:17:40,602  |  DEBUG  |  ---------------------------------  
2023-12-12 20:17:40,603  |  INFO  |  INSERT SUCCESS: Uploaded customer_feedbacks record no 110   
2023-12-12 20:17:40,603  |  DEBUG  |  ---------------------------------  
2023-12-12 20:17:40,605  |  DEBUG  |  ---------------------------------  
2023-12-12 20:17:40,606  |  INFO  |  INSERT SUCCESS: Uploaded customer_feedbacks record no 111   
2023-12-12 20:17:40,607  |  DEBUG  |  ---------------------------------  
2023-12-12 20:17:40,608  |  DEBUG  |  ---------------------------------  
2023-12-12 20:17:40,609  |  INFO  |  INSERT SUCCESS: Uploaded customer_feedbacks record no 112   
2023-12-12 20:17:40,609  |  DEBUG  |  ---------------------------------  
2023-12-12 20:17:40,613  |  DEBUG  |  ---------------------------------  
2023-12-12 20:17:40,613  |  INFO  |  INSERT SUCCESS: Uploaded customer_feedbacks record no 113   
2023-12-12 20:17:40,614  |  DEBUG  |  ---------------------------------  
2023-12-12 20:17:40,615  |  DEBUG  |  ---------------------------------  
2023-12-12 20:17:40,616  |  INFO  |  INSERT SUCCESS: Uploaded customer_feedbacks record no 114   
2023-12-12 20:17:40,616  |  DEBUG  |  ---------------------------------  
2023-12-12 20:17:40,618  |  DEBUG  |  ---------------------------------  
2023-12-12 20:17:40,619  |  INFO  |  INSERT SUCCESS: Uploaded customer_feedbacks record no 115   
2023-12-12 20:17:40,620  |  DEBUG  |  ---------------------------------  
2023-12-12 20:17:40,621  |  DEBUG  |  ---------------------------------  
2023-12-12 20:17:40,621  |  INFO  |  INSERT SUCCESS: Uploaded customer_feedbacks record no 116   
2023-12-12 20:17:40,622  |  DEBUG  |  ---------------------------------  
2023-12-12 20:17:40,623  |  DEBUG  |  ---------------------------------  
2023-12-12 20:17:40,623  |  INFO  |  INSERT SUCCESS: Uploaded customer_feedbacks record no 117   
2023-12-12 20:17:40,624  |  DEBUG  |  ---------------------------------  
2023-12-12 20:17:40,626  |  DEBUG  |  ---------------------------------  
2023-12-12 20:17:40,627  |  INFO  |  INSERT SUCCESS: Uploaded customer_feedbacks record no 118   
2023-12-12 20:17:40,628  |  DEBUG  |  ---------------------------------  
2023-12-12 20:17:40,629  |  DEBUG  |  ---------------------------------  
2023-12-12 20:17:40,641  |  INFO  |  INSERT SUCCESS: Uploaded customer_feedbacks record no 119   
2023-12-12 20:17:40,641  |  DEBUG  |  ---------------------------------  
2023-12-12 20:17:40,642  |  DEBUG  |  ---------------------------------  
2023-12-12 20:17:40,643  |  INFO  |  INSERT SUCCESS: Uploaded customer_feedbacks record no 120   
2023-12-12 20:17:40,643  |  DEBUG  |  ---------------------------------  
2023-12-12 20:17:40,644  |  DEBUG  |  ---------------------------------  
2023-12-12 20:17:40,645  |  INFO  |  INSERT SUCCESS: Uploaded customer_feedbacks record no 121   
2023-12-12 20:17:40,645  |  DEBUG  |  ---------------------------------  
2023-12-12 20:17:40,646  |  DEBUG  |  ---------------------------------  
2023-12-12 20:17:40,648  |  INFO  |  INSERT SUCCESS: Uploaded customer_feedbacks record no 122   
2023-12-12 20:17:40,648  |  DEBUG  |  ---------------------------------  
2023-12-12 20:17:40,650  |  DEBUG  |  ---------------------------------  
2023-12-12 20:17:40,650  |  INFO  |  INSERT SUCCESS: Uploaded customer_feedbacks record no 123   
2023-12-12 20:17:40,651  |  DEBUG  |  ---------------------------------  
2023-12-12 20:17:40,652  |  DEBUG  |  ---------------------------------  
2023-12-12 20:17:40,653  |  INFO  |  INSERT SUCCESS: Uploaded customer_feedbacks record no 124   
2023-12-12 20:17:40,654  |  DEBUG  |  ---------------------------------  
2023-12-12 20:17:40,656  |  DEBUG  |  ---------------------------------  
2023-12-12 20:17:40,656  |  INFO  |  INSERT SUCCESS: Uploaded customer_feedbacks record no 125   
2023-12-12 20:17:40,657  |  DEBUG  |  ---------------------------------  
2023-12-12 20:17:40,658  |  DEBUG  |  ---------------------------------  
2023-12-12 20:17:40,659  |  INFO  |  INSERT SUCCESS: Uploaded customer_feedbacks record no 126   
2023-12-12 20:17:40,659  |  DEBUG  |  ---------------------------------  
2023-12-12 20:17:40,661  |  DEBUG  |  ---------------------------------  
2023-12-12 20:17:40,662  |  INFO  |  INSERT SUCCESS: Uploaded customer_feedbacks record no 127   
2023-12-12 20:17:40,662  |  DEBUG  |  ---------------------------------  
2023-12-12 20:17:40,663  |  DEBUG  |  ---------------------------------  
2023-12-12 20:17:40,663  |  INFO  |  INSERT SUCCESS: Uploaded customer_feedbacks record no 128   
2023-12-12 20:17:40,664  |  DEBUG  |  ---------------------------------  
2023-12-12 20:17:40,665  |  DEBUG  |  ---------------------------------  
2023-12-12 20:17:40,665  |  INFO  |  INSERT SUCCESS: Uploaded customer_feedbacks record no 129   
2023-12-12 20:17:40,666  |  DEBUG  |  ---------------------------------  
2023-12-12 20:17:40,669  |  DEBUG  |  ---------------------------------  
2023-12-12 20:17:40,669  |  INFO  |  INSERT SUCCESS: Uploaded customer_feedbacks record no 130   
2023-12-12 20:17:40,669  |  DEBUG  |  ---------------------------------  
2023-12-12 20:17:40,670  |  DEBUG  |  ---------------------------------  
2023-12-12 20:17:40,671  |  INFO  |  INSERT SUCCESS: Uploaded customer_feedbacks record no 131   
2023-12-12 20:17:40,671  |  DEBUG  |  ---------------------------------  
2023-12-12 20:17:40,672  |  DEBUG  |  ---------------------------------  
2023-12-12 20:17:40,672  |  INFO  |  INSERT SUCCESS: Uploaded customer_feedbacks record no 132   
2023-12-12 20:17:40,672  |  DEBUG  |  ---------------------------------  
2023-12-12 20:17:40,673  |  DEBUG  |  ---------------------------------  
2023-12-12 20:17:40,674  |  INFO  |  INSERT SUCCESS: Uploaded customer_feedbacks record no 133   
2023-12-12 20:17:40,675  |  DEBUG  |  ---------------------------------  
2023-12-12 20:17:40,676  |  DEBUG  |  ---------------------------------  
2023-12-12 20:17:40,676  |  INFO  |  INSERT SUCCESS: Uploaded customer_feedbacks record no 134   
2023-12-12 20:17:40,677  |  DEBUG  |  ---------------------------------  
2023-12-12 20:17:40,678  |  DEBUG  |  ---------------------------------  
2023-12-12 20:17:40,683  |  INFO  |  INSERT SUCCESS: Uploaded customer_feedbacks record no 135   
2023-12-12 20:17:40,684  |  DEBUG  |  ---------------------------------  
2023-12-12 20:17:40,685  |  DEBUG  |  ---------------------------------  
2023-12-12 20:17:40,686  |  INFO  |  INSERT SUCCESS: Uploaded customer_feedbacks record no 136   
2023-12-12 20:17:40,686  |  DEBUG  |  ---------------------------------  
2023-12-12 20:17:40,687  |  DEBUG  |  ---------------------------------  
2023-12-12 20:17:40,688  |  INFO  |  INSERT SUCCESS: Uploaded customer_feedbacks record no 137   
2023-12-12 20:17:40,688  |  DEBUG  |  ---------------------------------  
2023-12-12 20:17:40,689  |  DEBUG  |  ---------------------------------  
2023-12-12 20:17:40,690  |  INFO  |  INSERT SUCCESS: Uploaded customer_feedbacks record no 138   
2023-12-12 20:17:40,690  |  DEBUG  |  ---------------------------------  
2023-12-12 20:17:40,692  |  DEBUG  |  ---------------------------------  
2023-12-12 20:17:40,692  |  INFO  |  INSERT SUCCESS: Uploaded customer_feedbacks record no 139   
2023-12-12 20:17:40,692  |  DEBUG  |  ---------------------------------  
2023-12-12 20:17:40,696  |  DEBUG  |  ---------------------------------  
2023-12-12 20:17:40,697  |  INFO  |  INSERT SUCCESS: Uploaded customer_feedbacks record no 140   
2023-12-12 20:17:40,698  |  DEBUG  |  ---------------------------------  
2023-12-12 20:17:40,699  |  DEBUG  |  ---------------------------------  
2023-12-12 20:17:40,700  |  INFO  |  INSERT SUCCESS: Uploaded customer_feedbacks record no 141   
2023-12-12 20:17:40,700  |  DEBUG  |  ---------------------------------  
2023-12-12 20:17:40,702  |  DEBUG  |  ---------------------------------  
2023-12-12 20:17:40,703  |  INFO  |  INSERT SUCCESS: Uploaded customer_feedbacks record no 142   
2023-12-12 20:17:40,703  |  DEBUG  |  ---------------------------------  
2023-12-12 20:17:40,705  |  DEBUG  |  ---------------------------------  
2023-12-12 20:17:40,705  |  INFO  |  INSERT SUCCESS: Uploaded customer_feedbacks record no 143   
2023-12-12 20:17:40,705  |  DEBUG  |  ---------------------------------  
2023-12-12 20:17:40,706  |  DEBUG  |  ---------------------------------  
2023-12-12 20:17:40,706  |  INFO  |  INSERT SUCCESS: Uploaded customer_feedbacks record no 144   
2023-12-12 20:17:40,707  |  DEBUG  |  ---------------------------------  
2023-12-12 20:17:40,709  |  DEBUG  |  ---------------------------------  
2023-12-12 20:17:40,710  |  INFO  |  INSERT SUCCESS: Uploaded customer_feedbacks record no 145   
2023-12-12 20:17:40,711  |  DEBUG  |  ---------------------------------  
2023-12-12 20:17:40,712  |  DEBUG  |  ---------------------------------  
2023-12-12 20:17:40,721  |  INFO  |  INSERT SUCCESS: Uploaded customer_feedbacks record no 146   
2023-12-12 20:17:40,722  |  DEBUG  |  ---------------------------------  
2023-12-12 20:17:40,723  |  DEBUG  |  ---------------------------------  
2023-12-12 20:17:40,724  |  INFO  |  INSERT SUCCESS: Uploaded customer_feedbacks record no 147   
2023-12-12 20:17:40,724  |  DEBUG  |  ---------------------------------  
2023-12-12 20:17:40,725  |  DEBUG  |  ---------------------------------  
2023-12-12 20:17:40,725  |  INFO  |  INSERT SUCCESS: Uploaded customer_feedbacks record no 148   
2023-12-12 20:17:40,726  |  DEBUG  |  ---------------------------------  
2023-12-12 20:17:40,726  |  DEBUG  |  ---------------------------------  
2023-12-12 20:17:40,727  |  INFO  |  INSERT SUCCESS: Uploaded customer_feedbacks record no 149   
2023-12-12 20:17:40,727  |  DEBUG  |  ---------------------------------  
2023-12-12 20:17:40,729  |  DEBUG  |  ---------------------------------  
2023-12-12 20:17:40,731  |  INFO  |  INSERT SUCCESS: Uploaded customer_feedbacks record no 150   
2023-12-12 20:17:40,731  |  DEBUG  |  ---------------------------------  
2023-12-12 20:17:40,732  |  DEBUG  |  ---------------------------------  
2023-12-12 20:17:40,733  |  INFO  |  INSERT SUCCESS: Uploaded customer_feedbacks record no 151   
2023-12-12 20:17:40,733  |  DEBUG  |  ---------------------------------  
2023-12-12 20:17:40,734  |  DEBUG  |  ---------------------------------  
2023-12-12 20:17:40,734  |  INFO  |  INSERT SUCCESS: Uploaded customer_feedbacks record no 152   
2023-12-12 20:17:40,735  |  DEBUG  |  ---------------------------------  
2023-12-12 20:17:40,735  |  DEBUG  |  ---------------------------------  
2023-12-12 20:17:40,735  |  INFO  |  INSERT SUCCESS: Uploaded customer_feedbacks record no 153   
2023-12-12 20:17:40,736  |  DEBUG  |  ---------------------------------  
2023-12-12 20:17:40,738  |  DEBUG  |  ---------------------------------  
2023-12-12 20:17:40,738  |  INFO  |  INSERT SUCCESS: Uploaded customer_feedbacks record no 154   
2023-12-12 20:17:40,739  |  DEBUG  |  ---------------------------------  
2023-12-12 20:17:40,740  |  DEBUG  |  ---------------------------------  
2023-12-12 20:17:40,741  |  INFO  |  INSERT SUCCESS: Uploaded customer_feedbacks record no 155   
2023-12-12 20:17:40,741  |  DEBUG  |  ---------------------------------  
2023-12-12 20:17:40,742  |  DEBUG  |  ---------------------------------  
2023-12-12 20:17:40,742  |  INFO  |  INSERT SUCCESS: Uploaded customer_feedbacks record no 156   
2023-12-12 20:17:40,742  |  DEBUG  |  ---------------------------------  
2023-12-12 20:17:40,746  |  DEBUG  |  ---------------------------------  
2023-12-12 20:17:40,746  |  INFO  |  INSERT SUCCESS: Uploaded customer_feedbacks record no 157   
2023-12-12 20:17:40,748  |  DEBUG  |  ---------------------------------  
2023-12-12 20:17:40,749  |  DEBUG  |  ---------------------------------  
2023-12-12 20:17:40,755  |  INFO  |  INSERT SUCCESS: Uploaded customer_feedbacks record no 158   
2023-12-12 20:17:40,756  |  DEBUG  |  ---------------------------------  
2023-12-12 20:17:40,758  |  DEBUG  |  ---------------------------------  
2023-12-12 20:17:40,759  |  INFO  |  INSERT SUCCESS: Uploaded customer_feedbacks record no 159   
2023-12-12 20:17:40,759  |  DEBUG  |  ---------------------------------  
2023-12-12 20:17:40,760  |  DEBUG  |  ---------------------------------  
2023-12-12 20:17:40,760  |  INFO  |  INSERT SUCCESS: Uploaded customer_feedbacks record no 160   
2023-12-12 20:17:40,761  |  DEBUG  |  ---------------------------------  
2023-12-12 20:17:40,761  |  DEBUG  |  ---------------------------------  
2023-12-12 20:17:40,762  |  INFO  |  INSERT SUCCESS: Uploaded customer_feedbacks record no 161   
2023-12-12 20:17:40,762  |  DEBUG  |  ---------------------------------  
2023-12-12 20:17:40,763  |  DEBUG  |  ---------------------------------  
2023-12-12 20:17:40,764  |  INFO  |  INSERT SUCCESS: Uploaded customer_feedbacks record no 162   
2023-12-12 20:17:40,764  |  DEBUG  |  ---------------------------------  
2023-12-12 20:17:40,766  |  DEBUG  |  ---------------------------------  
2023-12-12 20:17:40,769  |  INFO  |  INSERT SUCCESS: Uploaded customer_feedbacks record no 163   
2023-12-12 20:17:40,770  |  DEBUG  |  ---------------------------------  
2023-12-12 20:17:40,773  |  DEBUG  |  ---------------------------------  
2023-12-12 20:17:40,774  |  INFO  |  INSERT SUCCESS: Uploaded customer_feedbacks record no 164   
2023-12-12 20:17:40,775  |  DEBUG  |  ---------------------------------  
2023-12-12 20:17:40,777  |  DEBUG  |  ---------------------------------  
2023-12-12 20:17:40,781  |  INFO  |  INSERT SUCCESS: Uploaded customer_feedbacks record no 165   
2023-12-12 20:17:40,783  |  DEBUG  |  ---------------------------------  
2023-12-12 20:17:40,785  |  DEBUG  |  ---------------------------------  
2023-12-12 20:17:40,788  |  INFO  |  INSERT SUCCESS: Uploaded customer_feedbacks record no 166   
2023-12-12 20:17:40,806  |  DEBUG  |  ---------------------------------  
2023-12-12 20:17:40,808  |  DEBUG  |  ---------------------------------  
2023-12-12 20:17:40,808  |  INFO  |  INSERT SUCCESS: Uploaded customer_feedbacks record no 167   
2023-12-12 20:17:40,809  |  DEBUG  |  ---------------------------------  
2023-12-12 20:17:40,810  |  DEBUG  |  ---------------------------------  
2023-12-12 20:17:40,811  |  INFO  |  INSERT SUCCESS: Uploaded customer_feedbacks record no 168   
2023-12-12 20:17:40,811  |  DEBUG  |  ---------------------------------  
2023-12-12 20:17:40,813  |  DEBUG  |  ---------------------------------  
2023-12-12 20:17:40,815  |  INFO  |  INSERT SUCCESS: Uploaded customer_feedbacks record no 169   
2023-12-12 20:17:40,817  |  DEBUG  |  ---------------------------------  
2023-12-12 20:17:40,818  |  DEBUG  |  ---------------------------------  
2023-12-12 20:17:40,819  |  INFO  |  INSERT SUCCESS: Uploaded customer_feedbacks record no 170   
2023-12-12 20:17:40,821  |  DEBUG  |  ---------------------------------  
2023-12-12 20:17:40,823  |  DEBUG  |  ---------------------------------  
2023-12-12 20:17:40,824  |  INFO  |  INSERT SUCCESS: Uploaded customer_feedbacks record no 171   
2023-12-12 20:17:40,824  |  DEBUG  |  ---------------------------------  
2023-12-12 20:17:40,825  |  DEBUG  |  ---------------------------------  
2023-12-12 20:17:40,829  |  INFO  |  INSERT SUCCESS: Uploaded customer_feedbacks record no 172   
2023-12-12 20:17:40,830  |  DEBUG  |  ---------------------------------  
2023-12-12 20:17:40,833  |  DEBUG  |  ---------------------------------  
2023-12-12 20:17:40,836  |  INFO  |  INSERT SUCCESS: Uploaded customer_feedbacks record no 173   
2023-12-12 20:17:40,837  |  DEBUG  |  ---------------------------------  
2023-12-12 20:17:40,839  |  DEBUG  |  ---------------------------------  
2023-12-12 20:17:40,842  |  INFO  |  INSERT SUCCESS: Uploaded customer_feedbacks record no 174   
2023-12-12 20:17:40,858  |  DEBUG  |  ---------------------------------  
2023-12-12 20:17:40,859  |  DEBUG  |  ---------------------------------  
2023-12-12 20:17:40,860  |  INFO  |  INSERT SUCCESS: Uploaded customer_feedbacks record no 175   
2023-12-12 20:17:40,860  |  DEBUG  |  ---------------------------------  
2023-12-12 20:17:40,862  |  DEBUG  |  ---------------------------------  
2023-12-12 20:17:40,863  |  INFO  |  INSERT SUCCESS: Uploaded customer_feedbacks record no 176   
2023-12-12 20:17:40,863  |  DEBUG  |  ---------------------------------  
2023-12-12 20:17:40,864  |  DEBUG  |  ---------------------------------  
2023-12-12 20:17:40,865  |  INFO  |  INSERT SUCCESS: Uploaded customer_feedbacks record no 177   
2023-12-12 20:17:40,866  |  DEBUG  |  ---------------------------------  
2023-12-12 20:17:40,869  |  DEBUG  |  ---------------------------------  
2023-12-12 20:17:40,871  |  INFO  |  INSERT SUCCESS: Uploaded customer_feedbacks record no 178   
2023-12-12 20:17:40,873  |  DEBUG  |  ---------------------------------  
2023-12-12 20:17:40,876  |  DEBUG  |  ---------------------------------  
2023-12-12 20:17:40,877  |  INFO  |  INSERT SUCCESS: Uploaded customer_feedbacks record no 179   
2023-12-12 20:17:40,878  |  DEBUG  |  ---------------------------------  
2023-12-12 20:17:40,880  |  DEBUG  |  ---------------------------------  
2023-12-12 20:17:40,881  |  INFO  |  INSERT SUCCESS: Uploaded customer_feedbacks record no 180   
2023-12-12 20:17:40,881  |  DEBUG  |  ---------------------------------  
2023-12-12 20:17:40,883  |  DEBUG  |  ---------------------------------  
2023-12-12 20:17:40,884  |  INFO  |  INSERT SUCCESS: Uploaded customer_feedbacks record no 181   
2023-12-12 20:17:40,884  |  DEBUG  |  ---------------------------------  
2023-12-12 20:17:40,885  |  DEBUG  |  ---------------------------------  
2023-12-12 20:17:40,886  |  INFO  |  INSERT SUCCESS: Uploaded customer_feedbacks record no 182   
2023-12-12 20:17:40,886  |  DEBUG  |  ---------------------------------  
2023-12-12 20:17:40,887  |  DEBUG  |  ---------------------------------  
2023-12-12 20:17:40,888  |  INFO  |  INSERT SUCCESS: Uploaded customer_feedbacks record no 183   
2023-12-12 20:17:40,888  |  DEBUG  |  ---------------------------------  
2023-12-12 20:17:40,890  |  DEBUG  |  ---------------------------------  
2023-12-12 20:17:40,890  |  INFO  |  INSERT SUCCESS: Uploaded customer_feedbacks record no 184   
2023-12-12 20:17:40,891  |  DEBUG  |  ---------------------------------  
2023-12-12 20:17:40,892  |  DEBUG  |  ---------------------------------  
2023-12-12 20:17:40,892  |  INFO  |  INSERT SUCCESS: Uploaded customer_feedbacks record no 185   
2023-12-12 20:17:40,892  |  DEBUG  |  ---------------------------------  
2023-12-12 20:17:40,893  |  DEBUG  |  ---------------------------------  
2023-12-12 20:17:40,893  |  INFO  |  INSERT SUCCESS: Uploaded customer_feedbacks record no 186   
2023-12-12 20:17:40,894  |  DEBUG  |  ---------------------------------  
2023-12-12 20:17:40,896  |  DEBUG  |  ---------------------------------  
2023-12-12 20:17:40,898  |  INFO  |  INSERT SUCCESS: Uploaded customer_feedbacks record no 187   
2023-12-12 20:17:40,902  |  DEBUG  |  ---------------------------------  
2023-12-12 20:17:40,904  |  DEBUG  |  ---------------------------------  
2023-12-12 20:17:40,905  |  INFO  |  INSERT SUCCESS: Uploaded customer_feedbacks record no 188   
2023-12-12 20:17:40,905  |  DEBUG  |  ---------------------------------  
2023-12-12 20:17:40,906  |  DEBUG  |  ---------------------------------  
2023-12-12 20:17:40,906  |  INFO  |  INSERT SUCCESS: Uploaded customer_feedbacks record no 189   
2023-12-12 20:17:40,907  |  DEBUG  |  ---------------------------------  
2023-12-12 20:17:40,907  |  DEBUG  |  ---------------------------------  
2023-12-12 20:17:40,908  |  INFO  |  INSERT SUCCESS: Uploaded customer_feedbacks record no 190   
2023-12-12 20:17:40,908  |  DEBUG  |  ---------------------------------  
2023-12-12 20:17:40,909  |  DEBUG  |  ---------------------------------  
2023-12-12 20:17:40,909  |  INFO  |  INSERT SUCCESS: Uploaded customer_feedbacks record no 191   
2023-12-12 20:17:40,909  |  DEBUG  |  ---------------------------------  
2023-12-12 20:17:40,910  |  DEBUG  |  ---------------------------------  
2023-12-12 20:17:40,911  |  INFO  |  INSERT SUCCESS: Uploaded customer_feedbacks record no 192   
2023-12-12 20:17:40,912  |  DEBUG  |  ---------------------------------  
2023-12-12 20:17:40,913  |  DEBUG  |  ---------------------------------  
2023-12-12 20:17:40,915  |  INFO  |  INSERT SUCCESS: Uploaded customer_feedbacks record no 193   
2023-12-12 20:17:40,915  |  DEBUG  |  ---------------------------------  
2023-12-12 20:17:40,918  |  DEBUG  |  ---------------------------------  
2023-12-12 20:17:40,919  |  INFO  |  INSERT SUCCESS: Uploaded customer_feedbacks record no 194   
2023-12-12 20:17:40,919  |  DEBUG  |  ---------------------------------  
2023-12-12 20:17:40,921  |  DEBUG  |  ---------------------------------  
2023-12-12 20:17:40,921  |  INFO  |  INSERT SUCCESS: Uploaded customer_feedbacks record no 195   
2023-12-12 20:17:40,922  |  DEBUG  |  ---------------------------------  
2023-12-12 20:17:40,922  |  DEBUG  |  ---------------------------------  
2023-12-12 20:17:40,923  |  INFO  |  INSERT SUCCESS: Uploaded customer_feedbacks record no 196   
2023-12-12 20:17:40,924  |  DEBUG  |  ---------------------------------  
2023-12-12 20:17:40,925  |  DEBUG  |  ---------------------------------  
2023-12-12 20:17:40,926  |  INFO  |  INSERT SUCCESS: Uploaded customer_feedbacks record no 197   
2023-12-12 20:17:40,926  |  DEBUG  |  ---------------------------------  
2023-12-12 20:17:40,927  |  DEBUG  |  ---------------------------------  
2023-12-12 20:17:40,928  |  INFO  |  INSERT SUCCESS: Uploaded customer_feedbacks record no 198   
2023-12-12 20:17:40,928  |  DEBUG  |  ---------------------------------  
2023-12-12 20:17:40,931  |  DEBUG  |  ---------------------------------  
2023-12-12 20:17:40,940  |  INFO  |  INSERT SUCCESS: Uploaded customer_feedbacks record no 199   
2023-12-12 20:17:40,941  |  DEBUG  |  ---------------------------------  
2023-12-12 20:17:40,942  |  DEBUG  |  ---------------------------------  
2023-12-12 20:17:40,942  |  INFO  |  INSERT SUCCESS: Uploaded customer_feedbacks record no 200   
2023-12-12 20:17:40,942  |  DEBUG  |  ---------------------------------  
2023-12-12 20:17:40,943  |  INFO  |  Rows after SQL insert in Postgres: 200   
2023-12-12 20:17:40,943  |  DEBUG  |    
2023-12-12 20:17:40,944  |  WARNING  |    
2023-12-12 20:17:40,944  |  WARNING  |    
2023-12-12 20:17:40,945  |  WARNING  |  ================================================  
2023-12-12 20:17:40,945  |  WARNING  |             SENSITIVE COLUMN IDENTIFICATION                
2023-12-12 20:17:40,945  |  WARNING  |  ================================================  
2023-12-12 20:17:40,945  |  WARNING  |    
2023-12-12 20:17:40,946  |  ERROR  |  IMPORTANT NOTE: Invest time in understanding the underlying data fields to avoid highlighting the incorrect fields or omitting fields containing confidential information.            
2023-12-12 20:17:40,946  |  ERROR  |    
2023-12-12 20:17:40,946  |  ERROR  |        Involving the relevant stakeholders in the process of identifying sensitive data fields from the source data is a crucial step to protecting confidential information.   
2023-12-12 20:17:40,947  |  ERROR  |    
2023-12-12 20:17:40,947  |  ERROR  |        Neglecting this step could expose customers and the wider company to serious harm (e.g. cybersecurity hacks, data breaches, unauthorized access to sensitive data), so approach this task with the utmost care.   
2023-12-12 20:17:40,949  |  WARNING  |    
2023-12-12 20:17:40,949  |  WARNING  |    
2023-12-12 20:17:40,950  |  WARNING  |  Now beginning the sensitive column identification stage ...  
2023-12-12 20:17:40,950  |  WARNING  |    
2023-12-12 20:17:40,951  |  WARNING  |  Here are the columns considered sensitive in this table ...  
2023-12-12 20:17:40,952  |  WARNING  |    
2023-12-12 20:17:40,952  |  WARNING  |  1 : 'customer_id'    
2023-12-12 20:17:40,953  |  WARNING  |  2 : 'flight_booking_id'    
2023-12-12 20:17:40,953  |  WARNING  |  3 : 'feedback_date'    
2023-12-12 20:17:40,953  |  WARNING  |  4 : 'feedback_text'    
2023-12-12 20:17:40,954  |  WARNING  |    
2023-12-12 20:17:40,954  |  WARNING  |    
2023-12-12 20:17:40,954  |  WARNING  |  Decide on the appropriate treatment for these tables. A few options to consider include:  
2023-12-12 20:17:40,954  |  WARNING  |  1. Masking fields               -   This involves replacing sensitive columns with alternative characters e.g.  'xxxx-xxxx', '*****', '$$$$'.   
2023-12-12 20:17:40,955  |  WARNING  |  2. Encrypting fields            -   This is converting sensitive columns to cipher text (unreadable text format).          
2023-12-12 20:17:40,955  |  WARNING  |  3. Role-based access control    -   Placing a system that delegates privileges based on team members' responsibilities          
2023-12-12 20:17:40,955  |  WARNING  |    
2023-12-12 20:17:40,955  |  WARNING  |  Now terminating the sensitive column identification stage ...  
2023-12-12 20:17:40,955  |  WARNING  |  Sensitive column identification stage ended.   
2023-12-12 20:17:40,956  |  WARNING  |    
2023-12-12 20:17:40,956  |  WARNING  |    
2023-12-12 20:17:40,956  |  WARNING  |    
2023-12-12 20:17:40,970  |  INFO  |    
2023-12-12 20:17:40,982  |  INFO  |    
2023-12-12 20:17:40,983  |  INFO  |  ================================================  
2023-12-12 20:17:40,983  |  INFO  |                DATA PROFILING METRICS                
2023-12-12 20:17:40,983  |  INFO  |  ================================================  
2023-12-12 20:17:40,984  |  INFO  |    
2023-12-12 20:17:40,984  |  INFO  |  Now calculating table statistics...  
2023-12-12 20:17:40,984  |  INFO  |    
2023-12-12 20:17:40,984  |  INFO  |    
2023-12-12 20:17:40,984  |  INFO  |  Table name:                                  raw_customer_feedbacks_tbl   
2023-12-12 20:17:40,984  |  INFO  |  Schema name:                                 main   
2023-12-12 20:17:40,985  |  INFO  |  Database name:                               dwdss   
2023-12-12 20:17:40,985  |  INFO  |  Data warehouse layer:                        RAW   
2023-12-12 20:17:40,986  |  INFO  |    
2023-12-12 20:17:40,986  |  INFO  |    
2023-12-12 20:17:40,986  |  INFO  |  Number of rows in table:                     200   
2023-12-12 20:17:40,987  |  INFO  |  Number of columns in table:                  11   
2023-12-12 20:17:40,987  |  INFO  |    
2023-12-12 20:17:40,987  |  INFO  |  Successful records uploaded total :          200 / 200     
2023-12-12 20:17:40,987  |  INFO  |  Failed/Errored records uploaded total:       0 / 200         
2023-12-12 20:17:40,988  |  INFO  |    
2023-12-12 20:17:40,988  |  INFO  |  Successful records uploaded % :              100.0      
2023-12-12 20:17:40,988  |  INFO  |  Failed/Errored records uploaded %:           0.0         
2023-12-12 20:17:40,988  |  INFO  |    
2023-12-12 20:17:40,989  |  INFO  |  Number of unique records:                    200 / 200  
2023-12-12 20:17:40,989  |  INFO  |  Number of duplicate records:                 0 / 200  
2023-12-12 20:17:40,989  |  INFO  |    
2023-12-12 20:17:40,989  |  INFO  |  Unique records %:                            100.0   
2023-12-12 20:17:40,991  |  INFO  |  Duplicate records %:                         0.0   
2023-12-12 20:17:40,991  |  INFO  |    
2023-12-12 20:17:40,993  |  INFO  |  Column name: feedback_id,  Column no: 1,  Number of NULL values: 0   
2023-12-12 20:17:40,995  |  INFO  |  Column name: customer_id,  Column no: 2,  Number of NULL values: 0   
2023-12-12 20:17:40,996  |  INFO  |  Column name: flight_booking_id,  Column no: 3,  Number of NULL values: 0   
2023-12-12 20:17:40,998  |  INFO  |  Column name: feedback_date,  Column no: 4,  Number of NULL values: 0   
2023-12-12 20:17:41,000  |  INFO  |  Column name: feedback_text,  Column no: 5,  Number of NULL values: 0   
2023-12-12 20:17:41,002  |  INFO  |  Column name: created_at,  Column no: 6,  Number of NULL values: 0   
2023-12-12 20:17:41,003  |  INFO  |  Column name: updated_at,  Column no: 7,  Number of NULL values: 0   
2023-12-12 20:17:41,004  |  INFO  |  Column name: source_system,  Column no: 8,  Number of NULL values: 0   
2023-12-12 20:17:41,006  |  INFO  |  Column name: source_file,  Column no: 9,  Number of NULL values: 0   
2023-12-12 20:17:41,009  |  INFO  |  Column name: load_timestamp,  Column no: 10,  Number of NULL values: 0   
2023-12-12 20:17:41,011  |  INFO  |  Column name: dwh_layer,  Column no: 11,  Number of NULL values: 0   
2023-12-12 20:17:41,012  |  INFO  |    
2023-12-12 20:17:41,013  |  INFO  |  ================================================  
2023-12-12 20:17:41,015  |  INFO  |    
2023-12-12 20:17:41,015  |  INFO  |  Now calculating performance statistics (from a Python standpoint)...  
2023-12-12 20:17:41,016  |  INFO  |    
2023-12-12 20:17:41,016  |  INFO  |    
2023-12-12 20:17:41,016  |  INFO  |  1. Execution time for CREATING schema: 1.0001659393310547 ms   
2023-12-12 20:17:41,017  |  INFO  |    
2023-12-12 20:17:41,017  |  INFO  |    
2023-12-12 20:17:41,022  |  INFO  |  2. Execution time for CREATING schema (VAL CHECK): 1.9989013671875 ms   
2023-12-12 20:17:41,023  |  INFO  |    
2023-12-12 20:17:41,025  |  INFO  |    
2023-12-12 20:17:41,028  |  INFO  |  3. Execution time for DELETING schema:  0.9992122650146484 ms   
2023-12-12 20:17:41,030  |  INFO  |    
2023-12-12 20:17:41,051  |  INFO  |    
2023-12-12 20:17:41,052  |  INFO  |  4. Execution time for DELETING schema (VAL CHECK):  2.9976367950439453 ms   
2023-12-12 20:17:41,053  |  INFO  |    
2023-12-12 20:17:41,053  |  INFO  |    
2023-12-12 20:17:41,054  |  INFO  |  5. Execution time for CREATING table:  7.996559143066406 ms   
2023-12-12 20:17:41,054  |  INFO  |    
2023-12-12 20:17:41,054  |  INFO  |    
2023-12-12 20:17:41,055  |  INFO  |  6. Execution time for CREATING table (VAL CHECK):  3.005504608154297 ms   
2023-12-12 20:17:41,058  |  INFO  |    
2023-12-12 20:17:41,059  |  INFO  |    
2023-12-12 20:17:41,065  |  INFO  |  7. Execution time for ADDING data lineage:  6.995916366577148 ms   
2023-12-12 20:17:41,066  |  INFO  |    
2023-12-12 20:17:41,066  |  INFO  |    
2023-12-12 20:17:41,066  |  INFO  |  8. Execution time for ADDING data lineage (VAL CHECK):  25.98404884338379 ms   
2023-12-12 20:17:41,067  |  INFO  |    
2023-12-12 20:17:41,067  |  INFO  |    
2023-12-12 20:17:41,068  |  INFO  |  9. Execution time for INSERTING rows to table:  1014.4226551055908 ms (1.01 secs)        
2023-12-12 20:17:41,069  |  INFO  |    
2023-12-12 20:17:41,070  |  INFO  |    
2023-12-12 20:17:41,071  |  INFO  |  10. Execution time for COUNTING uploaded rows to table:  0.9975433349609375 ms   
2023-12-12 20:17:41,072  |  INFO  |    
2023-12-12 20:17:41,073  |  INFO  |    
2023-12-12 20:17:41,073  |  INFO  |    
2023-12-12 20:17:41,074  |  INFO  |  ================================================  
2023-12-12 20:17:41,083  |  DEBUG  |    
2023-12-12 20:17:41,086  |  INFO  |  DATA VALIDATION SUCCESS: All general DQ checks passed!   
2023-12-12 20:17:41,087  |  DEBUG  |    
2023-12-12 20:17:41,088  |  INFO  |  Now saving changes made by SQL statements to Postgres DB....  
2023-12-12 20:17:41,089  |  INFO  |  Saved successfully, now terminating cursor and current session....  
2023-12-12 20:17:41,093  |  DEBUG  |    
2023-12-12 20:17:41,115  |  DEBUG  |  Cursor closed successfully.  
2023-12-12 20:17:41,116  |  DEBUG  |  Session connected to Postgres database closed.  
