2023-12-12 20:18:50,744  |  INFO  |    
2023-12-12 20:18:50,779  |  INFO  |  ---------------------------------------------  
2023-12-12 20:18:50,785  |  INFO  |  Beginning the source data extraction process...  
2023-12-12 20:18:50,931  |  INFO  |  Successfully located 'flight_ticket_sales.json'  
2023-12-12 20:18:50,932  |  INFO  |  File type: '<class 'list'>'  
2023-12-12 20:18:51,002  |  DEBUG  |    
2023-12-12 20:18:51,002  |  INFO  |  =================================================================================  
2023-12-12 20:18:51,003  |  INFO  |  CONNECTION SUCCESS: Managed to connect successfully to the dwdss database!!  
2023-12-12 20:18:51,004  |  INFO  |  Connection details: user=postgres password=xxx dbname=dwdss host=localhost port=5432   
2023-12-12 20:18:51,005  |  INFO  |  =================================================================================  
2023-12-12 20:18:51,005  |  DEBUG  |    
2023-12-12 20:18:51,009  |  DEBUG  |    
2023-12-12 20:18:51,010  |  INFO  |  =================================================================================================  
2023-12-12 20:18:51,011  |  INFO  |  SCHEMA CREATION SUCCESS: Managed to create main schema in dwdss   
2023-12-12 20:18:51,012  |  INFO  |  Schema name in Postgres: main   
2023-12-12 20:18:51,012  |  INFO  |  SQL Query for validation check:     SELECT schema_name from information_schema.schemata WHERE schema_name= 'main';
           
2023-12-12 20:18:51,013  |  INFO  |  =================================================================================================  
2023-12-12 20:18:51,014  |  DEBUG  |    
2023-12-12 20:18:51,018  |  DEBUG  |    
2023-12-12 20:18:51,026  |  ERROR  |  ==========================================================================================================================================================================  
2023-12-12 20:18:51,027  |  ERROR  |  TABLE DELETION FAILURE: Unable to delete raw_flight_ticket_sales_tbl. This table may have objects that depend on it (use DROP TABLE ... CASCADE to resolve) or it doesn't exist.   
2023-12-12 20:18:51,027  |  ERROR  |  SQL Query for validation check:     SELECT EXISTS (SELECT 1 FROM information_schema.tables WHERE table_name = 'raw_flight_ticket_sales_tbl' );
           
2023-12-12 20:18:51,028  |  ERROR  |  ==========================================================================================================================================================================  
2023-12-12 20:18:51,028  |  DEBUG  |    
2023-12-12 20:18:51,041  |  DEBUG  |    
2023-12-12 20:18:51,042  |  INFO  |  =============================================================================================================================================================================  
2023-12-12 20:18:51,043  |  INFO  |  TABLE CREATION SUCCESS: Managed to create raw_flight_ticket_sales_tbl table in dwdss.    
2023-12-12 20:18:51,043  |  INFO  |  SQL Query for validation check:         SELECT EXISTS (SELECT 1 FROM information_schema.tables WHERE table_name = 'raw_flight_ticket_sales_tbl' );
           
2023-12-12 20:18:51,046  |  INFO  |  =============================================================================================================================================================================  
2023-12-12 20:18:51,046  |  DEBUG  |    
2023-12-12 20:18:51,068  |  DEBUG  |    
2023-12-12 20:18:51,069  |  INFO  |  =============================================================================================================================================================================  
2023-12-12 20:18:51,070  |  INFO  |  DATA LINEAGE FIELDS CREATION SUCCESS: Managed to create data lineage columns in main.raw_flight_ticket_sales_tbl.    
2023-12-12 20:18:51,070  |  INFO  |  SQL Query for validation check:          
                                                                    SELECT * 
                                                                    FROM    information_schema.columns 
                                                                    WHERE   table_name      = 'raw_flight_ticket_sales_tbl' 
                                                                        AND     (column_name    = 'created_at'
                                                                        OR      column_name     = 'updated_at' 
                                                                        OR      column_name     = 'source_system' 
                                                                        OR      column_name     = 'source_file' 
                                                                        OR      column_name     = 'load_timestamp' 
                                                                        OR      column_name     = 'dwh_layer');
                                                                              
           
2023-12-12 20:18:51,072  |  INFO  |  =============================================================================================================================================================================  
2023-12-12 20:18:51,072  |  DEBUG  |    
2023-12-12 20:18:51,075  |  INFO  |  Rows before SQL insert in Postgres: 0   
2023-12-12 20:18:51,076  |  DEBUG  |    
2023-12-12 20:18:51,078  |  DEBUG  |  ---------------------------------  
2023-12-12 20:18:51,079  |  INFO  |  INSERT SUCCESS: Uploaded flight_ticket_sales record no 1   
2023-12-12 20:18:51,079  |  DEBUG  |  ---------------------------------  
2023-12-12 20:18:51,081  |  DEBUG  |  ---------------------------------  
2023-12-12 20:18:51,083  |  INFO  |  INSERT SUCCESS: Uploaded flight_ticket_sales record no 2   
2023-12-12 20:18:51,084  |  DEBUG  |  ---------------------------------  
2023-12-12 20:18:51,095  |  DEBUG  |  ---------------------------------  
2023-12-12 20:18:51,096  |  INFO  |  INSERT SUCCESS: Uploaded flight_ticket_sales record no 3   
2023-12-12 20:18:51,096  |  DEBUG  |  ---------------------------------  
2023-12-12 20:18:51,097  |  DEBUG  |  ---------------------------------  
2023-12-12 20:18:51,098  |  INFO  |  INSERT SUCCESS: Uploaded flight_ticket_sales record no 4   
2023-12-12 20:18:51,098  |  DEBUG  |  ---------------------------------  
2023-12-12 20:18:51,099  |  DEBUG  |  ---------------------------------  
2023-12-12 20:18:51,099  |  INFO  |  INSERT SUCCESS: Uploaded flight_ticket_sales record no 5   
2023-12-12 20:18:51,099  |  DEBUG  |  ---------------------------------  
2023-12-12 20:18:51,100  |  DEBUG  |  ---------------------------------  
2023-12-12 20:18:51,100  |  INFO  |  INSERT SUCCESS: Uploaded flight_ticket_sales record no 6   
2023-12-12 20:18:51,101  |  DEBUG  |  ---------------------------------  
2023-12-12 20:18:51,104  |  DEBUG  |  ---------------------------------  
2023-12-12 20:18:51,105  |  INFO  |  INSERT SUCCESS: Uploaded flight_ticket_sales record no 7   
2023-12-12 20:18:51,105  |  DEBUG  |  ---------------------------------  
2023-12-12 20:18:51,109  |  DEBUG  |  ---------------------------------  
2023-12-12 20:18:51,110  |  INFO  |  INSERT SUCCESS: Uploaded flight_ticket_sales record no 8   
2023-12-12 20:18:51,110  |  DEBUG  |  ---------------------------------  
2023-12-12 20:18:51,112  |  DEBUG  |  ---------------------------------  
2023-12-12 20:18:51,113  |  INFO  |  INSERT SUCCESS: Uploaded flight_ticket_sales record no 9   
2023-12-12 20:18:51,113  |  DEBUG  |  ---------------------------------  
2023-12-12 20:18:51,114  |  DEBUG  |  ---------------------------------  
2023-12-12 20:18:51,116  |  INFO  |  INSERT SUCCESS: Uploaded flight_ticket_sales record no 10   
2023-12-12 20:18:51,116  |  DEBUG  |  ---------------------------------  
2023-12-12 20:18:51,118  |  DEBUG  |  ---------------------------------  
2023-12-12 20:18:51,118  |  INFO  |  INSERT SUCCESS: Uploaded flight_ticket_sales record no 11   
2023-12-12 20:18:51,118  |  DEBUG  |  ---------------------------------  
2023-12-12 20:18:51,120  |  DEBUG  |  ---------------------------------  
2023-12-12 20:18:51,120  |  INFO  |  INSERT SUCCESS: Uploaded flight_ticket_sales record no 12   
2023-12-12 20:18:51,120  |  DEBUG  |  ---------------------------------  
2023-12-12 20:18:51,122  |  DEBUG  |  ---------------------------------  
2023-12-12 20:18:51,123  |  INFO  |  INSERT SUCCESS: Uploaded flight_ticket_sales record no 13   
2023-12-12 20:18:51,123  |  DEBUG  |  ---------------------------------  
2023-12-12 20:18:51,125  |  DEBUG  |  ---------------------------------  
2023-12-12 20:18:51,125  |  INFO  |  INSERT SUCCESS: Uploaded flight_ticket_sales record no 14   
2023-12-12 20:18:51,125  |  DEBUG  |  ---------------------------------  
2023-12-12 20:18:51,126  |  DEBUG  |  ---------------------------------  
2023-12-12 20:18:51,127  |  INFO  |  INSERT SUCCESS: Uploaded flight_ticket_sales record no 15   
2023-12-12 20:18:51,128  |  DEBUG  |  ---------------------------------  
2023-12-12 20:18:51,130  |  DEBUG  |  ---------------------------------  
2023-12-12 20:18:51,130  |  INFO  |  INSERT SUCCESS: Uploaded flight_ticket_sales record no 16   
2023-12-12 20:18:51,130  |  DEBUG  |  ---------------------------------  
2023-12-12 20:18:51,131  |  DEBUG  |  ---------------------------------  
2023-12-12 20:18:51,132  |  INFO  |  INSERT SUCCESS: Uploaded flight_ticket_sales record no 17   
2023-12-12 20:18:51,133  |  DEBUG  |  ---------------------------------  
2023-12-12 20:18:51,134  |  DEBUG  |  ---------------------------------  
2023-12-12 20:18:51,145  |  INFO  |  INSERT SUCCESS: Uploaded flight_ticket_sales record no 18   
2023-12-12 20:18:51,145  |  DEBUG  |  ---------------------------------  
2023-12-12 20:18:51,146  |  DEBUG  |  ---------------------------------  
2023-12-12 20:18:51,146  |  INFO  |  INSERT SUCCESS: Uploaded flight_ticket_sales record no 19   
2023-12-12 20:18:51,147  |  DEBUG  |  ---------------------------------  
2023-12-12 20:18:51,148  |  DEBUG  |  ---------------------------------  
2023-12-12 20:18:51,148  |  INFO  |  INSERT SUCCESS: Uploaded flight_ticket_sales record no 20   
2023-12-12 20:18:51,148  |  DEBUG  |  ---------------------------------  
2023-12-12 20:18:51,150  |  DEBUG  |  ---------------------------------  
2023-12-12 20:18:51,150  |  INFO  |  INSERT SUCCESS: Uploaded flight_ticket_sales record no 21   
2023-12-12 20:18:51,151  |  DEBUG  |  ---------------------------------  
2023-12-12 20:18:51,152  |  DEBUG  |  ---------------------------------  
2023-12-12 20:18:51,154  |  INFO  |  INSERT SUCCESS: Uploaded flight_ticket_sales record no 22   
2023-12-12 20:18:51,154  |  DEBUG  |  ---------------------------------  
2023-12-12 20:18:51,156  |  DEBUG  |  ---------------------------------  
2023-12-12 20:18:51,157  |  INFO  |  INSERT SUCCESS: Uploaded flight_ticket_sales record no 23   
2023-12-12 20:18:51,158  |  DEBUG  |  ---------------------------------  
2023-12-12 20:18:51,160  |  DEBUG  |  ---------------------------------  
2023-12-12 20:18:51,161  |  INFO  |  INSERT SUCCESS: Uploaded flight_ticket_sales record no 24   
2023-12-12 20:18:51,161  |  DEBUG  |  ---------------------------------  
2023-12-12 20:18:51,163  |  DEBUG  |  ---------------------------------  
2023-12-12 20:18:51,165  |  INFO  |  INSERT SUCCESS: Uploaded flight_ticket_sales record no 25   
2023-12-12 20:18:51,165  |  DEBUG  |  ---------------------------------  
2023-12-12 20:18:51,167  |  DEBUG  |  ---------------------------------  
2023-12-12 20:18:51,167  |  INFO  |  INSERT SUCCESS: Uploaded flight_ticket_sales record no 26   
2023-12-12 20:18:51,167  |  DEBUG  |  ---------------------------------  
2023-12-12 20:18:51,168  |  DEBUG  |  ---------------------------------  
2023-12-12 20:18:51,169  |  INFO  |  INSERT SUCCESS: Uploaded flight_ticket_sales record no 27   
2023-12-12 20:18:51,169  |  DEBUG  |  ---------------------------------  
2023-12-12 20:18:51,171  |  DEBUG  |  ---------------------------------  
2023-12-12 20:18:51,172  |  INFO  |  INSERT SUCCESS: Uploaded flight_ticket_sales record no 28   
2023-12-12 20:18:51,178  |  DEBUG  |  ---------------------------------  
2023-12-12 20:18:51,180  |  DEBUG  |  ---------------------------------  
2023-12-12 20:18:51,180  |  INFO  |  INSERT SUCCESS: Uploaded flight_ticket_sales record no 29   
2023-12-12 20:18:51,180  |  DEBUG  |  ---------------------------------  
2023-12-12 20:18:51,181  |  DEBUG  |  ---------------------------------  
2023-12-12 20:18:51,182  |  INFO  |  INSERT SUCCESS: Uploaded flight_ticket_sales record no 30   
2023-12-12 20:18:51,182  |  DEBUG  |  ---------------------------------  
2023-12-12 20:18:51,183  |  DEBUG  |  ---------------------------------  
2023-12-12 20:18:51,183  |  INFO  |  INSERT SUCCESS: Uploaded flight_ticket_sales record no 31   
2023-12-12 20:18:51,184  |  DEBUG  |  ---------------------------------  
2023-12-12 20:18:51,185  |  DEBUG  |  ---------------------------------  
2023-12-12 20:18:51,186  |  INFO  |  INSERT SUCCESS: Uploaded flight_ticket_sales record no 32   
2023-12-12 20:18:51,186  |  DEBUG  |  ---------------------------------  
2023-12-12 20:18:51,188  |  DEBUG  |  ---------------------------------  
2023-12-12 20:18:51,188  |  INFO  |  INSERT SUCCESS: Uploaded flight_ticket_sales record no 33   
2023-12-12 20:18:51,189  |  DEBUG  |  ---------------------------------  
2023-12-12 20:18:51,192  |  DEBUG  |  ---------------------------------  
2023-12-12 20:18:51,194  |  INFO  |  INSERT SUCCESS: Uploaded flight_ticket_sales record no 34   
2023-12-12 20:18:51,194  |  DEBUG  |  ---------------------------------  
2023-12-12 20:18:51,197  |  DEBUG  |  ---------------------------------  
2023-12-12 20:18:51,199  |  INFO  |  INSERT SUCCESS: Uploaded flight_ticket_sales record no 35   
2023-12-12 20:18:51,199  |  DEBUG  |  ---------------------------------  
2023-12-12 20:18:51,201  |  DEBUG  |  ---------------------------------  
2023-12-12 20:18:51,201  |  INFO  |  INSERT SUCCESS: Uploaded flight_ticket_sales record no 36   
2023-12-12 20:18:51,201  |  DEBUG  |  ---------------------------------  
2023-12-12 20:18:51,203  |  DEBUG  |  ---------------------------------  
2023-12-12 20:18:51,203  |  INFO  |  INSERT SUCCESS: Uploaded flight_ticket_sales record no 37   
2023-12-12 20:18:51,203  |  DEBUG  |  ---------------------------------  
2023-12-12 20:18:51,204  |  DEBUG  |  ---------------------------------  
2023-12-12 20:18:51,205  |  INFO  |  INSERT SUCCESS: Uploaded flight_ticket_sales record no 38   
2023-12-12 20:18:51,207  |  DEBUG  |  ---------------------------------  
2023-12-12 20:18:51,208  |  DEBUG  |  ---------------------------------  
2023-12-12 20:18:51,221  |  INFO  |  INSERT SUCCESS: Uploaded flight_ticket_sales record no 39   
2023-12-12 20:18:51,221  |  DEBUG  |  ---------------------------------  
2023-12-12 20:18:51,222  |  DEBUG  |  ---------------------------------  
2023-12-12 20:18:51,223  |  INFO  |  INSERT SUCCESS: Uploaded flight_ticket_sales record no 40   
2023-12-12 20:18:51,223  |  DEBUG  |  ---------------------------------  
2023-12-12 20:18:51,224  |  DEBUG  |  ---------------------------------  
2023-12-12 20:18:51,224  |  INFO  |  INSERT SUCCESS: Uploaded flight_ticket_sales record no 41   
2023-12-12 20:18:51,224  |  DEBUG  |  ---------------------------------  
2023-12-12 20:18:51,225  |  DEBUG  |  ---------------------------------  
2023-12-12 20:18:51,225  |  INFO  |  INSERT SUCCESS: Uploaded flight_ticket_sales record no 42   
2023-12-12 20:18:51,226  |  DEBUG  |  ---------------------------------  
2023-12-12 20:18:51,227  |  DEBUG  |  ---------------------------------  
2023-12-12 20:18:51,228  |  INFO  |  INSERT SUCCESS: Uploaded flight_ticket_sales record no 43   
2023-12-12 20:18:51,229  |  DEBUG  |  ---------------------------------  
2023-12-12 20:18:51,230  |  DEBUG  |  ---------------------------------  
2023-12-12 20:18:51,231  |  INFO  |  INSERT SUCCESS: Uploaded flight_ticket_sales record no 44   
2023-12-12 20:18:51,231  |  DEBUG  |  ---------------------------------  
2023-12-12 20:18:51,234  |  DEBUG  |  ---------------------------------  
2023-12-12 20:18:51,235  |  INFO  |  INSERT SUCCESS: Uploaded flight_ticket_sales record no 45   
2023-12-12 20:18:51,235  |  DEBUG  |  ---------------------------------  
2023-12-12 20:18:51,237  |  DEBUG  |  ---------------------------------  
2023-12-12 20:18:51,238  |  INFO  |  INSERT SUCCESS: Uploaded flight_ticket_sales record no 46   
2023-12-12 20:18:51,239  |  DEBUG  |  ---------------------------------  
2023-12-12 20:18:51,241  |  DEBUG  |  ---------------------------------  
2023-12-12 20:18:51,242  |  INFO  |  INSERT SUCCESS: Uploaded flight_ticket_sales record no 47   
2023-12-12 20:18:51,242  |  DEBUG  |  ---------------------------------  
2023-12-12 20:18:51,244  |  DEBUG  |  ---------------------------------  
2023-12-12 20:18:51,244  |  INFO  |  INSERT SUCCESS: Uploaded flight_ticket_sales record no 48   
2023-12-12 20:18:51,244  |  DEBUG  |  ---------------------------------  
2023-12-12 20:18:51,245  |  DEBUG  |  ---------------------------------  
2023-12-12 20:18:51,246  |  INFO  |  INSERT SUCCESS: Uploaded flight_ticket_sales record no 49   
2023-12-12 20:18:51,246  |  DEBUG  |  ---------------------------------  
2023-12-12 20:18:51,248  |  DEBUG  |  ---------------------------------  
2023-12-12 20:18:51,250  |  INFO  |  INSERT SUCCESS: Uploaded flight_ticket_sales record no 50   
2023-12-12 20:18:51,250  |  DEBUG  |  ---------------------------------  
2023-12-12 20:18:51,252  |  DEBUG  |  ---------------------------------  
2023-12-12 20:18:51,262  |  INFO  |  INSERT SUCCESS: Uploaded flight_ticket_sales record no 51   
2023-12-12 20:18:51,263  |  DEBUG  |  ---------------------------------  
2023-12-12 20:18:51,264  |  DEBUG  |  ---------------------------------  
2023-12-12 20:18:51,264  |  INFO  |  INSERT SUCCESS: Uploaded flight_ticket_sales record no 52   
2023-12-12 20:18:51,264  |  DEBUG  |  ---------------------------------  
2023-12-12 20:18:51,265  |  DEBUG  |  ---------------------------------  
2023-12-12 20:18:51,265  |  INFO  |  INSERT SUCCESS: Uploaded flight_ticket_sales record no 53   
2023-12-12 20:18:51,266  |  DEBUG  |  ---------------------------------  
2023-12-12 20:18:51,267  |  DEBUG  |  ---------------------------------  
2023-12-12 20:18:51,267  |  INFO  |  INSERT SUCCESS: Uploaded flight_ticket_sales record no 54   
2023-12-12 20:18:51,267  |  DEBUG  |  ---------------------------------  
2023-12-12 20:18:51,269  |  DEBUG  |  ---------------------------------  
2023-12-12 20:18:51,270  |  INFO  |  INSERT SUCCESS: Uploaded flight_ticket_sales record no 55   
2023-12-12 20:18:51,271  |  DEBUG  |  ---------------------------------  
2023-12-12 20:18:51,277  |  DEBUG  |  ---------------------------------  
2023-12-12 20:18:51,277  |  INFO  |  INSERT SUCCESS: Uploaded flight_ticket_sales record no 56   
2023-12-12 20:18:51,278  |  DEBUG  |  ---------------------------------  
2023-12-12 20:18:51,280  |  DEBUG  |  ---------------------------------  
2023-12-12 20:18:51,283  |  INFO  |  INSERT SUCCESS: Uploaded flight_ticket_sales record no 57   
2023-12-12 20:18:51,284  |  DEBUG  |  ---------------------------------  
2023-12-12 20:18:51,286  |  DEBUG  |  ---------------------------------  
2023-12-12 20:18:51,286  |  INFO  |  INSERT SUCCESS: Uploaded flight_ticket_sales record no 58   
2023-12-12 20:18:51,286  |  DEBUG  |  ---------------------------------  
2023-12-12 20:18:51,288  |  DEBUG  |  ---------------------------------  
2023-12-12 20:18:51,291  |  INFO  |  INSERT SUCCESS: Uploaded flight_ticket_sales record no 59   
2023-12-12 20:18:51,291  |  DEBUG  |  ---------------------------------  
2023-12-12 20:18:51,292  |  DEBUG  |  ---------------------------------  
2023-12-12 20:18:51,293  |  INFO  |  INSERT SUCCESS: Uploaded flight_ticket_sales record no 60   
2023-12-12 20:18:51,293  |  DEBUG  |  ---------------------------------  
2023-12-12 20:18:51,294  |  DEBUG  |  ---------------------------------  
2023-12-12 20:18:51,296  |  INFO  |  INSERT SUCCESS: Uploaded flight_ticket_sales record no 61   
2023-12-12 20:18:51,297  |  DEBUG  |  ---------------------------------  
2023-12-12 20:18:51,298  |  DEBUG  |  ---------------------------------  
2023-12-12 20:18:51,299  |  INFO  |  INSERT SUCCESS: Uploaded flight_ticket_sales record no 62   
2023-12-12 20:18:51,300  |  DEBUG  |  ---------------------------------  
2023-12-12 20:18:51,301  |  DEBUG  |  ---------------------------------  
2023-12-12 20:18:51,307  |  INFO  |  INSERT SUCCESS: Uploaded flight_ticket_sales record no 63   
2023-12-12 20:18:51,307  |  DEBUG  |  ---------------------------------  
2023-12-12 20:18:51,308  |  DEBUG  |  ---------------------------------  
2023-12-12 20:18:51,309  |  INFO  |  INSERT SUCCESS: Uploaded flight_ticket_sales record no 64   
2023-12-12 20:18:51,310  |  DEBUG  |  ---------------------------------  
2023-12-12 20:18:51,311  |  DEBUG  |  ---------------------------------  
2023-12-12 20:18:51,312  |  INFO  |  INSERT SUCCESS: Uploaded flight_ticket_sales record no 65   
2023-12-12 20:18:51,312  |  DEBUG  |  ---------------------------------  
2023-12-12 20:18:51,313  |  DEBUG  |  ---------------------------------  
2023-12-12 20:18:51,313  |  INFO  |  INSERT SUCCESS: Uploaded flight_ticket_sales record no 66   
2023-12-12 20:18:51,314  |  DEBUG  |  ---------------------------------  
2023-12-12 20:18:51,315  |  DEBUG  |  ---------------------------------  
2023-12-12 20:18:51,317  |  INFO  |  INSERT SUCCESS: Uploaded flight_ticket_sales record no 67   
2023-12-12 20:18:51,318  |  DEBUG  |  ---------------------------------  
2023-12-12 20:18:51,321  |  DEBUG  |  ---------------------------------  
2023-12-12 20:18:51,321  |  INFO  |  INSERT SUCCESS: Uploaded flight_ticket_sales record no 68   
2023-12-12 20:18:51,322  |  DEBUG  |  ---------------------------------  
2023-12-12 20:18:51,323  |  DEBUG  |  ---------------------------------  
2023-12-12 20:18:51,324  |  INFO  |  INSERT SUCCESS: Uploaded flight_ticket_sales record no 69   
2023-12-12 20:18:51,325  |  DEBUG  |  ---------------------------------  
2023-12-12 20:18:51,327  |  DEBUG  |  ---------------------------------  
2023-12-12 20:18:51,327  |  INFO  |  INSERT SUCCESS: Uploaded flight_ticket_sales record no 70   
2023-12-12 20:18:51,328  |  DEBUG  |  ---------------------------------  
2023-12-12 20:18:51,329  |  DEBUG  |  ---------------------------------  
2023-12-12 20:18:51,330  |  INFO  |  INSERT SUCCESS: Uploaded flight_ticket_sales record no 71   
2023-12-12 20:18:51,330  |  DEBUG  |  ---------------------------------  
2023-12-12 20:18:51,333  |  DEBUG  |  ---------------------------------  
2023-12-12 20:18:51,334  |  INFO  |  INSERT SUCCESS: Uploaded flight_ticket_sales record no 72   
2023-12-12 20:18:51,334  |  DEBUG  |  ---------------------------------  
2023-12-12 20:18:51,336  |  DEBUG  |  ---------------------------------  
2023-12-12 20:18:51,347  |  INFO  |  INSERT SUCCESS: Uploaded flight_ticket_sales record no 73   
2023-12-12 20:18:51,347  |  DEBUG  |  ---------------------------------  
2023-12-12 20:18:51,349  |  DEBUG  |  ---------------------------------  
2023-12-12 20:18:51,349  |  INFO  |  INSERT SUCCESS: Uploaded flight_ticket_sales record no 74   
2023-12-12 20:18:51,349  |  DEBUG  |  ---------------------------------  
2023-12-12 20:18:51,350  |  DEBUG  |  ---------------------------------  
2023-12-12 20:18:51,350  |  INFO  |  INSERT SUCCESS: Uploaded flight_ticket_sales record no 75   
2023-12-12 20:18:51,351  |  DEBUG  |  ---------------------------------  
2023-12-12 20:18:51,352  |  DEBUG  |  ---------------------------------  
2023-12-12 20:18:51,353  |  INFO  |  INSERT SUCCESS: Uploaded flight_ticket_sales record no 76   
2023-12-12 20:18:51,353  |  DEBUG  |  ---------------------------------  
2023-12-12 20:18:51,355  |  DEBUG  |  ---------------------------------  
2023-12-12 20:18:51,358  |  INFO  |  INSERT SUCCESS: Uploaded flight_ticket_sales record no 77   
2023-12-12 20:18:51,359  |  DEBUG  |  ---------------------------------  
2023-12-12 20:18:51,361  |  DEBUG  |  ---------------------------------  
2023-12-12 20:18:51,362  |  INFO  |  INSERT SUCCESS: Uploaded flight_ticket_sales record no 78   
2023-12-12 20:18:51,362  |  DEBUG  |  ---------------------------------  
2023-12-12 20:18:51,364  |  DEBUG  |  ---------------------------------  
2023-12-12 20:18:51,364  |  INFO  |  INSERT SUCCESS: Uploaded flight_ticket_sales record no 79   
2023-12-12 20:18:51,365  |  DEBUG  |  ---------------------------------  
2023-12-12 20:18:51,367  |  DEBUG  |  ---------------------------------  
2023-12-12 20:18:51,368  |  INFO  |  INSERT SUCCESS: Uploaded flight_ticket_sales record no 80   
2023-12-12 20:18:51,368  |  DEBUG  |  ---------------------------------  
2023-12-12 20:18:51,369  |  DEBUG  |  ---------------------------------  
2023-12-12 20:18:51,370  |  INFO  |  INSERT SUCCESS: Uploaded flight_ticket_sales record no 81   
2023-12-12 20:18:51,370  |  DEBUG  |  ---------------------------------  
2023-12-12 20:18:51,371  |  DEBUG  |  ---------------------------------  
2023-12-12 20:18:51,373  |  INFO  |  INSERT SUCCESS: Uploaded flight_ticket_sales record no 82   
2023-12-12 20:18:51,374  |  DEBUG  |  ---------------------------------  
2023-12-12 20:18:51,376  |  DEBUG  |  ---------------------------------  
2023-12-12 20:18:51,389  |  INFO  |  INSERT SUCCESS: Uploaded flight_ticket_sales record no 83   
2023-12-12 20:18:51,390  |  DEBUG  |  ---------------------------------  
2023-12-12 20:18:51,391  |  DEBUG  |  ---------------------------------  
2023-12-12 20:18:51,392  |  INFO  |  INSERT SUCCESS: Uploaded flight_ticket_sales record no 84   
2023-12-12 20:18:51,392  |  DEBUG  |  ---------------------------------  
2023-12-12 20:18:51,393  |  DEBUG  |  ---------------------------------  
2023-12-12 20:18:51,394  |  INFO  |  INSERT SUCCESS: Uploaded flight_ticket_sales record no 85   
2023-12-12 20:18:51,394  |  DEBUG  |  ---------------------------------  
2023-12-12 20:18:51,395  |  DEBUG  |  ---------------------------------  
2023-12-12 20:18:51,396  |  INFO  |  INSERT SUCCESS: Uploaded flight_ticket_sales record no 86   
2023-12-12 20:18:51,396  |  DEBUG  |  ---------------------------------  
2023-12-12 20:18:51,397  |  DEBUG  |  ---------------------------------  
2023-12-12 20:18:51,401  |  INFO  |  INSERT SUCCESS: Uploaded flight_ticket_sales record no 87   
2023-12-12 20:18:51,402  |  DEBUG  |  ---------------------------------  
2023-12-12 20:18:51,404  |  DEBUG  |  ---------------------------------  
2023-12-12 20:18:51,404  |  INFO  |  INSERT SUCCESS: Uploaded flight_ticket_sales record no 88   
2023-12-12 20:18:51,405  |  DEBUG  |  ---------------------------------  
2023-12-12 20:18:51,406  |  DEBUG  |  ---------------------------------  
2023-12-12 20:18:51,407  |  INFO  |  INSERT SUCCESS: Uploaded flight_ticket_sales record no 89   
2023-12-12 20:18:51,408  |  DEBUG  |  ---------------------------------  
2023-12-12 20:18:51,410  |  DEBUG  |  ---------------------------------  
2023-12-12 20:18:51,410  |  INFO  |  INSERT SUCCESS: Uploaded flight_ticket_sales record no 90   
2023-12-12 20:18:51,411  |  DEBUG  |  ---------------------------------  
2023-12-12 20:18:51,412  |  DEBUG  |  ---------------------------------  
2023-12-12 20:18:51,413  |  INFO  |  INSERT SUCCESS: Uploaded flight_ticket_sales record no 91   
2023-12-12 20:18:51,413  |  DEBUG  |  ---------------------------------  
2023-12-12 20:18:51,415  |  DEBUG  |  ---------------------------------  
2023-12-12 20:18:51,416  |  INFO  |  INSERT SUCCESS: Uploaded flight_ticket_sales record no 92   
2023-12-12 20:18:51,417  |  DEBUG  |  ---------------------------------  
2023-12-12 20:18:51,418  |  DEBUG  |  ---------------------------------  
2023-12-12 20:18:51,418  |  INFO  |  INSERT SUCCESS: Uploaded flight_ticket_sales record no 93   
2023-12-12 20:18:51,418  |  DEBUG  |  ---------------------------------  
2023-12-12 20:18:51,420  |  DEBUG  |  ---------------------------------  
2023-12-12 20:18:51,421  |  INFO  |  INSERT SUCCESS: Uploaded flight_ticket_sales record no 94   
2023-12-12 20:18:51,422  |  DEBUG  |  ---------------------------------  
2023-12-12 20:18:51,423  |  DEBUG  |  ---------------------------------  
2023-12-12 20:18:51,424  |  INFO  |  INSERT SUCCESS: Uploaded flight_ticket_sales record no 95   
2023-12-12 20:18:51,424  |  DEBUG  |  ---------------------------------  
2023-12-12 20:18:51,425  |  DEBUG  |  ---------------------------------  
2023-12-12 20:18:51,425  |  INFO  |  INSERT SUCCESS: Uploaded flight_ticket_sales record no 96   
2023-12-12 20:18:51,426  |  DEBUG  |  ---------------------------------  
2023-12-12 20:18:51,427  |  DEBUG  |  ---------------------------------  
2023-12-12 20:18:51,427  |  INFO  |  INSERT SUCCESS: Uploaded flight_ticket_sales record no 97   
2023-12-12 20:18:51,429  |  DEBUG  |  ---------------------------------  
2023-12-12 20:18:51,434  |  DEBUG  |  ---------------------------------  
2023-12-12 20:18:51,435  |  INFO  |  INSERT SUCCESS: Uploaded flight_ticket_sales record no 98   
2023-12-12 20:18:51,436  |  DEBUG  |  ---------------------------------  
2023-12-12 20:18:51,437  |  DEBUG  |  ---------------------------------  
2023-12-12 20:18:51,437  |  INFO  |  INSERT SUCCESS: Uploaded flight_ticket_sales record no 99   
2023-12-12 20:18:51,438  |  DEBUG  |  ---------------------------------  
2023-12-12 20:18:51,440  |  DEBUG  |  ---------------------------------  
2023-12-12 20:18:51,440  |  INFO  |  INSERT SUCCESS: Uploaded flight_ticket_sales record no 100   
2023-12-12 20:18:51,441  |  DEBUG  |  ---------------------------------  
2023-12-12 20:18:51,443  |  DEBUG  |  ---------------------------------  
2023-12-12 20:18:51,443  |  INFO  |  INSERT SUCCESS: Uploaded flight_ticket_sales record no 101   
2023-12-12 20:18:51,444  |  DEBUG  |  ---------------------------------  
2023-12-12 20:18:51,445  |  DEBUG  |  ---------------------------------  
2023-12-12 20:18:51,445  |  INFO  |  INSERT SUCCESS: Uploaded flight_ticket_sales record no 102   
2023-12-12 20:18:51,446  |  DEBUG  |  ---------------------------------  
2023-12-12 20:18:51,447  |  DEBUG  |  ---------------------------------  
2023-12-12 20:18:51,448  |  INFO  |  INSERT SUCCESS: Uploaded flight_ticket_sales record no 103   
2023-12-12 20:18:51,450  |  DEBUG  |  ---------------------------------  
2023-12-12 20:18:51,452  |  DEBUG  |  ---------------------------------  
2023-12-12 20:18:51,452  |  INFO  |  INSERT SUCCESS: Uploaded flight_ticket_sales record no 104   
2023-12-12 20:18:51,453  |  DEBUG  |  ---------------------------------  
2023-12-12 20:18:51,456  |  DEBUG  |  ---------------------------------  
2023-12-12 20:18:51,458  |  INFO  |  INSERT SUCCESS: Uploaded flight_ticket_sales record no 105   
2023-12-12 20:18:51,458  |  DEBUG  |  ---------------------------------  
2023-12-12 20:18:51,460  |  DEBUG  |  ---------------------------------  
2023-12-12 20:18:51,477  |  INFO  |  INSERT SUCCESS: Uploaded flight_ticket_sales record no 106   
2023-12-12 20:18:51,478  |  DEBUG  |  ---------------------------------  
2023-12-12 20:18:51,479  |  DEBUG  |  ---------------------------------  
2023-12-12 20:18:51,480  |  INFO  |  INSERT SUCCESS: Uploaded flight_ticket_sales record no 107   
2023-12-12 20:18:51,480  |  DEBUG  |  ---------------------------------  
2023-12-12 20:18:51,482  |  DEBUG  |  ---------------------------------  
2023-12-12 20:18:51,483  |  INFO  |  INSERT SUCCESS: Uploaded flight_ticket_sales record no 108   
2023-12-12 20:18:51,483  |  DEBUG  |  ---------------------------------  
2023-12-12 20:18:51,494  |  DEBUG  |  ---------------------------------  
2023-12-12 20:18:51,495  |  INFO  |  INSERT SUCCESS: Uploaded flight_ticket_sales record no 109   
2023-12-12 20:18:51,495  |  DEBUG  |  ---------------------------------  
2023-12-12 20:18:51,501  |  DEBUG  |  ---------------------------------  
2023-12-12 20:18:51,502  |  INFO  |  INSERT SUCCESS: Uploaded flight_ticket_sales record no 110   
2023-12-12 20:18:51,503  |  DEBUG  |  ---------------------------------  
2023-12-12 20:18:51,506  |  DEBUG  |  ---------------------------------  
2023-12-12 20:18:51,507  |  INFO  |  INSERT SUCCESS: Uploaded flight_ticket_sales record no 111   
2023-12-12 20:18:51,509  |  DEBUG  |  ---------------------------------  
2023-12-12 20:18:51,510  |  DEBUG  |  ---------------------------------  
2023-12-12 20:18:51,513  |  INFO  |  INSERT SUCCESS: Uploaded flight_ticket_sales record no 112   
2023-12-12 20:18:51,528  |  DEBUG  |  ---------------------------------  
2023-12-12 20:18:51,529  |  DEBUG  |  ---------------------------------  
2023-12-12 20:18:51,530  |  INFO  |  INSERT SUCCESS: Uploaded flight_ticket_sales record no 113   
2023-12-12 20:18:51,530  |  DEBUG  |  ---------------------------------  
2023-12-12 20:18:51,531  |  DEBUG  |  ---------------------------------  
2023-12-12 20:18:51,532  |  INFO  |  INSERT SUCCESS: Uploaded flight_ticket_sales record no 114   
2023-12-12 20:18:51,532  |  DEBUG  |  ---------------------------------  
2023-12-12 20:18:51,534  |  DEBUG  |  ---------------------------------  
2023-12-12 20:18:51,535  |  INFO  |  INSERT SUCCESS: Uploaded flight_ticket_sales record no 115   
2023-12-12 20:18:51,535  |  DEBUG  |  ---------------------------------  
2023-12-12 20:18:51,537  |  DEBUG  |  ---------------------------------  
2023-12-12 20:18:51,538  |  INFO  |  INSERT SUCCESS: Uploaded flight_ticket_sales record no 116   
2023-12-12 20:18:51,539  |  DEBUG  |  ---------------------------------  
2023-12-12 20:18:51,542  |  DEBUG  |  ---------------------------------  
2023-12-12 20:18:51,543  |  INFO  |  INSERT SUCCESS: Uploaded flight_ticket_sales record no 117   
2023-12-12 20:18:51,543  |  DEBUG  |  ---------------------------------  
2023-12-12 20:18:51,548  |  DEBUG  |  ---------------------------------  
2023-12-12 20:18:51,548  |  INFO  |  INSERT SUCCESS: Uploaded flight_ticket_sales record no 118   
2023-12-12 20:18:51,549  |  DEBUG  |  ---------------------------------  
2023-12-12 20:18:51,551  |  DEBUG  |  ---------------------------------  
2023-12-12 20:18:51,552  |  INFO  |  INSERT SUCCESS: Uploaded flight_ticket_sales record no 119   
2023-12-12 20:18:51,554  |  DEBUG  |  ---------------------------------  
2023-12-12 20:18:51,555  |  DEBUG  |  ---------------------------------  
2023-12-12 20:18:51,556  |  INFO  |  INSERT SUCCESS: Uploaded flight_ticket_sales record no 120   
2023-12-12 20:18:51,556  |  DEBUG  |  ---------------------------------  
2023-12-12 20:18:51,558  |  DEBUG  |  ---------------------------------  
2023-12-12 20:18:51,559  |  INFO  |  INSERT SUCCESS: Uploaded flight_ticket_sales record no 121   
2023-12-12 20:18:51,560  |  DEBUG  |  ---------------------------------  
2023-12-12 20:18:51,562  |  DEBUG  |  ---------------------------------  
2023-12-12 20:18:51,562  |  INFO  |  INSERT SUCCESS: Uploaded flight_ticket_sales record no 122   
2023-12-12 20:18:51,563  |  DEBUG  |  ---------------------------------  
2023-12-12 20:18:51,564  |  DEBUG  |  ---------------------------------  
2023-12-12 20:18:51,565  |  INFO  |  INSERT SUCCESS: Uploaded flight_ticket_sales record no 123   
2023-12-12 20:18:51,567  |  DEBUG  |  ---------------------------------  
2023-12-12 20:18:51,586  |  DEBUG  |  ---------------------------------  
2023-12-12 20:18:51,587  |  INFO  |  INSERT SUCCESS: Uploaded flight_ticket_sales record no 124   
2023-12-12 20:18:51,588  |  DEBUG  |  ---------------------------------  
2023-12-12 20:18:51,589  |  DEBUG  |  ---------------------------------  
2023-12-12 20:18:51,590  |  INFO  |  INSERT SUCCESS: Uploaded flight_ticket_sales record no 125   
2023-12-12 20:18:51,591  |  DEBUG  |  ---------------------------------  
2023-12-12 20:18:51,592  |  DEBUG  |  ---------------------------------  
2023-12-12 20:18:51,594  |  INFO  |  INSERT SUCCESS: Uploaded flight_ticket_sales record no 126   
2023-12-12 20:18:51,596  |  DEBUG  |  ---------------------------------  
2023-12-12 20:18:51,599  |  DEBUG  |  ---------------------------------  
2023-12-12 20:18:51,600  |  INFO  |  INSERT SUCCESS: Uploaded flight_ticket_sales record no 127   
2023-12-12 20:18:51,602  |  DEBUG  |  ---------------------------------  
2023-12-12 20:18:51,604  |  DEBUG  |  ---------------------------------  
2023-12-12 20:18:51,605  |  INFO  |  INSERT SUCCESS: Uploaded flight_ticket_sales record no 128   
2023-12-12 20:18:51,605  |  DEBUG  |  ---------------------------------  
2023-12-12 20:18:51,607  |  DEBUG  |  ---------------------------------  
2023-12-12 20:18:51,609  |  INFO  |  INSERT SUCCESS: Uploaded flight_ticket_sales record no 129   
2023-12-12 20:18:51,610  |  DEBUG  |  ---------------------------------  
2023-12-12 20:18:51,613  |  DEBUG  |  ---------------------------------  
2023-12-12 20:18:51,634  |  INFO  |  INSERT SUCCESS: Uploaded flight_ticket_sales record no 130   
2023-12-12 20:18:51,634  |  DEBUG  |  ---------------------------------  
2023-12-12 20:18:51,637  |  DEBUG  |  ---------------------------------  
2023-12-12 20:18:51,638  |  INFO  |  INSERT SUCCESS: Uploaded flight_ticket_sales record no 131   
2023-12-12 20:18:51,639  |  DEBUG  |  ---------------------------------  
2023-12-12 20:18:51,640  |  DEBUG  |  ---------------------------------  
2023-12-12 20:18:51,640  |  INFO  |  INSERT SUCCESS: Uploaded flight_ticket_sales record no 132   
2023-12-12 20:18:51,641  |  DEBUG  |  ---------------------------------  
2023-12-12 20:18:51,642  |  DEBUG  |  ---------------------------------  
2023-12-12 20:18:51,645  |  INFO  |  INSERT SUCCESS: Uploaded flight_ticket_sales record no 133   
2023-12-12 20:18:51,651  |  DEBUG  |  ---------------------------------  
2023-12-12 20:18:51,655  |  DEBUG  |  ---------------------------------  
2023-12-12 20:18:51,656  |  INFO  |  INSERT SUCCESS: Uploaded flight_ticket_sales record no 134   
2023-12-12 20:18:51,658  |  DEBUG  |  ---------------------------------  
2023-12-12 20:18:51,660  |  DEBUG  |  ---------------------------------  
2023-12-12 20:18:51,661  |  INFO  |  INSERT SUCCESS: Uploaded flight_ticket_sales record no 135   
2023-12-12 20:18:51,662  |  DEBUG  |  ---------------------------------  
2023-12-12 20:18:51,666  |  DEBUG  |  ---------------------------------  
2023-12-12 20:18:51,714  |  INFO  |  INSERT SUCCESS: Uploaded flight_ticket_sales record no 136   
2023-12-12 20:18:51,714  |  DEBUG  |  ---------------------------------  
2023-12-12 20:18:51,716  |  DEBUG  |  ---------------------------------  
2023-12-12 20:18:51,716  |  INFO  |  INSERT SUCCESS: Uploaded flight_ticket_sales record no 137   
2023-12-12 20:18:51,716  |  DEBUG  |  ---------------------------------  
2023-12-12 20:18:51,718  |  DEBUG  |  ---------------------------------  
2023-12-12 20:18:51,718  |  INFO  |  INSERT SUCCESS: Uploaded flight_ticket_sales record no 138   
2023-12-12 20:18:51,719  |  DEBUG  |  ---------------------------------  
2023-12-12 20:18:51,721  |  DEBUG  |  ---------------------------------  
2023-12-12 20:18:51,723  |  INFO  |  INSERT SUCCESS: Uploaded flight_ticket_sales record no 139   
2023-12-12 20:18:51,723  |  DEBUG  |  ---------------------------------  
2023-12-12 20:18:51,725  |  DEBUG  |  ---------------------------------  
2023-12-12 20:18:51,726  |  INFO  |  INSERT SUCCESS: Uploaded flight_ticket_sales record no 140   
2023-12-12 20:18:51,728  |  DEBUG  |  ---------------------------------  
2023-12-12 20:18:51,730  |  DEBUG  |  ---------------------------------  
2023-12-12 20:18:51,730  |  INFO  |  INSERT SUCCESS: Uploaded flight_ticket_sales record no 141   
2023-12-12 20:18:51,731  |  DEBUG  |  ---------------------------------  
2023-12-12 20:18:51,735  |  DEBUG  |  ---------------------------------  
2023-12-12 20:18:51,736  |  INFO  |  INSERT SUCCESS: Uploaded flight_ticket_sales record no 142   
2023-12-12 20:18:51,736  |  DEBUG  |  ---------------------------------  
2023-12-12 20:18:51,738  |  DEBUG  |  ---------------------------------  
2023-12-12 20:18:51,739  |  INFO  |  INSERT SUCCESS: Uploaded flight_ticket_sales record no 143   
2023-12-12 20:18:51,740  |  DEBUG  |  ---------------------------------  
2023-12-12 20:18:51,743  |  DEBUG  |  ---------------------------------  
2023-12-12 20:18:51,744  |  INFO  |  INSERT SUCCESS: Uploaded flight_ticket_sales record no 144   
2023-12-12 20:18:51,745  |  DEBUG  |  ---------------------------------  
2023-12-12 20:18:51,746  |  DEBUG  |  ---------------------------------  
2023-12-12 20:18:51,748  |  INFO  |  INSERT SUCCESS: Uploaded flight_ticket_sales record no 145   
2023-12-12 20:18:51,749  |  DEBUG  |  ---------------------------------  
2023-12-12 20:18:51,751  |  DEBUG  |  ---------------------------------  
2023-12-12 20:18:51,751  |  INFO  |  INSERT SUCCESS: Uploaded flight_ticket_sales record no 146   
2023-12-12 20:18:51,752  |  DEBUG  |  ---------------------------------  
2023-12-12 20:18:51,753  |  DEBUG  |  ---------------------------------  
2023-12-12 20:18:51,756  |  INFO  |  INSERT SUCCESS: Uploaded flight_ticket_sales record no 147   
2023-12-12 20:18:51,756  |  DEBUG  |  ---------------------------------  
2023-12-12 20:18:51,758  |  DEBUG  |  ---------------------------------  
2023-12-12 20:18:51,759  |  INFO  |  INSERT SUCCESS: Uploaded flight_ticket_sales record no 148   
2023-12-12 20:18:51,759  |  DEBUG  |  ---------------------------------  
2023-12-12 20:18:51,762  |  DEBUG  |  ---------------------------------  
2023-12-12 20:18:51,762  |  INFO  |  INSERT SUCCESS: Uploaded flight_ticket_sales record no 149   
2023-12-12 20:18:51,763  |  DEBUG  |  ---------------------------------  
2023-12-12 20:18:51,765  |  DEBUG  |  ---------------------------------  
2023-12-12 20:18:51,766  |  INFO  |  INSERT SUCCESS: Uploaded flight_ticket_sales record no 150   
2023-12-12 20:18:51,766  |  DEBUG  |  ---------------------------------  
2023-12-12 20:18:51,770  |  DEBUG  |  ---------------------------------  
2023-12-12 20:18:51,771  |  INFO  |  INSERT SUCCESS: Uploaded flight_ticket_sales record no 151   
2023-12-12 20:18:51,771  |  DEBUG  |  ---------------------------------  
2023-12-12 20:18:51,773  |  DEBUG  |  ---------------------------------  
2023-12-12 20:18:51,773  |  INFO  |  INSERT SUCCESS: Uploaded flight_ticket_sales record no 152   
2023-12-12 20:18:51,774  |  DEBUG  |  ---------------------------------  
2023-12-12 20:18:51,776  |  DEBUG  |  ---------------------------------  
2023-12-12 20:18:51,777  |  INFO  |  INSERT SUCCESS: Uploaded flight_ticket_sales record no 153   
2023-12-12 20:18:51,777  |  DEBUG  |  ---------------------------------  
2023-12-12 20:18:51,779  |  DEBUG  |  ---------------------------------  
2023-12-12 20:18:51,780  |  INFO  |  INSERT SUCCESS: Uploaded flight_ticket_sales record no 154   
2023-12-12 20:18:51,780  |  DEBUG  |  ---------------------------------  
2023-12-12 20:18:51,781  |  DEBUG  |  ---------------------------------  
2023-12-12 20:18:51,783  |  INFO  |  INSERT SUCCESS: Uploaded flight_ticket_sales record no 155   
2023-12-12 20:18:51,783  |  DEBUG  |  ---------------------------------  
2023-12-12 20:18:51,785  |  DEBUG  |  ---------------------------------  
2023-12-12 20:18:51,785  |  INFO  |  INSERT SUCCESS: Uploaded flight_ticket_sales record no 156   
2023-12-12 20:18:51,786  |  DEBUG  |  ---------------------------------  
2023-12-12 20:18:51,787  |  DEBUG  |  ---------------------------------  
2023-12-12 20:18:51,788  |  INFO  |  INSERT SUCCESS: Uploaded flight_ticket_sales record no 157   
2023-12-12 20:18:51,788  |  DEBUG  |  ---------------------------------  
2023-12-12 20:18:51,790  |  DEBUG  |  ---------------------------------  
2023-12-12 20:18:51,791  |  INFO  |  INSERT SUCCESS: Uploaded flight_ticket_sales record no 158   
2023-12-12 20:18:51,791  |  DEBUG  |  ---------------------------------  
2023-12-12 20:18:51,793  |  DEBUG  |  ---------------------------------  
2023-12-12 20:18:51,793  |  INFO  |  INSERT SUCCESS: Uploaded flight_ticket_sales record no 159   
2023-12-12 20:18:51,794  |  DEBUG  |  ---------------------------------  
2023-12-12 20:18:51,795  |  DEBUG  |  ---------------------------------  
2023-12-12 20:18:51,796  |  INFO  |  INSERT SUCCESS: Uploaded flight_ticket_sales record no 160   
2023-12-12 20:18:51,797  |  DEBUG  |  ---------------------------------  
2023-12-12 20:18:51,798  |  DEBUG  |  ---------------------------------  
2023-12-12 20:18:51,799  |  INFO  |  INSERT SUCCESS: Uploaded flight_ticket_sales record no 161   
2023-12-12 20:18:51,799  |  DEBUG  |  ---------------------------------  
2023-12-12 20:18:51,800  |  DEBUG  |  ---------------------------------  
2023-12-12 20:18:51,801  |  INFO  |  INSERT SUCCESS: Uploaded flight_ticket_sales record no 162   
2023-12-12 20:18:51,801  |  DEBUG  |  ---------------------------------  
2023-12-12 20:18:51,803  |  DEBUG  |  ---------------------------------  
2023-12-12 20:18:51,804  |  INFO  |  INSERT SUCCESS: Uploaded flight_ticket_sales record no 163   
2023-12-12 20:18:51,805  |  DEBUG  |  ---------------------------------  
2023-12-12 20:18:51,806  |  DEBUG  |  ---------------------------------  
2023-12-12 20:18:51,807  |  INFO  |  INSERT SUCCESS: Uploaded flight_ticket_sales record no 164   
2023-12-12 20:18:51,807  |  DEBUG  |  ---------------------------------  
2023-12-12 20:18:51,808  |  DEBUG  |  ---------------------------------  
2023-12-12 20:18:51,809  |  INFO  |  INSERT SUCCESS: Uploaded flight_ticket_sales record no 165   
2023-12-12 20:18:51,810  |  DEBUG  |  ---------------------------------  
2023-12-12 20:18:51,812  |  DEBUG  |  ---------------------------------  
2023-12-12 20:18:51,812  |  INFO  |  INSERT SUCCESS: Uploaded flight_ticket_sales record no 166   
2023-12-12 20:18:51,813  |  DEBUG  |  ---------------------------------  
2023-12-12 20:18:51,814  |  DEBUG  |  ---------------------------------  
2023-12-12 20:18:51,815  |  INFO  |  INSERT SUCCESS: Uploaded flight_ticket_sales record no 167   
2023-12-12 20:18:51,815  |  DEBUG  |  ---------------------------------  
2023-12-12 20:18:51,817  |  DEBUG  |  ---------------------------------  
2023-12-12 20:18:51,818  |  INFO  |  INSERT SUCCESS: Uploaded flight_ticket_sales record no 168   
2023-12-12 20:18:51,818  |  DEBUG  |  ---------------------------------  
2023-12-12 20:18:51,820  |  DEBUG  |  ---------------------------------  
2023-12-12 20:18:51,820  |  INFO  |  INSERT SUCCESS: Uploaded flight_ticket_sales record no 169   
2023-12-12 20:18:51,821  |  DEBUG  |  ---------------------------------  
2023-12-12 20:18:51,822  |  DEBUG  |  ---------------------------------  
2023-12-12 20:18:51,823  |  INFO  |  INSERT SUCCESS: Uploaded flight_ticket_sales record no 170   
2023-12-12 20:18:51,824  |  DEBUG  |  ---------------------------------  
2023-12-12 20:18:51,826  |  DEBUG  |  ---------------------------------  
2023-12-12 20:18:51,826  |  INFO  |  INSERT SUCCESS: Uploaded flight_ticket_sales record no 171   
2023-12-12 20:18:51,827  |  DEBUG  |  ---------------------------------  
2023-12-12 20:18:51,828  |  DEBUG  |  ---------------------------------  
2023-12-12 20:18:51,829  |  INFO  |  INSERT SUCCESS: Uploaded flight_ticket_sales record no 172   
2023-12-12 20:18:51,829  |  DEBUG  |  ---------------------------------  
2023-12-12 20:18:51,831  |  DEBUG  |  ---------------------------------  
2023-12-12 20:18:51,832  |  INFO  |  INSERT SUCCESS: Uploaded flight_ticket_sales record no 173   
2023-12-12 20:18:51,832  |  DEBUG  |  ---------------------------------  
2023-12-12 20:18:51,834  |  DEBUG  |  ---------------------------------  
2023-12-12 20:18:51,834  |  INFO  |  INSERT SUCCESS: Uploaded flight_ticket_sales record no 174   
2023-12-12 20:18:51,835  |  DEBUG  |  ---------------------------------  
2023-12-12 20:18:51,836  |  DEBUG  |  ---------------------------------  
2023-12-12 20:18:51,837  |  INFO  |  INSERT SUCCESS: Uploaded flight_ticket_sales record no 175   
2023-12-12 20:18:51,838  |  DEBUG  |  ---------------------------------  
2023-12-12 20:18:51,839  |  DEBUG  |  ---------------------------------  
2023-12-12 20:18:51,840  |  INFO  |  INSERT SUCCESS: Uploaded flight_ticket_sales record no 176   
2023-12-12 20:18:51,840  |  DEBUG  |  ---------------------------------  
2023-12-12 20:18:51,842  |  DEBUG  |  ---------------------------------  
2023-12-12 20:18:51,842  |  INFO  |  INSERT SUCCESS: Uploaded flight_ticket_sales record no 177   
2023-12-12 20:18:51,843  |  DEBUG  |  ---------------------------------  
2023-12-12 20:18:51,844  |  DEBUG  |  ---------------------------------  
2023-12-12 20:18:51,845  |  INFO  |  INSERT SUCCESS: Uploaded flight_ticket_sales record no 178   
2023-12-12 20:18:51,846  |  DEBUG  |  ---------------------------------  
2023-12-12 20:18:51,847  |  DEBUG  |  ---------------------------------  
2023-12-12 20:18:51,848  |  INFO  |  INSERT SUCCESS: Uploaded flight_ticket_sales record no 179   
2023-12-12 20:18:51,848  |  DEBUG  |  ---------------------------------  
2023-12-12 20:18:51,849  |  DEBUG  |  ---------------------------------  
2023-12-12 20:18:51,850  |  INFO  |  INSERT SUCCESS: Uploaded flight_ticket_sales record no 180   
2023-12-12 20:18:51,850  |  DEBUG  |  ---------------------------------  
2023-12-12 20:18:51,852  |  DEBUG  |  ---------------------------------  
2023-12-12 20:18:51,853  |  INFO  |  INSERT SUCCESS: Uploaded flight_ticket_sales record no 181   
2023-12-12 20:18:51,853  |  DEBUG  |  ---------------------------------  
2023-12-12 20:18:51,854  |  DEBUG  |  ---------------------------------  
2023-12-12 20:18:51,855  |  INFO  |  INSERT SUCCESS: Uploaded flight_ticket_sales record no 182   
2023-12-12 20:18:51,855  |  DEBUG  |  ---------------------------------  
2023-12-12 20:18:51,856  |  DEBUG  |  ---------------------------------  
2023-12-12 20:18:51,857  |  INFO  |  INSERT SUCCESS: Uploaded flight_ticket_sales record no 183   
2023-12-12 20:18:51,857  |  DEBUG  |  ---------------------------------  
2023-12-12 20:18:51,859  |  DEBUG  |  ---------------------------------  
2023-12-12 20:18:51,860  |  INFO  |  INSERT SUCCESS: Uploaded flight_ticket_sales record no 184   
2023-12-12 20:18:51,860  |  DEBUG  |  ---------------------------------  
2023-12-12 20:18:51,862  |  DEBUG  |  ---------------------------------  
2023-12-12 20:18:51,862  |  INFO  |  INSERT SUCCESS: Uploaded flight_ticket_sales record no 185   
2023-12-12 20:18:51,862  |  DEBUG  |  ---------------------------------  
2023-12-12 20:18:51,864  |  DEBUG  |  ---------------------------------  
2023-12-12 20:18:51,864  |  INFO  |  INSERT SUCCESS: Uploaded flight_ticket_sales record no 186   
2023-12-12 20:18:51,864  |  DEBUG  |  ---------------------------------  
2023-12-12 20:18:51,866  |  DEBUG  |  ---------------------------------  
2023-12-12 20:18:51,867  |  INFO  |  INSERT SUCCESS: Uploaded flight_ticket_sales record no 187   
2023-12-12 20:18:51,867  |  DEBUG  |  ---------------------------------  
2023-12-12 20:18:51,869  |  DEBUG  |  ---------------------------------  
2023-12-12 20:18:51,869  |  INFO  |  INSERT SUCCESS: Uploaded flight_ticket_sales record no 188   
2023-12-12 20:18:51,869  |  DEBUG  |  ---------------------------------  
2023-12-12 20:18:51,870  |  DEBUG  |  ---------------------------------  
2023-12-12 20:18:51,871  |  INFO  |  INSERT SUCCESS: Uploaded flight_ticket_sales record no 189   
2023-12-12 20:18:51,871  |  DEBUG  |  ---------------------------------  
2023-12-12 20:18:51,873  |  DEBUG  |  ---------------------------------  
2023-12-12 20:18:51,874  |  INFO  |  INSERT SUCCESS: Uploaded flight_ticket_sales record no 190   
2023-12-12 20:18:51,874  |  DEBUG  |  ---------------------------------  
2023-12-12 20:18:51,876  |  DEBUG  |  ---------------------------------  
2023-12-12 20:18:51,876  |  INFO  |  INSERT SUCCESS: Uploaded flight_ticket_sales record no 191   
2023-12-12 20:18:51,877  |  DEBUG  |  ---------------------------------  
2023-12-12 20:18:51,878  |  DEBUG  |  ---------------------------------  
2023-12-12 20:18:51,879  |  INFO  |  INSERT SUCCESS: Uploaded flight_ticket_sales record no 192   
2023-12-12 20:18:51,880  |  DEBUG  |  ---------------------------------  
2023-12-12 20:18:51,882  |  DEBUG  |  ---------------------------------  
2023-12-12 20:18:51,882  |  INFO  |  INSERT SUCCESS: Uploaded flight_ticket_sales record no 193   
2023-12-12 20:18:51,883  |  DEBUG  |  ---------------------------------  
2023-12-12 20:18:51,884  |  DEBUG  |  ---------------------------------  
2023-12-12 20:18:51,884  |  INFO  |  INSERT SUCCESS: Uploaded flight_ticket_sales record no 194   
2023-12-12 20:18:51,885  |  DEBUG  |  ---------------------------------  
2023-12-12 20:18:51,887  |  DEBUG  |  ---------------------------------  
2023-12-12 20:18:51,887  |  INFO  |  INSERT SUCCESS: Uploaded flight_ticket_sales record no 195   
2023-12-12 20:18:51,888  |  DEBUG  |  ---------------------------------  
2023-12-12 20:18:51,889  |  DEBUG  |  ---------------------------------  
2023-12-12 20:18:51,890  |  INFO  |  INSERT SUCCESS: Uploaded flight_ticket_sales record no 196   
2023-12-12 20:18:51,890  |  DEBUG  |  ---------------------------------  
2023-12-12 20:18:51,892  |  DEBUG  |  ---------------------------------  
2023-12-12 20:18:51,893  |  INFO  |  INSERT SUCCESS: Uploaded flight_ticket_sales record no 197   
2023-12-12 20:18:51,894  |  DEBUG  |  ---------------------------------  
2023-12-12 20:18:51,895  |  DEBUG  |  ---------------------------------  
2023-12-12 20:18:51,896  |  INFO  |  INSERT SUCCESS: Uploaded flight_ticket_sales record no 198   
2023-12-12 20:18:51,896  |  DEBUG  |  ---------------------------------  
2023-12-12 20:18:51,897  |  DEBUG  |  ---------------------------------  
2023-12-12 20:18:51,898  |  INFO  |  INSERT SUCCESS: Uploaded flight_ticket_sales record no 199   
2023-12-12 20:18:51,899  |  DEBUG  |  ---------------------------------  
2023-12-12 20:18:51,901  |  DEBUG  |  ---------------------------------  
2023-12-12 20:18:51,902  |  INFO  |  INSERT SUCCESS: Uploaded flight_ticket_sales record no 200   
2023-12-12 20:18:51,902  |  DEBUG  |  ---------------------------------  
2023-12-12 20:18:51,903  |  DEBUG  |  ---------------------------------  
2023-12-12 20:18:51,904  |  INFO  |  INSERT SUCCESS: Uploaded flight_ticket_sales record no 201   
2023-12-12 20:18:51,904  |  DEBUG  |  ---------------------------------  
2023-12-12 20:18:51,905  |  DEBUG  |  ---------------------------------  
2023-12-12 20:18:51,906  |  INFO  |  INSERT SUCCESS: Uploaded flight_ticket_sales record no 202   
2023-12-12 20:18:51,906  |  DEBUG  |  ---------------------------------  
2023-12-12 20:18:51,931  |  DEBUG  |  ---------------------------------  
2023-12-12 20:18:51,932  |  INFO  |  INSERT SUCCESS: Uploaded flight_ticket_sales record no 203   
2023-12-12 20:18:51,966  |  DEBUG  |  ---------------------------------  
2023-12-12 20:18:51,969  |  DEBUG  |  ---------------------------------  
2023-12-12 20:18:51,995  |  INFO  |  INSERT SUCCESS: Uploaded flight_ticket_sales record no 204   
2023-12-12 20:18:51,997  |  DEBUG  |  ---------------------------------  
2023-12-12 20:18:52,022  |  DEBUG  |  ---------------------------------  
2023-12-12 20:18:52,023  |  INFO  |  INSERT SUCCESS: Uploaded flight_ticket_sales record no 205   
2023-12-12 20:18:52,054  |  DEBUG  |  ---------------------------------  
2023-12-12 20:18:52,056  |  DEBUG  |  ---------------------------------  
2023-12-12 20:18:52,056  |  INFO  |  INSERT SUCCESS: Uploaded flight_ticket_sales record no 206   
2023-12-12 20:18:52,057  |  DEBUG  |  ---------------------------------  
2023-12-12 20:18:52,058  |  DEBUG  |  ---------------------------------  
2023-12-12 20:18:52,062  |  INFO  |  INSERT SUCCESS: Uploaded flight_ticket_sales record no 207   
2023-12-12 20:18:52,062  |  DEBUG  |  ---------------------------------  
2023-12-12 20:18:52,064  |  DEBUG  |  ---------------------------------  
2023-12-12 20:18:52,068  |  INFO  |  INSERT SUCCESS: Uploaded flight_ticket_sales record no 208   
2023-12-12 20:18:52,069  |  DEBUG  |  ---------------------------------  
2023-12-12 20:18:52,070  |  DEBUG  |  ---------------------------------  
2023-12-12 20:18:52,071  |  INFO  |  INSERT SUCCESS: Uploaded flight_ticket_sales record no 209   
2023-12-12 20:18:52,071  |  DEBUG  |  ---------------------------------  
2023-12-12 20:18:52,074  |  DEBUG  |  ---------------------------------  
2023-12-12 20:18:52,175  |  INFO  |  INSERT SUCCESS: Uploaded flight_ticket_sales record no 210   
2023-12-12 20:18:52,177  |  DEBUG  |  ---------------------------------  
2023-12-12 20:18:52,179  |  DEBUG  |  ---------------------------------  
2023-12-12 20:18:52,180  |  INFO  |  INSERT SUCCESS: Uploaded flight_ticket_sales record no 211   
2023-12-12 20:18:52,180  |  DEBUG  |  ---------------------------------  
2023-12-12 20:18:52,190  |  DEBUG  |  ---------------------------------  
2023-12-12 20:18:52,195  |  INFO  |  INSERT SUCCESS: Uploaded flight_ticket_sales record no 212   
2023-12-12 20:18:52,196  |  DEBUG  |  ---------------------------------  
2023-12-12 20:18:52,198  |  DEBUG  |  ---------------------------------  
2023-12-12 20:18:52,200  |  INFO  |  INSERT SUCCESS: Uploaded flight_ticket_sales record no 213   
2023-12-12 20:18:52,201  |  DEBUG  |  ---------------------------------  
2023-12-12 20:18:52,204  |  DEBUG  |  ---------------------------------  
2023-12-12 20:18:52,205  |  INFO  |  INSERT SUCCESS: Uploaded flight_ticket_sales record no 214   
2023-12-12 20:18:52,221  |  DEBUG  |  ---------------------------------  
2023-12-12 20:18:52,223  |  DEBUG  |  ---------------------------------  
2023-12-12 20:18:52,224  |  INFO  |  INSERT SUCCESS: Uploaded flight_ticket_sales record no 215   
2023-12-12 20:18:52,224  |  DEBUG  |  ---------------------------------  
2023-12-12 20:18:52,226  |  DEBUG  |  ---------------------------------  
2023-12-12 20:18:52,227  |  INFO  |  INSERT SUCCESS: Uploaded flight_ticket_sales record no 216   
2023-12-12 20:18:52,227  |  DEBUG  |  ---------------------------------  
2023-12-12 20:18:52,229  |  DEBUG  |  ---------------------------------  
2023-12-12 20:18:52,230  |  INFO  |  INSERT SUCCESS: Uploaded flight_ticket_sales record no 217   
2023-12-12 20:18:52,231  |  DEBUG  |  ---------------------------------  
2023-12-12 20:18:52,233  |  DEBUG  |  ---------------------------------  
2023-12-12 20:18:52,235  |  INFO  |  INSERT SUCCESS: Uploaded flight_ticket_sales record no 218   
2023-12-12 20:18:52,236  |  DEBUG  |  ---------------------------------  
2023-12-12 20:18:52,238  |  DEBUG  |  ---------------------------------  
2023-12-12 20:18:52,238  |  INFO  |  INSERT SUCCESS: Uploaded flight_ticket_sales record no 219   
2023-12-12 20:18:52,239  |  DEBUG  |  ---------------------------------  
2023-12-12 20:18:52,242  |  DEBUG  |  ---------------------------------  
2023-12-12 20:18:52,242  |  INFO  |  INSERT SUCCESS: Uploaded flight_ticket_sales record no 220   
2023-12-12 20:18:52,243  |  DEBUG  |  ---------------------------------  
2023-12-12 20:18:52,245  |  DEBUG  |  ---------------------------------  
2023-12-12 20:18:52,245  |  INFO  |  INSERT SUCCESS: Uploaded flight_ticket_sales record no 221   
2023-12-12 20:18:52,246  |  DEBUG  |  ---------------------------------  
2023-12-12 20:18:52,249  |  DEBUG  |  ---------------------------------  
2023-12-12 20:18:52,250  |  INFO  |  INSERT SUCCESS: Uploaded flight_ticket_sales record no 222   
2023-12-12 20:18:52,251  |  DEBUG  |  ---------------------------------  
2023-12-12 20:18:52,253  |  DEBUG  |  ---------------------------------  
2023-12-12 20:18:52,269  |  INFO  |  INSERT SUCCESS: Uploaded flight_ticket_sales record no 223   
2023-12-12 20:18:52,270  |  DEBUG  |  ---------------------------------  
2023-12-12 20:18:52,272  |  DEBUG  |  ---------------------------------  
2023-12-12 20:18:52,272  |  INFO  |  INSERT SUCCESS: Uploaded flight_ticket_sales record no 224   
2023-12-12 20:18:52,273  |  DEBUG  |  ---------------------------------  
2023-12-12 20:18:52,275  |  DEBUG  |  ---------------------------------  
2023-12-12 20:18:52,276  |  INFO  |  INSERT SUCCESS: Uploaded flight_ticket_sales record no 225   
2023-12-12 20:18:52,277  |  DEBUG  |  ---------------------------------  
2023-12-12 20:18:52,279  |  DEBUG  |  ---------------------------------  
2023-12-12 20:18:52,280  |  INFO  |  INSERT SUCCESS: Uploaded flight_ticket_sales record no 226   
2023-12-12 20:18:52,280  |  DEBUG  |  ---------------------------------  
2023-12-12 20:18:52,283  |  DEBUG  |  ---------------------------------  
2023-12-12 20:18:52,283  |  INFO  |  INSERT SUCCESS: Uploaded flight_ticket_sales record no 227   
2023-12-12 20:18:52,284  |  DEBUG  |  ---------------------------------  
2023-12-12 20:18:52,286  |  DEBUG  |  ---------------------------------  
2023-12-12 20:18:52,286  |  INFO  |  INSERT SUCCESS: Uploaded flight_ticket_sales record no 228   
2023-12-12 20:18:52,287  |  DEBUG  |  ---------------------------------  
2023-12-12 20:18:52,291  |  DEBUG  |  ---------------------------------  
2023-12-12 20:18:52,292  |  INFO  |  INSERT SUCCESS: Uploaded flight_ticket_sales record no 229   
2023-12-12 20:18:52,293  |  DEBUG  |  ---------------------------------  
2023-12-12 20:18:52,295  |  DEBUG  |  ---------------------------------  
2023-12-12 20:18:52,295  |  INFO  |  INSERT SUCCESS: Uploaded flight_ticket_sales record no 230   
2023-12-12 20:18:52,298  |  DEBUG  |  ---------------------------------  
2023-12-12 20:18:52,301  |  DEBUG  |  ---------------------------------  
2023-12-12 20:18:52,318  |  INFO  |  INSERT SUCCESS: Uploaded flight_ticket_sales record no 231   
2023-12-12 20:18:52,319  |  DEBUG  |  ---------------------------------  
2023-12-12 20:18:52,320  |  DEBUG  |  ---------------------------------  
2023-12-12 20:18:52,321  |  INFO  |  INSERT SUCCESS: Uploaded flight_ticket_sales record no 232   
2023-12-12 20:18:52,321  |  DEBUG  |  ---------------------------------  
2023-12-12 20:18:52,322  |  DEBUG  |  ---------------------------------  
2023-12-12 20:18:52,323  |  INFO  |  INSERT SUCCESS: Uploaded flight_ticket_sales record no 233   
2023-12-12 20:18:52,325  |  DEBUG  |  ---------------------------------  
2023-12-12 20:18:52,327  |  DEBUG  |  ---------------------------------  
2023-12-12 20:18:52,328  |  INFO  |  INSERT SUCCESS: Uploaded flight_ticket_sales record no 234   
2023-12-12 20:18:52,328  |  DEBUG  |  ---------------------------------  
2023-12-12 20:18:52,330  |  DEBUG  |  ---------------------------------  
2023-12-12 20:18:52,332  |  INFO  |  INSERT SUCCESS: Uploaded flight_ticket_sales record no 235   
2023-12-12 20:18:52,333  |  DEBUG  |  ---------------------------------  
2023-12-12 20:18:52,334  |  DEBUG  |  ---------------------------------  
2023-12-12 20:18:52,335  |  INFO  |  INSERT SUCCESS: Uploaded flight_ticket_sales record no 236   
2023-12-12 20:18:52,336  |  DEBUG  |  ---------------------------------  
2023-12-12 20:18:52,339  |  DEBUG  |  ---------------------------------  
2023-12-12 20:18:52,340  |  INFO  |  INSERT SUCCESS: Uploaded flight_ticket_sales record no 237   
2023-12-12 20:18:52,340  |  DEBUG  |  ---------------------------------  
2023-12-12 20:18:52,342  |  DEBUG  |  ---------------------------------  
2023-12-12 20:18:52,343  |  INFO  |  INSERT SUCCESS: Uploaded flight_ticket_sales record no 238   
2023-12-12 20:18:52,343  |  DEBUG  |  ---------------------------------  
2023-12-12 20:18:52,346  |  DEBUG  |  ---------------------------------  
2023-12-12 20:18:52,347  |  INFO  |  INSERT SUCCESS: Uploaded flight_ticket_sales record no 239   
2023-12-12 20:18:52,347  |  DEBUG  |  ---------------------------------  
2023-12-12 20:18:52,350  |  DEBUG  |  ---------------------------------  
2023-12-12 20:18:52,366  |  INFO  |  INSERT SUCCESS: Uploaded flight_ticket_sales record no 240   
2023-12-12 20:18:52,367  |  DEBUG  |  ---------------------------------  
2023-12-12 20:18:52,368  |  DEBUG  |  ---------------------------------  
2023-12-12 20:18:52,369  |  INFO  |  INSERT SUCCESS: Uploaded flight_ticket_sales record no 241   
2023-12-12 20:18:52,369  |  DEBUG  |  ---------------------------------  
2023-12-12 20:18:52,371  |  DEBUG  |  ---------------------------------  
2023-12-12 20:18:52,371  |  INFO  |  INSERT SUCCESS: Uploaded flight_ticket_sales record no 242   
2023-12-12 20:18:52,374  |  DEBUG  |  ---------------------------------  
2023-12-12 20:18:52,376  |  DEBUG  |  ---------------------------------  
2023-12-12 20:18:52,377  |  INFO  |  INSERT SUCCESS: Uploaded flight_ticket_sales record no 243   
2023-12-12 20:18:52,377  |  DEBUG  |  ---------------------------------  
2023-12-12 20:18:52,381  |  DEBUG  |  ---------------------------------  
2023-12-12 20:18:52,382  |  INFO  |  INSERT SUCCESS: Uploaded flight_ticket_sales record no 244   
2023-12-12 20:18:52,383  |  DEBUG  |  ---------------------------------  
2023-12-12 20:18:52,385  |  DEBUG  |  ---------------------------------  
2023-12-12 20:18:52,386  |  INFO  |  INSERT SUCCESS: Uploaded flight_ticket_sales record no 245   
2023-12-12 20:18:52,388  |  DEBUG  |  ---------------------------------  
2023-12-12 20:18:52,390  |  DEBUG  |  ---------------------------------  
2023-12-12 20:18:52,390  |  INFO  |  INSERT SUCCESS: Uploaded flight_ticket_sales record no 246   
2023-12-12 20:18:52,391  |  DEBUG  |  ---------------------------------  
2023-12-12 20:18:52,392  |  DEBUG  |  ---------------------------------  
2023-12-12 20:18:52,394  |  INFO  |  INSERT SUCCESS: Uploaded flight_ticket_sales record no 247   
2023-12-12 20:18:52,396  |  DEBUG  |  ---------------------------------  
2023-12-12 20:18:52,398  |  DEBUG  |  ---------------------------------  
2023-12-12 20:18:52,413  |  INFO  |  INSERT SUCCESS: Uploaded flight_ticket_sales record no 248   
2023-12-12 20:18:52,414  |  DEBUG  |  ---------------------------------  
2023-12-12 20:18:52,416  |  DEBUG  |  ---------------------------------  
2023-12-12 20:18:52,416  |  INFO  |  INSERT SUCCESS: Uploaded flight_ticket_sales record no 249   
2023-12-12 20:18:52,417  |  DEBUG  |  ---------------------------------  
2023-12-12 20:18:52,419  |  DEBUG  |  ---------------------------------  
2023-12-12 20:18:52,419  |  INFO  |  INSERT SUCCESS: Uploaded flight_ticket_sales record no 250   
2023-12-12 20:18:52,420  |  DEBUG  |  ---------------------------------  
2023-12-12 20:18:52,424  |  DEBUG  |  ---------------------------------  
2023-12-12 20:18:52,425  |  INFO  |  INSERT SUCCESS: Uploaded flight_ticket_sales record no 251   
2023-12-12 20:18:52,425  |  DEBUG  |  ---------------------------------  
2023-12-12 20:18:52,427  |  DEBUG  |  ---------------------------------  
2023-12-12 20:18:52,428  |  INFO  |  INSERT SUCCESS: Uploaded flight_ticket_sales record no 252   
2023-12-12 20:18:52,429  |  DEBUG  |  ---------------------------------  
2023-12-12 20:18:52,431  |  DEBUG  |  ---------------------------------  
2023-12-12 20:18:52,431  |  INFO  |  INSERT SUCCESS: Uploaded flight_ticket_sales record no 253   
2023-12-12 20:18:52,432  |  DEBUG  |  ---------------------------------  
2023-12-12 20:18:52,434  |  DEBUG  |  ---------------------------------  
2023-12-12 20:18:52,434  |  INFO  |  INSERT SUCCESS: Uploaded flight_ticket_sales record no 254   
2023-12-12 20:18:52,436  |  DEBUG  |  ---------------------------------  
2023-12-12 20:18:52,438  |  DEBUG  |  ---------------------------------  
2023-12-12 20:18:52,438  |  INFO  |  INSERT SUCCESS: Uploaded flight_ticket_sales record no 255   
2023-12-12 20:18:52,439  |  DEBUG  |  ---------------------------------  
2023-12-12 20:18:52,441  |  DEBUG  |  ---------------------------------  
2023-12-12 20:18:52,444  |  INFO  |  INSERT SUCCESS: Uploaded flight_ticket_sales record no 256   
2023-12-12 20:18:52,461  |  DEBUG  |  ---------------------------------  
2023-12-12 20:18:52,464  |  DEBUG  |  ---------------------------------  
2023-12-12 20:18:52,464  |  INFO  |  INSERT SUCCESS: Uploaded flight_ticket_sales record no 257   
2023-12-12 20:18:52,465  |  DEBUG  |  ---------------------------------  
2023-12-12 20:18:52,466  |  DEBUG  |  ---------------------------------  
2023-12-12 20:18:52,467  |  INFO  |  INSERT SUCCESS: Uploaded flight_ticket_sales record no 258   
2023-12-12 20:18:52,467  |  DEBUG  |  ---------------------------------  
2023-12-12 20:18:52,471  |  DEBUG  |  ---------------------------------  
2023-12-12 20:18:52,472  |  INFO  |  INSERT SUCCESS: Uploaded flight_ticket_sales record no 259   
2023-12-12 20:18:52,472  |  DEBUG  |  ---------------------------------  
2023-12-12 20:18:52,474  |  DEBUG  |  ---------------------------------  
2023-12-12 20:18:52,475  |  INFO  |  INSERT SUCCESS: Uploaded flight_ticket_sales record no 260   
2023-12-12 20:18:52,475  |  DEBUG  |  ---------------------------------  
2023-12-12 20:18:52,479  |  DEBUG  |  ---------------------------------  
2023-12-12 20:18:52,480  |  INFO  |  INSERT SUCCESS: Uploaded flight_ticket_sales record no 261   
2023-12-12 20:18:52,481  |  DEBUG  |  ---------------------------------  
2023-12-12 20:18:52,483  |  DEBUG  |  ---------------------------------  
2023-12-12 20:18:52,485  |  INFO  |  INSERT SUCCESS: Uploaded flight_ticket_sales record no 262   
2023-12-12 20:18:52,486  |  DEBUG  |  ---------------------------------  
2023-12-12 20:18:52,488  |  DEBUG  |  ---------------------------------  
2023-12-12 20:18:52,489  |  INFO  |  INSERT SUCCESS: Uploaded flight_ticket_sales record no 263   
2023-12-12 20:18:52,489  |  DEBUG  |  ---------------------------------  
2023-12-12 20:18:52,492  |  DEBUG  |  ---------------------------------  
2023-12-12 20:18:52,514  |  INFO  |  INSERT SUCCESS: Uploaded flight_ticket_sales record no 264   
2023-12-12 20:18:52,516  |  DEBUG  |  ---------------------------------  
2023-12-12 20:18:52,517  |  DEBUG  |  ---------------------------------  
2023-12-12 20:18:52,519  |  INFO  |  INSERT SUCCESS: Uploaded flight_ticket_sales record no 265   
2023-12-12 20:18:52,526  |  DEBUG  |  ---------------------------------  
2023-12-12 20:18:52,541  |  DEBUG  |  ---------------------------------  
2023-12-12 20:18:52,542  |  INFO  |  INSERT SUCCESS: Uploaded flight_ticket_sales record no 266   
2023-12-12 20:18:52,542  |  DEBUG  |  ---------------------------------  
2023-12-12 20:18:52,544  |  DEBUG  |  ---------------------------------  
2023-12-12 20:18:52,545  |  INFO  |  INSERT SUCCESS: Uploaded flight_ticket_sales record no 267   
2023-12-12 20:18:52,545  |  DEBUG  |  ---------------------------------  
2023-12-12 20:18:52,549  |  DEBUG  |  ---------------------------------  
2023-12-12 20:18:52,550  |  INFO  |  INSERT SUCCESS: Uploaded flight_ticket_sales record no 268   
2023-12-12 20:18:52,550  |  DEBUG  |  ---------------------------------  
2023-12-12 20:18:52,552  |  DEBUG  |  ---------------------------------  
2023-12-12 20:18:52,554  |  INFO  |  INSERT SUCCESS: Uploaded flight_ticket_sales record no 269   
2023-12-12 20:18:52,555  |  DEBUG  |  ---------------------------------  
2023-12-12 20:18:52,573  |  DEBUG  |  ---------------------------------  
2023-12-12 20:18:52,574  |  INFO  |  INSERT SUCCESS: Uploaded flight_ticket_sales record no 270   
2023-12-12 20:18:52,575  |  DEBUG  |  ---------------------------------  
2023-12-12 20:18:52,576  |  DEBUG  |  ---------------------------------  
2023-12-12 20:18:52,577  |  INFO  |  INSERT SUCCESS: Uploaded flight_ticket_sales record no 271   
2023-12-12 20:18:52,577  |  DEBUG  |  ---------------------------------  
2023-12-12 20:18:52,579  |  DEBUG  |  ---------------------------------  
2023-12-12 20:18:52,580  |  INFO  |  INSERT SUCCESS: Uploaded flight_ticket_sales record no 272   
2023-12-12 20:18:52,580  |  DEBUG  |  ---------------------------------  
2023-12-12 20:18:52,583  |  DEBUG  |  ---------------------------------  
2023-12-12 20:18:52,584  |  INFO  |  INSERT SUCCESS: Uploaded flight_ticket_sales record no 273   
2023-12-12 20:18:52,585  |  DEBUG  |  ---------------------------------  
2023-12-12 20:18:52,588  |  DEBUG  |  ---------------------------------  
2023-12-12 20:18:52,589  |  INFO  |  INSERT SUCCESS: Uploaded flight_ticket_sales record no 274   
2023-12-12 20:18:52,590  |  DEBUG  |  ---------------------------------  
2023-12-12 20:18:52,592  |  DEBUG  |  ---------------------------------  
2023-12-12 20:18:52,593  |  INFO  |  INSERT SUCCESS: Uploaded flight_ticket_sales record no 275   
2023-12-12 20:18:52,594  |  DEBUG  |  ---------------------------------  
2023-12-12 20:18:52,596  |  DEBUG  |  ---------------------------------  
2023-12-12 20:18:52,597  |  INFO  |  INSERT SUCCESS: Uploaded flight_ticket_sales record no 276   
2023-12-12 20:18:52,597  |  DEBUG  |  ---------------------------------  
2023-12-12 20:18:52,599  |  DEBUG  |  ---------------------------------  
2023-12-12 20:18:52,619  |  INFO  |  INSERT SUCCESS: Uploaded flight_ticket_sales record no 277   
2023-12-12 20:18:52,619  |  DEBUG  |  ---------------------------------  
2023-12-12 20:18:52,621  |  DEBUG  |  ---------------------------------  
2023-12-12 20:18:52,622  |  INFO  |  INSERT SUCCESS: Uploaded flight_ticket_sales record no 278   
2023-12-12 20:18:52,622  |  DEBUG  |  ---------------------------------  
2023-12-12 20:18:52,626  |  DEBUG  |  ---------------------------------  
2023-12-12 20:18:52,627  |  INFO  |  INSERT SUCCESS: Uploaded flight_ticket_sales record no 279   
2023-12-12 20:18:52,627  |  DEBUG  |  ---------------------------------  
2023-12-12 20:18:52,631  |  DEBUG  |  ---------------------------------  
2023-12-12 20:18:52,631  |  INFO  |  INSERT SUCCESS: Uploaded flight_ticket_sales record no 280   
2023-12-12 20:18:52,632  |  DEBUG  |  ---------------------------------  
2023-12-12 20:18:52,633  |  DEBUG  |  ---------------------------------  
2023-12-12 20:18:52,634  |  INFO  |  INSERT SUCCESS: Uploaded flight_ticket_sales record no 281   
2023-12-12 20:18:52,634  |  DEBUG  |  ---------------------------------  
2023-12-12 20:18:52,636  |  DEBUG  |  ---------------------------------  
2023-12-12 20:18:52,640  |  INFO  |  INSERT SUCCESS: Uploaded flight_ticket_sales record no 282   
2023-12-12 20:18:52,641  |  DEBUG  |  ---------------------------------  
2023-12-12 20:18:52,643  |  DEBUG  |  ---------------------------------  
2023-12-12 20:18:52,643  |  INFO  |  INSERT SUCCESS: Uploaded flight_ticket_sales record no 283   
2023-12-12 20:18:52,644  |  DEBUG  |  ---------------------------------  
2023-12-12 20:18:52,647  |  DEBUG  |  ---------------------------------  
2023-12-12 20:18:52,648  |  INFO  |  INSERT SUCCESS: Uploaded flight_ticket_sales record no 284   
2023-12-12 20:18:52,649  |  DEBUG  |  ---------------------------------  
2023-12-12 20:18:52,654  |  DEBUG  |  ---------------------------------  
2023-12-12 20:18:52,670  |  INFO  |  INSERT SUCCESS: Uploaded flight_ticket_sales record no 285   
2023-12-12 20:18:52,672  |  DEBUG  |  ---------------------------------  
2023-12-12 20:18:52,673  |  DEBUG  |  ---------------------------------  
2023-12-12 20:18:52,675  |  INFO  |  INSERT SUCCESS: Uploaded flight_ticket_sales record no 286   
2023-12-12 20:18:52,675  |  DEBUG  |  ---------------------------------  
2023-12-12 20:18:52,676  |  DEBUG  |  ---------------------------------  
2023-12-12 20:18:52,678  |  INFO  |  INSERT SUCCESS: Uploaded flight_ticket_sales record no 287   
2023-12-12 20:18:52,678  |  DEBUG  |  ---------------------------------  
2023-12-12 20:18:52,681  |  DEBUG  |  ---------------------------------  
2023-12-12 20:18:52,681  |  INFO  |  INSERT SUCCESS: Uploaded flight_ticket_sales record no 288   
2023-12-12 20:18:52,681  |  DEBUG  |  ---------------------------------  
2023-12-12 20:18:52,683  |  DEBUG  |  ---------------------------------  
2023-12-12 20:18:52,684  |  INFO  |  INSERT SUCCESS: Uploaded flight_ticket_sales record no 289   
2023-12-12 20:18:52,685  |  DEBUG  |  ---------------------------------  
2023-12-12 20:18:52,687  |  DEBUG  |  ---------------------------------  
2023-12-12 20:18:52,688  |  INFO  |  INSERT SUCCESS: Uploaded flight_ticket_sales record no 290   
2023-12-12 20:18:52,688  |  DEBUG  |  ---------------------------------  
2023-12-12 20:18:52,690  |  DEBUG  |  ---------------------------------  
2023-12-12 20:18:52,693  |  INFO  |  INSERT SUCCESS: Uploaded flight_ticket_sales record no 291   
2023-12-12 20:18:52,693  |  DEBUG  |  ---------------------------------  
2023-12-12 20:18:52,695  |  DEBUG  |  ---------------------------------  
2023-12-12 20:18:52,696  |  INFO  |  INSERT SUCCESS: Uploaded flight_ticket_sales record no 292   
2023-12-12 20:18:52,697  |  DEBUG  |  ---------------------------------  
2023-12-12 20:18:52,700  |  DEBUG  |  ---------------------------------  
2023-12-12 20:18:52,701  |  INFO  |  INSERT SUCCESS: Uploaded flight_ticket_sales record no 293   
2023-12-12 20:18:52,701  |  DEBUG  |  ---------------------------------  
2023-12-12 20:18:52,703  |  DEBUG  |  ---------------------------------  
2023-12-12 20:18:52,704  |  INFO  |  INSERT SUCCESS: Uploaded flight_ticket_sales record no 294   
2023-12-12 20:18:52,704  |  DEBUG  |  ---------------------------------  
2023-12-12 20:18:52,707  |  DEBUG  |  ---------------------------------  
2023-12-12 20:18:52,708  |  INFO  |  INSERT SUCCESS: Uploaded flight_ticket_sales record no 295   
2023-12-12 20:18:52,709  |  DEBUG  |  ---------------------------------  
2023-12-12 20:18:52,726  |  DEBUG  |  ---------------------------------  
2023-12-12 20:18:52,727  |  INFO  |  INSERT SUCCESS: Uploaded flight_ticket_sales record no 296   
2023-12-12 20:18:52,728  |  DEBUG  |  ---------------------------------  
2023-12-12 20:18:52,730  |  DEBUG  |  ---------------------------------  
2023-12-12 20:18:52,730  |  INFO  |  INSERT SUCCESS: Uploaded flight_ticket_sales record no 297   
2023-12-12 20:18:52,731  |  DEBUG  |  ---------------------------------  
2023-12-12 20:18:52,734  |  DEBUG  |  ---------------------------------  
2023-12-12 20:18:52,735  |  INFO  |  INSERT SUCCESS: Uploaded flight_ticket_sales record no 298   
2023-12-12 20:18:52,736  |  DEBUG  |  ---------------------------------  
2023-12-12 20:18:52,738  |  DEBUG  |  ---------------------------------  
2023-12-12 20:18:52,738  |  INFO  |  INSERT SUCCESS: Uploaded flight_ticket_sales record no 299   
2023-12-12 20:18:52,739  |  DEBUG  |  ---------------------------------  
2023-12-12 20:18:52,742  |  DEBUG  |  ---------------------------------  
2023-12-12 20:18:52,744  |  INFO  |  INSERT SUCCESS: Uploaded flight_ticket_sales record no 300   
2023-12-12 20:18:52,746  |  DEBUG  |  ---------------------------------  
2023-12-12 20:18:52,785  |  INFO  |  Rows after SQL insert in Postgres: 300   
2023-12-12 20:18:52,787  |  DEBUG  |    
2023-12-12 20:18:52,787  |  WARNING  |    
2023-12-12 20:18:52,788  |  WARNING  |    
2023-12-12 20:18:52,788  |  WARNING  |  ================================================  
2023-12-12 20:18:52,790  |  WARNING  |             SENSITIVE COLUMN IDENTIFICATION                
2023-12-12 20:18:52,791  |  WARNING  |  ================================================  
2023-12-12 20:18:52,791  |  WARNING  |    
2023-12-12 20:18:52,791  |  ERROR  |  IMPORTANT NOTE: Invest time in understanding the underlying data fields to avoid highlighting the incorrect fields or omitting fields containing confidential information.            
2023-12-12 20:18:52,792  |  ERROR  |    
2023-12-12 20:18:52,792  |  ERROR  |        Involving the relevant stakeholders in the process of identifying sensitive data fields from the source data is a crucial step to protecting confidential information.   
2023-12-12 20:18:52,793  |  ERROR  |    
2023-12-12 20:18:52,793  |  ERROR  |        Neglecting this step could expose customers and the wider company to serious harm (e.g. cybersecurity hacks, data breaches, unauthorized access to sensitive data), so approach this task with the utmost care.   
2023-12-12 20:18:52,794  |  WARNING  |    
2023-12-12 20:18:52,794  |  WARNING  |    
2023-12-12 20:18:52,795  |  WARNING  |  Now beginning the sensitive column identification stage ...  
2023-12-12 20:18:52,795  |  WARNING  |    
2023-12-12 20:18:52,796  |  WARNING  |  Here are the columns considered sensitive in this table ...  
2023-12-12 20:18:52,797  |  WARNING  |    
2023-12-12 20:18:52,797  |  WARNING  |  1 : 'ticket_sales_id'    
2023-12-12 20:18:52,798  |  WARNING  |  2 : 'agent_first_name'    
2023-12-12 20:18:52,798  |  WARNING  |  3 : 'agent_id'    
2023-12-12 20:18:52,799  |  WARNING  |  4 : 'agent_last_name'    
2023-12-12 20:18:52,799  |  WARNING  |  5 : 'customer_first_name'    
2023-12-12 20:18:52,800  |  WARNING  |  6 : 'customer_id'    
2023-12-12 20:18:52,800  |  WARNING  |  7 : 'customer_last_name'    
2023-12-12 20:18:52,800  |  WARNING  |  8 : 'discount'    
2023-12-12 20:18:52,801  |  WARNING  |  9 : 'flight_booking_id'    
2023-12-12 20:18:52,801  |  WARNING  |  10 : 'promotion_id'    
2023-12-12 20:18:52,801  |  WARNING  |  11 : 'promotion_name'    
2023-12-12 20:18:52,802  |  WARNING  |  12 : 'ticket_sales'    
2023-12-12 20:18:52,803  |  WARNING  |  13 : 'ticket_sales_date'    
2023-12-12 20:18:52,804  |  WARNING  |    
2023-12-12 20:18:52,805  |  WARNING  |    
2023-12-12 20:18:52,805  |  WARNING  |  Decide on the appropriate treatment for these tables. A few options to consider include:  
2023-12-12 20:18:52,806  |  WARNING  |  1. Masking fields               -   This involves replacing sensitive columns with alternative characters e.g.  'xxxx-xxxx', '*****', '$$$$'.   
2023-12-12 20:18:52,806  |  WARNING  |  2. Encrypting fields            -   This is converting sensitive columns to cipher text (unreadable text format).          
2023-12-12 20:18:52,807  |  WARNING  |  3. Role-based access control    -   Placing a system that delegates privileges based on team members' responsibilities          
2023-12-12 20:18:52,807  |  WARNING  |    
2023-12-12 20:18:52,808  |  WARNING  |  Now terminating the sensitive column identification stage ...  
2023-12-12 20:18:52,808  |  WARNING  |  Sensitive column identification stage ended.   
2023-12-12 20:18:52,809  |  WARNING  |    
2023-12-12 20:18:52,810  |  WARNING  |    
2023-12-12 20:18:52,810  |  WARNING  |    
2023-12-12 20:18:52,826  |  INFO  |    
2023-12-12 20:18:52,827  |  INFO  |    
2023-12-12 20:18:52,828  |  INFO  |  ================================================  
2023-12-12 20:18:52,829  |  INFO  |                DATA PROFILING METRICS                
2023-12-12 20:18:52,829  |  INFO  |  ================================================  
2023-12-12 20:18:52,830  |  INFO  |    
2023-12-12 20:18:52,834  |  INFO  |  Now calculating table statistics...  
2023-12-12 20:18:52,834  |  INFO  |    
2023-12-12 20:18:52,835  |  INFO  |    
2023-12-12 20:18:52,836  |  INFO  |  Table name:                                  raw_flight_ticket_sales_tbl   
2023-12-12 20:18:52,836  |  INFO  |  Schema name:                                 main   
2023-12-12 20:18:52,839  |  INFO  |  Database name:                               dwdss   
2023-12-12 20:18:52,840  |  INFO  |  Data warehouse layer:                        RAW   
2023-12-12 20:18:52,840  |  INFO  |    
2023-12-12 20:18:52,841  |  INFO  |    
2023-12-12 20:18:52,841  |  INFO  |  Number of rows in table:                     300   
2023-12-12 20:18:52,842  |  INFO  |  Number of columns in table:                  18   
2023-12-12 20:18:52,842  |  INFO  |    
2023-12-12 20:18:52,842  |  INFO  |  Successful records uploaded total :          300 / 300     
2023-12-12 20:18:52,843  |  INFO  |  Failed/Errored records uploaded total:       0 / 300         
2023-12-12 20:18:52,843  |  INFO  |    
2023-12-12 20:18:52,844  |  INFO  |  Successful records uploaded % :              100.0      
2023-12-12 20:18:52,845  |  INFO  |  Failed/Errored records uploaded %:           0.0         
2023-12-12 20:18:52,846  |  INFO  |    
2023-12-12 20:18:52,847  |  INFO  |  Number of unique records:                    300 / 300  
2023-12-12 20:18:52,848  |  INFO  |  Number of duplicate records:                 0 / 300  
2023-12-12 20:18:52,864  |  INFO  |    
2023-12-12 20:18:52,866  |  INFO  |  Unique records %:                            100.0   
2023-12-12 20:18:52,866  |  INFO  |  Duplicate records %:                         0.0   
2023-12-12 20:18:52,867  |  INFO  |    
2023-12-12 20:18:52,868  |  INFO  |  Column name: flight_booking_id,  Column no: 1,  Number of NULL values: 0   
2023-12-12 20:18:52,869  |  INFO  |  Column name: agent_first_name,  Column no: 2,  Number of NULL values: 0   
2023-12-12 20:18:52,870  |  INFO  |  Column name: agent_id,  Column no: 3,  Number of NULL values: 0   
2023-12-12 20:18:52,872  |  INFO  |  Column name: agent_last_name,  Column no: 4,  Number of NULL values: 0   
2023-12-12 20:18:52,876  |  INFO  |  Column name: customer_first_name,  Column no: 5,  Number of NULL values: 0   
2023-12-12 20:18:52,877  |  INFO  |  Column name: customer_id,  Column no: 6,  Number of NULL values: 0   
2023-12-12 20:18:52,879  |  INFO  |  Column name: customer_last_name,  Column no: 7,  Number of NULL values: 0   
2023-12-12 20:18:52,884  |  INFO  |  Column name: discount,  Column no: 8,  Number of NULL values: 0   
2023-12-12 20:18:52,886  |  INFO  |  Column name: promotion_id,  Column no: 9,  Number of NULL values: 0   
2023-12-12 20:18:52,888  |  INFO  |  Column name: promotion_name,  Column no: 10,  Number of NULL values: 0   
2023-12-12 20:18:52,890  |  INFO  |  Column name: ticket_sales,  Column no: 11,  Number of NULL values: 0   
2023-12-12 20:18:52,892  |  INFO  |  Column name: ticket_sales_date,  Column no: 12,  Number of NULL values: 0   
2023-12-12 20:18:52,896  |  INFO  |  Column name: created_at,  Column no: 13,  Number of NULL values: 0   
2023-12-12 20:18:52,914  |  INFO  |  Column name: updated_at,  Column no: 14,  Number of NULL values: 0   
2023-12-12 20:18:52,916  |  INFO  |  Column name: source_system,  Column no: 15,  Number of NULL values: 0   
2023-12-12 20:18:52,917  |  INFO  |  Column name: source_file,  Column no: 16,  Number of NULL values: 0   
2023-12-12 20:18:52,919  |  INFO  |  Column name: load_timestamp,  Column no: 17,  Number of NULL values: 0   
2023-12-12 20:18:52,920  |  INFO  |  Column name: dwh_layer,  Column no: 18,  Number of NULL values: 0   
2023-12-12 20:18:52,923  |  INFO  |    
2023-12-12 20:18:52,923  |  INFO  |  ================================================  
2023-12-12 20:18:52,924  |  INFO  |    
2023-12-12 20:18:52,924  |  INFO  |  Now calculating performance statistics (from a Python standpoint)...  
2023-12-12 20:18:52,925  |  INFO  |    
2023-12-12 20:18:52,925  |  INFO  |    
2023-12-12 20:18:52,925  |  INFO  |  1. Execution time for CREATING schema: 0.9987354278564453 ms   
2023-12-12 20:18:52,926  |  INFO  |    
2023-12-12 20:18:52,926  |  INFO  |    
2023-12-12 20:18:52,928  |  INFO  |  2. Execution time for CREATING schema (VAL CHECK): 2.9969215393066406 ms   
2023-12-12 20:18:52,929  |  INFO  |    
2023-12-12 20:18:52,930  |  INFO  |    
2023-12-12 20:18:52,930  |  INFO  |  3. Execution time for DELETING schema:  0.9970664978027344 ms   
2023-12-12 20:18:52,931  |  INFO  |    
2023-12-12 20:18:52,932  |  INFO  |    
2023-12-12 20:18:52,932  |  INFO  |  4. Execution time for DELETING schema (VAL CHECK):  2.9976367950439453 ms   
2023-12-12 20:18:52,932  |  INFO  |    
2023-12-12 20:18:52,933  |  INFO  |    
2023-12-12 20:18:52,933  |  INFO  |  5. Execution time for CREATING table:  10.993003845214844 ms   
2023-12-12 20:18:52,934  |  INFO  |    
2023-12-12 20:18:52,936  |  INFO  |    
2023-12-12 20:18:52,937  |  INFO  |  6. Execution time for CREATING table (VAL CHECK):  2.000093460083008 ms   
2023-12-12 20:18:52,938  |  INFO  |    
2023-12-12 20:18:52,938  |  INFO  |    
2023-12-12 20:18:52,939  |  INFO  |  7. Execution time for ADDING data lineage:  2.000570297241211 ms   
2023-12-12 20:18:52,939  |  INFO  |    
2023-12-12 20:18:52,940  |  INFO  |    
2023-12-12 20:18:52,941  |  INFO  |  8. Execution time for ADDING data lineage (VAL CHECK):  18.98956298828125 ms   
2023-12-12 20:18:52,943  |  INFO  |    
2023-12-12 20:18:52,944  |  INFO  |    
2023-12-12 20:18:52,958  |  INFO  |  9. Execution time for INSERTING rows to table:  1712.0249271392822 ms (1.71 secs)        
2023-12-12 20:18:52,959  |  INFO  |    
2023-12-12 20:18:52,959  |  INFO  |    
2023-12-12 20:18:52,959  |  INFO  |  10. Execution time for COUNTING uploaded rows to table:  0.0 ms   
2023-12-12 20:18:52,960  |  INFO  |    
2023-12-12 20:18:52,960  |  INFO  |    
2023-12-12 20:18:52,960  |  INFO  |    
2023-12-12 20:18:52,960  |  INFO  |  ================================================  
2023-12-12 20:18:52,961  |  DEBUG  |    
2023-12-12 20:18:52,961  |  INFO  |  DATA VALIDATION SUCCESS: All general DQ checks passed!   
2023-12-12 20:18:52,962  |  DEBUG  |    
2023-12-12 20:18:52,963  |  INFO  |  Now saving changes made by SQL statements to Postgres DB....  
2023-12-12 20:18:52,963  |  INFO  |  Saved successfully, now terminating cursor and current session....  
2023-12-12 20:18:52,964  |  DEBUG  |    
2023-12-12 20:18:52,964  |  DEBUG  |  Cursor closed successfully.  
2023-12-12 20:18:52,965  |  DEBUG  |  Session connected to Postgres database closed.  
