2023-12-13 13:10:36,085  |  INFO  |    
2023-12-13 13:10:36,085  |  INFO  |  ---------------------------------------------  
2023-12-13 13:10:36,085  |  INFO  |  Beginning the source data extraction process...  
2023-12-13 13:10:36,085  |  INFO  |  Successfully located 'accommodation_bookings.json'  
2023-12-13 13:10:36,085  |  INFO  |  File type: '<class 'list'>'  
2023-12-13 13:10:36,133  |  DEBUG  |    
2023-12-13 13:10:36,133  |  INFO  |  =================================================================================  
2023-12-13 13:10:36,133  |  INFO  |  CONNECTION SUCCESS: Managed to connect successfully to the dwdss database!!  
2023-12-13 13:10:36,134  |  INFO  |  Connection details: user=postgres password=xxx dbname=dwdss host=localhost port=5432   
2023-12-13 13:10:36,134  |  INFO  |  =================================================================================  
2023-12-13 13:10:36,134  |  DEBUG  |    
2023-12-13 13:10:36,136  |  DEBUG  |    
2023-12-13 13:10:36,137  |  INFO  |  =================================================================================================  
2023-12-13 13:10:36,137  |  INFO  |  SCHEMA CREATION SUCCESS: Managed to create main schema in dwdss   
2023-12-13 13:10:36,137  |  INFO  |  Schema name in Postgres: main   
2023-12-13 13:10:36,137  |  INFO  |  SQL Query for validation check:     SELECT schema_name from information_schema.schemata WHERE schema_name= 'main';
           
2023-12-13 13:10:36,138  |  INFO  |  =================================================================================================  
2023-12-13 13:10:36,138  |  DEBUG  |    
2023-12-13 13:10:36,143  |  DEBUG  |    
2023-12-13 13:10:36,143  |  ERROR  |  ==========================================================================================================================================================================  
2023-12-13 13:10:36,143  |  ERROR  |  TABLE DELETION FAILURE: Unable to delete raw_accommodation_bookings_tbl. This table may have objects that depend on it (use DROP TABLE ... CASCADE to resolve) or it doesn't exist.   
2023-12-13 13:10:36,144  |  ERROR  |  SQL Query for validation check:     SELECT EXISTS (SELECT 1 FROM information_schema.tables WHERE table_name = 'raw_accommodation_bookings_tbl' );
           
2023-12-13 13:10:36,144  |  ERROR  |  ==========================================================================================================================================================================  
2023-12-13 13:10:36,145  |  DEBUG  |    
2023-12-13 13:10:36,148  |  DEBUG  |    
2023-12-13 13:10:36,149  |  INFO  |  =============================================================================================================================================================================  
2023-12-13 13:10:36,149  |  INFO  |  TABLE CREATION SUCCESS: Managed to create raw_accommodation_bookings_tbl table in dwdss.    
2023-12-13 13:10:36,149  |  INFO  |  SQL Query for validation check:         SELECT EXISTS (SELECT 1 FROM information_schema.tables WHERE table_name = 'raw_accommodation_bookings_tbl' );
           
2023-12-13 13:10:36,150  |  INFO  |  =============================================================================================================================================================================  
2023-12-13 13:10:36,150  |  DEBUG  |    
2023-12-13 13:10:36,162  |  DEBUG  |    
2023-12-13 13:10:36,162  |  INFO  |  =============================================================================================================================================================================  
2023-12-13 13:10:36,163  |  INFO  |  DATA LINEAGE FIELDS CREATION SUCCESS: Managed to create data lineage columns in main.raw_accommodation_bookings_tbl.    
2023-12-13 13:10:36,163  |  INFO  |  SQL Query for validation check:          
                                                                    SELECT * 
                                                                    FROM    information_schema.columns 
                                                                    WHERE   table_name      = 'raw_accommodation_bookings_tbl' 
                                                                        AND     (column_name    = 'created_at'
                                                                        OR      column_name     = 'updated_at' 
                                                                        OR      column_name     = 'source_system' 
                                                                        OR      column_name     = 'source_file' 
                                                                        OR      column_name     = 'load_timestamp' 
                                                                        OR      column_name     = 'dwh_layer');
                                                                              
           
2023-12-13 13:10:36,164  |  INFO  |  =============================================================================================================================================================================  
2023-12-13 13:10:36,164  |  DEBUG  |    
2023-12-13 13:10:36,165  |  INFO  |  Rows before SQL insert in Postgres: 0   
2023-12-13 13:10:36,165  |  DEBUG  |    
2023-12-13 13:10:36,166  |  DEBUG  |  ---------------------------------  
2023-12-13 13:10:36,166  |  INFO  |  INSERT SUCCESS: Uploaded accommodation_bookings record no 1   
2023-12-13 13:10:36,166  |  DEBUG  |  ---------------------------------  
2023-12-13 13:10:36,167  |  DEBUG  |  ---------------------------------  
2023-12-13 13:10:36,167  |  INFO  |  INSERT SUCCESS: Uploaded accommodation_bookings record no 2   
2023-12-13 13:10:36,167  |  DEBUG  |  ---------------------------------  
2023-12-13 13:10:36,168  |  DEBUG  |  ---------------------------------  
2023-12-13 13:10:36,168  |  INFO  |  INSERT SUCCESS: Uploaded accommodation_bookings record no 3   
2023-12-13 13:10:36,168  |  DEBUG  |  ---------------------------------  
2023-12-13 13:10:36,169  |  DEBUG  |  ---------------------------------  
2023-12-13 13:10:36,170  |  INFO  |  INSERT SUCCESS: Uploaded accommodation_bookings record no 4   
2023-12-13 13:10:36,170  |  DEBUG  |  ---------------------------------  
2023-12-13 13:10:36,171  |  INFO  |  Rows after SQL insert in Postgres: 4   
2023-12-13 13:10:36,171  |  DEBUG  |    
2023-12-13 13:10:36,172  |  WARNING  |  Here are the columns considered sensitive in this table ...  
2023-12-13 13:10:36,172  |  WARNING  |    
2023-12-13 13:10:36,172  |  WARNING  |  1 : 'customer_id'    
2023-12-13 13:10:36,172  |  WARNING  |  2 : 'num_adults'    
2023-12-13 13:10:36,172  |  WARNING  |  3 : 'num_children'    
2023-12-13 13:10:36,172  |  WARNING  |  4 : 'sales_agent_id'    
2023-12-13 13:10:36,173  |  WARNING  |    
2023-12-13 13:10:36,173  |  WARNING  |    
2023-12-13 13:10:36,173  |  WARNING  |  Decide on the appropriate treatment for these tables. A few options to consider include:  
2023-12-13 13:10:36,173  |  WARNING  |  1. Masking fields               -   This involves replacing sensitive columns with alternative characters e.g.  'xxxx-xxxx', '*****', '$$$$'.   
2023-12-13 13:10:36,173  |  WARNING  |  2. Encrypting fields            -   This is converting sensitive columns to cipher text (unreadable text format).          
2023-12-13 13:10:36,173  |  WARNING  |  3. Role-based access control    -   Placing a system that delegates privileges based on team members' responsibilities          
2023-12-13 13:10:36,174  |  WARNING  |    
2023-12-13 13:10:36,174  |  WARNING  |  Now terminating the sensitive column identification stage ...  
2023-12-13 13:10:36,174  |  WARNING  |  Sensitive column identification stage ended.   
2023-12-13 13:10:36,174  |  WARNING  |    
2023-12-13 13:10:36,174  |  WARNING  |    
2023-12-13 13:10:36,174  |  WARNING  |    
2023-12-13 13:10:36,181  |  INFO  |  ================================================  
2023-12-13 13:10:36,181  |  INFO  |    
2023-12-13 13:10:36,181  |  INFO  |  Now calculating performance statistics (from a Python standpoint)...  
2023-12-13 13:10:36,182  |  INFO  |    
2023-12-13 13:10:36,182  |  INFO  |    
2023-12-13 13:10:36,182  |  DEBUG  |    
2023-12-13 13:10:36,182  |  INFO  |  DATA VALIDATION SUCCESS: All general DQ checks passed!   
2023-12-13 13:10:36,183  |  DEBUG  |    
2023-12-13 13:10:36,183  |  INFO  |  Now saving changes made by SQL statements to Postgres DB....  
2023-12-13 13:10:36,183  |  INFO  |  Saved successfully, now terminating cursor and current session....  
2023-12-13 13:10:36,183  |  DEBUG  |    
2023-12-13 13:10:36,184  |  DEBUG  |  Cursor closed successfully.  
2023-12-13 13:10:36,184  |  DEBUG  |  Session connected to Postgres database closed.  
