2023-12-13 13:10:36,818  |  INFO  |    
2023-12-13 13:10:36,819  |  INFO  |  ---------------------------------------------  
2023-12-13 13:10:36,819  |  INFO  |  Beginning the source data extraction process...  
2023-12-13 13:10:36,819  |  INFO  |  Successfully located 'flight_bookings.json'  
2023-12-13 13:10:36,819  |  INFO  |  File type: '<class 'list'>'  
2023-12-13 13:10:36,864  |  DEBUG  |    
2023-12-13 13:10:36,864  |  INFO  |  =================================================================================  
2023-12-13 13:10:36,864  |  INFO  |  CONNECTION SUCCESS: Managed to connect successfully to the dwdss database!!  
2023-12-13 13:10:36,865  |  INFO  |  Connection details: user=postgres password=xxx dbname=dwdss host=localhost port=5432   
2023-12-13 13:10:36,865  |  INFO  |  =================================================================================  
2023-12-13 13:10:36,865  |  DEBUG  |    
2023-12-13 13:10:36,867  |  DEBUG  |    
2023-12-13 13:10:36,867  |  INFO  |  =================================================================================================  
2023-12-13 13:10:36,868  |  INFO  |  SCHEMA CREATION SUCCESS: Managed to create main schema in dwdss   
2023-12-13 13:10:36,868  |  INFO  |  Schema name in Postgres: main   
2023-12-13 13:10:36,868  |  INFO  |  SQL Query for validation check:     SELECT schema_name from information_schema.schemata WHERE schema_name= 'main';
           
2023-12-13 13:10:36,868  |  INFO  |  =================================================================================================  
2023-12-13 13:10:36,868  |  DEBUG  |    
2023-12-13 13:10:36,873  |  DEBUG  |    
2023-12-13 13:10:36,873  |  ERROR  |  ==========================================================================================================================================================================  
2023-12-13 13:10:36,873  |  ERROR  |  TABLE DELETION FAILURE: Unable to delete raw_flight_bookings_tbl. This table may have objects that depend on it (use DROP TABLE ... CASCADE to resolve) or it doesn't exist.   
2023-12-13 13:10:36,873  |  ERROR  |  SQL Query for validation check:     SELECT EXISTS (SELECT 1 FROM information_schema.tables WHERE table_name = 'raw_flight_bookings_tbl' );
           
2023-12-13 13:10:36,874  |  ERROR  |  ==========================================================================================================================================================================  
2023-12-13 13:10:36,874  |  DEBUG  |    
2023-12-13 13:10:36,879  |  DEBUG  |    
2023-12-13 13:10:36,879  |  INFO  |  =============================================================================================================================================================================  
2023-12-13 13:10:36,879  |  INFO  |  TABLE CREATION SUCCESS: Managed to create raw_flight_bookings_tbl table in dwdss.    
2023-12-13 13:10:36,879  |  INFO  |  SQL Query for validation check:         SELECT EXISTS (SELECT 1 FROM information_schema.tables WHERE table_name = 'raw_flight_bookings_tbl' );
           
2023-12-13 13:10:36,880  |  INFO  |  =============================================================================================================================================================================  
2023-12-13 13:10:36,880  |  DEBUG  |    
2023-12-13 13:10:36,890  |  DEBUG  |    
2023-12-13 13:10:36,890  |  INFO  |  =============================================================================================================================================================================  
2023-12-13 13:10:36,891  |  INFO  |  DATA LINEAGE FIELDS CREATION SUCCESS: Managed to create data lineage columns in main.raw_flight_bookings_tbl.    
2023-12-13 13:10:36,891  |  INFO  |  SQL Query for validation check:          
                                                                    SELECT * 
                                                                    FROM    information_schema.columns 
                                                                    WHERE   table_name      = 'raw_flight_bookings_tbl' 
                                                                        AND     (column_name    = 'created_at'
                                                                        OR      column_name     = 'updated_at' 
                                                                        OR      column_name     = 'source_system' 
                                                                        OR      column_name     = 'source_file' 
                                                                        OR      column_name     = 'load_timestamp' 
                                                                        OR      column_name     = 'dwh_layer');
                                                                              
           
2023-12-13 13:10:36,892  |  INFO  |  =============================================================================================================================================================================  
2023-12-13 13:10:36,893  |  DEBUG  |    
2023-12-13 13:10:36,893  |  INFO  |  Rows before SQL insert in Postgres: 0   
2023-12-13 13:10:36,894  |  DEBUG  |    
2023-12-13 13:10:36,895  |  DEBUG  |  ---------------------------------  
2023-12-13 13:10:36,895  |  INFO  |  INSERT SUCCESS: Uploaded flight_bookings record no 1   
2023-12-13 13:10:36,896  |  DEBUG  |  ---------------------------------  
2023-12-13 13:10:36,896  |  DEBUG  |  ---------------------------------  
2023-12-13 13:10:36,897  |  INFO  |  INSERT SUCCESS: Uploaded flight_bookings record no 2   
2023-12-13 13:10:36,897  |  DEBUG  |  ---------------------------------  
2023-12-13 13:10:36,897  |  DEBUG  |  ---------------------------------  
2023-12-13 13:10:36,898  |  INFO  |  INSERT SUCCESS: Uploaded flight_bookings record no 3   
2023-12-13 13:10:36,898  |  DEBUG  |  ---------------------------------  
2023-12-13 13:10:36,898  |  DEBUG  |  ---------------------------------  
2023-12-13 13:10:36,898  |  INFO  |  INSERT SUCCESS: Uploaded flight_bookings record no 4   
2023-12-13 13:10:36,899  |  DEBUG  |  ---------------------------------  
2023-12-13 13:10:36,899  |  DEBUG  |  ---------------------------------  
2023-12-13 13:10:36,899  |  INFO  |  INSERT SUCCESS: Uploaded flight_bookings record no 5   
2023-12-13 13:10:36,899  |  DEBUG  |  ---------------------------------  
2023-12-13 13:10:36,900  |  DEBUG  |  ---------------------------------  
2023-12-13 13:10:36,900  |  INFO  |  INSERT SUCCESS: Uploaded flight_bookings record no 6   
2023-12-13 13:10:36,900  |  DEBUG  |  ---------------------------------  
2023-12-13 13:10:36,901  |  DEBUG  |  ---------------------------------  
2023-12-13 13:10:36,901  |  INFO  |  INSERT SUCCESS: Uploaded flight_bookings record no 7   
2023-12-13 13:10:36,901  |  DEBUG  |  ---------------------------------  
2023-12-13 13:10:36,902  |  DEBUG  |  ---------------------------------  
2023-12-13 13:10:36,902  |  INFO  |  INSERT SUCCESS: Uploaded flight_bookings record no 8   
2023-12-13 13:10:36,903  |  DEBUG  |  ---------------------------------  
2023-12-13 13:10:36,903  |  DEBUG  |  ---------------------------------  
2023-12-13 13:10:36,904  |  INFO  |  INSERT SUCCESS: Uploaded flight_bookings record no 9   
2023-12-13 13:10:36,904  |  DEBUG  |  ---------------------------------  
2023-12-13 13:10:36,905  |  DEBUG  |  ---------------------------------  
2023-12-13 13:10:36,905  |  INFO  |  INSERT SUCCESS: Uploaded flight_bookings record no 10   
2023-12-13 13:10:36,905  |  DEBUG  |  ---------------------------------  
2023-12-13 13:10:36,905  |  INFO  |  Rows after SQL insert in Postgres: 10   
2023-12-13 13:10:36,905  |  DEBUG  |    
2023-12-13 13:10:36,906  |  WARNING  |  Here are the columns considered sensitive in this table ...  
2023-12-13 13:10:36,906  |  WARNING  |    
2023-12-13 13:10:36,906  |  WARNING  |  1 : 'confirmation_code'    
2023-12-13 13:10:36,906  |  WARNING  |  2 : 'booking_date'    
2023-12-13 13:10:36,906  |  WARNING  |  3 : 'checked_in'    
2023-12-13 13:10:36,906  |  WARNING  |  4 : 'customer_id'    
2023-12-13 13:10:36,907  |  WARNING  |  5 : 'flight_booking_id'    
2023-12-13 13:10:36,907  |  WARNING  |  6 : 'flight_id'    
2023-12-13 13:10:36,907  |  WARNING  |  7 : 'payment_method'    
2023-12-13 13:10:36,907  |  WARNING  |  8 : 'ticket_price'    
2023-12-13 13:10:36,907  |  WARNING  |    
2023-12-13 13:10:36,908  |  WARNING  |    
2023-12-13 13:10:36,908  |  WARNING  |  Decide on the appropriate treatment for these tables. A few options to consider include:  
2023-12-13 13:10:36,908  |  WARNING  |  1. Masking fields               -   This involves replacing sensitive columns with alternative characters e.g.  'xxxx-xxxx', '*****', '$$$$'.   
2023-12-13 13:10:36,908  |  WARNING  |  2. Encrypting fields            -   This is converting sensitive columns to cipher text (unreadable text format).          
2023-12-13 13:10:36,908  |  WARNING  |  3. Role-based access control    -   Placing a system that delegates privileges based on team members' responsibilities          
2023-12-13 13:10:36,909  |  WARNING  |    
2023-12-13 13:10:36,909  |  WARNING  |  Now terminating the sensitive column identification stage ...  
2023-12-13 13:10:36,909  |  WARNING  |  Sensitive column identification stage ended.   
2023-12-13 13:10:36,909  |  WARNING  |    
2023-12-13 13:10:36,910  |  WARNING  |    
2023-12-13 13:10:36,910  |  WARNING  |    
2023-12-13 13:10:36,916  |  INFO  |  ================================================  
2023-12-13 13:10:36,916  |  INFO  |    
2023-12-13 13:10:36,916  |  INFO  |  Now calculating performance statistics (from a Python standpoint)...  
2023-12-13 13:10:36,916  |  INFO  |    
2023-12-13 13:10:36,916  |  INFO  |    
2023-12-13 13:10:36,917  |  DEBUG  |    
2023-12-13 13:10:36,917  |  INFO  |  DATA VALIDATION SUCCESS: All general DQ checks passed!   
2023-12-13 13:10:36,917  |  DEBUG  |    
2023-12-13 13:10:36,917  |  INFO  |  Now saving changes made by SQL statements to Postgres DB....  
2023-12-13 13:10:36,918  |  INFO  |  Saved successfully, now terminating cursor and current session....  
2023-12-13 13:10:36,918  |  DEBUG  |    
2023-12-13 13:10:36,918  |  DEBUG  |  Cursor closed successfully.  
2023-12-13 13:10:36,919  |  DEBUG  |  Session connected to Postgres database closed.  
