2023-12-14 15:34:28,910  |  INFO  |    
2023-12-14 15:34:28,910  |  INFO  |  ---------------------------------------------  
2023-12-14 15:34:28,911  |  INFO  |  Beginning the source data extraction process...  
2023-12-14 15:34:28,911  |  INFO  |  Successfully located 'Discount_Coupon.csv.json'  
2023-12-14 15:34:28,911  |  INFO  |  File type: '<class 'list'>'  
2023-12-14 15:34:28,956  |  DEBUG  |    
2023-12-14 15:34:28,956  |  INFO  |  =================================================================================  
2023-12-14 15:34:28,956  |  INFO  |  CONNECTION SUCCESS: Managed to connect successfully to the rawdwdss database!!  
2023-12-14 15:34:28,956  |  INFO  |  Connection details: user=postgres password=xxx dbname=rawdwdss host=localhost port=5432   
2023-12-14 15:34:28,957  |  INFO  |  =================================================================================  
2023-12-14 15:34:28,957  |  DEBUG  |    
2023-12-14 15:34:28,959  |  DEBUG  |    
2023-12-14 15:34:28,959  |  INFO  |  =================================================================================================  
2023-12-14 15:34:28,960  |  INFO  |  SCHEMA CREATION SUCCESS: Managed to create main schema in rawdwdss   
2023-12-14 15:34:28,960  |  INFO  |  Schema name in Postgres: main   
2023-12-14 15:34:28,960  |  INFO  |  SQL Query for validation check:  SELECT schema_name from information_schema.schemata WHERE schema_name= 'main';   
2023-12-14 15:34:28,961  |  INFO  |  =================================================================================================  
2023-12-14 15:34:28,961  |  DEBUG  |    
2023-12-14 15:34:28,966  |  DEBUG  |    
2023-12-14 15:34:28,967  |  ERROR  |  ==========================================================================================================================================================================  
2023-12-14 15:34:28,967  |  ERROR  |  TABLE DELETION FAILURE: Unable to delete raw_discount_coupon_tbl. This table may have objects that depend on it (use DROP TABLE ... CASCADE to resolve) or it doesn't exist.   
2023-12-14 15:34:28,967  |  ERROR  |  SQL Query for validation check:  SELECT EXISTS (SELECT 1 FROM information_schema.tables WHERE table_name = 'raw_discount_coupon_tbl' );   
2023-12-14 15:34:28,968  |  ERROR  |  ==========================================================================================================================================================================  
2023-12-14 15:34:28,968  |  DEBUG  |    
2023-12-14 15:34:28,973  |  DEBUG  |    
2023-12-14 15:34:28,973  |  INFO  |  =============================================================================================================================================================================  
2023-12-14 15:34:28,974  |  INFO  |  TABLE CREATION SUCCESS: Managed to create raw_discount_coupon_tbl table in rawdwdss.    
2023-12-14 15:34:28,974  |  INFO  |  SQL Query for validation check:  SELECT EXISTS (SELECT 1 FROM information_schema.tables WHERE table_name = 'raw_discount_coupon_tbl' );   
2023-12-14 15:34:28,974  |  INFO  |  =============================================================================================================================================================================  
2023-12-14 15:34:28,974  |  DEBUG  |    
2023-12-14 15:34:28,976  |  INFO  |  Rows before SQL insert in Postgres: 0   
2023-12-14 15:34:28,976  |  DEBUG  |    
2023-12-14 15:34:28,977  |  DEBUG  |  ---------------------------------  
2023-12-14 15:34:28,978  |  INFO  |  INSERT SUCCESS record no 1   
2023-12-14 15:34:28,978  |  DEBUG  |  ---------------------------------  
2023-12-14 15:34:28,979  |  DEBUG  |  ---------------------------------  
2023-12-14 15:34:28,979  |  INFO  |  INSERT SUCCESS record no 2   
2023-12-14 15:34:28,979  |  DEBUG  |  ---------------------------------  
2023-12-14 15:34:28,980  |  DEBUG  |  ---------------------------------  
2023-12-14 15:34:28,980  |  INFO  |  INSERT SUCCESS record no 3   
2023-12-14 15:34:28,980  |  DEBUG  |  ---------------------------------  
2023-12-14 15:34:28,980  |  DEBUG  |  ---------------------------------  
2023-12-14 15:34:28,981  |  INFO  |  INSERT SUCCESS record no 4   
2023-12-14 15:34:28,981  |  DEBUG  |  ---------------------------------  
2023-12-14 15:34:28,981  |  DEBUG  |  ---------------------------------  
2023-12-14 15:34:28,981  |  INFO  |  INSERT SUCCESS record no 5   
2023-12-14 15:34:28,982  |  DEBUG  |  ---------------------------------  
2023-12-14 15:34:28,982  |  DEBUG  |  ---------------------------------  
2023-12-14 15:34:28,983  |  INFO  |  INSERT SUCCESS record no 6   
2023-12-14 15:34:28,983  |  DEBUG  |  ---------------------------------  
2023-12-14 15:34:28,983  |  DEBUG  |  ---------------------------------  
2023-12-14 15:34:28,984  |  INFO  |  INSERT SUCCESS record no 7   
2023-12-14 15:34:28,984  |  DEBUG  |  ---------------------------------  
2023-12-14 15:34:28,985  |  DEBUG  |  ---------------------------------  
2023-12-14 15:34:28,985  |  INFO  |  INSERT SUCCESS record no 8   
2023-12-14 15:34:28,985  |  DEBUG  |  ---------------------------------  
2023-12-14 15:34:28,986  |  DEBUG  |  ---------------------------------  
2023-12-14 15:34:28,986  |  INFO  |  INSERT SUCCESS record no 9   
2023-12-14 15:34:28,986  |  DEBUG  |  ---------------------------------  
2023-12-14 15:34:28,986  |  DEBUG  |  ---------------------------------  
2023-12-14 15:34:28,987  |  INFO  |  INSERT SUCCESS record no 10   
2023-12-14 15:34:28,987  |  DEBUG  |  ---------------------------------  
2023-12-14 15:34:28,987  |  DEBUG  |  ---------------------------------  
2023-12-14 15:34:28,987  |  INFO  |  INSERT SUCCESS record no 11   
2023-12-14 15:34:28,988  |  DEBUG  |  ---------------------------------  
2023-12-14 15:34:28,988  |  DEBUG  |  ---------------------------------  
2023-12-14 15:34:28,988  |  INFO  |  INSERT SUCCESS record no 12   
2023-12-14 15:34:28,988  |  DEBUG  |  ---------------------------------  
2023-12-14 15:34:28,989  |  DEBUG  |  ---------------------------------  
2023-12-14 15:34:28,989  |  INFO  |  INSERT SUCCESS record no 13   
2023-12-14 15:34:28,989  |  DEBUG  |  ---------------------------------  
2023-12-14 15:34:28,990  |  DEBUG  |  ---------------------------------  
2023-12-14 15:34:28,990  |  INFO  |  INSERT SUCCESS record no 14   
2023-12-14 15:34:28,990  |  DEBUG  |  ---------------------------------  
2023-12-14 15:34:28,991  |  DEBUG  |  ---------------------------------  
2023-12-14 15:34:28,991  |  INFO  |  INSERT SUCCESS record no 15   
2023-12-14 15:34:28,991  |  DEBUG  |  ---------------------------------  
2023-12-14 15:34:28,992  |  DEBUG  |  ---------------------------------  
2023-12-14 15:34:28,992  |  INFO  |  INSERT SUCCESS record no 16   
2023-12-14 15:34:28,992  |  DEBUG  |  ---------------------------------  
2023-12-14 15:34:28,993  |  DEBUG  |  ---------------------------------  
2023-12-14 15:34:28,993  |  INFO  |  INSERT SUCCESS record no 17   
2023-12-14 15:34:28,993  |  DEBUG  |  ---------------------------------  
2023-12-14 15:34:28,994  |  DEBUG  |  ---------------------------------  
2023-12-14 15:34:28,995  |  INFO  |  INSERT SUCCESS record no 18   
2023-12-14 15:34:28,995  |  DEBUG  |  ---------------------------------  
2023-12-14 15:34:28,996  |  DEBUG  |  ---------------------------------  
2023-12-14 15:34:28,996  |  INFO  |  INSERT SUCCESS record no 19   
2023-12-14 15:34:28,996  |  DEBUG  |  ---------------------------------  
2023-12-14 15:34:28,997  |  DEBUG  |  ---------------------------------  
2023-12-14 15:34:28,997  |  INFO  |  INSERT SUCCESS record no 20   
2023-12-14 15:34:28,997  |  DEBUG  |  ---------------------------------  
2023-12-14 15:34:28,998  |  DEBUG  |  ---------------------------------  
2023-12-14 15:34:28,998  |  INFO  |  INSERT SUCCESS record no 21   
2023-12-14 15:34:28,998  |  DEBUG  |  ---------------------------------  
2023-12-14 15:34:28,999  |  DEBUG  |  ---------------------------------  
2023-12-14 15:34:28,999  |  INFO  |  INSERT SUCCESS record no 22   
2023-12-14 15:34:28,999  |  DEBUG  |  ---------------------------------  
2023-12-14 15:34:29,000  |  DEBUG  |  ---------------------------------  
2023-12-14 15:34:29,000  |  INFO  |  INSERT SUCCESS record no 23   
2023-12-14 15:34:29,000  |  DEBUG  |  ---------------------------------  
2023-12-14 15:34:29,001  |  DEBUG  |  ---------------------------------  
2023-12-14 15:34:29,001  |  INFO  |  INSERT SUCCESS record no 24   
2023-12-14 15:34:29,001  |  DEBUG  |  ---------------------------------  
2023-12-14 15:34:29,002  |  DEBUG  |  ---------------------------------  
2023-12-14 15:34:29,002  |  INFO  |  INSERT SUCCESS record no 25   
2023-12-14 15:34:29,002  |  DEBUG  |  ---------------------------------  
2023-12-14 15:34:29,003  |  DEBUG  |  ---------------------------------  
2023-12-14 15:34:29,003  |  INFO  |  INSERT SUCCESS record no 26   
2023-12-14 15:34:29,004  |  DEBUG  |  ---------------------------------  
2023-12-14 15:34:29,004  |  DEBUG  |  ---------------------------------  
2023-12-14 15:34:29,004  |  INFO  |  INSERT SUCCESS record no 27   
2023-12-14 15:34:29,005  |  DEBUG  |  ---------------------------------  
2023-12-14 15:34:29,005  |  DEBUG  |  ---------------------------------  
2023-12-14 15:34:29,006  |  INFO  |  INSERT SUCCESS record no 28   
2023-12-14 15:34:29,006  |  DEBUG  |  ---------------------------------  
2023-12-14 15:34:29,006  |  DEBUG  |  ---------------------------------  
2023-12-14 15:34:29,007  |  INFO  |  INSERT SUCCESS record no 29   
2023-12-14 15:34:29,007  |  DEBUG  |  ---------------------------------  
2023-12-14 15:34:29,008  |  DEBUG  |  ---------------------------------  
2023-12-14 15:34:29,008  |  INFO  |  INSERT SUCCESS record no 30   
2023-12-14 15:34:29,008  |  DEBUG  |  ---------------------------------  
2023-12-14 15:34:29,009  |  DEBUG  |  ---------------------------------  
2023-12-14 15:34:29,009  |  INFO  |  INSERT SUCCESS record no 31   
2023-12-14 15:34:29,009  |  DEBUG  |  ---------------------------------  
2023-12-14 15:34:29,010  |  DEBUG  |  ---------------------------------  
2023-12-14 15:34:29,010  |  INFO  |  INSERT SUCCESS record no 32   
2023-12-14 15:34:29,011  |  DEBUG  |  ---------------------------------  
2023-12-14 15:34:29,011  |  DEBUG  |  ---------------------------------  
2023-12-14 15:34:29,011  |  INFO  |  INSERT SUCCESS record no 33   
2023-12-14 15:34:29,012  |  DEBUG  |  ---------------------------------  
2023-12-14 15:34:29,012  |  DEBUG  |  ---------------------------------  
2023-12-14 15:34:29,012  |  INFO  |  INSERT SUCCESS record no 34   
2023-12-14 15:34:29,013  |  DEBUG  |  ---------------------------------  
2023-12-14 15:34:29,013  |  DEBUG  |  ---------------------------------  
2023-12-14 15:34:29,013  |  INFO  |  INSERT SUCCESS record no 35   
2023-12-14 15:34:29,014  |  DEBUG  |  ---------------------------------  
2023-12-14 15:34:29,014  |  DEBUG  |  ---------------------------------  
2023-12-14 15:34:29,014  |  INFO  |  INSERT SUCCESS record no 36   
2023-12-14 15:34:29,015  |  DEBUG  |  ---------------------------------  
2023-12-14 15:34:29,015  |  DEBUG  |  ---------------------------------  
2023-12-14 15:34:29,015  |  INFO  |  INSERT SUCCESS record no 37   
2023-12-14 15:34:29,016  |  DEBUG  |  ---------------------------------  
2023-12-14 15:34:29,016  |  DEBUG  |  ---------------------------------  
2023-12-14 15:34:29,017  |  INFO  |  INSERT SUCCESS record no 38   
2023-12-14 15:34:29,017  |  DEBUG  |  ---------------------------------  
2023-12-14 15:34:29,018  |  DEBUG  |  ---------------------------------  
2023-12-14 15:34:29,018  |  INFO  |  INSERT SUCCESS record no 39   
2023-12-14 15:34:29,018  |  DEBUG  |  ---------------------------------  
2023-12-14 15:34:29,019  |  DEBUG  |  ---------------------------------  
2023-12-14 15:34:29,019  |  INFO  |  INSERT SUCCESS record no 40   
2023-12-14 15:34:29,019  |  DEBUG  |  ---------------------------------  
2023-12-14 15:34:29,020  |  DEBUG  |  ---------------------------------  
2023-12-14 15:34:29,020  |  INFO  |  INSERT SUCCESS record no 41   
2023-12-14 15:34:29,020  |  DEBUG  |  ---------------------------------  
2023-12-14 15:34:29,021  |  DEBUG  |  ---------------------------------  
2023-12-14 15:34:29,021  |  INFO  |  INSERT SUCCESS record no 42   
2023-12-14 15:34:29,021  |  DEBUG  |  ---------------------------------  
2023-12-14 15:34:29,021  |  DEBUG  |  ---------------------------------  
2023-12-14 15:34:29,022  |  INFO  |  INSERT SUCCESS record no 43   
2023-12-14 15:34:29,022  |  DEBUG  |  ---------------------------------  
2023-12-14 15:34:29,023  |  DEBUG  |  ---------------------------------  
2023-12-14 15:34:29,023  |  INFO  |  INSERT SUCCESS record no 44   
2023-12-14 15:34:29,023  |  DEBUG  |  ---------------------------------  
2023-12-14 15:34:29,024  |  DEBUG  |  ---------------------------------  
2023-12-14 15:34:29,024  |  INFO  |  INSERT SUCCESS record no 45   
2023-12-14 15:34:29,024  |  DEBUG  |  ---------------------------------  
2023-12-14 15:34:29,025  |  DEBUG  |  ---------------------------------  
2023-12-14 15:34:29,025  |  INFO  |  INSERT SUCCESS record no 46   
2023-12-14 15:34:29,026  |  DEBUG  |  ---------------------------------  
2023-12-14 15:34:29,026  |  DEBUG  |  ---------------------------------  
2023-12-14 15:34:29,026  |  INFO  |  INSERT SUCCESS record no 47   
2023-12-14 15:34:29,027  |  DEBUG  |  ---------------------------------  
2023-12-14 15:34:29,027  |  DEBUG  |  ---------------------------------  
2023-12-14 15:34:29,028  |  INFO  |  INSERT SUCCESS record no 48   
2023-12-14 15:34:29,028  |  DEBUG  |  ---------------------------------  
2023-12-14 15:34:29,028  |  DEBUG  |  ---------------------------------  
2023-12-14 15:34:29,029  |  INFO  |  INSERT SUCCESS record no 49   
2023-12-14 15:34:29,029  |  DEBUG  |  ---------------------------------  
2023-12-14 15:34:29,030  |  DEBUG  |  ---------------------------------  
2023-12-14 15:34:29,030  |  INFO  |  INSERT SUCCESS record no 50   
2023-12-14 15:34:29,030  |  DEBUG  |  ---------------------------------  
2023-12-14 15:34:29,031  |  DEBUG  |  ---------------------------------  
2023-12-14 15:34:29,031  |  INFO  |  INSERT SUCCESS record no 51   
2023-12-14 15:34:29,031  |  DEBUG  |  ---------------------------------  
2023-12-14 15:34:29,031  |  DEBUG  |  ---------------------------------  
2023-12-14 15:34:29,032  |  INFO  |  INSERT SUCCESS record no 52   
2023-12-14 15:34:29,032  |  DEBUG  |  ---------------------------------  
2023-12-14 15:34:29,033  |  DEBUG  |  ---------------------------------  
2023-12-14 15:34:29,033  |  INFO  |  INSERT SUCCESS record no 53   
2023-12-14 15:34:29,033  |  DEBUG  |  ---------------------------------  
2023-12-14 15:34:29,034  |  DEBUG  |  ---------------------------------  
2023-12-14 15:34:29,034  |  INFO  |  INSERT SUCCESS record no 54   
2023-12-14 15:34:29,035  |  DEBUG  |  ---------------------------------  
2023-12-14 15:34:29,035  |  DEBUG  |  ---------------------------------  
2023-12-14 15:34:29,035  |  INFO  |  INSERT SUCCESS record no 55   
2023-12-14 15:34:29,036  |  DEBUG  |  ---------------------------------  
2023-12-14 15:34:29,036  |  DEBUG  |  ---------------------------------  
2023-12-14 15:34:29,036  |  INFO  |  INSERT SUCCESS record no 56   
2023-12-14 15:34:29,037  |  DEBUG  |  ---------------------------------  
2023-12-14 15:34:29,037  |  DEBUG  |  ---------------------------------  
2023-12-14 15:34:29,037  |  INFO  |  INSERT SUCCESS record no 57   
2023-12-14 15:34:29,038  |  DEBUG  |  ---------------------------------  
2023-12-14 15:34:29,038  |  DEBUG  |  ---------------------------------  
2023-12-14 15:34:29,038  |  INFO  |  INSERT SUCCESS record no 58   
2023-12-14 15:34:29,039  |  DEBUG  |  ---------------------------------  
2023-12-14 15:34:29,039  |  DEBUG  |  ---------------------------------  
2023-12-14 15:34:29,039  |  INFO  |  INSERT SUCCESS record no 59   
2023-12-14 15:34:29,039  |  DEBUG  |  ---------------------------------  
2023-12-14 15:34:29,040  |  DEBUG  |  ---------------------------------  
2023-12-14 15:34:29,040  |  INFO  |  INSERT SUCCESS record no 60   
2023-12-14 15:34:29,040  |  DEBUG  |  ---------------------------------  
2023-12-14 15:34:29,041  |  DEBUG  |  ---------------------------------  
2023-12-14 15:34:29,041  |  INFO  |  INSERT SUCCESS record no 61   
2023-12-14 15:34:29,041  |  DEBUG  |  ---------------------------------  
2023-12-14 15:34:29,042  |  DEBUG  |  ---------------------------------  
2023-12-14 15:34:29,042  |  INFO  |  INSERT SUCCESS record no 62   
2023-12-14 15:34:29,042  |  DEBUG  |  ---------------------------------  
2023-12-14 15:34:29,043  |  DEBUG  |  ---------------------------------  
2023-12-14 15:34:29,043  |  INFO  |  INSERT SUCCESS record no 63   
2023-12-14 15:34:29,043  |  DEBUG  |  ---------------------------------  
2023-12-14 15:34:29,044  |  DEBUG  |  ---------------------------------  
2023-12-14 15:34:29,044  |  INFO  |  INSERT SUCCESS record no 64   
2023-12-14 15:34:29,044  |  DEBUG  |  ---------------------------------  
2023-12-14 15:34:29,045  |  DEBUG  |  ---------------------------------  
2023-12-14 15:34:29,045  |  INFO  |  INSERT SUCCESS record no 65   
2023-12-14 15:34:29,045  |  DEBUG  |  ---------------------------------  
2023-12-14 15:34:29,046  |  DEBUG  |  ---------------------------------  
2023-12-14 15:34:29,046  |  INFO  |  INSERT SUCCESS record no 66   
2023-12-14 15:34:29,046  |  DEBUG  |  ---------------------------------  
2023-12-14 15:34:29,046  |  DEBUG  |  ---------------------------------  
2023-12-14 15:34:29,047  |  INFO  |  INSERT SUCCESS record no 67   
2023-12-14 15:34:29,047  |  DEBUG  |  ---------------------------------  
2023-12-14 15:34:29,047  |  DEBUG  |  ---------------------------------  
2023-12-14 15:34:29,047  |  INFO  |  INSERT SUCCESS record no 68   
2023-12-14 15:34:29,048  |  DEBUG  |  ---------------------------------  
2023-12-14 15:34:29,048  |  DEBUG  |  ---------------------------------  
2023-12-14 15:34:29,048  |  INFO  |  INSERT SUCCESS record no 69   
2023-12-14 15:34:29,048  |  DEBUG  |  ---------------------------------  
2023-12-14 15:34:29,049  |  DEBUG  |  ---------------------------------  
2023-12-14 15:34:29,049  |  INFO  |  INSERT SUCCESS record no 70   
2023-12-14 15:34:29,050  |  DEBUG  |  ---------------------------------  
2023-12-14 15:34:29,050  |  DEBUG  |  ---------------------------------  
2023-12-14 15:34:29,051  |  INFO  |  INSERT SUCCESS record no 71   
2023-12-14 15:34:29,051  |  DEBUG  |  ---------------------------------  
2023-12-14 15:34:29,051  |  DEBUG  |  ---------------------------------  
2023-12-14 15:34:29,052  |  INFO  |  INSERT SUCCESS record no 72   
2023-12-14 15:34:29,052  |  DEBUG  |  ---------------------------------  
2023-12-14 15:34:29,052  |  DEBUG  |  ---------------------------------  
2023-12-14 15:34:29,053  |  INFO  |  INSERT SUCCESS record no 73   
2023-12-14 15:34:29,053  |  DEBUG  |  ---------------------------------  
2023-12-14 15:34:29,053  |  DEBUG  |  ---------------------------------  
2023-12-14 15:34:29,053  |  INFO  |  INSERT SUCCESS record no 74   
2023-12-14 15:34:29,054  |  DEBUG  |  ---------------------------------  
2023-12-14 15:34:29,054  |  DEBUG  |  ---------------------------------  
2023-12-14 15:34:29,054  |  INFO  |  INSERT SUCCESS record no 75   
2023-12-14 15:34:29,054  |  DEBUG  |  ---------------------------------  
2023-12-14 15:34:29,055  |  DEBUG  |  ---------------------------------  
2023-12-14 15:34:29,055  |  INFO  |  INSERT SUCCESS record no 76   
2023-12-14 15:34:29,055  |  DEBUG  |  ---------------------------------  
2023-12-14 15:34:29,056  |  DEBUG  |  ---------------------------------  
2023-12-14 15:34:29,056  |  INFO  |  INSERT SUCCESS record no 77   
2023-12-14 15:34:29,056  |  DEBUG  |  ---------------------------------  
2023-12-14 15:34:29,056  |  DEBUG  |  ---------------------------------  
2023-12-14 15:34:29,056  |  INFO  |  INSERT SUCCESS record no 78   
2023-12-14 15:34:29,057  |  DEBUG  |  ---------------------------------  
2023-12-14 15:34:29,057  |  DEBUG  |  ---------------------------------  
2023-12-14 15:34:29,058  |  INFO  |  INSERT SUCCESS record no 79   
2023-12-14 15:34:29,058  |  DEBUG  |  ---------------------------------  
2023-12-14 15:34:29,059  |  DEBUG  |  ---------------------------------  
2023-12-14 15:34:29,059  |  INFO  |  INSERT SUCCESS record no 80   
2023-12-14 15:34:29,059  |  DEBUG  |  ---------------------------------  
2023-12-14 15:34:29,060  |  DEBUG  |  ---------------------------------  
2023-12-14 15:34:29,060  |  INFO  |  INSERT SUCCESS record no 81   
2023-12-14 15:34:29,060  |  DEBUG  |  ---------------------------------  
2023-12-14 15:34:29,061  |  DEBUG  |  ---------------------------------  
2023-12-14 15:34:29,061  |  INFO  |  INSERT SUCCESS record no 82   
2023-12-14 15:34:29,061  |  DEBUG  |  ---------------------------------  
2023-12-14 15:34:29,061  |  DEBUG  |  ---------------------------------  
2023-12-14 15:34:29,062  |  INFO  |  INSERT SUCCESS record no 83   
2023-12-14 15:34:29,062  |  DEBUG  |  ---------------------------------  
2023-12-14 15:34:29,062  |  DEBUG  |  ---------------------------------  
2023-12-14 15:34:29,062  |  INFO  |  INSERT SUCCESS record no 84   
2023-12-14 15:34:29,063  |  DEBUG  |  ---------------------------------  
2023-12-14 15:34:29,063  |  DEBUG  |  ---------------------------------  
2023-12-14 15:34:29,063  |  INFO  |  INSERT SUCCESS record no 85   
2023-12-14 15:34:29,063  |  DEBUG  |  ---------------------------------  
2023-12-14 15:34:29,064  |  DEBUG  |  ---------------------------------  
2023-12-14 15:34:29,064  |  INFO  |  INSERT SUCCESS record no 86   
2023-12-14 15:34:29,064  |  DEBUG  |  ---------------------------------  
2023-12-14 15:34:29,064  |  DEBUG  |  ---------------------------------  
2023-12-14 15:34:29,064  |  INFO  |  INSERT SUCCESS record no 87   
2023-12-14 15:34:29,065  |  DEBUG  |  ---------------------------------  
2023-12-14 15:34:29,065  |  DEBUG  |  ---------------------------------  
2023-12-14 15:34:29,065  |  INFO  |  INSERT SUCCESS record no 88   
2023-12-14 15:34:29,065  |  DEBUG  |  ---------------------------------  
2023-12-14 15:34:29,066  |  DEBUG  |  ---------------------------------  
2023-12-14 15:34:29,066  |  INFO  |  INSERT SUCCESS record no 89   
2023-12-14 15:34:29,067  |  DEBUG  |  ---------------------------------  
2023-12-14 15:34:29,067  |  DEBUG  |  ---------------------------------  
2023-12-14 15:34:29,068  |  INFO  |  INSERT SUCCESS record no 90   
2023-12-14 15:34:29,068  |  DEBUG  |  ---------------------------------  
2023-12-14 15:34:29,068  |  DEBUG  |  ---------------------------------  
2023-12-14 15:34:29,069  |  INFO  |  INSERT SUCCESS record no 91   
2023-12-14 15:34:29,069  |  DEBUG  |  ---------------------------------  
2023-12-14 15:34:29,069  |  DEBUG  |  ---------------------------------  
2023-12-14 15:34:29,069  |  INFO  |  INSERT SUCCESS record no 92   
2023-12-14 15:34:29,069  |  DEBUG  |  ---------------------------------  
2023-12-14 15:34:29,070  |  DEBUG  |  ---------------------------------  
2023-12-14 15:34:29,070  |  INFO  |  INSERT SUCCESS record no 93   
2023-12-14 15:34:29,070  |  DEBUG  |  ---------------------------------  
2023-12-14 15:34:29,071  |  DEBUG  |  ---------------------------------  
2023-12-14 15:34:29,071  |  INFO  |  INSERT SUCCESS record no 94   
2023-12-14 15:34:29,071  |  DEBUG  |  ---------------------------------  
2023-12-14 15:34:29,072  |  DEBUG  |  ---------------------------------  
2023-12-14 15:34:29,072  |  INFO  |  INSERT SUCCESS record no 95   
2023-12-14 15:34:29,072  |  DEBUG  |  ---------------------------------  
2023-12-14 15:34:29,072  |  DEBUG  |  ---------------------------------  
2023-12-14 15:34:29,072  |  INFO  |  INSERT SUCCESS record no 96   
2023-12-14 15:34:29,073  |  DEBUG  |  ---------------------------------  
2023-12-14 15:34:29,073  |  DEBUG  |  ---------------------------------  
2023-12-14 15:34:29,073  |  INFO  |  INSERT SUCCESS record no 97   
2023-12-14 15:34:29,073  |  DEBUG  |  ---------------------------------  
2023-12-14 15:34:29,074  |  DEBUG  |  ---------------------------------  
2023-12-14 15:34:29,074  |  INFO  |  INSERT SUCCESS record no 98   
2023-12-14 15:34:29,074  |  DEBUG  |  ---------------------------------  
2023-12-14 15:34:29,075  |  DEBUG  |  ---------------------------------  
2023-12-14 15:34:29,075  |  INFO  |  INSERT SUCCESS record no 99   
2023-12-14 15:34:29,076  |  DEBUG  |  ---------------------------------  
2023-12-14 15:34:29,076  |  DEBUG  |  ---------------------------------  
2023-12-14 15:34:29,076  |  INFO  |  INSERT SUCCESS record no 100   
2023-12-14 15:34:29,077  |  DEBUG  |  ---------------------------------  
2023-12-14 15:34:29,077  |  DEBUG  |  ---------------------------------  
2023-12-14 15:34:29,077  |  INFO  |  INSERT SUCCESS record no 101   
2023-12-14 15:34:29,077  |  DEBUG  |  ---------------------------------  
2023-12-14 15:34:29,078  |  DEBUG  |  ---------------------------------  
2023-12-14 15:34:29,078  |  INFO  |  INSERT SUCCESS record no 102   
2023-12-14 15:34:29,078  |  DEBUG  |  ---------------------------------  
2023-12-14 15:34:29,079  |  DEBUG  |  ---------------------------------  
2023-12-14 15:34:29,079  |  INFO  |  INSERT SUCCESS record no 103   
2023-12-14 15:34:29,079  |  DEBUG  |  ---------------------------------  
2023-12-14 15:34:29,079  |  DEBUG  |  ---------------------------------  
2023-12-14 15:34:29,079  |  INFO  |  INSERT SUCCESS record no 104   
2023-12-14 15:34:29,080  |  DEBUG  |  ---------------------------------  
2023-12-14 15:34:29,080  |  DEBUG  |  ---------------------------------  
2023-12-14 15:34:29,080  |  INFO  |  INSERT SUCCESS record no 105   
2023-12-14 15:34:29,080  |  DEBUG  |  ---------------------------------  
2023-12-14 15:34:29,081  |  DEBUG  |  ---------------------------------  
2023-12-14 15:34:29,081  |  INFO  |  INSERT SUCCESS record no 106   
2023-12-14 15:34:29,081  |  DEBUG  |  ---------------------------------  
2023-12-14 15:34:29,081  |  DEBUG  |  ---------------------------------  
2023-12-14 15:34:29,081  |  INFO  |  INSERT SUCCESS record no 107   
2023-12-14 15:34:29,081  |  DEBUG  |  ---------------------------------  
2023-12-14 15:34:29,082  |  DEBUG  |  ---------------------------------  
2023-12-14 15:34:29,082  |  INFO  |  INSERT SUCCESS record no 108   
2023-12-14 15:34:29,082  |  DEBUG  |  ---------------------------------  
2023-12-14 15:34:29,083  |  DEBUG  |  ---------------------------------  
2023-12-14 15:34:29,083  |  INFO  |  INSERT SUCCESS record no 109   
2023-12-14 15:34:29,084  |  DEBUG  |  ---------------------------------  
2023-12-14 15:34:29,084  |  DEBUG  |  ---------------------------------  
2023-12-14 15:34:29,084  |  INFO  |  INSERT SUCCESS record no 110   
2023-12-14 15:34:29,085  |  DEBUG  |  ---------------------------------  
2023-12-14 15:34:29,085  |  DEBUG  |  ---------------------------------  
2023-12-14 15:34:29,085  |  INFO  |  INSERT SUCCESS record no 111   
2023-12-14 15:34:29,086  |  DEBUG  |  ---------------------------------  
2023-12-14 15:34:29,086  |  DEBUG  |  ---------------------------------  
2023-12-14 15:34:29,086  |  INFO  |  INSERT SUCCESS record no 112   
2023-12-14 15:34:29,086  |  DEBUG  |  ---------------------------------  
2023-12-14 15:34:29,087  |  DEBUG  |  ---------------------------------  
2023-12-14 15:34:29,087  |  INFO  |  INSERT SUCCESS record no 113   
2023-12-14 15:34:29,087  |  DEBUG  |  ---------------------------------  
2023-12-14 15:34:29,088  |  DEBUG  |  ---------------------------------  
2023-12-14 15:34:29,088  |  INFO  |  INSERT SUCCESS record no 114   
2023-12-14 15:34:29,088  |  DEBUG  |  ---------------------------------  
2023-12-14 15:34:29,088  |  DEBUG  |  ---------------------------------  
2023-12-14 15:34:29,089  |  INFO  |  INSERT SUCCESS record no 115   
2023-12-14 15:34:29,089  |  DEBUG  |  ---------------------------------  
2023-12-14 15:34:29,089  |  DEBUG  |  ---------------------------------  
2023-12-14 15:34:29,089  |  INFO  |  INSERT SUCCESS record no 116   
2023-12-14 15:34:29,089  |  DEBUG  |  ---------------------------------  
2023-12-14 15:34:29,090  |  DEBUG  |  ---------------------------------  
2023-12-14 15:34:29,090  |  INFO  |  INSERT SUCCESS record no 117   
2023-12-14 15:34:29,090  |  DEBUG  |  ---------------------------------  
2023-12-14 15:34:29,091  |  DEBUG  |  ---------------------------------  
2023-12-14 15:34:29,091  |  INFO  |  INSERT SUCCESS record no 118   
2023-12-14 15:34:29,092  |  DEBUG  |  ---------------------------------  
2023-12-14 15:34:29,092  |  DEBUG  |  ---------------------------------  
2023-12-14 15:34:29,092  |  INFO  |  INSERT SUCCESS record no 119   
2023-12-14 15:34:29,093  |  DEBUG  |  ---------------------------------  
2023-12-14 15:34:29,093  |  DEBUG  |  ---------------------------------  
2023-12-14 15:34:29,093  |  INFO  |  INSERT SUCCESS record no 120   
2023-12-14 15:34:29,093  |  DEBUG  |  ---------------------------------  
2023-12-14 15:34:29,094  |  DEBUG  |  ---------------------------------  
2023-12-14 15:34:29,094  |  INFO  |  INSERT SUCCESS record no 121   
2023-12-14 15:34:29,094  |  DEBUG  |  ---------------------------------  
2023-12-14 15:34:29,095  |  DEBUG  |  ---------------------------------  
2023-12-14 15:34:29,095  |  INFO  |  INSERT SUCCESS record no 122   
2023-12-14 15:34:29,095  |  DEBUG  |  ---------------------------------  
2023-12-14 15:34:29,095  |  DEBUG  |  ---------------------------------  
2023-12-14 15:34:29,096  |  INFO  |  INSERT SUCCESS record no 123   
2023-12-14 15:34:29,096  |  DEBUG  |  ---------------------------------  
2023-12-14 15:34:29,096  |  DEBUG  |  ---------------------------------  
2023-12-14 15:34:29,096  |  INFO  |  INSERT SUCCESS record no 124   
2023-12-14 15:34:29,096  |  DEBUG  |  ---------------------------------  
2023-12-14 15:34:29,097  |  DEBUG  |  ---------------------------------  
2023-12-14 15:34:29,097  |  INFO  |  INSERT SUCCESS record no 125   
2023-12-14 15:34:29,097  |  DEBUG  |  ---------------------------------  
2023-12-14 15:34:29,097  |  DEBUG  |  ---------------------------------  
2023-12-14 15:34:29,098  |  INFO  |  INSERT SUCCESS record no 126   
2023-12-14 15:34:29,098  |  DEBUG  |  ---------------------------------  
2023-12-14 15:34:29,098  |  DEBUG  |  ---------------------------------  
2023-12-14 15:34:29,098  |  INFO  |  INSERT SUCCESS record no 127   
2023-12-14 15:34:29,099  |  DEBUG  |  ---------------------------------  
2023-12-14 15:34:29,099  |  DEBUG  |  ---------------------------------  
2023-12-14 15:34:29,099  |  INFO  |  INSERT SUCCESS record no 128   
2023-12-14 15:34:29,100  |  DEBUG  |  ---------------------------------  
2023-12-14 15:34:29,100  |  DEBUG  |  ---------------------------------  
2023-12-14 15:34:29,101  |  INFO  |  INSERT SUCCESS record no 129   
2023-12-14 15:34:29,101  |  DEBUG  |  ---------------------------------  
2023-12-14 15:34:29,102  |  DEBUG  |  ---------------------------------  
2023-12-14 15:34:29,102  |  INFO  |  INSERT SUCCESS record no 130   
2023-12-14 15:34:29,102  |  DEBUG  |  ---------------------------------  
2023-12-14 15:34:29,103  |  DEBUG  |  ---------------------------------  
2023-12-14 15:34:29,103  |  INFO  |  INSERT SUCCESS record no 131   
2023-12-14 15:34:29,103  |  DEBUG  |  ---------------------------------  
2023-12-14 15:34:29,103  |  DEBUG  |  ---------------------------------  
2023-12-14 15:34:29,103  |  INFO  |  INSERT SUCCESS record no 132   
2023-12-14 15:34:29,104  |  DEBUG  |  ---------------------------------  
2023-12-14 15:34:29,104  |  DEBUG  |  ---------------------------------  
2023-12-14 15:34:29,104  |  INFO  |  INSERT SUCCESS record no 133   
2023-12-14 15:34:29,104  |  DEBUG  |  ---------------------------------  
2023-12-14 15:34:29,105  |  DEBUG  |  ---------------------------------  
2023-12-14 15:34:29,105  |  INFO  |  INSERT SUCCESS record no 134   
2023-12-14 15:34:29,105  |  DEBUG  |  ---------------------------------  
2023-12-14 15:34:29,105  |  DEBUG  |  ---------------------------------  
2023-12-14 15:34:29,105  |  INFO  |  INSERT SUCCESS record no 135   
2023-12-14 15:34:29,106  |  DEBUG  |  ---------------------------------  
2023-12-14 15:34:29,106  |  DEBUG  |  ---------------------------------  
2023-12-14 15:34:29,106  |  INFO  |  INSERT SUCCESS record no 136   
2023-12-14 15:34:29,106  |  DEBUG  |  ---------------------------------  
2023-12-14 15:34:29,106  |  DEBUG  |  ---------------------------------  
2023-12-14 15:34:29,107  |  INFO  |  INSERT SUCCESS record no 137   
2023-12-14 15:34:29,107  |  DEBUG  |  ---------------------------------  
2023-12-14 15:34:29,108  |  DEBUG  |  ---------------------------------  
2023-12-14 15:34:29,108  |  INFO  |  INSERT SUCCESS record no 138   
2023-12-14 15:34:29,108  |  DEBUG  |  ---------------------------------  
2023-12-14 15:34:29,109  |  DEBUG  |  ---------------------------------  
2023-12-14 15:34:29,109  |  INFO  |  INSERT SUCCESS record no 139   
2023-12-14 15:34:29,109  |  DEBUG  |  ---------------------------------  
2023-12-14 15:34:29,110  |  DEBUG  |  ---------------------------------  
2023-12-14 15:34:29,110  |  INFO  |  INSERT SUCCESS record no 140   
2023-12-14 15:34:29,110  |  DEBUG  |  ---------------------------------  
2023-12-14 15:34:29,111  |  DEBUG  |  ---------------------------------  
2023-12-14 15:34:29,111  |  INFO  |  INSERT SUCCESS record no 141   
2023-12-14 15:34:29,111  |  DEBUG  |  ---------------------------------  
2023-12-14 15:34:29,111  |  DEBUG  |  ---------------------------------  
2023-12-14 15:34:29,111  |  INFO  |  INSERT SUCCESS record no 142   
2023-12-14 15:34:29,112  |  DEBUG  |  ---------------------------------  
2023-12-14 15:34:29,112  |  DEBUG  |  ---------------------------------  
2023-12-14 15:34:29,112  |  INFO  |  INSERT SUCCESS record no 143   
2023-12-14 15:34:29,112  |  DEBUG  |  ---------------------------------  
2023-12-14 15:34:29,113  |  DEBUG  |  ---------------------------------  
2023-12-14 15:34:29,113  |  INFO  |  INSERT SUCCESS record no 144   
2023-12-14 15:34:29,113  |  DEBUG  |  ---------------------------------  
2023-12-14 15:34:29,113  |  DEBUG  |  ---------------------------------  
2023-12-14 15:34:29,113  |  INFO  |  INSERT SUCCESS record no 145   
2023-12-14 15:34:29,114  |  DEBUG  |  ---------------------------------  
2023-12-14 15:34:29,114  |  DEBUG  |  ---------------------------------  
2023-12-14 15:34:29,114  |  INFO  |  INSERT SUCCESS record no 146   
2023-12-14 15:34:29,114  |  DEBUG  |  ---------------------------------  
2023-12-14 15:34:29,115  |  DEBUG  |  ---------------------------------  
2023-12-14 15:34:29,115  |  INFO  |  INSERT SUCCESS record no 147   
2023-12-14 15:34:29,115  |  DEBUG  |  ---------------------------------  
2023-12-14 15:34:29,116  |  DEBUG  |  ---------------------------------  
2023-12-14 15:34:29,116  |  INFO  |  INSERT SUCCESS record no 148   
2023-12-14 15:34:29,116  |  DEBUG  |  ---------------------------------  
2023-12-14 15:34:29,117  |  DEBUG  |  ---------------------------------  
2023-12-14 15:34:29,117  |  INFO  |  INSERT SUCCESS record no 149   
2023-12-14 15:34:29,117  |  DEBUG  |  ---------------------------------  
2023-12-14 15:34:29,118  |  DEBUG  |  ---------------------------------  
2023-12-14 15:34:29,118  |  INFO  |  INSERT SUCCESS record no 150   
2023-12-14 15:34:29,118  |  DEBUG  |  ---------------------------------  
2023-12-14 15:34:29,119  |  DEBUG  |  ---------------------------------  
2023-12-14 15:34:29,119  |  INFO  |  INSERT SUCCESS record no 151   
2023-12-14 15:34:29,120  |  DEBUG  |  ---------------------------------  
2023-12-14 15:34:29,120  |  DEBUG  |  ---------------------------------  
2023-12-14 15:34:29,120  |  INFO  |  INSERT SUCCESS record no 152   
2023-12-14 15:34:29,120  |  DEBUG  |  ---------------------------------  
2023-12-14 15:34:29,121  |  DEBUG  |  ---------------------------------  
2023-12-14 15:34:29,121  |  INFO  |  INSERT SUCCESS record no 153   
2023-12-14 15:34:29,121  |  DEBUG  |  ---------------------------------  
2023-12-14 15:34:29,121  |  DEBUG  |  ---------------------------------  
2023-12-14 15:34:29,121  |  INFO  |  INSERT SUCCESS record no 154   
2023-12-14 15:34:29,121  |  DEBUG  |  ---------------------------------  
2023-12-14 15:34:29,122  |  DEBUG  |  ---------------------------------  
2023-12-14 15:34:29,122  |  INFO  |  INSERT SUCCESS record no 155   
2023-12-14 15:34:29,122  |  DEBUG  |  ---------------------------------  
2023-12-14 15:34:29,123  |  DEBUG  |  ---------------------------------  
2023-12-14 15:34:29,123  |  INFO  |  INSERT SUCCESS record no 156   
2023-12-14 15:34:29,123  |  DEBUG  |  ---------------------------------  
2023-12-14 15:34:29,124  |  DEBUG  |  ---------------------------------  
2023-12-14 15:34:29,124  |  INFO  |  INSERT SUCCESS record no 157   
2023-12-14 15:34:29,124  |  DEBUG  |  ---------------------------------  
2023-12-14 15:34:29,125  |  DEBUG  |  ---------------------------------  
2023-12-14 15:34:29,125  |  INFO  |  INSERT SUCCESS record no 158   
2023-12-14 15:34:29,126  |  DEBUG  |  ---------------------------------  
2023-12-14 15:34:29,126  |  DEBUG  |  ---------------------------------  
2023-12-14 15:34:29,126  |  INFO  |  INSERT SUCCESS record no 159   
2023-12-14 15:34:29,127  |  DEBUG  |  ---------------------------------  
2023-12-14 15:34:29,127  |  DEBUG  |  ---------------------------------  
2023-12-14 15:34:29,127  |  INFO  |  INSERT SUCCESS record no 160   
2023-12-14 15:34:29,127  |  DEBUG  |  ---------------------------------  
2023-12-14 15:34:29,128  |  DEBUG  |  ---------------------------------  
2023-12-14 15:34:29,128  |  INFO  |  INSERT SUCCESS record no 161   
2023-12-14 15:34:29,128  |  DEBUG  |  ---------------------------------  
2023-12-14 15:34:29,128  |  DEBUG  |  ---------------------------------  
2023-12-14 15:34:29,129  |  INFO  |  INSERT SUCCESS record no 162   
2023-12-14 15:34:29,129  |  DEBUG  |  ---------------------------------  
2023-12-14 15:34:29,129  |  DEBUG  |  ---------------------------------  
2023-12-14 15:34:29,129  |  INFO  |  INSERT SUCCESS record no 163   
2023-12-14 15:34:29,129  |  DEBUG  |  ---------------------------------  
2023-12-14 15:34:29,131  |  DEBUG  |  ---------------------------------  
2023-12-14 15:34:29,131  |  INFO  |  INSERT SUCCESS record no 164   
2023-12-14 15:34:29,131  |  DEBUG  |  ---------------------------------  
2023-12-14 15:34:29,131  |  DEBUG  |  ---------------------------------  
2023-12-14 15:34:29,131  |  INFO  |  INSERT SUCCESS record no 165   
2023-12-14 15:34:29,132  |  DEBUG  |  ---------------------------------  
2023-12-14 15:34:29,132  |  DEBUG  |  ---------------------------------  
2023-12-14 15:34:29,132  |  INFO  |  INSERT SUCCESS record no 166   
2023-12-14 15:34:29,133  |  DEBUG  |  ---------------------------------  
2023-12-14 15:34:29,133  |  DEBUG  |  ---------------------------------  
2023-12-14 15:34:29,133  |  INFO  |  INSERT SUCCESS record no 167   
2023-12-14 15:34:29,134  |  DEBUG  |  ---------------------------------  
2023-12-14 15:34:29,134  |  DEBUG  |  ---------------------------------  
2023-12-14 15:34:29,134  |  INFO  |  INSERT SUCCESS record no 168   
2023-12-14 15:34:29,135  |  DEBUG  |  ---------------------------------  
2023-12-14 15:34:29,135  |  DEBUG  |  ---------------------------------  
2023-12-14 15:34:29,135  |  INFO  |  INSERT SUCCESS record no 169   
2023-12-14 15:34:29,136  |  DEBUG  |  ---------------------------------  
2023-12-14 15:34:29,136  |  DEBUG  |  ---------------------------------  
2023-12-14 15:34:29,136  |  INFO  |  INSERT SUCCESS record no 170   
2023-12-14 15:34:29,136  |  DEBUG  |  ---------------------------------  
2023-12-14 15:34:29,136  |  DEBUG  |  ---------------------------------  
2023-12-14 15:34:29,137  |  INFO  |  INSERT SUCCESS record no 171   
2023-12-14 15:34:29,137  |  DEBUG  |  ---------------------------------  
2023-12-14 15:34:29,137  |  DEBUG  |  ---------------------------------  
2023-12-14 15:34:29,137  |  INFO  |  INSERT SUCCESS record no 172   
2023-12-14 15:34:29,138  |  DEBUG  |  ---------------------------------  
2023-12-14 15:34:29,138  |  DEBUG  |  ---------------------------------  
2023-12-14 15:34:29,138  |  INFO  |  INSERT SUCCESS record no 173   
2023-12-14 15:34:29,138  |  DEBUG  |  ---------------------------------  
2023-12-14 15:34:29,139  |  DEBUG  |  ---------------------------------  
2023-12-14 15:34:29,139  |  INFO  |  INSERT SUCCESS record no 174   
2023-12-14 15:34:29,139  |  DEBUG  |  ---------------------------------  
2023-12-14 15:34:29,139  |  DEBUG  |  ---------------------------------  
2023-12-14 15:34:29,140  |  INFO  |  INSERT SUCCESS record no 175   
2023-12-14 15:34:29,140  |  DEBUG  |  ---------------------------------  
2023-12-14 15:34:29,140  |  DEBUG  |  ---------------------------------  
2023-12-14 15:34:29,140  |  INFO  |  INSERT SUCCESS record no 176   
2023-12-14 15:34:29,141  |  DEBUG  |  ---------------------------------  
2023-12-14 15:34:29,142  |  DEBUG  |  ---------------------------------  
2023-12-14 15:34:29,142  |  INFO  |  INSERT SUCCESS record no 177   
2023-12-14 15:34:29,143  |  DEBUG  |  ---------------------------------  
2023-12-14 15:34:29,179  |  DEBUG  |  ---------------------------------  
2023-12-14 15:34:29,179  |  INFO  |  INSERT SUCCESS record no 178   
2023-12-14 15:34:29,179  |  DEBUG  |  ---------------------------------  
2023-12-14 15:34:29,180  |  DEBUG  |  ---------------------------------  
2023-12-14 15:34:29,180  |  INFO  |  INSERT SUCCESS record no 179   
2023-12-14 15:34:29,180  |  DEBUG  |  ---------------------------------  
2023-12-14 15:34:29,181  |  DEBUG  |  ---------------------------------  
2023-12-14 15:34:29,181  |  INFO  |  INSERT SUCCESS record no 180   
2023-12-14 15:34:29,181  |  DEBUG  |  ---------------------------------  
2023-12-14 15:34:29,182  |  DEBUG  |  ---------------------------------  
2023-12-14 15:34:29,182  |  INFO  |  INSERT SUCCESS record no 181   
2023-12-14 15:34:29,182  |  DEBUG  |  ---------------------------------  
2023-12-14 15:34:29,183  |  DEBUG  |  ---------------------------------  
2023-12-14 15:34:29,183  |  INFO  |  INSERT SUCCESS record no 182   
2023-12-14 15:34:29,183  |  DEBUG  |  ---------------------------------  
2023-12-14 15:34:29,184  |  DEBUG  |  ---------------------------------  
2023-12-14 15:34:29,184  |  INFO  |  INSERT SUCCESS record no 183   
2023-12-14 15:34:29,184  |  DEBUG  |  ---------------------------------  
2023-12-14 15:34:29,185  |  DEBUG  |  ---------------------------------  
2023-12-14 15:34:29,185  |  INFO  |  INSERT SUCCESS record no 184   
2023-12-14 15:34:29,185  |  DEBUG  |  ---------------------------------  
2023-12-14 15:34:29,186  |  DEBUG  |  ---------------------------------  
2023-12-14 15:34:29,186  |  INFO  |  INSERT SUCCESS record no 185   
2023-12-14 15:34:29,186  |  DEBUG  |  ---------------------------------  
2023-12-14 15:34:29,186  |  DEBUG  |  ---------------------------------  
2023-12-14 15:34:29,187  |  INFO  |  INSERT SUCCESS record no 186   
2023-12-14 15:34:29,187  |  DEBUG  |  ---------------------------------  
2023-12-14 15:34:29,187  |  DEBUG  |  ---------------------------------  
2023-12-14 15:34:29,188  |  INFO  |  INSERT SUCCESS record no 187   
2023-12-14 15:34:29,188  |  DEBUG  |  ---------------------------------  
2023-12-14 15:34:29,188  |  DEBUG  |  ---------------------------------  
2023-12-14 15:34:29,189  |  INFO  |  INSERT SUCCESS record no 188   
2023-12-14 15:34:29,189  |  DEBUG  |  ---------------------------------  
2023-12-14 15:34:29,190  |  DEBUG  |  ---------------------------------  
2023-12-14 15:34:29,190  |  INFO  |  INSERT SUCCESS record no 189   
2023-12-14 15:34:29,190  |  DEBUG  |  ---------------------------------  
2023-12-14 15:34:29,191  |  DEBUG  |  ---------------------------------  
2023-12-14 15:34:29,191  |  INFO  |  INSERT SUCCESS record no 190   
2023-12-14 15:34:29,192  |  DEBUG  |  ---------------------------------  
2023-12-14 15:34:29,192  |  DEBUG  |  ---------------------------------  
2023-12-14 15:34:29,193  |  INFO  |  INSERT SUCCESS record no 191   
2023-12-14 15:34:29,193  |  DEBUG  |  ---------------------------------  
2023-12-14 15:34:29,193  |  DEBUG  |  ---------------------------------  
2023-12-14 15:34:29,194  |  INFO  |  INSERT SUCCESS record no 192   
2023-12-14 15:34:29,194  |  DEBUG  |  ---------------------------------  
2023-12-14 15:34:29,194  |  DEBUG  |  ---------------------------------  
2023-12-14 15:34:29,194  |  INFO  |  INSERT SUCCESS record no 193   
2023-12-14 15:34:29,195  |  DEBUG  |  ---------------------------------  
2023-12-14 15:34:29,195  |  DEBUG  |  ---------------------------------  
2023-12-14 15:34:29,195  |  INFO  |  INSERT SUCCESS record no 194   
2023-12-14 15:34:29,196  |  DEBUG  |  ---------------------------------  
2023-12-14 15:34:29,196  |  DEBUG  |  ---------------------------------  
2023-12-14 15:34:29,196  |  INFO  |  INSERT SUCCESS record no 195   
2023-12-14 15:34:29,196  |  DEBUG  |  ---------------------------------  
2023-12-14 15:34:29,197  |  DEBUG  |  ---------------------------------  
2023-12-14 15:34:29,197  |  INFO  |  INSERT SUCCESS record no 196   
2023-12-14 15:34:29,197  |  DEBUG  |  ---------------------------------  
2023-12-14 15:34:29,198  |  DEBUG  |  ---------------------------------  
2023-12-14 15:34:29,198  |  INFO  |  INSERT SUCCESS record no 197   
2023-12-14 15:34:29,198  |  DEBUG  |  ---------------------------------  
2023-12-14 15:34:29,199  |  DEBUG  |  ---------------------------------  
2023-12-14 15:34:29,199  |  INFO  |  INSERT SUCCESS record no 198   
2023-12-14 15:34:29,200  |  DEBUG  |  ---------------------------------  
2023-12-14 15:34:29,200  |  DEBUG  |  ---------------------------------  
2023-12-14 15:34:29,201  |  INFO  |  INSERT SUCCESS record no 199   
2023-12-14 15:34:29,201  |  DEBUG  |  ---------------------------------  
2023-12-14 15:34:29,202  |  DEBUG  |  ---------------------------------  
2023-12-14 15:34:29,202  |  INFO  |  INSERT SUCCESS record no 200   
2023-12-14 15:34:29,202  |  DEBUG  |  ---------------------------------  
2023-12-14 15:34:29,203  |  DEBUG  |  ---------------------------------  
2023-12-14 15:34:29,203  |  INFO  |  INSERT SUCCESS record no 201   
2023-12-14 15:34:29,203  |  DEBUG  |  ---------------------------------  
2023-12-14 15:34:29,204  |  DEBUG  |  ---------------------------------  
2023-12-14 15:34:29,204  |  INFO  |  INSERT SUCCESS record no 202   
2023-12-14 15:34:29,204  |  DEBUG  |  ---------------------------------  
2023-12-14 15:34:29,204  |  DEBUG  |  ---------------------------------  
2023-12-14 15:34:29,205  |  INFO  |  INSERT SUCCESS record no 203   
2023-12-14 15:34:29,205  |  DEBUG  |  ---------------------------------  
2023-12-14 15:34:29,205  |  DEBUG  |  ---------------------------------  
2023-12-14 15:34:29,206  |  INFO  |  INSERT SUCCESS record no 204   
2023-12-14 15:34:29,206  |  DEBUG  |  ---------------------------------  
2023-12-14 15:34:29,206  |  INFO  |  Rows after SQL insert in Postgres: 204   
2023-12-14 15:34:29,206  |  DEBUG  |    
2023-12-14 15:34:29,207  |  INFO  |  Sensitve columns: ['Product_Category']  
2023-12-14 15:34:29,215  |  INFO  |  ================================================  
2023-12-14 15:34:29,215  |  INFO  |  Total columns in table after insertion: 8  
2023-12-14 15:34:29,216  |  INFO  |  Columns name list in table after insertion: ['coupon_id', 'month', 'product_category', 'coupon_code', 'discount_pct', 'created_at', 'updated_at', 'source']  
2023-12-14 15:34:29,216  |  DEBUG  |    
2023-12-14 15:34:29,217  |  INFO  |  DATA VALIDATION SUCCESS: All general DQ checks passed!   
2023-12-14 15:34:29,218  |  DEBUG  |    
2023-12-14 15:34:29,220  |  INFO  |  Now saving changes made by SQL statements to Postgres DB....  
2023-12-14 15:34:29,221  |  INFO  |  Saved successfully, now terminating cursor and current session....  
2023-12-14 15:34:29,221  |  DEBUG  |    
2023-12-14 15:34:29,221  |  DEBUG  |  Cursor closed successfully.  
2023-12-14 15:34:29,222  |  DEBUG  |  Session connected to Postgres database closed.  
