2023-12-13 13:10:37,034  |  INFO  |    
2023-12-13 13:10:37,035  |  INFO  |  ---------------------------------------------  
2023-12-13 13:10:37,035  |  INFO  |  Beginning the source data extraction process...  
2023-12-13 13:10:37,035  |  INFO  |  Successfully located 'flight_destinations.json'  
2023-12-13 13:10:37,035  |  INFO  |  File type: '<class 'list'>'  
2023-12-13 13:10:37,080  |  DEBUG  |    
2023-12-13 13:10:37,080  |  INFO  |  =================================================================================  
2023-12-13 13:10:37,081  |  INFO  |  CONNECTION SUCCESS: Managed to connect successfully to the dwdss database!!  
2023-12-13 13:10:37,081  |  INFO  |  Connection details: user=postgres password=xxx dbname=dwdss host=localhost port=5432   
2023-12-13 13:10:37,081  |  INFO  |  =================================================================================  
2023-12-13 13:10:37,081  |  DEBUG  |    
2023-12-13 13:10:37,083  |  DEBUG  |    
2023-12-13 13:10:37,083  |  INFO  |  =================================================================================================  
2023-12-13 13:10:37,083  |  INFO  |  SCHEMA CREATION SUCCESS: Managed to create main schema in dwdss   
2023-12-13 13:10:37,083  |  INFO  |  Schema name in Postgres: main   
2023-12-13 13:10:37,083  |  INFO  |  SQL Query for validation check:     SELECT schema_name from information_schema.schemata WHERE schema_name= 'main';
           
2023-12-13 13:10:37,084  |  INFO  |  =================================================================================================  
2023-12-13 13:10:37,084  |  DEBUG  |    
2023-12-13 13:10:37,089  |  DEBUG  |    
2023-12-13 13:10:37,089  |  ERROR  |  ==========================================================================================================================================================================  
2023-12-13 13:10:37,089  |  ERROR  |  TABLE DELETION FAILURE: Unable to delete raw_flight_destinations_tbl. This table may have objects that depend on it (use DROP TABLE ... CASCADE to resolve) or it doesn't exist.   
2023-12-13 13:10:37,090  |  ERROR  |  SQL Query for validation check:     SELECT EXISTS (SELECT 1 FROM information_schema.tables WHERE table_name = 'raw_flight_destinations_tbl' );
           
2023-12-13 13:10:37,090  |  ERROR  |  ==========================================================================================================================================================================  
2023-12-13 13:10:37,091  |  DEBUG  |    
2023-12-13 13:10:37,095  |  DEBUG  |    
2023-12-13 13:10:37,096  |  INFO  |  =============================================================================================================================================================================  
2023-12-13 13:10:37,096  |  INFO  |  TABLE CREATION SUCCESS: Managed to create raw_flight_destinations_tbl table in dwdss.    
2023-12-13 13:10:37,096  |  INFO  |  SQL Query for validation check:         SELECT EXISTS (SELECT 1 FROM information_schema.tables WHERE table_name = 'raw_flight_destinations_tbl' );
           
2023-12-13 13:10:37,097  |  INFO  |  =============================================================================================================================================================================  
2023-12-13 13:10:37,097  |  DEBUG  |    
2023-12-13 13:10:37,107  |  DEBUG  |    
2023-12-13 13:10:37,107  |  INFO  |  =============================================================================================================================================================================  
2023-12-13 13:10:37,108  |  INFO  |  DATA LINEAGE FIELDS CREATION SUCCESS: Managed to create data lineage columns in main.raw_flight_destinations_tbl.    
2023-12-13 13:10:37,108  |  INFO  |  SQL Query for validation check:          
                                                                    SELECT * 
                                                                    FROM    information_schema.columns 
                                                                    WHERE   table_name      = 'raw_flight_destinations_tbl' 
                                                                        AND     (column_name    = 'created_at'
                                                                        OR      column_name     = 'updated_at' 
                                                                        OR      column_name     = 'source_system' 
                                                                        OR      column_name     = 'source_file' 
                                                                        OR      column_name     = 'load_timestamp' 
                                                                        OR      column_name     = 'dwh_layer');
                                                                              
           
2023-12-13 13:10:37,110  |  INFO  |  =============================================================================================================================================================================  
2023-12-13 13:10:37,110  |  DEBUG  |    
2023-12-13 13:10:37,111  |  INFO  |  Rows before SQL insert in Postgres: 0   
2023-12-13 13:10:37,111  |  DEBUG  |    
2023-12-13 13:10:37,112  |  DEBUG  |  ---------------------------------  
2023-12-13 13:10:37,112  |  INFO  |  INSERT SUCCESS: Uploaded flight_destinations record no 1   
2023-12-13 13:10:37,113  |  DEBUG  |  ---------------------------------  
2023-12-13 13:10:37,113  |  DEBUG  |  ---------------------------------  
2023-12-13 13:10:37,114  |  INFO  |  INSERT SUCCESS: Uploaded flight_destinations record no 2   
2023-12-13 13:10:37,114  |  DEBUG  |  ---------------------------------  
2023-12-13 13:10:37,115  |  DEBUG  |  ---------------------------------  
2023-12-13 13:10:37,115  |  INFO  |  INSERT SUCCESS: Uploaded flight_destinations record no 3   
2023-12-13 13:10:37,115  |  DEBUG  |  ---------------------------------  
2023-12-13 13:10:37,116  |  DEBUG  |  ---------------------------------  
2023-12-13 13:10:37,116  |  INFO  |  INSERT SUCCESS: Uploaded flight_destinations record no 4   
2023-12-13 13:10:37,116  |  DEBUG  |  ---------------------------------  
2023-12-13 13:10:37,116  |  DEBUG  |  ---------------------------------  
2023-12-13 13:10:37,117  |  INFO  |  INSERT SUCCESS: Uploaded flight_destinations record no 5   
2023-12-13 13:10:37,117  |  DEBUG  |  ---------------------------------  
2023-12-13 13:10:37,118  |  DEBUG  |  ---------------------------------  
2023-12-13 13:10:37,118  |  INFO  |  INSERT SUCCESS: Uploaded flight_destinations record no 6   
2023-12-13 13:10:37,118  |  DEBUG  |  ---------------------------------  
2023-12-13 13:10:37,119  |  DEBUG  |  ---------------------------------  
2023-12-13 13:10:37,119  |  INFO  |  INSERT SUCCESS: Uploaded flight_destinations record no 7   
2023-12-13 13:10:37,119  |  DEBUG  |  ---------------------------------  
2023-12-13 13:10:37,120  |  DEBUG  |  ---------------------------------  
2023-12-13 13:10:37,120  |  INFO  |  INSERT SUCCESS: Uploaded flight_destinations record no 8   
2023-12-13 13:10:37,120  |  DEBUG  |  ---------------------------------  
2023-12-13 13:10:37,121  |  DEBUG  |  ---------------------------------  
2023-12-13 13:10:37,121  |  INFO  |  INSERT SUCCESS: Uploaded flight_destinations record no 9   
2023-12-13 13:10:37,121  |  DEBUG  |  ---------------------------------  
2023-12-13 13:10:37,122  |  INFO  |  Rows after SQL insert in Postgres: 9   
2023-12-13 13:10:37,122  |  DEBUG  |    
2023-12-13 13:10:37,127  |  INFO  |  ================================================  
2023-12-13 13:10:37,128  |  INFO  |    
2023-12-13 13:10:37,128  |  INFO  |  Now calculating performance statistics (from a Python standpoint)...  
2023-12-13 13:10:37,128  |  INFO  |    
2023-12-13 13:10:37,129  |  INFO  |    
2023-12-13 13:10:37,129  |  DEBUG  |    
2023-12-13 13:10:37,129  |  INFO  |  DATA VALIDATION SUCCESS: All general DQ checks passed!   
2023-12-13 13:10:37,129  |  DEBUG  |    
2023-12-13 13:10:37,129  |  INFO  |  Now saving changes made by SQL statements to Postgres DB....  
2023-12-13 13:10:37,129  |  INFO  |  Saved successfully, now terminating cursor and current session....  
2023-12-13 13:10:37,129  |  DEBUG  |    
2023-12-13 13:10:37,130  |  DEBUG  |  Cursor closed successfully.  
2023-12-13 13:10:37,130  |  DEBUG  |  Session connected to Postgres database closed.  
