2023-12-13 13:10:38,254  |  INFO  |    
2023-12-13 13:10:38,254  |  INFO  |  ---------------------------------------------  
2023-12-13 13:10:38,255  |  INFO  |  Beginning the source data extraction process...  
2023-12-13 13:10:38,255  |  INFO  |  Successfully located 'ticket_prices.json'  
2023-12-13 13:10:38,255  |  INFO  |  File type: '<class 'list'>'  
2023-12-13 13:10:38,303  |  DEBUG  |    
2023-12-13 13:10:38,303  |  INFO  |  =================================================================================  
2023-12-13 13:10:38,304  |  INFO  |  CONNECTION SUCCESS: Managed to connect successfully to the dwdss database!!  
2023-12-13 13:10:38,304  |  INFO  |  Connection details: user=postgres password=xxx dbname=dwdss host=localhost port=5432   
2023-12-13 13:10:38,304  |  INFO  |  =================================================================================  
2023-12-13 13:10:38,304  |  DEBUG  |    
2023-12-13 13:10:38,306  |  DEBUG  |    
2023-12-13 13:10:38,306  |  INFO  |  =================================================================================================  
2023-12-13 13:10:38,306  |  INFO  |  SCHEMA CREATION SUCCESS: Managed to create main schema in dwdss   
2023-12-13 13:10:38,307  |  INFO  |  Schema name in Postgres: main   
2023-12-13 13:10:38,307  |  INFO  |  SQL Query for validation check:     SELECT schema_name from information_schema.schemata WHERE schema_name= 'main';
           
2023-12-13 13:10:38,307  |  INFO  |  =================================================================================================  
2023-12-13 13:10:38,307  |  DEBUG  |    
2023-12-13 13:10:38,312  |  DEBUG  |    
2023-12-13 13:10:38,312  |  ERROR  |  ==========================================================================================================================================================================  
2023-12-13 13:10:38,313  |  ERROR  |  TABLE DELETION FAILURE: Unable to delete raw_ticket_prices_tbl. This table may have objects that depend on it (use DROP TABLE ... CASCADE to resolve) or it doesn't exist.   
2023-12-13 13:10:38,313  |  ERROR  |  SQL Query for validation check:     SELECT EXISTS (SELECT 1 FROM information_schema.tables WHERE table_name = 'raw_ticket_prices_tbl' );
           
2023-12-13 13:10:38,313  |  ERROR  |  ==========================================================================================================================================================================  
2023-12-13 13:10:38,314  |  DEBUG  |    
2023-12-13 13:10:38,317  |  DEBUG  |    
2023-12-13 13:10:38,317  |  INFO  |  =============================================================================================================================================================================  
2023-12-13 13:10:38,318  |  INFO  |  TABLE CREATION SUCCESS: Managed to create raw_ticket_prices_tbl table in dwdss.    
2023-12-13 13:10:38,318  |  INFO  |  SQL Query for validation check:         SELECT EXISTS (SELECT 1 FROM information_schema.tables WHERE table_name = 'raw_ticket_prices_tbl' );
           
2023-12-13 13:10:38,318  |  INFO  |  =============================================================================================================================================================================  
2023-12-13 13:10:38,319  |  DEBUG  |    
2023-12-13 13:10:38,329  |  DEBUG  |    
2023-12-13 13:10:38,330  |  INFO  |  =============================================================================================================================================================================  
2023-12-13 13:10:38,330  |  INFO  |  DATA LINEAGE FIELDS CREATION SUCCESS: Managed to create data lineage columns in main.raw_ticket_prices_tbl.    
2023-12-13 13:10:38,330  |  INFO  |  SQL Query for validation check:          
                                                                    SELECT * 
                                                                    FROM    information_schema.columns 
                                                                    WHERE   table_name      = 'raw_ticket_prices_tbl' 
                                                                        AND     (column_name    = 'created_at'
                                                                        OR      column_name     = 'updated_at' 
                                                                        OR      column_name     = 'source_system' 
                                                                        OR      column_name     = 'source_file' 
                                                                        OR      column_name     = 'load_timestamp' 
                                                                        OR      column_name     = 'dwh_layer');
                                                                              
           
2023-12-13 13:10:38,332  |  INFO  |  =============================================================================================================================================================================  
2023-12-13 13:10:38,332  |  DEBUG  |    
2023-12-13 13:10:38,332  |  INFO  |  Rows before SQL insert in Postgres: 0   
2023-12-13 13:10:38,333  |  DEBUG  |    
2023-12-13 13:10:38,334  |  DEBUG  |  ---------------------------------  
2023-12-13 13:10:38,334  |  INFO  |  INSERT SUCCESS: Uploaded ticket_prices record no 1   
2023-12-13 13:10:38,334  |  DEBUG  |  ---------------------------------  
2023-12-13 13:10:38,335  |  DEBUG  |  ---------------------------------  
2023-12-13 13:10:38,336  |  INFO  |  INSERT SUCCESS: Uploaded ticket_prices record no 2   
2023-12-13 13:10:38,336  |  DEBUG  |  ---------------------------------  
2023-12-13 13:10:38,336  |  INFO  |  Rows after SQL insert in Postgres: 2   
2023-12-13 13:10:38,336  |  DEBUG  |    
2023-12-13 13:10:38,337  |  WARNING  |  Here are the columns considered sensitive in this table ...  
2023-12-13 13:10:38,337  |  WARNING  |    
2023-12-13 13:10:38,337  |  WARNING  |  1 : 'flight_id'    
2023-12-13 13:10:38,337  |  WARNING  |  2 : 'ticket_price'    
2023-12-13 13:10:38,337  |  WARNING  |  3 : 'ticket_price_date'    
2023-12-13 13:10:38,337  |  WARNING  |    
2023-12-13 13:10:38,337  |  WARNING  |    
2023-12-13 13:10:38,338  |  WARNING  |  Decide on the appropriate treatment for these tables. A few options to consider include:  
2023-12-13 13:10:38,338  |  WARNING  |  1. Masking fields               -   This involves replacing sensitive columns with alternative characters e.g.  'xxxx-xxxx', '*****', '$$$$'.   
2023-12-13 13:10:38,338  |  WARNING  |  2. Encrypting fields            -   This is converting sensitive columns to cipher text (unreadable text format).          
2023-12-13 13:10:38,338  |  WARNING  |  3. Role-based access control    -   Placing a system that delegates privileges based on team members' responsibilities          
2023-12-13 13:10:38,338  |  WARNING  |    
2023-12-13 13:10:38,339  |  WARNING  |  Now terminating the sensitive column identification stage ...  
2023-12-13 13:10:38,339  |  WARNING  |  Sensitive column identification stage ended.   
2023-12-13 13:10:38,339  |  WARNING  |    
2023-12-13 13:10:38,339  |  WARNING  |    
2023-12-13 13:10:38,339  |  WARNING  |    
2023-12-13 13:10:38,346  |  INFO  |  ================================================  
2023-12-13 13:10:38,346  |  INFO  |    
2023-12-13 13:10:38,346  |  INFO  |  Now calculating performance statistics (from a Python standpoint)...  
2023-12-13 13:10:38,346  |  INFO  |    
2023-12-13 13:10:38,346  |  INFO  |    
2023-12-13 13:10:38,347  |  DEBUG  |    
2023-12-13 13:10:38,347  |  INFO  |  DATA VALIDATION SUCCESS: All general DQ checks passed!   
2023-12-13 13:10:38,347  |  DEBUG  |    
2023-12-13 13:10:38,347  |  INFO  |  Now saving changes made by SQL statements to Postgres DB....  
2023-12-13 13:10:38,347  |  INFO  |  Saved successfully, now terminating cursor and current session....  
2023-12-13 13:10:38,347  |  DEBUG  |    
2023-12-13 13:10:38,347  |  DEBUG  |  Cursor closed successfully.  
2023-12-13 13:10:38,348  |  DEBUG  |  Session connected to Postgres database closed.  
