2023-12-15 20:49:09,936  |  INFO  |    
2023-12-15 20:49:09,937  |  INFO  |  ---------------------------------------------  
2023-12-15 20:49:09,937  |  INFO  |  Beginning the source data extraction process...  
2023-12-15 20:49:09,938  |  INFO  |  Successfully located 'Discount_Coupon.csv.json'  
2023-12-15 20:49:09,939  |  INFO  |  File type: '<class 'list'>'  
2023-12-15 20:49:10,015  |  DEBUG  |    
2023-12-15 20:49:10,015  |  INFO  |  =================================================================================  
2023-12-15 20:49:10,015  |  INFO  |  CONNECTION SUCCESS: Managed to connect successfully to the initial_dw database!!  
2023-12-15 20:49:10,016  |  INFO  |  Connection details: user=postgres password=xxx dbname=initial_dw host=localhost port=5432   
2023-12-15 20:49:10,016  |  INFO  |  =================================================================================  
2023-12-15 20:49:10,017  |  DEBUG  |    
2023-12-15 20:49:10,022  |  DEBUG  |    
2023-12-15 20:49:10,023  |  INFO  |  =================================================================================================  
2023-12-15 20:49:10,024  |  INFO  |  SCHEMA CREATION SUCCESS: Managed to create main schema in initial_dw   
2023-12-15 20:49:10,024  |  INFO  |  Schema name in Postgres: main   
2023-12-15 20:49:10,025  |  INFO  |  SQL Query for validation check:  SELECT schema_name from information_schema.schemata WHERE schema_name= 'main';   
2023-12-15 20:49:10,025  |  INFO  |  =================================================================================================  
2023-12-15 20:49:10,026  |  DEBUG  |    
2023-12-15 20:49:10,029  |  DEBUG  |    
2023-12-15 20:49:10,030  |  ERROR  |  ==========================================================================================================================================================================  
2023-12-15 20:49:10,031  |  ERROR  |  TABLE DELETION FAILURE: Unable to delete discount_coupon. This table may have objects that depend on it (use DROP TABLE ... CASCADE to resolve) or it doesn't exist.   
2023-12-15 20:49:10,032  |  ERROR  |  SQL Query for validation check:  SELECT EXISTS (SELECT 1 FROM information_schema.tables WHERE table_name = 'discount_coupon' );   
2023-12-15 20:49:10,042  |  ERROR  |  ==========================================================================================================================================================================  
2023-12-15 20:49:10,043  |  DEBUG  |    
2023-12-15 20:49:10,056  |  DEBUG  |    
2023-12-15 20:49:10,056  |  INFO  |  =============================================================================================================================================================================  
2023-12-15 20:49:10,056  |  INFO  |  TABLE CREATION SUCCESS: Managed to create discount_coupon table in initial_dw.    
2023-12-15 20:49:10,057  |  INFO  |  SQL Query for validation check:  SELECT EXISTS (SELECT 1 FROM information_schema.tables WHERE table_name = 'discount_coupon' );   
2023-12-15 20:49:10,057  |  INFO  |  =============================================================================================================================================================================  
2023-12-15 20:49:10,058  |  DEBUG  |    
2023-12-15 20:49:10,062  |  INFO  |  Rows before SQL insert in Postgres: 0   
2023-12-15 20:49:10,062  |  DEBUG  |    
2023-12-15 20:49:10,065  |  DEBUG  |  ---------------------------------  
2023-12-15 20:49:10,066  |  INFO  |  INSERT SUCCESS record no 1   
2023-12-15 20:49:10,066  |  DEBUG  |  ---------------------------------  
2023-12-15 20:49:10,068  |  DEBUG  |  ---------------------------------  
2023-12-15 20:49:10,069  |  INFO  |  INSERT SUCCESS record no 2   
2023-12-15 20:49:10,069  |  DEBUG  |  ---------------------------------  
2023-12-15 20:49:10,071  |  DEBUG  |  ---------------------------------  
2023-12-15 20:49:10,071  |  INFO  |  INSERT SUCCESS record no 3   
2023-12-15 20:49:10,072  |  DEBUG  |  ---------------------------------  
2023-12-15 20:49:10,074  |  DEBUG  |  ---------------------------------  
2023-12-15 20:49:10,075  |  INFO  |  INSERT SUCCESS record no 4   
2023-12-15 20:49:10,075  |  DEBUG  |  ---------------------------------  
2023-12-15 20:49:10,077  |  DEBUG  |  ---------------------------------  
2023-12-15 20:49:10,077  |  INFO  |  INSERT SUCCESS record no 5   
2023-12-15 20:49:10,078  |  DEBUG  |  ---------------------------------  
2023-12-15 20:49:10,082  |  DEBUG  |  ---------------------------------  
2023-12-15 20:49:10,083  |  INFO  |  INSERT SUCCESS record no 6   
2023-12-15 20:49:10,104  |  DEBUG  |  ---------------------------------  
2023-12-15 20:49:10,106  |  DEBUG  |  ---------------------------------  
2023-12-15 20:49:10,107  |  INFO  |  INSERT SUCCESS record no 7   
2023-12-15 20:49:10,108  |  DEBUG  |  ---------------------------------  
2023-12-15 20:49:10,109  |  DEBUG  |  ---------------------------------  
2023-12-15 20:49:10,111  |  INFO  |  INSERT SUCCESS record no 8   
2023-12-15 20:49:10,111  |  DEBUG  |  ---------------------------------  
2023-12-15 20:49:10,113  |  DEBUG  |  ---------------------------------  
2023-12-15 20:49:10,114  |  INFO  |  INSERT SUCCESS record no 9   
2023-12-15 20:49:10,115  |  DEBUG  |  ---------------------------------  
2023-12-15 20:49:10,116  |  DEBUG  |  ---------------------------------  
2023-12-15 20:49:10,117  |  INFO  |  INSERT SUCCESS record no 10   
2023-12-15 20:49:10,117  |  DEBUG  |  ---------------------------------  
2023-12-15 20:49:10,119  |  DEBUG  |  ---------------------------------  
2023-12-15 20:49:10,119  |  INFO  |  INSERT SUCCESS record no 11   
2023-12-15 20:49:10,120  |  DEBUG  |  ---------------------------------  
2023-12-15 20:49:10,122  |  DEBUG  |  ---------------------------------  
2023-12-15 20:49:10,122  |  INFO  |  INSERT SUCCESS record no 12   
2023-12-15 20:49:10,123  |  DEBUG  |  ---------------------------------  
2023-12-15 20:49:10,124  |  DEBUG  |  ---------------------------------  
2023-12-15 20:49:10,126  |  INFO  |  INSERT SUCCESS record no 13   
2023-12-15 20:49:10,128  |  DEBUG  |  ---------------------------------  
2023-12-15 20:49:10,130  |  DEBUG  |  ---------------------------------  
2023-12-15 20:49:10,132  |  INFO  |  INSERT SUCCESS record no 14   
2023-12-15 20:49:10,135  |  DEBUG  |  ---------------------------------  
2023-12-15 20:49:10,137  |  DEBUG  |  ---------------------------------  
2023-12-15 20:49:10,137  |  INFO  |  INSERT SUCCESS record no 15   
2023-12-15 20:49:10,139  |  DEBUG  |  ---------------------------------  
2023-12-15 20:49:10,163  |  DEBUG  |  ---------------------------------  
2023-12-15 20:49:10,165  |  INFO  |  INSERT SUCCESS record no 16   
2023-12-15 20:49:10,166  |  DEBUG  |  ---------------------------------  
2023-12-15 20:49:10,167  |  DEBUG  |  ---------------------------------  
2023-12-15 20:49:10,173  |  INFO  |  INSERT SUCCESS record no 17   
2023-12-15 20:49:10,175  |  DEBUG  |  ---------------------------------  
2023-12-15 20:49:10,177  |  DEBUG  |  ---------------------------------  
2023-12-15 20:49:10,178  |  INFO  |  INSERT SUCCESS record no 18   
2023-12-15 20:49:10,178  |  DEBUG  |  ---------------------------------  
2023-12-15 20:49:10,180  |  DEBUG  |  ---------------------------------  
2023-12-15 20:49:10,181  |  INFO  |  INSERT SUCCESS record no 19   
2023-12-15 20:49:10,182  |  DEBUG  |  ---------------------------------  
2023-12-15 20:49:10,185  |  DEBUG  |  ---------------------------------  
2023-12-15 20:49:10,186  |  INFO  |  INSERT SUCCESS record no 20   
2023-12-15 20:49:10,187  |  DEBUG  |  ---------------------------------  
2023-12-15 20:49:10,189  |  DEBUG  |  ---------------------------------  
2023-12-15 20:49:10,191  |  INFO  |  INSERT SUCCESS record no 21   
2023-12-15 20:49:10,193  |  DEBUG  |  ---------------------------------  
2023-12-15 20:49:10,220  |  DEBUG  |  ---------------------------------  
2023-12-15 20:49:10,221  |  INFO  |  INSERT SUCCESS record no 22   
2023-12-15 20:49:10,221  |  DEBUG  |  ---------------------------------  
2023-12-15 20:49:10,223  |  DEBUG  |  ---------------------------------  
2023-12-15 20:49:10,224  |  INFO  |  INSERT SUCCESS record no 23   
2023-12-15 20:49:10,227  |  DEBUG  |  ---------------------------------  
2023-12-15 20:49:10,229  |  DEBUG  |  ---------------------------------  
2023-12-15 20:49:10,230  |  INFO  |  INSERT SUCCESS record no 24   
2023-12-15 20:49:10,231  |  DEBUG  |  ---------------------------------  
2023-12-15 20:49:10,234  |  DEBUG  |  ---------------------------------  
2023-12-15 20:49:10,235  |  INFO  |  INSERT SUCCESS record no 25   
2023-12-15 20:49:10,235  |  DEBUG  |  ---------------------------------  
2023-12-15 20:49:10,237  |  DEBUG  |  ---------------------------------  
2023-12-15 20:49:10,242  |  INFO  |  INSERT SUCCESS record no 26   
2023-12-15 20:49:10,244  |  DEBUG  |  ---------------------------------  
2023-12-15 20:49:10,246  |  DEBUG  |  ---------------------------------  
2023-12-15 20:49:10,247  |  INFO  |  INSERT SUCCESS record no 27   
2023-12-15 20:49:10,249  |  DEBUG  |  ---------------------------------  
2023-12-15 20:49:10,251  |  DEBUG  |  ---------------------------------  
2023-12-15 20:49:10,251  |  INFO  |  INSERT SUCCESS record no 28   
2023-12-15 20:49:10,255  |  DEBUG  |  ---------------------------------  
2023-12-15 20:49:10,264  |  DEBUG  |  ---------------------------------  
2023-12-15 20:49:10,281  |  INFO  |  INSERT SUCCESS record no 29   
2023-12-15 20:49:10,282  |  DEBUG  |  ---------------------------------  
2023-12-15 20:49:10,283  |  DEBUG  |  ---------------------------------  
2023-12-15 20:49:10,284  |  INFO  |  INSERT SUCCESS record no 30   
2023-12-15 20:49:10,285  |  DEBUG  |  ---------------------------------  
2023-12-15 20:49:10,287  |  DEBUG  |  ---------------------------------  
2023-12-15 20:49:10,289  |  INFO  |  INSERT SUCCESS record no 31   
2023-12-15 20:49:10,290  |  DEBUG  |  ---------------------------------  
2023-12-15 20:49:10,292  |  DEBUG  |  ---------------------------------  
2023-12-15 20:49:10,293  |  INFO  |  INSERT SUCCESS record no 32   
2023-12-15 20:49:10,296  |  DEBUG  |  ---------------------------------  
2023-12-15 20:49:10,297  |  DEBUG  |  ---------------------------------  
2023-12-15 20:49:10,298  |  INFO  |  INSERT SUCCESS record no 33   
2023-12-15 20:49:10,299  |  DEBUG  |  ---------------------------------  
2023-12-15 20:49:10,302  |  DEBUG  |  ---------------------------------  
2023-12-15 20:49:10,303  |  INFO  |  INSERT SUCCESS record no 34   
2023-12-15 20:49:10,303  |  DEBUG  |  ---------------------------------  
2023-12-15 20:49:10,304  |  DEBUG  |  ---------------------------------  
2023-12-15 20:49:10,305  |  INFO  |  INSERT SUCCESS record no 35   
2023-12-15 20:49:10,306  |  DEBUG  |  ---------------------------------  
2023-12-15 20:49:10,308  |  DEBUG  |  ---------------------------------  
2023-12-15 20:49:10,309  |  INFO  |  INSERT SUCCESS record no 36   
2023-12-15 20:49:10,310  |  DEBUG  |  ---------------------------------  
2023-12-15 20:49:10,312  |  DEBUG  |  ---------------------------------  
2023-12-15 20:49:10,316  |  INFO  |  INSERT SUCCESS record no 37   
2023-12-15 20:49:10,317  |  DEBUG  |  ---------------------------------  
2023-12-15 20:49:10,319  |  DEBUG  |  ---------------------------------  
2023-12-15 20:49:10,320  |  INFO  |  INSERT SUCCESS record no 38   
2023-12-15 20:49:10,362  |  DEBUG  |  ---------------------------------  
2023-12-15 20:49:10,367  |  DEBUG  |  ---------------------------------  
2023-12-15 20:49:10,374  |  INFO  |  INSERT SUCCESS record no 39   
2023-12-15 20:49:10,374  |  DEBUG  |  ---------------------------------  
2023-12-15 20:49:10,376  |  DEBUG  |  ---------------------------------  
2023-12-15 20:49:10,379  |  INFO  |  INSERT SUCCESS record no 40   
2023-12-15 20:49:10,380  |  DEBUG  |  ---------------------------------  
2023-12-15 20:49:10,384  |  DEBUG  |  ---------------------------------  
2023-12-15 20:49:10,385  |  INFO  |  INSERT SUCCESS record no 41   
2023-12-15 20:49:10,386  |  DEBUG  |  ---------------------------------  
2023-12-15 20:49:10,387  |  DEBUG  |  ---------------------------------  
2023-12-15 20:49:10,392  |  INFO  |  INSERT SUCCESS record no 42   
2023-12-15 20:49:10,393  |  DEBUG  |  ---------------------------------  
2023-12-15 20:49:10,394  |  DEBUG  |  ---------------------------------  
2023-12-15 20:49:10,395  |  INFO  |  INSERT SUCCESS record no 43   
2023-12-15 20:49:10,396  |  DEBUG  |  ---------------------------------  
2023-12-15 20:49:10,398  |  DEBUG  |  ---------------------------------  
2023-12-15 20:49:10,414  |  INFO  |  INSERT SUCCESS record no 44   
2023-12-15 20:49:10,415  |  DEBUG  |  ---------------------------------  
2023-12-15 20:49:10,416  |  DEBUG  |  ---------------------------------  
2023-12-15 20:49:10,417  |  INFO  |  INSERT SUCCESS record no 45   
2023-12-15 20:49:10,417  |  DEBUG  |  ---------------------------------  
2023-12-15 20:49:10,418  |  DEBUG  |  ---------------------------------  
2023-12-15 20:49:10,421  |  INFO  |  INSERT SUCCESS record no 46   
2023-12-15 20:49:10,421  |  DEBUG  |  ---------------------------------  
2023-12-15 20:49:10,423  |  DEBUG  |  ---------------------------------  
2023-12-15 20:49:10,423  |  INFO  |  INSERT SUCCESS record no 47   
2023-12-15 20:49:10,424  |  DEBUG  |  ---------------------------------  
2023-12-15 20:49:10,425  |  DEBUG  |  ---------------------------------  
2023-12-15 20:49:10,426  |  INFO  |  INSERT SUCCESS record no 48   
2023-12-15 20:49:10,427  |  DEBUG  |  ---------------------------------  
2023-12-15 20:49:10,429  |  DEBUG  |  ---------------------------------  
2023-12-15 20:49:10,429  |  INFO  |  INSERT SUCCESS record no 49   
2023-12-15 20:49:10,430  |  DEBUG  |  ---------------------------------  
2023-12-15 20:49:10,431  |  DEBUG  |  ---------------------------------  
2023-12-15 20:49:10,434  |  INFO  |  INSERT SUCCESS record no 50   
2023-12-15 20:49:10,434  |  DEBUG  |  ---------------------------------  
2023-12-15 20:49:10,436  |  DEBUG  |  ---------------------------------  
2023-12-15 20:49:10,437  |  INFO  |  INSERT SUCCESS record no 51   
2023-12-15 20:49:10,437  |  DEBUG  |  ---------------------------------  
2023-12-15 20:49:10,439  |  DEBUG  |  ---------------------------------  
2023-12-15 20:49:10,442  |  INFO  |  INSERT SUCCESS record no 52   
2023-12-15 20:49:10,443  |  DEBUG  |  ---------------------------------  
2023-12-15 20:49:10,444  |  DEBUG  |  ---------------------------------  
2023-12-15 20:49:10,447  |  INFO  |  INSERT SUCCESS record no 53   
2023-12-15 20:49:10,447  |  DEBUG  |  ---------------------------------  
2023-12-15 20:49:10,450  |  DEBUG  |  ---------------------------------  
2023-12-15 20:49:10,451  |  INFO  |  INSERT SUCCESS record no 54   
2023-12-15 20:49:10,452  |  DEBUG  |  ---------------------------------  
2023-12-15 20:49:10,455  |  DEBUG  |  ---------------------------------  
2023-12-15 20:49:10,520  |  INFO  |  INSERT SUCCESS record no 55   
2023-12-15 20:49:10,521  |  DEBUG  |  ---------------------------------  
2023-12-15 20:49:10,524  |  DEBUG  |  ---------------------------------  
2023-12-15 20:49:10,525  |  INFO  |  INSERT SUCCESS record no 56   
2023-12-15 20:49:10,525  |  DEBUG  |  ---------------------------------  
2023-12-15 20:49:10,526  |  DEBUG  |  ---------------------------------  
2023-12-15 20:49:10,527  |  INFO  |  INSERT SUCCESS record no 57   
2023-12-15 20:49:10,527  |  DEBUG  |  ---------------------------------  
2023-12-15 20:49:10,529  |  DEBUG  |  ---------------------------------  
2023-12-15 20:49:10,530  |  INFO  |  INSERT SUCCESS record no 58   
2023-12-15 20:49:10,530  |  DEBUG  |  ---------------------------------  
2023-12-15 20:49:10,532  |  DEBUG  |  ---------------------------------  
2023-12-15 20:49:10,533  |  INFO  |  INSERT SUCCESS record no 59   
2023-12-15 20:49:10,533  |  DEBUG  |  ---------------------------------  
2023-12-15 20:49:10,535  |  DEBUG  |  ---------------------------------  
2023-12-15 20:49:10,535  |  INFO  |  INSERT SUCCESS record no 60   
2023-12-15 20:49:10,536  |  DEBUG  |  ---------------------------------  
2023-12-15 20:49:10,538  |  DEBUG  |  ---------------------------------  
2023-12-15 20:49:10,538  |  INFO  |  INSERT SUCCESS record no 61   
2023-12-15 20:49:10,539  |  DEBUG  |  ---------------------------------  
2023-12-15 20:49:10,540  |  DEBUG  |  ---------------------------------  
2023-12-15 20:49:10,541  |  INFO  |  INSERT SUCCESS record no 62   
2023-12-15 20:49:10,541  |  DEBUG  |  ---------------------------------  
2023-12-15 20:49:10,543  |  DEBUG  |  ---------------------------------  
2023-12-15 20:49:10,545  |  INFO  |  INSERT SUCCESS record no 63   
2023-12-15 20:49:10,546  |  DEBUG  |  ---------------------------------  
2023-12-15 20:49:10,548  |  DEBUG  |  ---------------------------------  
2023-12-15 20:49:10,549  |  INFO  |  INSERT SUCCESS record no 64   
2023-12-15 20:49:10,549  |  DEBUG  |  ---------------------------------  
2023-12-15 20:49:10,553  |  DEBUG  |  ---------------------------------  
2023-12-15 20:49:10,554  |  INFO  |  INSERT SUCCESS record no 65   
2023-12-15 20:49:10,555  |  DEBUG  |  ---------------------------------  
2023-12-15 20:49:10,556  |  DEBUG  |  ---------------------------------  
2023-12-15 20:49:10,556  |  INFO  |  INSERT SUCCESS record no 66   
2023-12-15 20:49:10,558  |  DEBUG  |  ---------------------------------  
2023-12-15 20:49:10,560  |  DEBUG  |  ---------------------------------  
2023-12-15 20:49:10,563  |  INFO  |  INSERT SUCCESS record no 67   
2023-12-15 20:49:10,566  |  DEBUG  |  ---------------------------------  
2023-12-15 20:49:10,567  |  DEBUG  |  ---------------------------------  
2023-12-15 20:49:10,568  |  INFO  |  INSERT SUCCESS record no 68   
2023-12-15 20:49:10,568  |  DEBUG  |  ---------------------------------  
2023-12-15 20:49:10,569  |  DEBUG  |  ---------------------------------  
2023-12-15 20:49:10,570  |  INFO  |  INSERT SUCCESS record no 69   
2023-12-15 20:49:10,570  |  DEBUG  |  ---------------------------------  
2023-12-15 20:49:10,574  |  DEBUG  |  ---------------------------------  
2023-12-15 20:49:10,574  |  INFO  |  INSERT SUCCESS record no 70   
2023-12-15 20:49:10,575  |  DEBUG  |  ---------------------------------  
2023-12-15 20:49:10,576  |  DEBUG  |  ---------------------------------  
2023-12-15 20:49:10,576  |  INFO  |  INSERT SUCCESS record no 71   
2023-12-15 20:49:10,578  |  DEBUG  |  ---------------------------------  
2023-12-15 20:49:10,581  |  DEBUG  |  ---------------------------------  
2023-12-15 20:49:10,581  |  INFO  |  INSERT SUCCESS record no 72   
2023-12-15 20:49:10,582  |  DEBUG  |  ---------------------------------  
2023-12-15 20:49:10,583  |  DEBUG  |  ---------------------------------  
2023-12-15 20:49:10,589  |  INFO  |  INSERT SUCCESS record no 73   
2023-12-15 20:49:10,590  |  DEBUG  |  ---------------------------------  
2023-12-15 20:49:10,592  |  DEBUG  |  ---------------------------------  
2023-12-15 20:49:10,593  |  INFO  |  INSERT SUCCESS record no 74   
2023-12-15 20:49:10,594  |  DEBUG  |  ---------------------------------  
2023-12-15 20:49:10,595  |  DEBUG  |  ---------------------------------  
2023-12-15 20:49:10,596  |  INFO  |  INSERT SUCCESS record no 75   
2023-12-15 20:49:10,596  |  DEBUG  |  ---------------------------------  
2023-12-15 20:49:10,598  |  DEBUG  |  ---------------------------------  
2023-12-15 20:49:10,599  |  INFO  |  INSERT SUCCESS record no 76   
2023-12-15 20:49:10,600  |  DEBUG  |  ---------------------------------  
2023-12-15 20:49:10,601  |  DEBUG  |  ---------------------------------  
2023-12-15 20:49:10,602  |  INFO  |  INSERT SUCCESS record no 77   
2023-12-15 20:49:10,602  |  DEBUG  |  ---------------------------------  
2023-12-15 20:49:10,603  |  DEBUG  |  ---------------------------------  
2023-12-15 20:49:10,604  |  INFO  |  INSERT SUCCESS record no 78   
2023-12-15 20:49:10,604  |  DEBUG  |  ---------------------------------  
2023-12-15 20:49:10,606  |  DEBUG  |  ---------------------------------  
2023-12-15 20:49:10,607  |  INFO  |  INSERT SUCCESS record no 79   
2023-12-15 20:49:10,608  |  DEBUG  |  ---------------------------------  
2023-12-15 20:49:10,609  |  DEBUG  |  ---------------------------------  
2023-12-15 20:49:10,610  |  INFO  |  INSERT SUCCESS record no 80   
2023-12-15 20:49:10,610  |  DEBUG  |  ---------------------------------  
2023-12-15 20:49:10,612  |  DEBUG  |  ---------------------------------  
2023-12-15 20:49:10,612  |  INFO  |  INSERT SUCCESS record no 81   
2023-12-15 20:49:10,613  |  DEBUG  |  ---------------------------------  
2023-12-15 20:49:10,614  |  DEBUG  |  ---------------------------------  
2023-12-15 20:49:10,615  |  INFO  |  INSERT SUCCESS record no 82   
2023-12-15 20:49:10,616  |  DEBUG  |  ---------------------------------  
2023-12-15 20:49:10,617  |  DEBUG  |  ---------------------------------  
2023-12-15 20:49:10,618  |  INFO  |  INSERT SUCCESS record no 83   
2023-12-15 20:49:10,618  |  DEBUG  |  ---------------------------------  
2023-12-15 20:49:10,620  |  DEBUG  |  ---------------------------------  
2023-12-15 20:49:10,621  |  INFO  |  INSERT SUCCESS record no 84   
2023-12-15 20:49:10,621  |  DEBUG  |  ---------------------------------  
2023-12-15 20:49:10,623  |  DEBUG  |  ---------------------------------  
2023-12-15 20:49:10,624  |  INFO  |  INSERT SUCCESS record no 85   
2023-12-15 20:49:10,653  |  DEBUG  |  ---------------------------------  
2023-12-15 20:49:10,655  |  DEBUG  |  ---------------------------------  
2023-12-15 20:49:10,656  |  INFO  |  INSERT SUCCESS record no 86   
2023-12-15 20:49:10,656  |  DEBUG  |  ---------------------------------  
2023-12-15 20:49:10,658  |  DEBUG  |  ---------------------------------  
2023-12-15 20:49:10,658  |  INFO  |  INSERT SUCCESS record no 87   
2023-12-15 20:49:10,659  |  DEBUG  |  ---------------------------------  
2023-12-15 20:49:10,662  |  DEBUG  |  ---------------------------------  
2023-12-15 20:49:10,663  |  INFO  |  INSERT SUCCESS record no 88   
2023-12-15 20:49:10,664  |  DEBUG  |  ---------------------------------  
2023-12-15 20:49:10,665  |  DEBUG  |  ---------------------------------  
2023-12-15 20:49:10,665  |  INFO  |  INSERT SUCCESS record no 89   
2023-12-15 20:49:10,666  |  DEBUG  |  ---------------------------------  
2023-12-15 20:49:10,667  |  DEBUG  |  ---------------------------------  
2023-12-15 20:49:10,667  |  INFO  |  INSERT SUCCESS record no 90   
2023-12-15 20:49:10,667  |  DEBUG  |  ---------------------------------  
2023-12-15 20:49:10,668  |  DEBUG  |  ---------------------------------  
2023-12-15 20:49:10,669  |  INFO  |  INSERT SUCCESS record no 91   
2023-12-15 20:49:10,670  |  DEBUG  |  ---------------------------------  
2023-12-15 20:49:10,672  |  DEBUG  |  ---------------------------------  
2023-12-15 20:49:10,673  |  INFO  |  INSERT SUCCESS record no 92   
2023-12-15 20:49:10,673  |  DEBUG  |  ---------------------------------  
2023-12-15 20:49:10,674  |  DEBUG  |  ---------------------------------  
2023-12-15 20:49:10,674  |  INFO  |  INSERT SUCCESS record no 93   
2023-12-15 20:49:10,675  |  DEBUG  |  ---------------------------------  
2023-12-15 20:49:10,676  |  DEBUG  |  ---------------------------------  
2023-12-15 20:49:10,678  |  INFO  |  INSERT SUCCESS record no 94   
2023-12-15 20:49:10,678  |  DEBUG  |  ---------------------------------  
2023-12-15 20:49:10,680  |  DEBUG  |  ---------------------------------  
2023-12-15 20:49:10,680  |  INFO  |  INSERT SUCCESS record no 95   
2023-12-15 20:49:10,681  |  DEBUG  |  ---------------------------------  
2023-12-15 20:49:10,682  |  DEBUG  |  ---------------------------------  
2023-12-15 20:49:10,686  |  INFO  |  INSERT SUCCESS record no 96   
2023-12-15 20:49:10,692  |  DEBUG  |  ---------------------------------  
2023-12-15 20:49:10,694  |  DEBUG  |  ---------------------------------  
2023-12-15 20:49:10,699  |  INFO  |  INSERT SUCCESS record no 97   
2023-12-15 20:49:10,700  |  DEBUG  |  ---------------------------------  
2023-12-15 20:49:10,701  |  DEBUG  |  ---------------------------------  
2023-12-15 20:49:10,703  |  INFO  |  INSERT SUCCESS record no 98   
2023-12-15 20:49:10,720  |  DEBUG  |  ---------------------------------  
2023-12-15 20:49:10,722  |  DEBUG  |  ---------------------------------  
2023-12-15 20:49:10,722  |  INFO  |  INSERT SUCCESS record no 99   
2023-12-15 20:49:10,722  |  DEBUG  |  ---------------------------------  
2023-12-15 20:49:10,723  |  DEBUG  |  ---------------------------------  
2023-12-15 20:49:10,723  |  INFO  |  INSERT SUCCESS record no 100   
2023-12-15 20:49:10,724  |  DEBUG  |  ---------------------------------  
2023-12-15 20:49:10,726  |  DEBUG  |  ---------------------------------  
2023-12-15 20:49:10,727  |  INFO  |  INSERT SUCCESS record no 101   
2023-12-15 20:49:10,727  |  DEBUG  |  ---------------------------------  
2023-12-15 20:49:10,728  |  DEBUG  |  ---------------------------------  
2023-12-15 20:49:10,729  |  INFO  |  INSERT SUCCESS record no 102   
2023-12-15 20:49:10,729  |  DEBUG  |  ---------------------------------  
2023-12-15 20:49:10,730  |  DEBUG  |  ---------------------------------  
2023-12-15 20:49:10,730  |  INFO  |  INSERT SUCCESS record no 103   
2023-12-15 20:49:10,730  |  DEBUG  |  ---------------------------------  
2023-12-15 20:49:10,731  |  DEBUG  |  ---------------------------------  
2023-12-15 20:49:10,732  |  INFO  |  INSERT SUCCESS record no 104   
2023-12-15 20:49:10,732  |  DEBUG  |  ---------------------------------  
2023-12-15 20:49:10,734  |  DEBUG  |  ---------------------------------  
2023-12-15 20:49:10,734  |  INFO  |  INSERT SUCCESS record no 105   
2023-12-15 20:49:10,735  |  DEBUG  |  ---------------------------------  
2023-12-15 20:49:10,736  |  DEBUG  |  ---------------------------------  
2023-12-15 20:49:10,737  |  INFO  |  INSERT SUCCESS record no 106   
2023-12-15 20:49:10,737  |  DEBUG  |  ---------------------------------  
2023-12-15 20:49:10,739  |  DEBUG  |  ---------------------------------  
2023-12-15 20:49:10,740  |  INFO  |  INSERT SUCCESS record no 107   
2023-12-15 20:49:10,741  |  DEBUG  |  ---------------------------------  
2023-12-15 20:49:10,742  |  DEBUG  |  ---------------------------------  
2023-12-15 20:49:10,743  |  INFO  |  INSERT SUCCESS record no 108   
2023-12-15 20:49:10,743  |  DEBUG  |  ---------------------------------  
2023-12-15 20:49:10,745  |  DEBUG  |  ---------------------------------  
2023-12-15 20:49:10,746  |  INFO  |  INSERT SUCCESS record no 109   
2023-12-15 20:49:10,746  |  DEBUG  |  ---------------------------------  
2023-12-15 20:49:10,748  |  DEBUG  |  ---------------------------------  
2023-12-15 20:49:10,762  |  INFO  |  INSERT SUCCESS record no 110   
2023-12-15 20:49:10,763  |  DEBUG  |  ---------------------------------  
2023-12-15 20:49:10,765  |  DEBUG  |  ---------------------------------  
2023-12-15 20:49:10,765  |  INFO  |  INSERT SUCCESS record no 111   
2023-12-15 20:49:10,766  |  DEBUG  |  ---------------------------------  
2023-12-15 20:49:10,767  |  DEBUG  |  ---------------------------------  
2023-12-15 20:49:10,768  |  INFO  |  INSERT SUCCESS record no 112   
2023-12-15 20:49:10,768  |  DEBUG  |  ---------------------------------  
2023-12-15 20:49:10,769  |  DEBUG  |  ---------------------------------  
2023-12-15 20:49:10,770  |  INFO  |  INSERT SUCCESS record no 113   
2023-12-15 20:49:10,770  |  DEBUG  |  ---------------------------------  
2023-12-15 20:49:10,772  |  DEBUG  |  ---------------------------------  
2023-12-15 20:49:10,772  |  INFO  |  INSERT SUCCESS record no 114   
2023-12-15 20:49:10,773  |  DEBUG  |  ---------------------------------  
2023-12-15 20:49:10,775  |  DEBUG  |  ---------------------------------  
2023-12-15 20:49:10,775  |  INFO  |  INSERT SUCCESS record no 115   
2023-12-15 20:49:10,776  |  DEBUG  |  ---------------------------------  
2023-12-15 20:49:10,777  |  DEBUG  |  ---------------------------------  
2023-12-15 20:49:10,778  |  INFO  |  INSERT SUCCESS record no 116   
2023-12-15 20:49:10,778  |  DEBUG  |  ---------------------------------  
2023-12-15 20:49:10,779  |  DEBUG  |  ---------------------------------  
2023-12-15 20:49:10,781  |  INFO  |  INSERT SUCCESS record no 117   
2023-12-15 20:49:10,782  |  DEBUG  |  ---------------------------------  
2023-12-15 20:49:10,784  |  DEBUG  |  ---------------------------------  
2023-12-15 20:49:10,786  |  INFO  |  INSERT SUCCESS record no 118   
2023-12-15 20:49:10,788  |  DEBUG  |  ---------------------------------  
2023-12-15 20:49:10,790  |  DEBUG  |  ---------------------------------  
2023-12-15 20:49:10,791  |  INFO  |  INSERT SUCCESS record no 119   
2023-12-15 20:49:10,792  |  DEBUG  |  ---------------------------------  
2023-12-15 20:49:10,794  |  DEBUG  |  ---------------------------------  
2023-12-15 20:49:10,796  |  INFO  |  INSERT SUCCESS record no 120   
2023-12-15 20:49:10,796  |  DEBUG  |  ---------------------------------  
2023-12-15 20:49:10,797  |  DEBUG  |  ---------------------------------  
2023-12-15 20:49:10,798  |  INFO  |  INSERT SUCCESS record no 121   
2023-12-15 20:49:10,799  |  DEBUG  |  ---------------------------------  
2023-12-15 20:49:10,802  |  DEBUG  |  ---------------------------------  
2023-12-15 20:49:10,824  |  INFO  |  INSERT SUCCESS record no 122   
2023-12-15 20:49:10,825  |  DEBUG  |  ---------------------------------  
2023-12-15 20:49:10,826  |  DEBUG  |  ---------------------------------  
2023-12-15 20:49:10,827  |  INFO  |  INSERT SUCCESS record no 123   
2023-12-15 20:49:10,827  |  DEBUG  |  ---------------------------------  
2023-12-15 20:49:10,831  |  DEBUG  |  ---------------------------------  
2023-12-15 20:49:10,834  |  INFO  |  INSERT SUCCESS record no 124   
2023-12-15 20:49:10,838  |  DEBUG  |  ---------------------------------  
2023-12-15 20:49:10,840  |  DEBUG  |  ---------------------------------  
2023-12-15 20:49:10,841  |  INFO  |  INSERT SUCCESS record no 125   
2023-12-15 20:49:10,845  |  DEBUG  |  ---------------------------------  
2023-12-15 20:49:10,849  |  DEBUG  |  ---------------------------------  
2023-12-15 20:49:10,855  |  INFO  |  INSERT SUCCESS record no 126   
2023-12-15 20:49:10,859  |  DEBUG  |  ---------------------------------  
2023-12-15 20:49:10,861  |  DEBUG  |  ---------------------------------  
2023-12-15 20:49:10,862  |  INFO  |  INSERT SUCCESS record no 127   
2023-12-15 20:49:10,865  |  DEBUG  |  ---------------------------------  
2023-12-15 20:49:10,867  |  DEBUG  |  ---------------------------------  
2023-12-15 20:49:10,885  |  INFO  |  INSERT SUCCESS record no 128   
2023-12-15 20:49:10,888  |  DEBUG  |  ---------------------------------  
2023-12-15 20:49:10,912  |  DEBUG  |  ---------------------------------  
2023-12-15 20:49:10,922  |  INFO  |  INSERT SUCCESS record no 129   
2023-12-15 20:49:10,928  |  DEBUG  |  ---------------------------------  
2023-12-15 20:49:10,937  |  DEBUG  |  ---------------------------------  
2023-12-15 20:49:10,958  |  INFO  |  INSERT SUCCESS record no 130   
2023-12-15 20:49:10,960  |  DEBUG  |  ---------------------------------  
2023-12-15 20:49:10,962  |  DEBUG  |  ---------------------------------  
2023-12-15 20:49:10,963  |  INFO  |  INSERT SUCCESS record no 131   
2023-12-15 20:49:10,964  |  DEBUG  |  ---------------------------------  
2023-12-15 20:49:10,966  |  DEBUG  |  ---------------------------------  
2023-12-15 20:49:10,968  |  INFO  |  INSERT SUCCESS record no 132   
2023-12-15 20:49:10,969  |  DEBUG  |  ---------------------------------  
2023-12-15 20:49:10,970  |  DEBUG  |  ---------------------------------  
2023-12-15 20:49:10,971  |  INFO  |  INSERT SUCCESS record no 133   
2023-12-15 20:49:10,972  |  DEBUG  |  ---------------------------------  
2023-12-15 20:49:10,973  |  DEBUG  |  ---------------------------------  
2023-12-15 20:49:10,974  |  INFO  |  INSERT SUCCESS record no 134   
2023-12-15 20:49:10,975  |  DEBUG  |  ---------------------------------  
2023-12-15 20:49:10,976  |  DEBUG  |  ---------------------------------  
2023-12-15 20:49:10,976  |  INFO  |  INSERT SUCCESS record no 135   
2023-12-15 20:49:10,977  |  DEBUG  |  ---------------------------------  
2023-12-15 20:49:10,978  |  DEBUG  |  ---------------------------------  
2023-12-15 20:49:10,979  |  INFO  |  INSERT SUCCESS record no 136   
2023-12-15 20:49:10,980  |  DEBUG  |  ---------------------------------  
2023-12-15 20:49:10,982  |  DEBUG  |  ---------------------------------  
2023-12-15 20:49:10,983  |  INFO  |  INSERT SUCCESS record no 137   
2023-12-15 20:49:10,983  |  DEBUG  |  ---------------------------------  
2023-12-15 20:49:10,985  |  DEBUG  |  ---------------------------------  
2023-12-15 20:49:10,987  |  INFO  |  INSERT SUCCESS record no 138   
2023-12-15 20:49:10,995  |  DEBUG  |  ---------------------------------  
2023-12-15 20:49:10,997  |  DEBUG  |  ---------------------------------  
2023-12-15 20:49:10,998  |  INFO  |  INSERT SUCCESS record no 139   
2023-12-15 20:49:10,999  |  DEBUG  |  ---------------------------------  
2023-12-15 20:49:11,000  |  DEBUG  |  ---------------------------------  
2023-12-15 20:49:11,001  |  INFO  |  INSERT SUCCESS record no 140   
2023-12-15 20:49:11,001  |  DEBUG  |  ---------------------------------  
2023-12-15 20:49:11,003  |  DEBUG  |  ---------------------------------  
2023-12-15 20:49:11,004  |  INFO  |  INSERT SUCCESS record no 141   
2023-12-15 20:49:11,005  |  DEBUG  |  ---------------------------------  
2023-12-15 20:49:11,006  |  DEBUG  |  ---------------------------------  
2023-12-15 20:49:11,007  |  INFO  |  INSERT SUCCESS record no 142   
2023-12-15 20:49:11,007  |  DEBUG  |  ---------------------------------  
2023-12-15 20:49:11,009  |  DEBUG  |  ---------------------------------  
2023-12-15 20:49:11,010  |  INFO  |  INSERT SUCCESS record no 143   
2023-12-15 20:49:11,010  |  DEBUG  |  ---------------------------------  
2023-12-15 20:49:11,012  |  DEBUG  |  ---------------------------------  
2023-12-15 20:49:11,013  |  INFO  |  INSERT SUCCESS record no 144   
2023-12-15 20:49:11,013  |  DEBUG  |  ---------------------------------  
2023-12-15 20:49:11,015  |  DEBUG  |  ---------------------------------  
2023-12-15 20:49:11,015  |  INFO  |  INSERT SUCCESS record no 145   
2023-12-15 20:49:11,017  |  DEBUG  |  ---------------------------------  
2023-12-15 20:49:11,018  |  DEBUG  |  ---------------------------------  
2023-12-15 20:49:11,019  |  INFO  |  INSERT SUCCESS record no 146   
2023-12-15 20:49:11,020  |  DEBUG  |  ---------------------------------  
2023-12-15 20:49:11,021  |  DEBUG  |  ---------------------------------  
2023-12-15 20:49:11,022  |  INFO  |  INSERT SUCCESS record no 147   
2023-12-15 20:49:11,022  |  DEBUG  |  ---------------------------------  
2023-12-15 20:49:11,025  |  DEBUG  |  ---------------------------------  
2023-12-15 20:49:11,026  |  INFO  |  INSERT SUCCESS record no 148   
2023-12-15 20:49:11,026  |  DEBUG  |  ---------------------------------  
2023-12-15 20:49:11,028  |  DEBUG  |  ---------------------------------  
2023-12-15 20:49:11,028  |  INFO  |  INSERT SUCCESS record no 149   
2023-12-15 20:49:11,031  |  DEBUG  |  ---------------------------------  
2023-12-15 20:49:11,033  |  DEBUG  |  ---------------------------------  
2023-12-15 20:49:11,034  |  INFO  |  INSERT SUCCESS record no 150   
2023-12-15 20:49:11,035  |  DEBUG  |  ---------------------------------  
2023-12-15 20:49:11,053  |  DEBUG  |  ---------------------------------  
2023-12-15 20:49:11,053  |  INFO  |  INSERT SUCCESS record no 151   
2023-12-15 20:49:11,054  |  DEBUG  |  ---------------------------------  
2023-12-15 20:49:11,056  |  DEBUG  |  ---------------------------------  
2023-12-15 20:49:11,057  |  INFO  |  INSERT SUCCESS record no 152   
2023-12-15 20:49:11,058  |  DEBUG  |  ---------------------------------  
2023-12-15 20:49:11,059  |  DEBUG  |  ---------------------------------  
2023-12-15 20:49:11,063  |  INFO  |  INSERT SUCCESS record no 153   
2023-12-15 20:49:11,063  |  DEBUG  |  ---------------------------------  
2023-12-15 20:49:11,065  |  DEBUG  |  ---------------------------------  
2023-12-15 20:49:11,066  |  INFO  |  INSERT SUCCESS record no 154   
2023-12-15 20:49:11,066  |  DEBUG  |  ---------------------------------  
2023-12-15 20:49:11,069  |  DEBUG  |  ---------------------------------  
2023-12-15 20:49:11,070  |  INFO  |  INSERT SUCCESS record no 155   
2023-12-15 20:49:11,070  |  DEBUG  |  ---------------------------------  
2023-12-15 20:49:11,075  |  DEBUG  |  ---------------------------------  
2023-12-15 20:49:11,076  |  INFO  |  INSERT SUCCESS record no 156   
2023-12-15 20:49:11,079  |  DEBUG  |  ---------------------------------  
2023-12-15 20:49:11,081  |  DEBUG  |  ---------------------------------  
2023-12-15 20:49:11,082  |  INFO  |  INSERT SUCCESS record no 157   
2023-12-15 20:49:11,084  |  DEBUG  |  ---------------------------------  
2023-12-15 20:49:11,109  |  DEBUG  |  ---------------------------------  
2023-12-15 20:49:11,110  |  INFO  |  INSERT SUCCESS record no 158   
2023-12-15 20:49:11,110  |  DEBUG  |  ---------------------------------  
2023-12-15 20:49:11,112  |  DEBUG  |  ---------------------------------  
2023-12-15 20:49:11,113  |  INFO  |  INSERT SUCCESS record no 159   
2023-12-15 20:49:11,115  |  DEBUG  |  ---------------------------------  
2023-12-15 20:49:11,120  |  DEBUG  |  ---------------------------------  
2023-12-15 20:49:11,123  |  INFO  |  INSERT SUCCESS record no 160   
2023-12-15 20:49:11,125  |  DEBUG  |  ---------------------------------  
2023-12-15 20:49:11,127  |  DEBUG  |  ---------------------------------  
2023-12-15 20:49:11,130  |  INFO  |  INSERT SUCCESS record no 161   
2023-12-15 20:49:11,131  |  DEBUG  |  ---------------------------------  
2023-12-15 20:49:11,135  |  DEBUG  |  ---------------------------------  
2023-12-15 20:49:11,136  |  INFO  |  INSERT SUCCESS record no 162   
2023-12-15 20:49:11,137  |  DEBUG  |  ---------------------------------  
2023-12-15 20:49:11,142  |  DEBUG  |  ---------------------------------  
2023-12-15 20:49:11,146  |  INFO  |  INSERT SUCCESS record no 163   
2023-12-15 20:49:11,147  |  DEBUG  |  ---------------------------------  
2023-12-15 20:49:11,152  |  DEBUG  |  ---------------------------------  
2023-12-15 20:49:11,155  |  INFO  |  INSERT SUCCESS record no 164   
2023-12-15 20:49:11,181  |  DEBUG  |  ---------------------------------  
2023-12-15 20:49:11,185  |  DEBUG  |  ---------------------------------  
2023-12-15 20:49:11,186  |  INFO  |  INSERT SUCCESS record no 165   
2023-12-15 20:49:11,187  |  DEBUG  |  ---------------------------------  
2023-12-15 20:49:11,188  |  DEBUG  |  ---------------------------------  
2023-12-15 20:49:11,191  |  INFO  |  INSERT SUCCESS record no 166   
2023-12-15 20:49:11,192  |  DEBUG  |  ---------------------------------  
2023-12-15 20:49:11,194  |  DEBUG  |  ---------------------------------  
2023-12-15 20:49:11,195  |  INFO  |  INSERT SUCCESS record no 167   
2023-12-15 20:49:11,196  |  DEBUG  |  ---------------------------------  
2023-12-15 20:49:11,198  |  DEBUG  |  ---------------------------------  
2023-12-15 20:49:11,199  |  INFO  |  INSERT SUCCESS record no 168   
2023-12-15 20:49:11,199  |  DEBUG  |  ---------------------------------  
2023-12-15 20:49:11,201  |  DEBUG  |  ---------------------------------  
2023-12-15 20:49:11,201  |  INFO  |  INSERT SUCCESS record no 169   
2023-12-15 20:49:11,202  |  DEBUG  |  ---------------------------------  
2023-12-15 20:49:11,204  |  DEBUG  |  ---------------------------------  
2023-12-15 20:49:11,205  |  INFO  |  INSERT SUCCESS record no 170   
2023-12-15 20:49:11,206  |  DEBUG  |  ---------------------------------  
2023-12-15 20:49:11,207  |  DEBUG  |  ---------------------------------  
2023-12-15 20:49:11,209  |  INFO  |  INSERT SUCCESS record no 171   
2023-12-15 20:49:11,209  |  DEBUG  |  ---------------------------------  
2023-12-15 20:49:11,213  |  DEBUG  |  ---------------------------------  
2023-12-15 20:49:11,232  |  INFO  |  INSERT SUCCESS record no 172   
2023-12-15 20:49:11,234  |  DEBUG  |  ---------------------------------  
2023-12-15 20:49:11,235  |  DEBUG  |  ---------------------------------  
2023-12-15 20:49:11,236  |  INFO  |  INSERT SUCCESS record no 173   
2023-12-15 20:49:11,237  |  DEBUG  |  ---------------------------------  
2023-12-15 20:49:11,240  |  DEBUG  |  ---------------------------------  
2023-12-15 20:49:11,242  |  INFO  |  INSERT SUCCESS record no 174   
2023-12-15 20:49:11,243  |  DEBUG  |  ---------------------------------  
2023-12-15 20:49:11,244  |  DEBUG  |  ---------------------------------  
2023-12-15 20:49:11,245  |  INFO  |  INSERT SUCCESS record no 175   
2023-12-15 20:49:11,246  |  DEBUG  |  ---------------------------------  
2023-12-15 20:49:11,248  |  DEBUG  |  ---------------------------------  
2023-12-15 20:49:11,249  |  INFO  |  INSERT SUCCESS record no 176   
2023-12-15 20:49:11,250  |  DEBUG  |  ---------------------------------  
2023-12-15 20:49:11,251  |  DEBUG  |  ---------------------------------  
2023-12-15 20:49:11,253  |  INFO  |  INSERT SUCCESS record no 177   
2023-12-15 20:49:11,254  |  DEBUG  |  ---------------------------------  
2023-12-15 20:49:11,255  |  DEBUG  |  ---------------------------------  
2023-12-15 20:49:11,255  |  INFO  |  INSERT SUCCESS record no 178   
2023-12-15 20:49:11,256  |  DEBUG  |  ---------------------------------  
2023-12-15 20:49:11,258  |  DEBUG  |  ---------------------------------  
2023-12-15 20:49:11,261  |  INFO  |  INSERT SUCCESS record no 179   
2023-12-15 20:49:11,262  |  DEBUG  |  ---------------------------------  
2023-12-15 20:49:11,264  |  DEBUG  |  ---------------------------------  
2023-12-15 20:49:11,265  |  INFO  |  INSERT SUCCESS record no 180   
2023-12-15 20:49:11,268  |  DEBUG  |  ---------------------------------  
2023-12-15 20:49:11,270  |  DEBUG  |  ---------------------------------  
2023-12-15 20:49:11,270  |  INFO  |  INSERT SUCCESS record no 181   
2023-12-15 20:49:11,271  |  DEBUG  |  ---------------------------------  
2023-12-15 20:49:11,274  |  DEBUG  |  ---------------------------------  
2023-12-15 20:49:11,294  |  INFO  |  INSERT SUCCESS record no 182   
2023-12-15 20:49:11,295  |  DEBUG  |  ---------------------------------  
2023-12-15 20:49:11,297  |  DEBUG  |  ---------------------------------  
2023-12-15 20:49:11,298  |  INFO  |  INSERT SUCCESS record no 183   
2023-12-15 20:49:11,298  |  DEBUG  |  ---------------------------------  
2023-12-15 20:49:11,299  |  DEBUG  |  ---------------------------------  
2023-12-15 20:49:11,303  |  INFO  |  INSERT SUCCESS record no 184   
2023-12-15 20:49:11,304  |  DEBUG  |  ---------------------------------  
2023-12-15 20:49:11,305  |  DEBUG  |  ---------------------------------  
2023-12-15 20:49:11,306  |  INFO  |  INSERT SUCCESS record no 185   
2023-12-15 20:49:11,306  |  DEBUG  |  ---------------------------------  
2023-12-15 20:49:11,308  |  DEBUG  |  ---------------------------------  
2023-12-15 20:49:11,310  |  INFO  |  INSERT SUCCESS record no 186   
2023-12-15 20:49:11,310  |  DEBUG  |  ---------------------------------  
2023-12-15 20:49:11,312  |  DEBUG  |  ---------------------------------  
2023-12-15 20:49:11,312  |  INFO  |  INSERT SUCCESS record no 187   
2023-12-15 20:49:11,314  |  DEBUG  |  ---------------------------------  
2023-12-15 20:49:11,317  |  DEBUG  |  ---------------------------------  
2023-12-15 20:49:11,319  |  INFO  |  INSERT SUCCESS record no 188   
2023-12-15 20:49:11,320  |  DEBUG  |  ---------------------------------  
2023-12-15 20:49:11,323  |  DEBUG  |  ---------------------------------  
2023-12-15 20:49:11,324  |  INFO  |  INSERT SUCCESS record no 189   
2023-12-15 20:49:11,325  |  DEBUG  |  ---------------------------------  
2023-12-15 20:49:11,327  |  DEBUG  |  ---------------------------------  
2023-12-15 20:49:11,328  |  INFO  |  INSERT SUCCESS record no 190   
2023-12-15 20:49:11,329  |  DEBUG  |  ---------------------------------  
2023-12-15 20:49:11,331  |  DEBUG  |  ---------------------------------  
2023-12-15 20:49:11,332  |  INFO  |  INSERT SUCCESS record no 191   
2023-12-15 20:49:11,344  |  DEBUG  |  ---------------------------------  
2023-12-15 20:49:11,345  |  DEBUG  |  ---------------------------------  
2023-12-15 20:49:11,345  |  INFO  |  INSERT SUCCESS record no 192   
2023-12-15 20:49:11,346  |  DEBUG  |  ---------------------------------  
2023-12-15 20:49:11,346  |  DEBUG  |  ---------------------------------  
2023-12-15 20:49:11,347  |  INFO  |  INSERT SUCCESS record no 193   
2023-12-15 20:49:11,347  |  DEBUG  |  ---------------------------------  
2023-12-15 20:49:11,347  |  DEBUG  |  ---------------------------------  
2023-12-15 20:49:11,348  |  INFO  |  INSERT SUCCESS record no 194   
2023-12-15 20:49:11,348  |  DEBUG  |  ---------------------------------  
2023-12-15 20:49:11,349  |  DEBUG  |  ---------------------------------  
2023-12-15 20:49:11,349  |  INFO  |  INSERT SUCCESS record no 195   
2023-12-15 20:49:11,349  |  DEBUG  |  ---------------------------------  
2023-12-15 20:49:11,350  |  DEBUG  |  ---------------------------------  
2023-12-15 20:49:11,351  |  INFO  |  INSERT SUCCESS record no 196   
2023-12-15 20:49:11,351  |  DEBUG  |  ---------------------------------  
2023-12-15 20:49:11,352  |  DEBUG  |  ---------------------------------  
2023-12-15 20:49:11,353  |  INFO  |  INSERT SUCCESS record no 197   
2023-12-15 20:49:11,353  |  DEBUG  |  ---------------------------------  
2023-12-15 20:49:11,354  |  DEBUG  |  ---------------------------------  
2023-12-15 20:49:11,354  |  INFO  |  INSERT SUCCESS record no 198   
2023-12-15 20:49:11,354  |  DEBUG  |  ---------------------------------  
2023-12-15 20:49:11,354  |  DEBUG  |  ---------------------------------  
2023-12-15 20:49:11,355  |  INFO  |  INSERT SUCCESS record no 199   
2023-12-15 20:49:11,355  |  DEBUG  |  ---------------------------------  
2023-12-15 20:49:11,355  |  DEBUG  |  ---------------------------------  
2023-12-15 20:49:11,356  |  INFO  |  INSERT SUCCESS record no 200   
2023-12-15 20:49:11,356  |  DEBUG  |  ---------------------------------  
2023-12-15 20:49:11,356  |  DEBUG  |  ---------------------------------  
2023-12-15 20:49:11,357  |  INFO  |  INSERT SUCCESS record no 201   
2023-12-15 20:49:11,357  |  DEBUG  |  ---------------------------------  
2023-12-15 20:49:11,359  |  DEBUG  |  ---------------------------------  
2023-12-15 20:49:11,359  |  INFO  |  INSERT SUCCESS record no 202   
2023-12-15 20:49:11,360  |  DEBUG  |  ---------------------------------  
2023-12-15 20:49:11,361  |  DEBUG  |  ---------------------------------  
2023-12-15 20:49:11,362  |  INFO  |  INSERT SUCCESS record no 203   
2023-12-15 20:49:11,363  |  DEBUG  |  ---------------------------------  
2023-12-15 20:49:11,364  |  DEBUG  |  ---------------------------------  
2023-12-15 20:49:11,365  |  INFO  |  INSERT SUCCESS record no 204   
2023-12-15 20:49:11,365  |  DEBUG  |  ---------------------------------  
2023-12-15 20:49:11,366  |  INFO  |  Rows after SQL insert in Postgres: 204   
2023-12-15 20:49:11,367  |  DEBUG  |    
2023-12-15 20:49:11,367  |  INFO  |  Sensitve columns: ['Product_Category']  
2023-12-15 20:49:11,380  |  INFO  |  ================================================  
2023-12-15 20:49:11,381  |  INFO  |  Total columns in table after insertion: 8  
2023-12-15 20:49:11,381  |  INFO  |  Columns name list in table after insertion: ['coupon_id', 'month', 'product_category', 'coupon_code', 'discount_pct', 'created_at', 'updated_at', 'source']  
2023-12-15 20:49:11,381  |  DEBUG  |    
2023-12-15 20:49:11,382  |  INFO  |  DATA VALIDATION SUCCESS: All general DQ checks passed!   
2023-12-15 20:49:11,382  |  DEBUG  |    
2023-12-15 20:49:11,382  |  INFO  |  Now saving changes made by SQL statements to Postgres DB....  
2023-12-15 20:49:11,382  |  INFO  |  Saved successfully, now terminating cursor and current session....  
2023-12-15 20:49:11,382  |  DEBUG  |    
2023-12-15 20:49:11,383  |  DEBUG  |  Cursor closed successfully.  
2023-12-15 20:49:11,383  |  DEBUG  |  Session connected to Postgres database closed.  
