2023-12-11 17:18:01,415  |  DEBUG  |    
2023-12-11 17:18:01,418  |  DEBUG  |  Now beginning session for generating data...  
2023-12-11 17:18:02,240  |  INFO  |  ============================ CUSTOMER INFORMATION ============================  
2023-12-11 17:18:02,240  |  INFO  |                                customer_id  ...                   customer_contact_preference_desc
0    fbd40b5e-7ff9-460a-bd94-0d73f4691c78  ...  {'id': 5630148c-e9ba-40b0-8cc1-afd01bbfebbc, '...
1    2158200c-3431-4a24-9545-96e803d8d869  ...  {'id': 5630148c-e9ba-40b0-8cc1-afd01bbfebbc, '...
2    087ddd73-065b-4cbf-a4c3-2c8ce4c60ce2  ...  {'id': f8dde397-1cfd-49aa-8a03-f83f2ac917af, '...
3    83ac83ee-8546-48c6-abdc-cf70b1c61b13  ...  {'id': 47f09b1d-dd74-4331-b454-a823441f0278, '...
4    861e16d0-4664-4767-862d-aded1355604f  ...  {'id': 5630148c-e9ba-40b0-8cc1-afd01bbfebbc, '...
..                                    ...  ...                                                ...
995  e2686467-8bab-492b-a7cf-c3cc4d0937d4  ...  {'id': 5630148c-e9ba-40b0-8cc1-afd01bbfebbc, '...
996  1439f89a-27f5-4742-a9ab-fc73dd992b1a  ...  {'id': 81ea90de-2586-4448-bb5b-2fb9119fed31, '...
997  88f63918-78a4-4aa3-9af0-8f806b95433a  ...  {'id': f8dde397-1cfd-49aa-8a03-f83f2ac917af, '...
998  816563f0-ef09-430d-9409-82913eb99187  ...  {'id': 5630148c-e9ba-40b0-8cc1-afd01bbfebbc, '...
999  57742f86-aeb9-416f-987f-45901b6d6224  ...  {'id': 47f09b1d-dd74-4331-b454-a823441f0278, '...

[1000 rows x 19 columns]  
2023-12-11 17:18:02,341  |  INFO  |  ============================ FLIGHT SCHEDULES ============================  
2023-12-11 17:18:02,341  |  INFO  |                                  flight_id departure_city arrival_city departure_time arrival_time flight_date
0    b4b4cd1d-d28a-4c58-a35f-31516f7e70ae          Tokyo         Rome       20:29:39     17:31:47  2020-02-27
1    03788d8f-1dad-4389-a72d-2d4c390bc280           Bali       Phuket       09:11:52     00:05:21  2023-11-01
2    f3db473e-d78f-44cd-910b-7e2361620dfe           Rome    Santorini       15:39:18     22:18:17  2022-01-28
3    97acd8be-b137-4648-be07-7341bbd3e704         Prague         Rome       13:07:51     20:52:30  2023-09-23
4    6862028a-7059-4427-b9f2-183abc0d0ea3      Barcelona        Dubai       03:24:11     02:05:44  2023-08-06
..                                    ...            ...          ...            ...          ...         ...
295  b0f4e3cd-61d3-4330-aab3-1ebfd751fe4d          Dubai        Tokyo       11:45:22     20:48:52  2021-07-27
296  19258cb1-1b62-4188-955b-f87891829531      Amsterdam       Sydney       15:14:24     04:30:26  2021-11-18
297  29f7f8b4-03d4-4df8-a2d4-592255b2fd2a           Rome        Tokyo       22:50:37     12:24:43  2021-10-17
298  db4a378d-c2d6-4148-8182-b755df5de1cb          Tokyo       Cancun       09:05:15     15:30:16  2020-02-05
299  6956de88-9c8f-4d72-b3db-9d038b48a3d3      Bora Bora     New York       02:48:05     07:07:37  2023-03-19

[300 rows x 6 columns]  
2023-12-11 17:18:02,380  |  INFO  |  ============================ TICKET PRICES ============================  
2023-12-11 17:18:02,380  |  INFO  |                                 flight_id  ticket_price ticket_price_date
0   a96a6e69-9732-4a68-8a91-c3de06858dbb           352        2020-03-22
1   eae31f67-0f1d-401a-80a5-a6c2eb66259e           223        2020-03-04
2   05dd52f5-3e65-4435-b04f-d7fd2d989118           619        2023-03-04
3   06c20341-5bd1-4037-af00-dd590e2b91c7           218        2021-08-05
4   b0f4e3cd-61d3-4330-aab3-1ebfd751fe4d           666        2023-01-11
5   a33bf287-1ce6-4642-b906-8cd846622275           174        2022-09-20
6   83d575c8-9e82-4f26-8843-60ae15e74bea            88        2023-10-01
7   446f53cc-e02c-4a9a-81df-e8aecc2968b3           563        2021-09-22
8   14b0ec60-c4de-4484-b939-cafb7c805584           467        2021-08-31
9   aa4139d5-eb10-437a-9002-f5ce82ddcb4e           446        2023-09-20
10  315a88d5-e1e0-4809-b664-ec8c7018ad23           572        2021-10-07
11  d98026e0-6e0a-4c5d-9366-ebd95e9260bf           590        2021-05-16
12  efab04aa-822d-4741-9ca1-c44ad8d239c8           225        2020-07-11
13  4c4b53bd-9874-42bf-86fa-0b806a620d9e           288        2023-09-14
14  a0882e97-0b91-4453-bf83-dad735ee49c1           390        2023-04-19
15  c9dbb96b-ef47-4775-b060-03c5bd2d76ec            80        2023-08-15
16  e778cc0c-6f7e-4f9f-a2bd-6f5f8df97903           438        2021-12-20
17  4b5df2aa-477e-44e4-b04e-93431925bd0c           459        2020-11-07
18  53d370a8-31ec-4887-b3c2-129eb775f3eb           241        2021-05-06
19  d3addb53-490a-4eab-89c9-69adac35bf3b           276        2020-08-12  
2023-12-11 17:18:04,791  |  INFO  |  ============================ FLIGHT BOOKINGS ============================  
2023-12-11 17:18:04,791  |  INFO  |                           flight_booking_id                           customer_id  ... confirmation_code  checked_in
0     bc2b1a31-e408-4e03-82cf-7404253bf31b  7a9bcff9-05c8-4ff8-a680-dfe29f78115d  ...        2TO9VDANNC         Yes
1     a2d59cf5-7b3f-40cc-b52e-eb0b0365fa24  2d6ed3ea-449e-4f80-aca1-e29a67ee1143  ...        335P1W03TV         Yes
2     14d0a010-69a9-4922-a986-c3c45bc6e188  53fad04e-46b3-4eea-a0d7-1e508a37d93c  ...        W12NMNOFZJ          No
3     8ef91e46-44bc-425b-8334-68d20aec92aa  fa60a89d-5a1b-4836-8581-149e0c06a45b  ...        C5LM4ZMSIN          No
4     7d7d90e8-460b-4d70-9fbe-085d848ea017  148911ff-e733-4df8-a9dd-ed8b1622d92a  ...        NDQAKY7WY8         Yes
...                                    ...                                   ...  ...               ...         ...
9995  abab54cc-ae50-4503-a713-1d9cde31d2ed  187e2c22-adaa-4c12-90a2-6c0e5369b7a8  ...        HLG0UF2DWZ         Yes
9996  a32c4589-8aff-4203-ab3b-d4c00dae5feb  54f3e26c-037e-428e-9718-d5693980ca10  ...        F9DUDS10Z3          No
9997  ab5c3b7b-6ae4-4042-82d4-0cf5619eefc3  b85021e9-9b66-4304-a9bb-dc07fb7e90dc  ...        KURQLV3NKW          No
9998  643975c6-e115-4de7-9d6f-48469b186666  4e720751-82ab-4d78-a0f2-08a7f09a658e  ...        L0D8WNZ2BG         Yes
9999  a90a4af3-42e7-418e-9be6-7c3fb5b60840  5f4f9d87-27d9-4858-ae17-abdc1ca6b951  ...        AOTK44NATQ          No

[10000 rows x 8 columns]  
2023-12-11 17:18:04,853  |  INFO  |  ============================ CUSTOMER FEEDBACKS ============================  
2023-12-11 17:18:04,853  |  INFO  |                                feedback_id  ... feedback_date
0    8c9e2967-d9b5-469f-b329-323df3f9d902  ...    2021-06-07
1    a9337dc1-b8cb-48eb-8f3f-29d2fbac2e63  ...    2021-10-24
2    f20c3860-236a-4e94-b356-aa3d8de091b2  ...    2022-03-17
3    71c9c1c2-492a-4ee2-b014-d6ff62343538  ...    2021-03-23
4    f79ee7e8-de47-4a50-a32f-3e850bfef8ba  ...    2021-07-11
..                                    ...  ...           ...
195  bd8894cd-cd23-4b72-b064-62a101f4a7b2  ...    2022-07-24
196  22dcf40c-d21b-4f1b-89a3-0ab47abb4672  ...    2023-01-10
197  3cebf4e7-81bb-4c32-87d1-2f623a5b6270  ...    2020-12-20
198  715d8cba-6dbd-4501-b538-70da5f17e1a9  ...    2022-01-06
199  9b12d883-a5cb-42cb-9fa7-a22c91858d04  ...    2020-01-01

[200 rows x 5 columns]  
2023-12-11 17:18:04,970  |  INFO  |  ============================ SALES AGENTS ============================  
2023-12-11 17:18:04,970  |  INFO  |                                         id first_name  last_name  ... commission          nationality seniority_level
0    1ca1a4d2-2f91-4294-892b-a57357dcf2ce     Daniel       Mayo  ...   0.209746           Kazakhstan       Mid-Level
1    7f58661f-6359-4224-bdf4-c7b1a4c6577f       Alex     Thomas  ...   0.164549              Iceland       Mid-Level
2    cf5c7602-ea7f-42fe-8806-b081b700cb94      Jerry      Davis  ...   0.114159               Mexico       Mid-Level
3    0beb6258-a214-4a04-9468-081f1cbf5b82      James  Wilkerson  ...   0.186825               Taiwan          Junior
4    34d4e39b-a3a5-420f-a4b6-144fd3a90e3f       Mark      Logan  ...   0.232796  Antigua and Barbuda          Junior
..                                    ...        ...        ...  ...        ...                  ...             ...
295  87854757-400b-4ddb-9314-1275992e838e      Jacob     Graham  ...   0.193737                Japan          Junior
296  e6ab1c81-d0ac-4cee-8084-49d7a770a1e7      Linda  Macdonald  ...   0.148583                Nepal          Junior
297  a8b34d6f-f688-4a2e-bda0-e5d764d5bd31     Miguel      Adams  ...   0.242352               Guyana       Mid-Level
298  4e964173-08bb-422e-ab73-10817bf93989   Lawrence   Mitchell  ...   0.210764             Slovenia       Mid-Level
299  21211a4a-cfdb-4ef2-829b-7f1eba263b89     Amanda   Bradshaw  ...   0.232269           Montenegro          Junior

[300 rows x 11 columns]  
2023-12-11 17:18:05,023  |  INFO  |  ============================ FLIGHT DESTINATIONS ============================  
2023-12-11 17:18:05,023  |  INFO  |                                  flight_id departure_city arrival_city
0    0e74caae-4eed-4ec5-be93-23a41785fc85      Barcelona    Serengeti
1    6b2a92ed-2329-4946-84b9-1c89b6a4a4b7         Phuket      Bangkok
2    a0882e97-0b91-4453-bf83-dad735ee49c1          Tokyo     New York
3    47a52ece-4555-4597-8f00-7e92e9e84102         Phuket     New York
4    c04a9a49-200c-42be-ba0f-82579b974c43      Santorini    Barcelona
..                                    ...            ...          ...
295  05dd52f5-3e65-4435-b04f-d7fd2d989118           Bali      Bangkok
296  fe66dec0-fd69-4ca9-aa72-c020c1c63f99        Bangkok     Maldives
297  c964bead-5e4e-4ab8-a63d-98364a7e9824       Maldives        Tokyo
298  e64670a1-29c7-496d-b217-51d111af1296         London        Tokyo
299  20fc5d1b-cfef-434f-9d21-0749ef21c895          Tokyo       Cancun

[300 rows x 3 columns]  
2023-12-11 17:18:05,253  |  INFO  |  ============================ FLIGHT PROMOTIONS & DEALS ============================  
2023-12-11 17:18:05,253  |  INFO  |                                promotion_id  ... applied_discount
0     e7f47a80-6b0d-410a-8ad7-566a7916a296  ...               44
1     943ca71b-9394-41d3-8256-a286e0cf943c  ...               45
2     bdc1caae-91f8-475e-817c-2826db5b1bdc  ...               36
3     6f4fc459-29b8-4959-bac1-c9d72ad917ae  ...                5
4     ec55fc2d-7398-434d-936b-a3e45386a96e  ...               28
...                                    ...  ...              ...
5995  a62a8983-cdca-4cd3-a86a-2aecb9e4573e  ...               14
5996  fdd31d58-e81d-437b-a091-f77e7eca1106  ...               10
5997  0d60605a-9d0b-4060-bee3-a269ab3cf310  ...               35
5998  b9006614-16bc-4f11-a572-b71687755c56  ...               12
5999  fa54003d-43d5-4028-a090-6918495f036c  ...               22

[6000 rows x 4 columns]  
2023-12-11 17:18:06,685  |  INFO  |  ============================ FLIGHT TICKET SALES ============================  
2023-12-11 17:18:06,686  |  INFO  |                           flight_booking_id                           customer_id  ...                promotion_name discount
0     1c45fb11-d65d-44ba-8ea7-f401acdefcd5  95bb0564-1701-46f9-a124-558a0e13b495  ...        Group Travel Discounts        9
1     7afa09a5-df0d-44b0-816f-77da08972b1c  1439f89a-27f5-4742-a9ab-fc73dd992b1a  ...         Family Vacation Deals        7
2     78367e50-3629-47ee-b311-aa4839e9e634  2d6ed3ea-449e-4f80-aca1-e29a67ee1143  ...  Free Companion Ticket Offers       24
3     667198f9-644b-40c4-9cc9-70ecaee1d212  61ff40fe-0139-4684-9d93-e691a031cb0c  ...        Group Travel Discounts        3
4     bdda2d4b-df4a-43e5-b382-4fa8ed1f85a4  c7a84a4f-8304-4bab-9ddd-931c39bae435  ...        Winter Wanderlust Sale       25
...                                    ...                                   ...  ...                           ...      ...
9995  da3ae56a-a48b-4298-af69-b2456bd3d727  80c4938e-2f0a-45fd-ba49-8d54244f30bf  ...       Escape the Winter Blues       17
9996  e9287ea3-8f1f-48a8-a732-7d08f0aefa48  72335d3f-bf62-4a35-8fb7-8c614b9fe2b1  ...          Holiday Travel Deals       17
9997  1064dbbd-1613-4224-b5eb-d2927d2929b5  ea0b0383-6756-49ec-aaf5-3f05f6d45831  ...     Romantic Getaway Packages       39
9998  f497ec50-cdcb-48a9-896c-577b32fc0227  f5217331-4686-4c40-97c9-d646675dce00  ...       Escape the Winter Blues       16
9999  0e56cddf-f9c1-4947-9d0a-15f638545802  ff41306c-0145-4812-8a13-dc324957b252  ...      Senior Citizen Discounts       48

[10000 rows x 12 columns]  
2023-12-11 17:18:07,903  |  INFO  |  ============================ ACCOMMODATION BOOKINGS ============================  
2023-12-11 17:18:07,904  |  INFO  |                                          id  location room_type  ... payment_method confirmation_code checked_in
0     88a0b35a-b4bd-4249-952a-dff6b72b8705      Rome    Double  ...     Debit card        5TYEDR4DSU         No
1     5ec6a985-07b3-4488-afa5-c9e90261603c    Sydney    Single  ...    Credit card        I71KZJDZFN        Yes
2     cdfef9f7-5a2e-43db-840c-7e9dd87067b4     Dubai    Single  ...  Bank transfer        FX4CR0UL4A         No
3     74e7da12-1a17-4cc1-9caf-38daf58956c5      Rome    Family  ...    Credit card        E80E2NPMGR        Yes
4     0d1edae3-2df9-40f5-b4c4-a9593d30ed24      Maui    Double  ...    Credit card        7908UYJ4UD         No
...                                    ...       ...       ...  ...            ...               ...        ...
3995  d19479be-5044-46a8-9f5f-c6135dec422e    London    Family  ...         PayPal        557WUR131O         No
3996  722fa881-8ee6-40d1-b277-f494425eeb89  Istanbul    Double  ...         PayPal        R1XN3T0I7X         No
3997  8571ce77-e9a7-42be-a71a-c7daf3cf4b36      Bali    Luxury  ...  Bank transfer        MK3GQE5QY7         No
3998  11aa6914-505a-4f0f-9f57-20a26c2dd34c    Sydney    Luxury  ...    Credit card        LZFGBHG07B        Yes
3999  33994c18-6d86-4d5c-b4f3-2a9c6160c54d      Maui    Luxury  ...  Bank transfer        YMJ96AVT60        Yes

[4000 rows x 16 columns]  
2023-12-11 17:18:07,937  |  INFO  |    
2023-12-11 17:18:07,937  |  INFO  |    
2023-12-11 17:18:07,937  |  INFO  |  ================================================  
2023-12-11 17:18:07,937  |  INFO  |                DATA PROFILING METRICS                
2023-12-11 17:18:07,937  |  INFO  |  ================================================  
2023-12-11 17:18:07,937  |  INFO  |    
2023-12-11 17:18:07,937  |  INFO  |    
2023-12-11 17:18:07,937  |  INFO  |    
2023-12-11 17:18:07,937  |  INFO  |    
2023-12-11 17:18:07,938  |  DEBUG  |  Successfully completed generating data  
2023-12-11 17:18:07,938  |  DEBUG  |    
2023-12-11 17:18:07,938  |  DEBUG  |    
2023-12-11 17:18:07,938  |  DEBUG  |  Terminating data generation job...  
2023-12-11 17:18:07,938  |  DEBUG  |  Session ended.  
