2023-12-12 21:44:50,383  |  INFO  |    
2023-12-12 21:44:50,383  |  INFO  |  ---------------------------------------------  
2023-12-12 21:44:50,383  |  INFO  |  Beginning the data extraction process........  
2023-12-12 21:44:50,434  |  INFO  |  =================================================================================  
2023-12-12 21:44:50,434  |  INFO  |  CONNECTION SUCCESS: Managed to connect successfully to the dwdss database!!  
2023-12-12 21:44:50,435  |  INFO  |  Connection details: user=postgres password=xxx dbname=dwdss host=localhost port=5432   
2023-12-12 21:44:50,436  |  INFO  |  =================================================================================  
2023-12-12 21:44:50,437  |  INFO  |  Successfully created main schema.   
2023-12-12 21:44:50,440  |  DEBUG  |    
2023-12-12 21:44:50,446  |  INFO  |  =================================================================================================  
2023-12-12 21:44:50,447  |  INFO  |  SCHEMA CREATION SUCCESS: Managed to create main schema in dwdss   
2023-12-12 21:44:50,447  |  INFO  |  Schema name in Postgres: main   
2023-12-12 21:44:50,447  |  INFO  |  SQL Query for validation check:  SELECT schema_name from information_schema.schemata WHERE schema_name= 'main';   
2023-12-12 21:44:50,447  |  INFO  |  =================================================================================================  
2023-12-12 21:44:50,448  |  DEBUG  |    
2023-12-12 21:44:50,451  |  INFO  |    
2023-12-12 21:44:50,451  |  INFO  |  Successfully DROPPED the 'postgres_fdw' extension. Now advancing to re-importing the extension...  
2023-12-12 21:44:50,452  |  INFO  |    
2023-12-12 21:44:50,466  |  INFO  |    
2023-12-12 21:44:50,467  |  INFO  |  Successfully IMPORTED the 'postgres_fdw' extension. Now advancing to creating the foreign server...  
2023-12-12 21:44:50,467  |  INFO  |    
2023-12-12 21:44:50,468  |  INFO  |    
2023-12-12 21:44:50,469  |  INFO  |  Successfully CREATED the 'localhost' foreign server. Now advancing to user mapping stage...  
2023-12-12 21:44:50,469  |  INFO  |    
2023-12-12 21:44:50,470  |  INFO  |    
2023-12-12 21:44:50,471  |  INFO  |  Successfully mapped the 'postgres' fdw user to the 'postgres' local user.   
2023-12-12 21:44:50,471  |  INFO  |    
2023-12-12 21:44:50,472  |  INFO  |    
2023-12-12 21:44:50,472  |  INFO  |  -------------------------------------------------------------------------------------------------------------------------------------------  
2023-12-12 21:44:50,473  |  INFO  |    
2023-12-12 21:44:50,473  |  INFO  |  You should now be able to create and interact with the virtual tables that mirror the actual tables from the 'stgdwdss' database.   
2023-12-12 21:44:50,474  |  INFO  |    
2023-12-12 21:44:50,481  |  INFO  |  -------------------------------------------------------------------------------------------------------------------------------------------  
2023-12-12 21:44:50,482  |  INFO  |    
2023-12-12 21:44:50,545  |  INFO  |    
2023-12-12 21:44:50,545  |  INFO  |  Successfully imported the 'customer_feedbacks_tbl' and 'tbl' tables into 'dwdss' database .   
2023-12-12 21:44:50,546  |  INFO  |    
2023-12-12 21:44:50,549  |  DEBUG  |    
2023-12-12 21:44:50,549  |  ERROR  |  ==========================================================================================================================================================================  
2023-12-12 21:44:50,550  |  ERROR  |  TABLE DELETION FAILURE: Unable to delete customers_tbl. This table may have objects that depend on it (use DROP TABLE ... CASCADE to resolve) or it doesn't exist.   
2023-12-12 21:44:50,550  |  ERROR  |  SQL Query for validation check:  SELECT EXISTS (SELECT 1 FROM information_schema.tables WHERE table_name = 'customers_tbl' );   
2023-12-12 21:44:50,550  |  ERROR  |  ==========================================================================================================================================================================  
2023-12-12 21:44:50,550  |  DEBUG  |    
2023-12-12 21:44:50,551  |  INFO  |  relation "dev.tbl" does not exist
LINE 27: ...                                             FROM dev.cu...
                                                              ^
  
2023-12-12 21:44:50,551  |  DEBUG  |    
2023-12-12 21:44:50,552  |  DEBUG  |  Cursor closed successfully.  
2023-12-12 21:44:50,552  |  DEBUG  |  Session connected to Postgres database closed.  
