2023-12-17 14:30:29,212  |  INFO  |  Beginning the source data extraction process...  
2023-12-17 14:30:29,286  |  DEBUG  |    
2023-12-17 14:30:29,288  |  INFO  |  =================================================================================  
2023-12-17 14:30:29,289  |  INFO  |  CONNECTION SUCCESS: Managed to connect successfully to the initial_dw database!!  
2023-12-17 14:30:29,290  |  INFO  |  Connection details: user=postgres password=xxx dbname=initial_dw host=localhost port=5432   
2023-12-17 14:30:29,291  |  INFO  |  =================================================================================  
2023-12-17 14:30:29,291  |  DEBUG  |    
2023-12-17 14:30:29,296  |  DEBUG  |    
2023-12-17 14:30:29,297  |  INFO  |  =================================================================================================  
2023-12-17 14:30:29,299  |  INFO  |  SCHEMA CREATION SUCCESS: Managed to create datamart schema in initial_dw   
2023-12-17 14:30:29,301  |  INFO  |  Schema name in Postgres: datamart   
2023-12-17 14:30:29,302  |  INFO  |  SQL Query for validation check:  SELECT schema_name from information_schema.schemata WHERE schema_name= 'datamart';   
2023-12-17 14:30:29,303  |  INFO  |  =================================================================================================  
2023-12-17 14:30:29,303  |  DEBUG  |    
2023-12-17 14:30:29,309  |  DEBUG  |    
2023-12-17 14:30:29,309  |  ERROR  |  ==========================================================================================================================================================================  
2023-12-17 14:30:29,311  |  ERROR  |  TABLE DELETION FAILURE: Unable to delete customers_sales. This table may have objects that depend on it (use DROP TABLE ... CASCADE to resolve) or it doesn't exist.   
2023-12-17 14:30:29,312  |  ERROR  |  SQL Query for validation check:  SELECT EXISTS (SELECT 1 FROM information_schema.tables WHERE table_name = 'customers_sales' );   
2023-12-17 14:30:29,314  |  ERROR  |  ==========================================================================================================================================================================  
2023-12-17 14:30:29,315  |  DEBUG  |    
2023-12-17 14:30:29,400  |  DEBUG  |    
2023-12-17 14:30:29,401  |  INFO  |  =============================================================================================================================================================================  
2023-12-17 14:30:29,401  |  INFO  |  TABLE CREATION SUCCESS: Managed to create customers_sales table in initial_dw.    
2023-12-17 14:30:29,401  |  INFO  |  SQL Query for validation check:  SELECT EXISTS (SELECT 1 FROM information_schema.tables WHERE table_name = 'customers_sales' );   
2023-12-17 14:30:29,402  |  INFO  |  =============================================================================================================================================================================  
2023-12-17 14:30:29,402  |  DEBUG  |    
2023-12-17 14:30:29,407  |  DEBUG  |    
2023-12-17 14:30:29,408  |  INFO  |  Rows after SQL insert in Postgres: 52924   
2023-12-17 14:30:29,408  |  INFO  |  Total time Table Creation: 0.0857703685760498   
2023-12-17 14:30:29,408  |  DEBUG  |    
2023-12-17 14:30:29,446  |  INFO  |  ================================================  
2023-12-17 14:30:29,447  |  INFO  |  Total columns in table after insertion: 5  
2023-12-17 14:30:29,447  |  INFO  |  Columns name list in table after insertion: ['customerid', 'gender', 'location', 'product_category', 'transaction_date']  
2023-12-17 14:30:29,448  |  ERROR  |  ERROR: No records were upload to 'customers_sales' table....  
2023-12-17 14:30:29,448  |  INFO  |  Trace filepath to highlight the root cause of the missing rows...  
2023-12-17 14:30:29,448  |  DEBUG  |    
2023-12-17 14:30:29,449  |  DEBUG  |  Cursor closed successfully.  
2023-12-17 14:30:29,449  |  DEBUG  |  Session connected to Postgres database closed.  
Query for validation check:  SELECT EXISTS (SELECT 1 FROM information_schema.tables WHERE table_name = 'customers_sales' );   
2023-12-17 14:30:29,402  |  INFO  |  =============================================================================================================================================================================  
2023-12-17 14:30:29,402  |  DEBUG  |    
2023-12-17 14:30:29,407  |  DEBUG  |    
2023-12-17 14:30:29,408  |  INFO  |  Rows after SQL insert in Postgres: 52924   
2023-12-17 14:30:29,408  |  INFO  |  Total time Table Creation: 0.0857703685760498   
2023-12-17 14:30:29,408  |  DEBUG  |    
2023-12-17 14:30:29,446  |  INFO  |  ================================================  
2023-12-17 14:30:29,447  |  INFO  |  Total columns in table after insertion: 5  
2023-12-17 14:30:29,447  |  INFO  |  Columns name list in table after insertion: ['customerid', 'gender', 'location', 'product_category', 'transaction_date']  
2023-12-17 14:30:29,448  |  ERROR  |  ERROR: No records were upload to 'customers_sales' table....  
2023-12-17 14:30:29,448  |  INFO  |  Trace filepath to highlight the root cause of the missing rows...  
2023-12-17 14:30:29,448  |  DEBUG  |    
2023-12-17 14:30:29,449  |  DEBUG  |  Cursor closed successfully.  
2023-12-17 14:30:29,449  |  DEBUG  |  Session connected to Postgres database closed.  
