2023-12-17 14:26:56,656  |  INFO  |    
2023-12-17 14:26:56,656  |  INFO  |  ---------------------------------------------  
2023-12-17 14:26:56,657  |  INFO  |  Beginning the source data extraction process...  
2023-12-17 14:26:56,659  |  INFO  |  Successfully loaded 'Marketing_Spend.csv'  
2023-12-17 14:26:56,725  |  DEBUG  |    
2023-12-17 14:26:56,726  |  INFO  |  =================================================================================  
2023-12-17 14:26:56,726  |  INFO  |  CONNECTION SUCCESS: Managed to connect successfully to the oltp_db database!!  
2023-12-17 14:26:56,726  |  INFO  |  Connection details: user=postgres password=xxx dbname=oltp_db host=localhost port=5432   
2023-12-17 14:26:56,727  |  INFO  |  =================================================================================  
2023-12-17 14:26:56,727  |  DEBUG  |    
2023-12-17 14:26:56,729  |  DEBUG  |    
2023-12-17 14:26:56,729  |  INFO  |  =================================================================================================  
2023-12-17 14:26:56,729  |  INFO  |  SCHEMA CREATION SUCCESS: Managed to create main schema in oltp_db   
2023-12-17 14:26:56,730  |  INFO  |  Schema name in Postgres: main   
2023-12-17 14:26:56,730  |  INFO  |  SQL Query for validation check:  SELECT schema_name from information_schema.schemata WHERE schema_name= 'main';   
2023-12-17 14:26:56,730  |  INFO  |  =================================================================================================  
2023-12-17 14:26:56,730  |  DEBUG  |    
2023-12-17 14:26:56,734  |  DEBUG  |    
2023-12-17 14:26:56,734  |  ERROR  |  ==========================================================================================================================================================================  
2023-12-17 14:26:56,735  |  ERROR  |  TABLE DELETION FAILURE: Unable to delete marketing_spend. This table may have objects that depend on it (use DROP TABLE ... CASCADE to resolve) or it doesn't exist.   
2023-12-17 14:26:56,735  |  ERROR  |  SQL Query for validation check:  SELECT EXISTS (SELECT 1 FROM information_schema.tables WHERE table_name = 'marketing_spend' );   
2023-12-17 14:26:56,736  |  ERROR  |  ==========================================================================================================================================================================  
2023-12-17 14:26:56,737  |  DEBUG  |    
2023-12-17 14:26:56,742  |  DEBUG  |    
2023-12-17 14:26:56,743  |  INFO  |  =============================================================================================================================================================================  
2023-12-17 14:26:56,744  |  INFO  |  TABLE CREATION SUCCESS: Managed to create marketing_spend table in oltp_db.    
2023-12-17 14:26:56,745  |  INFO  |  SQL Query for validation check:  SELECT EXISTS (SELECT 1 FROM information_schema.tables WHERE table_name = 'marketing_spend' );   
2023-12-17 14:26:56,745  |  INFO  |  =============================================================================================================================================================================  
2023-12-17 14:26:56,746  |  DEBUG  |    
2023-12-17 14:26:56,747  |  INFO  |  Rows before SQL insert in Postgres: 0   
2023-12-17 14:26:56,747  |  DEBUG  |    
2023-12-17 14:26:56,749  |  DEBUG  |  ---------------------------------  
2023-12-17 14:26:56,749  |  INFO  |  INSERT SUCCESS record no 1   
2023-12-17 14:26:56,750  |  DEBUG  |  ---------------------------------  
2023-12-17 14:26:56,750  |  DEBUG  |  ---------------------------------  
2023-12-17 14:26:56,751  |  INFO  |  INSERT SUCCESS record no 2   
2023-12-17 14:26:56,751  |  DEBUG  |  ---------------------------------  
2023-12-17 14:26:56,752  |  DEBUG  |  ---------------------------------  
2023-12-17 14:26:56,752  |  INFO  |  INSERT SUCCESS record no 3   
2023-12-17 14:26:56,752  |  DEBUG  |  ---------------------------------  
2023-12-17 14:26:56,753  |  DEBUG  |  ---------------------------------  
2023-12-17 14:26:56,754  |  INFO  |  INSERT SUCCESS record no 4   
2023-12-17 14:26:56,754  |  DEBUG  |  ---------------------------------  
2023-12-17 14:26:56,755  |  DEBUG  |  ---------------------------------  
2023-12-17 14:26:56,756  |  INFO  |  INSERT SUCCESS record no 5   
2023-12-17 14:26:56,756  |  DEBUG  |  ---------------------------------  
2023-12-17 14:26:56,758  |  DEBUG  |  ---------------------------------  
2023-12-17 14:26:56,758  |  INFO  |  INSERT SUCCESS record no 6   
2023-12-17 14:26:56,758  |  DEBUG  |  ---------------------------------  
2023-12-17 14:26:56,759  |  DEBUG  |  ---------------------------------  
2023-12-17 14:26:56,760  |  INFO  |  INSERT SUCCESS record no 7   
2023-12-17 14:26:56,760  |  DEBUG  |  ---------------------------------  
2023-12-17 14:26:56,761  |  DEBUG  |  ---------------------------------  
2023-12-17 14:26:56,761  |  INFO  |  INSERT SUCCESS record no 8   
2023-12-17 14:26:56,762  |  DEBUG  |  ---------------------------------  
2023-12-17 14:26:56,763  |  DEBUG  |  ---------------------------------  
2023-12-17 14:26:56,763  |  INFO  |  INSERT SUCCESS record no 9   
2023-12-17 14:26:56,763  |  DEBUG  |  ---------------------------------  
2023-12-17 14:26:56,764  |  DEBUG  |  ---------------------------------  
2023-12-17 14:26:56,764  |  INFO  |  INSERT SUCCESS record no 10   
2023-12-17 14:26:56,765  |  DEBUG  |  ---------------------------------  
2023-12-17 14:26:56,765  |  DEBUG  |  ---------------------------------  
2023-12-17 14:26:56,766  |  INFO  |  INSERT SUCCESS record no 11   
2023-12-17 14:26:56,766  |  DEBUG  |  ---------------------------------  
2023-12-17 14:26:56,766  |  DEBUG  |  ---------------------------------  
2023-12-17 14:26:56,767  |  INFO  |  INSERT SUCCESS record no 12   
2023-12-17 14:26:56,767  |  DEBUG  |  ---------------------------------  
2023-12-17 14:26:56,768  |  INFO  |  date/time field value out of range: "1/13/2019"
LINE 5:         ) VALUES ('1/13/2019', 5000, 2449.65);
                          ^
HINT:  Perhaps you need a different "datestyle" setting.
  
2023-12-17 14:26:56,768  |  DEBUG  |    
2023-12-17 14:26:56,769  |  DEBUG  |  Cursor closed successfully.  
2023-12-17 14:26:56,769  |  DEBUG  |  Session connected to Postgres database closed.  
2-17 14:26:56,762  |  DEBUG  |  ---------------------------------  
2023-12-17 14:26:56,763  |  DEBUG  |  ---------------------------------  
2023-12-17 14:26:56,763  |  INFO  |  INSERT SUCCESS record no 9   
2023-12-17 14:26:56,763  |  DEBUG  |  ---------------------------------  
2023-12-17 14:26:56,764  |  DEBUG  |  ---------------------------------  
2023-12-17 14:26:56,764  |  INFO  |  INSERT SUCCESS record no 10   
2023-12-17 14:26:56,765  |  DEBUG  |  ---------------------------------  
2023-12-17 14:26:56,765  |  DEBUG  |  ---------------------------------  
2023-12-17 14:26:56,766  |  INFO  |  INSERT SUCCESS record no 11   
2023-12-17 14:26:56,766  |  DEBUG  |  ---------------------------------  
2023-12-17 14:26:56,766  |  DEBUG  |  ---------------------------------  
2023-12-17 14:26:56,767  |  INFO  |  INSERT SUCCESS record no 12   
2023-12-17 14:26:56,767  |  DEBUG  |  ---------------------------------  
2023-12-17 14:26:56,768  |  INFO  |  date/time field value out of range: "1/13/2019"
LINE 5:         ) VALUES ('1/13/2019', 5000, 2449.65);
                          ^
HINT:  Perhaps you need a different "datestyle" setting.
  
2023-12-17 14:26:56,768  |  DEBUG  |    
2023-12-17 14:26:56,769  |  DEBUG  |  Cursor closed successfully.  
2023-12-17 14:26:56,769  |  DEBUG  |  Session connected to Postgres database closed.  
