2023-12-16 11:57:28,665  |  INFO  |    
2023-12-16 11:57:28,665  |  INFO  |  Beginning the source data extraction process...  
2023-12-16 11:57:28,666  |  INFO  |  Successfully located 'Discount_Coupon.csv.json'  
2023-12-16 11:57:28,666  |  INFO  |  File type: '<class 'list'>'  
2023-12-16 11:57:28,822  |  DEBUG  |    
2023-12-16 11:57:28,822  |  INFO  |  =================================================================================  
2023-12-16 11:57:28,823  |  INFO  |  CONNECTION SUCCESS: Managed to connect successfully to the initial_dw database!!  
2023-12-16 11:57:28,823  |  INFO  |  Connection details: user=postgres password=xxx dbname=initial_dw host=localhost port=5432   
2023-12-16 11:57:28,823  |  INFO  |  =================================================================================  
2023-12-16 11:57:28,824  |  DEBUG  |    
2023-12-16 11:57:28,827  |  DEBUG  |    
2023-12-16 11:57:28,827  |  INFO  |  =================================================================================================  
2023-12-16 11:57:28,828  |  INFO  |  SCHEMA CREATION SUCCESS: Managed to create main schema in initial_dw   
2023-12-16 11:57:28,828  |  INFO  |  Schema name in Postgres: main   
2023-12-16 11:57:28,828  |  INFO  |  SQL Query for validation check:  SELECT schema_name from information_schema.schemata WHERE schema_name= 'main';   
2023-12-16 11:57:28,828  |  INFO  |  =================================================================================================  
2023-12-16 11:57:28,829  |  DEBUG  |    
2023-12-16 11:57:28,836  |  DEBUG  |    
2023-12-16 11:57:28,836  |  ERROR  |  ==========================================================================================================================================================================  
2023-12-16 11:57:28,836  |  ERROR  |  TABLE DELETION FAILURE: Unable to delete discount_coupon. This table may have objects that depend on it (use DROP TABLE ... CASCADE to resolve) or it doesn't exist.   
2023-12-16 11:57:28,837  |  ERROR  |  SQL Query for validation check:  SELECT EXISTS (SELECT 1 FROM information_schema.tables WHERE table_name = 'discount_coupon' );   
2023-12-16 11:57:28,837  |  ERROR  |  ==========================================================================================================================================================================  
2023-12-16 11:57:28,838  |  DEBUG  |    
2023-12-16 11:57:28,846  |  DEBUG  |    
2023-12-16 11:57:28,847  |  INFO  |  =============================================================================================================================================================================  
2023-12-16 11:57:28,847  |  INFO  |  TABLE CREATION SUCCESS: Managed to create discount_coupon table in initial_dw.    
2023-12-16 11:57:28,848  |  INFO  |  SQL Query for validation check:  SELECT EXISTS (SELECT 1 FROM information_schema.tables WHERE table_name = 'discount_coupon' );   
2023-12-16 11:57:28,848  |  INFO  |  =============================================================================================================================================================================  
2023-12-16 11:57:28,848  |  DEBUG  |    
2023-12-16 11:57:28,850  |  INFO  |  Rows before SQL insert in Postgres: 0   
2023-12-16 11:57:28,850  |  DEBUG  |    
2023-12-16 11:57:28,852  |  DEBUG  |  ---------------------------------  
2023-12-16 11:57:28,852  |  INFO  |  INSERT SUCCESS record no 1   
2023-12-16 11:57:28,852  |  DEBUG  |  ---------------------------------  
2023-12-16 11:57:28,853  |  DEBUG  |  ---------------------------------  
2023-12-16 11:57:28,854  |  INFO  |  INSERT SUCCESS record no 2   
2023-12-16 11:57:28,854  |  DEBUG  |  ---------------------------------  
2023-12-16 11:57:28,855  |  DEBUG  |  ---------------------------------  
2023-12-16 11:57:28,855  |  INFO  |  INSERT SUCCESS record no 3   
2023-12-16 11:57:28,855  |  DEBUG  |  ---------------------------------  
2023-12-16 11:57:28,856  |  DEBUG  |  ---------------------------------  
2023-12-16 11:57:28,856  |  INFO  |  INSERT SUCCESS record no 4   
2023-12-16 11:57:28,857  |  DEBUG  |  ---------------------------------  
2023-12-16 11:57:28,858  |  DEBUG  |  ---------------------------------  
2023-12-16 11:57:28,858  |  INFO  |  INSERT SUCCESS record no 5   
2023-12-16 11:57:28,859  |  DEBUG  |  ---------------------------------  
2023-12-16 11:57:28,860  |  DEBUG  |  ---------------------------------  
2023-12-16 11:57:28,861  |  INFO  |  INSERT SUCCESS record no 6   
2023-12-16 11:57:28,861  |  DEBUG  |  ---------------------------------  
2023-12-16 11:57:28,862  |  DEBUG  |  ---------------------------------  
2023-12-16 11:57:28,862  |  INFO  |  INSERT SUCCESS record no 7   
2023-12-16 11:57:28,863  |  DEBUG  |  ---------------------------------  
2023-12-16 11:57:28,864  |  DEBUG  |  ---------------------------------  
2023-12-16 11:57:28,864  |  INFO  |  INSERT SUCCESS record no 8   
2023-12-16 11:57:28,865  |  DEBUG  |  ---------------------------------  
2023-12-16 11:57:28,865  |  DEBUG  |  ---------------------------------  
2023-12-16 11:57:28,866  |  INFO  |  INSERT SUCCESS record no 9   
2023-12-16 11:57:28,866  |  DEBUG  |  ---------------------------------  
2023-12-16 11:57:28,867  |  DEBUG  |  ---------------------------------  
2023-12-16 11:57:28,867  |  INFO  |  INSERT SUCCESS record no 10   
2023-12-16 11:57:28,868  |  DEBUG  |  ---------------------------------  
2023-12-16 11:57:28,868  |  DEBUG  |  ---------------------------------  
2023-12-16 11:57:28,869  |  INFO  |  INSERT SUCCESS record no 11   
2023-12-16 11:57:28,869  |  DEBUG  |  ---------------------------------  
2023-12-16 11:57:28,870  |  DEBUG  |  ---------------------------------  
2023-12-16 11:57:28,871  |  INFO  |  INSERT SUCCESS record no 12   
2023-12-16 11:57:28,871  |  DEBUG  |  ---------------------------------  
2023-12-16 11:57:28,871  |  DEBUG  |  ---------------------------------  
2023-12-16 11:57:28,872  |  INFO  |  INSERT SUCCESS record no 13   
2023-12-16 11:57:28,872  |  DEBUG  |  ---------------------------------  
2023-12-16 11:57:28,873  |  DEBUG  |  ---------------------------------  
2023-12-16 11:57:28,874  |  INFO  |  INSERT SUCCESS record no 14   
2023-12-16 11:57:28,874  |  DEBUG  |  ---------------------------------  
2023-12-16 11:57:28,875  |  DEBUG  |  ---------------------------------  
2023-12-16 11:57:28,876  |  INFO  |  INSERT SUCCESS record no 15   
2023-12-16 11:57:28,876  |  DEBUG  |  ---------------------------------  
2023-12-16 11:57:28,877  |  DEBUG  |  ---------------------------------  
2023-12-16 11:57:28,878  |  INFO  |  INSERT SUCCESS record no 16   
2023-12-16 11:57:28,878  |  DEBUG  |  ---------------------------------  
2023-12-16 11:57:28,879  |  DEBUG  |  ---------------------------------  
2023-12-16 11:57:28,879  |  INFO  |  INSERT SUCCESS record no 17   
2023-12-16 11:57:28,880  |  DEBUG  |  ---------------------------------  
2023-12-16 11:57:28,881  |  DEBUG  |  ---------------------------------  
2023-12-16 11:57:28,881  |  INFO  |  INSERT SUCCESS record no 18   
2023-12-16 11:57:28,882  |  DEBUG  |  ---------------------------------  
2023-12-16 11:57:28,882  |  DEBUG  |  ---------------------------------  
2023-12-16 11:57:28,883  |  INFO  |  INSERT SUCCESS record no 19   
2023-12-16 11:57:28,884  |  DEBUG  |  ---------------------------------  
2023-12-16 11:57:28,884  |  DEBUG  |  ---------------------------------  
2023-12-16 11:57:28,885  |  INFO  |  INSERT SUCCESS record no 20   
2023-12-16 11:57:28,885  |  DEBUG  |  ---------------------------------  
2023-12-16 11:57:28,886  |  DEBUG  |  ---------------------------------  
2023-12-16 11:57:28,886  |  INFO  |  INSERT SUCCESS record no 21   
2023-12-16 11:57:28,887  |  DEBUG  |  ---------------------------------  
2023-12-16 11:57:28,887  |  DEBUG  |  ---------------------------------  
2023-12-16 11:57:28,887  |  INFO  |  INSERT SUCCESS record no 22   
2023-12-16 11:57:28,888  |  DEBUG  |  ---------------------------------  
2023-12-16 11:57:28,889  |  DEBUG  |  ---------------------------------  
2023-12-16 11:57:28,889  |  INFO  |  INSERT SUCCESS record no 23   
2023-12-16 11:57:28,889  |  DEBUG  |  ---------------------------------  
2023-12-16 11:57:28,890  |  DEBUG  |  ---------------------------------  
2023-12-16 11:57:28,891  |  INFO  |  INSERT SUCCESS record no 24   
2023-12-16 11:57:28,891  |  DEBUG  |  ---------------------------------  
2023-12-16 11:57:28,892  |  DEBUG  |  ---------------------------------  
2023-12-16 11:57:28,893  |  INFO  |  INSERT SUCCESS record no 25   
2023-12-16 11:57:28,893  |  DEBUG  |  ---------------------------------  
2023-12-16 11:57:28,894  |  DEBUG  |  ---------------------------------  
2023-12-16 11:57:28,894  |  INFO  |  INSERT SUCCESS record no 26   
2023-12-16 11:57:28,895  |  DEBUG  |  ---------------------------------  
2023-12-16 11:57:28,896  |  DEBUG  |  ---------------------------------  
2023-12-16 11:57:28,896  |  INFO  |  INSERT SUCCESS record no 27   
2023-12-16 11:57:28,896  |  DEBUG  |  ---------------------------------  
2023-12-16 11:57:28,898  |  DEBUG  |  ---------------------------------  
2023-12-16 11:57:28,898  |  INFO  |  INSERT SUCCESS record no 28   
2023-12-16 11:57:28,899  |  DEBUG  |  ---------------------------------  
2023-12-16 11:57:28,900  |  DEBUG  |  ---------------------------------  
2023-12-16 11:57:28,900  |  INFO  |  INSERT SUCCESS record no 29   
2023-12-16 11:57:28,900  |  DEBUG  |  ---------------------------------  
2023-12-16 11:57:28,901  |  DEBUG  |  ---------------------------------  
2023-12-16 11:57:28,902  |  INFO  |  INSERT SUCCESS record no 30   
2023-12-16 11:57:28,902  |  DEBUG  |  ---------------------------------  
2023-12-16 11:57:28,903  |  DEBUG  |  ---------------------------------  
2023-12-16 11:57:28,903  |  INFO  |  INSERT SUCCESS record no 31   
2023-12-16 11:57:28,903  |  DEBUG  |  ---------------------------------  
2023-12-16 11:57:28,904  |  DEBUG  |  ---------------------------------  
2023-12-16 11:57:28,904  |  INFO  |  INSERT SUCCESS record no 32   
2023-12-16 11:57:28,905  |  DEBUG  |  ---------------------------------  
2023-12-16 11:57:28,905  |  DEBUG  |  ---------------------------------  
2023-12-16 11:57:28,906  |  INFO  |  INSERT SUCCESS record no 33   
2023-12-16 11:57:28,906  |  DEBUG  |  ---------------------------------  
2023-12-16 11:57:28,907  |  DEBUG  |  ---------------------------------  
2023-12-16 11:57:28,907  |  INFO  |  INSERT SUCCESS record no 34   
2023-12-16 11:57:28,907  |  DEBUG  |  ---------------------------------  
2023-12-16 11:57:28,908  |  DEBUG  |  ---------------------------------  
2023-12-16 11:57:28,909  |  INFO  |  INSERT SUCCESS record no 35   
2023-12-16 11:57:28,909  |  DEBUG  |  ---------------------------------  
2023-12-16 11:57:28,910  |  DEBUG  |  ---------------------------------  
2023-12-16 11:57:28,911  |  INFO  |  INSERT SUCCESS record no 36   
2023-12-16 11:57:28,911  |  DEBUG  |  ---------------------------------  
2023-12-16 11:57:28,912  |  DEBUG  |  ---------------------------------  
2023-12-16 11:57:28,912  |  INFO  |  INSERT SUCCESS record no 37   
2023-12-16 11:57:28,913  |  DEBUG  |  ---------------------------------  
2023-12-16 11:57:28,914  |  DEBUG  |  ---------------------------------  
2023-12-16 11:57:28,914  |  INFO  |  INSERT SUCCESS record no 38   
2023-12-16 11:57:28,915  |  DEBUG  |  ---------------------------------  
2023-12-16 11:57:28,915  |  DEBUG  |  ---------------------------------  
2023-12-16 11:57:28,916  |  INFO  |  INSERT SUCCESS record no 39   
2023-12-16 11:57:28,916  |  DEBUG  |  ---------------------------------  
2023-12-16 11:57:28,917  |  DEBUG  |  ---------------------------------  
2023-12-16 11:57:28,917  |  INFO  |  INSERT SUCCESS record no 40   
2023-12-16 11:57:28,917  |  DEBUG  |  ---------------------------------  
2023-12-16 11:57:28,918  |  DEBUG  |  ---------------------------------  
2023-12-16 11:57:28,919  |  INFO  |  INSERT SUCCESS record no 41   
2023-12-16 11:57:28,919  |  DEBUG  |  ---------------------------------  
2023-12-16 11:57:28,920  |  DEBUG  |  ---------------------------------  
2023-12-16 11:57:28,920  |  INFO  |  INSERT SUCCESS record no 42   
2023-12-16 11:57:28,921  |  DEBUG  |  ---------------------------------  
2023-12-16 11:57:28,922  |  DEBUG  |  ---------------------------------  
2023-12-16 11:57:28,922  |  INFO  |  INSERT SUCCESS record no 43   
2023-12-16 11:57:28,922  |  DEBUG  |  ---------------------------------  
2023-12-16 11:57:28,923  |  DEBUG  |  ---------------------------------  
2023-12-16 11:57:28,923  |  INFO  |  INSERT SUCCESS record no 44   
2023-12-16 11:57:28,923  |  DEBUG  |  ---------------------------------  
2023-12-16 11:57:28,924  |  DEBUG  |  ---------------------------------  
2023-12-16 11:57:28,925  |  INFO  |  INSERT SUCCESS record no 45   
2023-12-16 11:57:28,925  |  DEBUG  |  ---------------------------------  
2023-12-16 11:57:28,926  |  DEBUG  |  ---------------------------------  
2023-12-16 11:57:28,927  |  INFO  |  INSERT SUCCESS record no 46   
2023-12-16 11:57:28,927  |  DEBUG  |  ---------------------------------  
2023-12-16 11:57:28,928  |  DEBUG  |  ---------------------------------  
2023-12-16 11:57:28,928  |  INFO  |  INSERT SUCCESS record no 47   
2023-12-16 11:57:28,929  |  DEBUG  |  ---------------------------------  
2023-12-16 11:57:28,929  |  DEBUG  |  ---------------------------------  
2023-12-16 11:57:28,930  |  INFO  |  INSERT SUCCESS record no 48   
2023-12-16 11:57:28,930  |  DEBUG  |  ---------------------------------  
2023-12-16 11:57:28,931  |  DEBUG  |  ---------------------------------  
2023-12-16 11:57:28,932  |  INFO  |  INSERT SUCCESS record no 49   
2023-12-16 11:57:28,932  |  DEBUG  |  ---------------------------------  
2023-12-16 11:57:28,933  |  DEBUG  |  ---------------------------------  
2023-12-16 11:57:28,933  |  INFO  |  INSERT SUCCESS record no 50   
2023-12-16 11:57:28,934  |  DEBUG  |  ---------------------------------  
2023-12-16 11:57:28,934  |  DEBUG  |  ---------------------------------  
2023-12-16 11:57:28,935  |  INFO  |  INSERT SUCCESS record no 51   
2023-12-16 11:57:28,935  |  DEBUG  |  ---------------------------------  
2023-12-16 11:57:28,935  |  DEBUG  |  ---------------------------------  
2023-12-16 11:57:28,936  |  INFO  |  INSERT SUCCESS record no 52   
2023-12-16 11:57:28,936  |  DEBUG  |  ---------------------------------  
2023-12-16 11:57:28,936  |  DEBUG  |  ---------------------------------  
2023-12-16 11:57:28,937  |  INFO  |  INSERT SUCCESS record no 53   
2023-12-16 11:57:28,937  |  DEBUG  |  ---------------------------------  
2023-12-16 11:57:28,937  |  DEBUG  |  ---------------------------------  
2023-12-16 11:57:28,937  |  INFO  |  INSERT SUCCESS record no 54   
2023-12-16 11:57:28,938  |  DEBUG  |  ---------------------------------  
2023-12-16 11:57:28,938  |  DEBUG  |  ---------------------------------  
2023-12-16 11:57:28,939  |  INFO  |  INSERT SUCCESS record no 55   
2023-12-16 11:57:28,939  |  DEBUG  |  ---------------------------------  
2023-12-16 11:57:28,939  |  DEBUG  |  ---------------------------------  
2023-12-16 11:57:28,940  |  INFO  |  INSERT SUCCESS record no 56   
2023-12-16 11:57:28,940  |  DEBUG  |  ---------------------------------  
2023-12-16 11:57:28,940  |  DEBUG  |  ---------------------------------  
2023-12-16 11:57:28,941  |  INFO  |  INSERT SUCCESS record no 57   
2023-12-16 11:57:28,941  |  DEBUG  |  ---------------------------------  
2023-12-16 11:57:28,942  |  DEBUG  |  ---------------------------------  
2023-12-16 11:57:28,942  |  INFO  |  INSERT SUCCESS record no 58   
2023-12-16 11:57:28,943  |  DEBUG  |  ---------------------------------  
2023-12-16 11:57:28,944  |  DEBUG  |  ---------------------------------  
2023-12-16 11:57:28,944  |  INFO  |  INSERT SUCCESS record no 59   
2023-12-16 11:57:28,944  |  DEBUG  |  ---------------------------------  
2023-12-16 11:57:28,945  |  DEBUG  |  ---------------------------------  
2023-12-16 11:57:28,946  |  INFO  |  INSERT SUCCESS record no 60   
2023-12-16 11:57:28,946  |  DEBUG  |  ---------------------------------  
2023-12-16 11:57:28,947  |  DEBUG  |  ---------------------------------  
2023-12-16 11:57:28,947  |  INFO  |  INSERT SUCCESS record no 61   
2023-12-16 11:57:28,948  |  DEBUG  |  ---------------------------------  
2023-12-16 11:57:28,949  |  DEBUG  |  ---------------------------------  
2023-12-16 11:57:28,949  |  INFO  |  INSERT SUCCESS record no 62   
2023-12-16 11:57:28,949  |  DEBUG  |  ---------------------------------  
2023-12-16 11:57:28,950  |  DEBUG  |  ---------------------------------  
2023-12-16 11:57:28,950  |  INFO  |  INSERT SUCCESS record no 63   
2023-12-16 11:57:28,950  |  DEBUG  |  ---------------------------------  
2023-12-16 11:57:28,951  |  DEBUG  |  ---------------------------------  
2023-12-16 11:57:28,951  |  INFO  |  INSERT SUCCESS record no 64   
2023-12-16 11:57:28,951  |  DEBUG  |  ---------------------------------  
2023-12-16 11:57:28,952  |  DEBUG  |  ---------------------------------  
2023-12-16 11:57:28,952  |  INFO  |  INSERT SUCCESS record no 65   
2023-12-16 11:57:28,952  |  DEBUG  |  ---------------------------------  
2023-12-16 11:57:28,953  |  DEBUG  |  ---------------------------------  
2023-12-16 11:57:28,953  |  INFO  |  INSERT SUCCESS record no 66   
2023-12-16 11:57:28,953  |  DEBUG  |  ---------------------------------  
2023-12-16 11:57:28,954  |  DEBUG  |  ---------------------------------  
2023-12-16 11:57:28,954  |  INFO  |  INSERT SUCCESS record no 67   
2023-12-16 11:57:28,955  |  DEBUG  |  ---------------------------------  
2023-12-16 11:57:28,955  |  DEBUG  |  ---------------------------------  
2023-12-16 11:57:28,955  |  INFO  |  INSERT SUCCESS record no 68   
2023-12-16 11:57:28,956  |  DEBUG  |  ---------------------------------  
2023-12-16 11:57:28,956  |  DEBUG  |  ---------------------------------  
2023-12-16 11:57:28,956  |  INFO  |  INSERT SUCCESS record no 69   
2023-12-16 11:57:28,957  |  DEBUG  |  ---------------------------------  
2023-12-16 11:57:28,957  |  DEBUG  |  ---------------------------------  
2023-12-16 11:57:28,958  |  INFO  |  INSERT SUCCESS record no 70   
2023-12-16 11:57:28,958  |  DEBUG  |  ---------------------------------  
2023-12-16 11:57:28,959  |  DEBUG  |  ---------------------------------  
2023-12-16 11:57:28,959  |  INFO  |  INSERT SUCCESS record no 71   
2023-12-16 11:57:28,960  |  DEBUG  |  ---------------------------------  
2023-12-16 11:57:28,960  |  DEBUG  |  ---------------------------------  
2023-12-16 11:57:28,961  |  INFO  |  INSERT SUCCESS record no 72   
2023-12-16 11:57:28,961  |  DEBUG  |  ---------------------------------  
2023-12-16 11:57:28,962  |  DEBUG  |  ---------------------------------  
2023-12-16 11:57:28,962  |  INFO  |  INSERT SUCCESS record no 73   
2023-12-16 11:57:28,963  |  DEBUG  |  ---------------------------------  
2023-12-16 11:57:28,965  |  DEBUG  |  ---------------------------------  
2023-12-16 11:57:28,965  |  INFO  |  INSERT SUCCESS record no 74   
2023-12-16 11:57:28,965  |  DEBUG  |  ---------------------------------  
2023-12-16 11:57:28,966  |  DEBUG  |  ---------------------------------  
2023-12-16 11:57:28,966  |  INFO  |  INSERT SUCCESS record no 75   
2023-12-16 11:57:28,966  |  DEBUG  |  ---------------------------------  
2023-12-16 11:57:28,967  |  DEBUG  |  ---------------------------------  
2023-12-16 11:57:28,967  |  INFO  |  INSERT SUCCESS record no 76   
2023-12-16 11:57:28,967  |  DEBUG  |  ---------------------------------  
2023-12-16 11:57:28,968  |  DEBUG  |  ---------------------------------  
2023-12-16 11:57:28,968  |  INFO  |  INSERT SUCCESS record no 77   
2023-12-16 11:57:28,968  |  DEBUG  |  ---------------------------------  
2023-12-16 11:57:28,969  |  DEBUG  |  ---------------------------------  
2023-12-16 11:57:28,969  |  INFO  |  INSERT SUCCESS record no 78   
2023-12-16 11:57:28,970  |  DEBUG  |  ---------------------------------  
2023-12-16 11:57:28,970  |  DEBUG  |  ---------------------------------  
2023-12-16 11:57:28,971  |  INFO  |  INSERT SUCCESS record no 79   
2023-12-16 11:57:28,971  |  DEBUG  |  ---------------------------------  
2023-12-16 11:57:28,971  |  DEBUG  |  ---------------------------------  
2023-12-16 11:57:28,972  |  INFO  |  INSERT SUCCESS record no 80   
2023-12-16 11:57:28,972  |  DEBUG  |  ---------------------------------  
2023-12-16 11:57:28,972  |  DEBUG  |  ---------------------------------  
2023-12-16 11:57:28,973  |  INFO  |  INSERT SUCCESS record no 81   
2023-12-16 11:57:28,973  |  DEBUG  |  ---------------------------------  
2023-12-16 11:57:28,974  |  DEBUG  |  ---------------------------------  
2023-12-16 11:57:28,974  |  INFO  |  INSERT SUCCESS record no 82   
2023-12-16 11:57:28,974  |  DEBUG  |  ---------------------------------  
2023-12-16 11:57:28,975  |  DEBUG  |  ---------------------------------  
2023-12-16 11:57:28,976  |  INFO  |  INSERT SUCCESS record no 83   
2023-12-16 11:57:28,976  |  DEBUG  |  ---------------------------------  
2023-12-16 11:57:28,977  |  DEBUG  |  ---------------------------------  
2023-12-16 11:57:28,977  |  INFO  |  INSERT SUCCESS record no 84   
2023-12-16 11:57:28,978  |  DEBUG  |  ---------------------------------  
2023-12-16 11:57:28,978  |  DEBUG  |  ---------------------------------  
2023-12-16 11:57:28,979  |  INFO  |  INSERT SUCCESS record no 85   
2023-12-16 11:57:28,979  |  DEBUG  |  ---------------------------------  
2023-12-16 11:57:28,980  |  DEBUG  |  ---------------------------------  
2023-12-16 11:57:28,980  |  INFO  |  INSERT SUCCESS record no 86   
2023-12-16 11:57:28,981  |  DEBUG  |  ---------------------------------  
2023-12-16 11:57:28,982  |  DEBUG  |  ---------------------------------  
2023-12-16 11:57:28,982  |  INFO  |  INSERT SUCCESS record no 87   
2023-12-16 11:57:28,983  |  DEBUG  |  ---------------------------------  
2023-12-16 11:57:28,983  |  DEBUG  |  ---------------------------------  
2023-12-16 11:57:28,984  |  INFO  |  INSERT SUCCESS record no 88   
2023-12-16 11:57:28,984  |  DEBUG  |  ---------------------------------  
2023-12-16 11:57:28,985  |  DEBUG  |  ---------------------------------  
2023-12-16 11:57:28,985  |  INFO  |  INSERT SUCCESS record no 89   
2023-12-16 11:57:28,985  |  DEBUG  |  ---------------------------------  
2023-12-16 11:57:28,986  |  DEBUG  |  ---------------------------------  
2023-12-16 11:57:28,986  |  INFO  |  INSERT SUCCESS record no 90   
2023-12-16 11:57:28,986  |  DEBUG  |  ---------------------------------  
2023-12-16 11:57:28,987  |  DEBUG  |  ---------------------------------  
2023-12-16 11:57:28,987  |  INFO  |  INSERT SUCCESS record no 91   
2023-12-16 11:57:28,988  |  DEBUG  |  ---------------------------------  
2023-12-16 11:57:28,988  |  DEBUG  |  ---------------------------------  
2023-12-16 11:57:28,988  |  INFO  |  INSERT SUCCESS record no 92   
2023-12-16 11:57:28,989  |  DEBUG  |  ---------------------------------  
2023-12-16 11:57:28,990  |  DEBUG  |  ---------------------------------  
2023-12-16 11:57:28,990  |  INFO  |  INSERT SUCCESS record no 93   
2023-12-16 11:57:28,990  |  DEBUG  |  ---------------------------------  
2023-12-16 11:57:28,991  |  DEBUG  |  ---------------------------------  
2023-12-16 11:57:28,991  |  INFO  |  INSERT SUCCESS record no 94   
2023-12-16 11:57:28,991  |  DEBUG  |  ---------------------------------  
2023-12-16 11:57:28,993  |  DEBUG  |  ---------------------------------  
2023-12-16 11:57:28,993  |  INFO  |  INSERT SUCCESS record no 95   
2023-12-16 11:57:28,993  |  DEBUG  |  ---------------------------------  
2023-12-16 11:57:28,994  |  DEBUG  |  ---------------------------------  
2023-12-16 11:57:28,995  |  INFO  |  INSERT SUCCESS record no 96   
2023-12-16 11:57:28,995  |  DEBUG  |  ---------------------------------  
2023-12-16 11:57:28,996  |  DEBUG  |  ---------------------------------  
2023-12-16 11:57:28,996  |  INFO  |  INSERT SUCCESS record no 97   
2023-12-16 11:57:28,997  |  DEBUG  |  ---------------------------------  
2023-12-16 11:57:28,998  |  DEBUG  |  ---------------------------------  
2023-12-16 11:57:28,998  |  INFO  |  INSERT SUCCESS record no 98   
2023-12-16 11:57:28,998  |  DEBUG  |  ---------------------------------  
2023-12-16 11:57:28,999  |  DEBUG  |  ---------------------------------  
2023-12-16 11:57:28,999  |  INFO  |  INSERT SUCCESS record no 99   
2023-12-16 11:57:29,000  |  DEBUG  |  ---------------------------------  
2023-12-16 11:57:29,000  |  DEBUG  |  ---------------------------------  
2023-12-16 11:57:29,001  |  INFO  |  INSERT SUCCESS record no 100   
2023-12-16 11:57:29,001  |  DEBUG  |  ---------------------------------  
2023-12-16 11:57:29,001  |  DEBUG  |  ---------------------------------  
2023-12-16 11:57:29,002  |  INFO  |  INSERT SUCCESS record no 101   
2023-12-16 11:57:29,002  |  DEBUG  |  ---------------------------------  
2023-12-16 11:57:29,002  |  DEBUG  |  ---------------------------------  
2023-12-16 11:57:29,003  |  INFO  |  INSERT SUCCESS record no 102   
2023-12-16 11:57:29,003  |  DEBUG  |  ---------------------------------  
2023-12-16 11:57:29,004  |  DEBUG  |  ---------------------------------  
2023-12-16 11:57:29,004  |  INFO  |  INSERT SUCCESS record no 103   
2023-12-16 11:57:29,004  |  DEBUG  |  ---------------------------------  
2023-12-16 11:57:29,005  |  DEBUG  |  ---------------------------------  
2023-12-16 11:57:29,005  |  INFO  |  INSERT SUCCESS record no 104   
2023-12-16 11:57:29,005  |  DEBUG  |  ---------------------------------  
2023-12-16 11:57:29,006  |  DEBUG  |  ---------------------------------  
2023-12-16 11:57:29,006  |  INFO  |  INSERT SUCCESS record no 105   
2023-12-16 11:57:29,006  |  DEBUG  |  ---------------------------------  
2023-12-16 11:57:29,007  |  DEBUG  |  ---------------------------------  
2023-12-16 11:57:29,007  |  INFO  |  INSERT SUCCESS record no 106   
2023-12-16 11:57:29,007  |  DEBUG  |  ---------------------------------  
2023-12-16 11:57:29,008  |  DEBUG  |  ---------------------------------  
2023-12-16 11:57:29,008  |  INFO  |  INSERT SUCCESS record no 107   
2023-12-16 11:57:29,008  |  DEBUG  |  ---------------------------------  
2023-12-16 11:57:29,009  |  DEBUG  |  ---------------------------------  
2023-12-16 11:57:29,010  |  INFO  |  INSERT SUCCESS record no 108   
2023-12-16 11:57:29,010  |  DEBUG  |  ---------------------------------  
2023-12-16 11:57:29,011  |  DEBUG  |  ---------------------------------  
2023-12-16 11:57:29,012  |  INFO  |  INSERT SUCCESS record no 109   
2023-12-16 11:57:29,012  |  DEBUG  |  ---------------------------------  
2023-12-16 11:57:29,013  |  DEBUG  |  ---------------------------------  
2023-12-16 11:57:29,013  |  INFO  |  INSERT SUCCESS record no 110   
2023-12-16 11:57:29,014  |  DEBUG  |  ---------------------------------  
2023-12-16 11:57:29,015  |  DEBUG  |  ---------------------------------  
2023-12-16 11:57:29,015  |  INFO  |  INSERT SUCCESS record no 111   
2023-12-16 11:57:29,015  |  DEBUG  |  ---------------------------------  
2023-12-16 11:57:29,016  |  DEBUG  |  ---------------------------------  
2023-12-16 11:57:29,016  |  INFO  |  INSERT SUCCESS record no 112   
2023-12-16 11:57:29,017  |  DEBUG  |  ---------------------------------  
2023-12-16 11:57:29,017  |  DEBUG  |  ---------------------------------  
2023-12-16 11:57:29,017  |  INFO  |  INSERT SUCCESS record no 113   
2023-12-16 11:57:29,018  |  DEBUG  |  ---------------------------------  
2023-12-16 11:57:29,018  |  DEBUG  |  ---------------------------------  
2023-12-16 11:57:29,019  |  INFO  |  INSERT SUCCESS record no 114   
2023-12-16 11:57:29,019  |  DEBUG  |  ---------------------------------  
2023-12-16 11:57:29,019  |  DEBUG  |  ---------------------------------  
2023-12-16 11:57:29,020  |  INFO  |  INSERT SUCCESS record no 115   
2023-12-16 11:57:29,020  |  DEBUG  |  ---------------------------------  
2023-12-16 11:57:29,021  |  DEBUG  |  ---------------------------------  
2023-12-16 11:57:29,021  |  INFO  |  INSERT SUCCESS record no 116   
2023-12-16 11:57:29,021  |  DEBUG  |  ---------------------------------  
2023-12-16 11:57:29,022  |  DEBUG  |  ---------------------------------  
2023-12-16 11:57:29,022  |  INFO  |  INSERT SUCCESS record no 117   
2023-12-16 11:57:29,022  |  DEBUG  |  ---------------------------------  
2023-12-16 11:57:29,023  |  DEBUG  |  ---------------------------------  
2023-12-16 11:57:29,023  |  INFO  |  INSERT SUCCESS record no 118   
2023-12-16 11:57:29,023  |  DEBUG  |  ---------------------------------  
2023-12-16 11:57:29,024  |  DEBUG  |  ---------------------------------  
2023-12-16 11:57:29,024  |  INFO  |  INSERT SUCCESS record no 119   
2023-12-16 11:57:29,024  |  DEBUG  |  ---------------------------------  
2023-12-16 11:57:29,025  |  DEBUG  |  ---------------------------------  
2023-12-16 11:57:29,026  |  INFO  |  INSERT SUCCESS record no 120   
2023-12-16 11:57:29,026  |  DEBUG  |  ---------------------------------  
2023-12-16 11:57:29,027  |  DEBUG  |  ---------------------------------  
2023-12-16 11:57:29,028  |  INFO  |  INSERT SUCCESS record no 121   
2023-12-16 11:57:29,028  |  DEBUG  |  ---------------------------------  
2023-12-16 11:57:29,029  |  DEBUG  |  ---------------------------------  
2023-12-16 11:57:29,029  |  INFO  |  INSERT SUCCESS record no 122   
2023-12-16 11:57:29,030  |  DEBUG  |  ---------------------------------  
2023-12-16 11:57:29,030  |  DEBUG  |  ---------------------------------  
2023-12-16 11:57:29,031  |  INFO  |  INSERT SUCCESS record no 123   
2023-12-16 11:57:29,031  |  DEBUG  |  ---------------------------------  
2023-12-16 11:57:29,032  |  DEBUG  |  ---------------------------------  
2023-12-16 11:57:29,032  |  INFO  |  INSERT SUCCESS record no 124   
2023-12-16 11:57:29,032  |  DEBUG  |  ---------------------------------  
2023-12-16 11:57:29,033  |  DEBUG  |  ---------------------------------  
2023-12-16 11:57:29,034  |  INFO  |  INSERT SUCCESS record no 125   
2023-12-16 11:57:29,034  |  DEBUG  |  ---------------------------------  
2023-12-16 11:57:29,035  |  DEBUG  |  ---------------------------------  
2023-12-16 11:57:29,036  |  INFO  |  INSERT SUCCESS record no 126   
2023-12-16 11:57:29,036  |  DEBUG  |  ---------------------------------  
2023-12-16 11:57:29,037  |  DEBUG  |  ---------------------------------  
2023-12-16 11:57:29,037  |  INFO  |  INSERT SUCCESS record no 127   
2023-12-16 11:57:29,037  |  DEBUG  |  ---------------------------------  
2023-12-16 11:57:29,038  |  DEBUG  |  ---------------------------------  
2023-12-16 11:57:29,038  |  INFO  |  INSERT SUCCESS record no 128   
2023-12-16 11:57:29,038  |  DEBUG  |  ---------------------------------  
2023-12-16 11:57:29,039  |  DEBUG  |  ---------------------------------  
2023-12-16 11:57:29,039  |  INFO  |  INSERT SUCCESS record no 129   
2023-12-16 11:57:29,039  |  DEBUG  |  ---------------------------------  
2023-12-16 11:57:29,040  |  DEBUG  |  ---------------------------------  
2023-12-16 11:57:29,040  |  INFO  |  INSERT SUCCESS record no 130   
2023-12-16 11:57:29,040  |  DEBUG  |  ---------------------------------  
2023-12-16 11:57:29,041  |  DEBUG  |  ---------------------------------  
2023-12-16 11:57:29,041  |  INFO  |  INSERT SUCCESS record no 131   
2023-12-16 11:57:29,042  |  DEBUG  |  ---------------------------------  
2023-12-16 11:57:29,043  |  DEBUG  |  ---------------------------------  
2023-12-16 11:57:29,043  |  INFO  |  INSERT SUCCESS record no 132   
2023-12-16 11:57:29,044  |  DEBUG  |  ---------------------------------  
2023-12-16 11:57:29,044  |  DEBUG  |  ---------------------------------  
2023-12-16 11:57:29,045  |  INFO  |  INSERT SUCCESS record no 133   
2023-12-16 11:57:29,045  |  DEBUG  |  ---------------------------------  
2023-12-16 11:57:29,046  |  DEBUG  |  ---------------------------------  
2023-12-16 11:57:29,046  |  INFO  |  INSERT SUCCESS record no 134   
2023-12-16 11:57:29,047  |  DEBUG  |  ---------------------------------  
2023-12-16 11:57:29,048  |  DEBUG  |  ---------------------------------  
2023-12-16 11:57:29,048  |  INFO  |  INSERT SUCCESS record no 135   
2023-12-16 11:57:29,048  |  DEBUG  |  ---------------------------------  
2023-12-16 11:57:29,049  |  DEBUG  |  ---------------------------------  
2023-12-16 11:57:29,050  |  INFO  |  INSERT SUCCESS record no 136   
2023-12-16 11:57:29,051  |  DEBUG  |  ---------------------------------  
2023-12-16 11:57:29,051  |  DEBUG  |  ---------------------------------  
2023-12-16 11:57:29,052  |  INFO  |  INSERT SUCCESS record no 137   
2023-12-16 11:57:29,052  |  DEBUG  |  ---------------------------------  
2023-12-16 11:57:29,053  |  DEBUG  |  ---------------------------------  
2023-12-16 11:57:29,054  |  INFO  |  INSERT SUCCESS record no 138   
2023-12-16 11:57:29,054  |  DEBUG  |  ---------------------------------  
2023-12-16 11:57:29,055  |  DEBUG  |  ---------------------------------  
2023-12-16 11:57:29,055  |  INFO  |  INSERT SUCCESS record no 139   
2023-12-16 11:57:29,055  |  DEBUG  |  ---------------------------------  
2023-12-16 11:57:29,056  |  DEBUG  |  ---------------------------------  
2023-12-16 11:57:29,056  |  INFO  |  INSERT SUCCESS record no 140   
2023-12-16 11:57:29,057  |  DEBUG  |  ---------------------------------  
2023-12-16 11:57:29,058  |  DEBUG  |  ---------------------------------  
2023-12-16 11:57:29,058  |  INFO  |  INSERT SUCCESS record no 141   
2023-12-16 11:57:29,058  |  DEBUG  |  ---------------------------------  
2023-12-16 11:57:29,060  |  DEBUG  |  ---------------------------------  
2023-12-16 11:57:29,060  |  INFO  |  INSERT SUCCESS record no 142   
2023-12-16 11:57:29,061  |  DEBUG  |  ---------------------------------  
2023-12-16 11:57:29,062  |  DEBUG  |  ---------------------------------  
2023-12-16 11:57:29,062  |  INFO  |  INSERT SUCCESS record no 143   
2023-12-16 11:57:29,062  |  DEBUG  |  ---------------------------------  
2023-12-16 11:57:29,063  |  DEBUG  |  ---------------------------------  
2023-12-16 11:57:29,064  |  INFO  |  INSERT SUCCESS record no 144   
2023-12-16 11:57:29,064  |  DEBUG  |  ---------------------------------  
2023-12-16 11:57:29,065  |  DEBUG  |  ---------------------------------  
2023-12-16 11:57:29,066  |  INFO  |  INSERT SUCCESS record no 145   
2023-12-16 11:57:29,066  |  DEBUG  |  ---------------------------------  
2023-12-16 11:57:29,067  |  DEBUG  |  ---------------------------------  
2023-12-16 11:57:29,067  |  INFO  |  INSERT SUCCESS record no 146   
2023-12-16 11:57:29,067  |  DEBUG  |  ---------------------------------  
2023-12-16 11:57:29,068  |  DEBUG  |  ---------------------------------  
2023-12-16 11:57:29,069  |  INFO  |  INSERT SUCCESS record no 147   
2023-12-16 11:57:29,069  |  DEBUG  |  ---------------------------------  
2023-12-16 11:57:29,070  |  DEBUG  |  ---------------------------------  
2023-12-16 11:57:29,070  |  INFO  |  INSERT SUCCESS record no 148   
2023-12-16 11:57:29,070  |  DEBUG  |  ---------------------------------  
2023-12-16 11:57:29,071  |  DEBUG  |  ---------------------------------  
2023-12-16 11:57:29,071  |  INFO  |  INSERT SUCCESS record no 149   
2023-12-16 11:57:29,071  |  DEBUG  |  ---------------------------------  
2023-12-16 11:57:29,072  |  DEBUG  |  ---------------------------------  
2023-12-16 11:57:29,073  |  INFO  |  INSERT SUCCESS record no 150   
2023-12-16 11:57:29,073  |  DEBUG  |  ---------------------------------  
2023-12-16 11:57:29,074  |  DEBUG  |  ---------------------------------  
2023-12-16 11:57:29,074  |  INFO  |  INSERT SUCCESS record no 151   
2023-12-16 11:57:29,075  |  DEBUG  |  ---------------------------------  
2023-12-16 11:57:29,076  |  DEBUG  |  ---------------------------------  
2023-12-16 11:57:29,076  |  INFO  |  INSERT SUCCESS record no 152   
2023-12-16 11:57:29,077  |  DEBUG  |  ---------------------------------  
2023-12-16 11:57:29,077  |  DEBUG  |  ---------------------------------  
2023-12-16 11:57:29,078  |  INFO  |  INSERT SUCCESS record no 153   
2023-12-16 11:57:29,078  |  DEBUG  |  ---------------------------------  
2023-12-16 11:57:29,079  |  DEBUG  |  ---------------------------------  
2023-12-16 11:57:29,079  |  INFO  |  INSERT SUCCESS record no 154   
2023-12-16 11:57:29,079  |  DEBUG  |  ---------------------------------  
2023-12-16 11:57:29,080  |  DEBUG  |  ---------------------------------  
2023-12-16 11:57:29,081  |  INFO  |  INSERT SUCCESS record no 155   
2023-12-16 11:57:29,081  |  DEBUG  |  ---------------------------------  
2023-12-16 11:57:29,082  |  DEBUG  |  ---------------------------------  
2023-12-16 11:57:29,083  |  INFO  |  INSERT SUCCESS record no 156   
2023-12-16 11:57:29,083  |  DEBUG  |  ---------------------------------  
2023-12-16 11:57:29,084  |  DEBUG  |  ---------------------------------  
2023-12-16 11:57:29,084  |  INFO  |  INSERT SUCCESS record no 157   
2023-12-16 11:57:29,085  |  DEBUG  |  ---------------------------------  
2023-12-16 11:57:29,085  |  DEBUG  |  ---------------------------------  
2023-12-16 11:57:29,086  |  INFO  |  INSERT SUCCESS record no 158   
2023-12-16 11:57:29,086  |  DEBUG  |  ---------------------------------  
2023-12-16 11:57:29,087  |  DEBUG  |  ---------------------------------  
2023-12-16 11:57:29,087  |  INFO  |  INSERT SUCCESS record no 159   
2023-12-16 11:57:29,087  |  DEBUG  |  ---------------------------------  
2023-12-16 11:57:29,088  |  DEBUG  |  ---------------------------------  
2023-12-16 11:57:29,089  |  INFO  |  INSERT SUCCESS record no 160   
2023-12-16 11:57:29,089  |  DEBUG  |  ---------------------------------  
2023-12-16 11:57:29,090  |  DEBUG  |  ---------------------------------  
2023-12-16 11:57:29,090  |  INFO  |  INSERT SUCCESS record no 161   
2023-12-16 11:57:29,090  |  DEBUG  |  ---------------------------------  
2023-12-16 11:57:29,091  |  DEBUG  |  ---------------------------------  
2023-12-16 11:57:29,092  |  INFO  |  INSERT SUCCESS record no 162   
2023-12-16 11:57:29,092  |  DEBUG  |  ---------------------------------  
2023-12-16 11:57:29,093  |  DEBUG  |  ---------------------------------  
2023-12-16 11:57:29,094  |  INFO  |  INSERT SUCCESS record no 163   
2023-12-16 11:57:29,094  |  DEBUG  |  ---------------------------------  
2023-12-16 11:57:29,095  |  DEBUG  |  ---------------------------------  
2023-12-16 11:57:29,095  |  INFO  |  INSERT SUCCESS record no 164   
2023-12-16 11:57:29,096  |  DEBUG  |  ---------------------------------  
2023-12-16 11:57:29,097  |  DEBUG  |  ---------------------------------  
2023-12-16 11:57:29,098  |  INFO  |  INSERT SUCCESS record no 165   
2023-12-16 11:57:29,098  |  DEBUG  |  ---------------------------------  
2023-12-16 11:57:29,099  |  DEBUG  |  ---------------------------------  
2023-12-16 11:57:29,099  |  INFO  |  INSERT SUCCESS record no 166   
2023-12-16 11:57:29,099  |  DEBUG  |  ---------------------------------  
2023-12-16 11:57:29,100  |  DEBUG  |  ---------------------------------  
2023-12-16 11:57:29,100  |  INFO  |  INSERT SUCCESS record no 167   
2023-12-16 11:57:29,101  |  DEBUG  |  ---------------------------------  
2023-12-16 11:57:29,101  |  DEBUG  |  ---------------------------------  
2023-12-16 11:57:29,101  |  INFO  |  INSERT SUCCESS record no 168   
2023-12-16 11:57:29,102  |  DEBUG  |  ---------------------------------  
2023-12-16 11:57:29,102  |  DEBUG  |  ---------------------------------  
2023-12-16 11:57:29,103  |  INFO  |  INSERT SUCCESS record no 169   
2023-12-16 11:57:29,103  |  DEBUG  |  ---------------------------------  
2023-12-16 11:57:29,103  |  DEBUG  |  ---------------------------------  
2023-12-16 11:57:29,104  |  INFO  |  INSERT SUCCESS record no 170   
2023-12-16 11:57:29,104  |  DEBUG  |  ---------------------------------  
2023-12-16 11:57:29,105  |  DEBUG  |  ---------------------------------  
2023-12-16 11:57:29,105  |  INFO  |  INSERT SUCCESS record no 171   
2023-12-16 11:57:29,105  |  DEBUG  |  ---------------------------------  
2023-12-16 11:57:29,106  |  DEBUG  |  ---------------------------------  
2023-12-16 11:57:29,106  |  INFO  |  INSERT SUCCESS record no 172   
2023-12-16 11:57:29,106  |  DEBUG  |  ---------------------------------  
2023-12-16 11:57:29,107  |  DEBUG  |  ---------------------------------  
2023-12-16 11:57:29,107  |  INFO  |  INSERT SUCCESS record no 173   
2023-12-16 11:57:29,108  |  DEBUG  |  ---------------------------------  
2023-12-16 11:57:29,109  |  DEBUG  |  ---------------------------------  
2023-12-16 11:57:29,109  |  INFO  |  INSERT SUCCESS record no 174   
2023-12-16 11:57:29,110  |  DEBUG  |  ---------------------------------  
2023-12-16 11:57:29,111  |  DEBUG  |  ---------------------------------  
2023-12-16 11:57:29,111  |  INFO  |  INSERT SUCCESS record no 175   
2023-12-16 11:57:29,112  |  DEBUG  |  ---------------------------------  
2023-12-16 11:57:29,112  |  DEBUG  |  ---------------------------------  
2023-12-16 11:57:29,113  |  INFO  |  INSERT SUCCESS record no 176   
2023-12-16 11:57:29,113  |  DEBUG  |  ---------------------------------  
2023-12-16 11:57:29,114  |  DEBUG  |  ---------------------------------  
2023-12-16 11:57:29,115  |  INFO  |  INSERT SUCCESS record no 177   
2023-12-16 11:57:29,115  |  DEBUG  |  ---------------------------------  
2023-12-16 11:57:29,116  |  DEBUG  |  ---------------------------------  
2023-12-16 11:57:29,117  |  INFO  |  INSERT SUCCESS record no 178   
2023-12-16 11:57:29,117  |  DEBUG  |  ---------------------------------  
2023-12-16 11:57:29,117  |  DEBUG  |  ---------------------------------  
2023-12-16 11:57:29,118  |  INFO  |  INSERT SUCCESS record no 179   
2023-12-16 11:57:29,118  |  DEBUG  |  ---------------------------------  
2023-12-16 11:57:29,119  |  DEBUG  |  ---------------------------------  
2023-12-16 11:57:29,119  |  INFO  |  INSERT SUCCESS record no 180   
2023-12-16 11:57:29,119  |  DEBUG  |  ---------------------------------  
2023-12-16 11:57:29,120  |  DEBUG  |  ---------------------------------  
2023-12-16 11:57:29,120  |  INFO  |  INSERT SUCCESS record no 181   
2023-12-16 11:57:29,120  |  DEBUG  |  ---------------------------------  
2023-12-16 11:57:29,121  |  DEBUG  |  ---------------------------------  
2023-12-16 11:57:29,121  |  INFO  |  INSERT SUCCESS record no 182   
2023-12-16 11:57:29,122  |  DEBUG  |  ---------------------------------  
2023-12-16 11:57:29,122  |  DEBUG  |  ---------------------------------  
2023-12-16 11:57:29,122  |  INFO  |  INSERT SUCCESS record no 183   
2023-12-16 11:57:29,123  |  DEBUG  |  ---------------------------------  
2023-12-16 11:57:29,123  |  DEBUG  |  ---------------------------------  
2023-12-16 11:57:29,124  |  INFO  |  INSERT SUCCESS record no 184   
2023-12-16 11:57:29,124  |  DEBUG  |  ---------------------------------  
2023-12-16 11:57:29,124  |  DEBUG  |  ---------------------------------  
2023-12-16 11:57:29,125  |  INFO  |  INSERT SUCCESS record no 185   
2023-12-16 11:57:29,125  |  DEBUG  |  ---------------------------------  
2023-12-16 11:57:29,126  |  DEBUG  |  ---------------------------------  
2023-12-16 11:57:29,127  |  INFO  |  INSERT SUCCESS record no 186   
2023-12-16 11:57:29,127  |  DEBUG  |  ---------------------------------  
2023-12-16 11:57:29,128  |  DEBUG  |  ---------------------------------  
2023-12-16 11:57:29,129  |  INFO  |  INSERT SUCCESS record no 187   
2023-12-16 11:57:29,129  |  DEBUG  |  ---------------------------------  
2023-12-16 11:57:29,130  |  DEBUG  |  ---------------------------------  
2023-12-16 11:57:29,131  |  INFO  |  INSERT SUCCESS record no 188   
2023-12-16 11:57:29,131  |  DEBUG  |  ---------------------------------  
2023-12-16 11:57:29,132  |  DEBUG  |  ---------------------------------  
2023-12-16 11:57:29,132  |  INFO  |  INSERT SUCCESS record no 189   
2023-12-16 11:57:29,132  |  DEBUG  |  ---------------------------------  
2023-12-16 11:57:29,133  |  DEBUG  |  ---------------------------------  
2023-12-16 11:57:29,133  |  INFO  |  INSERT SUCCESS record no 190   
2023-12-16 11:57:29,133  |  DEBUG  |  ---------------------------------  
2023-12-16 11:57:29,134  |  DEBUG  |  ---------------------------------  
2023-12-16 11:57:29,134  |  INFO  |  INSERT SUCCESS record no 191   
2023-12-16 11:57:29,134  |  DEBUG  |  ---------------------------------  
2023-12-16 11:57:29,135  |  DEBUG  |  ---------------------------------  
2023-12-16 11:57:29,135  |  INFO  |  INSERT SUCCESS record no 192   
2023-12-16 11:57:29,135  |  DEBUG  |  ---------------------------------  
2023-12-16 11:57:29,136  |  DEBUG  |  ---------------------------------  
2023-12-16 11:57:29,136  |  INFO  |  INSERT SUCCESS record no 193   
2023-12-16 11:57:29,136  |  DEBUG  |  ---------------------------------  
2023-12-16 11:57:29,137  |  DEBUG  |  ---------------------------------  
2023-12-16 11:57:29,137  |  INFO  |  INSERT SUCCESS record no 194   
2023-12-16 11:57:29,137  |  DEBUG  |  ---------------------------------  
2023-12-16 11:57:29,138  |  DEBUG  |  ---------------------------------  
2023-12-16 11:57:29,138  |  INFO  |  INSERT SUCCESS record no 195   
2023-12-16 11:57:29,138  |  DEBUG  |  ---------------------------------  
2023-12-16 11:57:29,139  |  DEBUG  |  ---------------------------------  
2023-12-16 11:57:29,139  |  INFO  |  INSERT SUCCESS record no 196   
2023-12-16 11:57:29,139  |  DEBUG  |  ---------------------------------  
2023-12-16 11:57:29,140  |  DEBUG  |  ---------------------------------  
2023-12-16 11:57:29,140  |  INFO  |  INSERT SUCCESS record no 197   
2023-12-16 11:57:29,140  |  DEBUG  |  ---------------------------------  
2023-12-16 11:57:29,141  |  DEBUG  |  ---------------------------------  
2023-12-16 11:57:29,142  |  INFO  |  INSERT SUCCESS record no 198   
2023-12-16 11:57:29,142  |  DEBUG  |  ---------------------------------  
2023-12-16 11:57:29,143  |  DEBUG  |  ---------------------------------  
2023-12-16 11:57:29,143  |  INFO  |  INSERT SUCCESS record no 199   
2023-12-16 11:57:29,144  |  DEBUG  |  ---------------------------------  
2023-12-16 11:57:29,144  |  DEBUG  |  ---------------------------------  
2023-12-16 11:57:29,145  |  INFO  |  INSERT SUCCESS record no 200   
2023-12-16 11:57:29,145  |  DEBUG  |  ---------------------------------  
2023-12-16 11:57:29,146  |  DEBUG  |  ---------------------------------  
2023-12-16 11:57:29,147  |  INFO  |  INSERT SUCCESS record no 201   
2023-12-16 11:57:29,147  |  DEBUG  |  ---------------------------------  
2023-12-16 11:57:29,148  |  DEBUG  |  ---------------------------------  
2023-12-16 11:57:29,148  |  INFO  |  INSERT SUCCESS record no 202   
2023-12-16 11:57:29,148  |  DEBUG  |  ---------------------------------  
2023-12-16 11:57:29,149  |  DEBUG  |  ---------------------------------  
2023-12-16 11:57:29,149  |  INFO  |  INSERT SUCCESS record no 203   
2023-12-16 11:57:29,149  |  DEBUG  |  ---------------------------------  
2023-12-16 11:57:29,150  |  DEBUG  |  ---------------------------------  
2023-12-16 11:57:29,150  |  INFO  |  INSERT SUCCESS record no 204   
2023-12-16 11:57:29,150  |  DEBUG  |  ---------------------------------  
2023-12-16 11:57:29,151  |  INFO  |  Rows after SQL insert in Postgres: 204   
2023-12-16 11:57:29,151  |  DEBUG  |    
2023-12-16 11:57:29,151  |  INFO  |  Sensitve columns: ['Product_Category']  
2023-12-16 11:57:29,160  |  INFO  |  ================================================  
2023-12-16 11:57:29,161  |  INFO  |  Total columns in table after insertion: 8  
2023-12-16 11:57:29,161  |  INFO  |  Columns name list in table after insertion: ['coupon_id', 'month', 'product_category', 'coupon_code', 'discount_pct', 'created_at', 'updated_at', 'source']  
2023-12-16 11:57:29,161  |  DEBUG  |    
2023-12-16 11:57:29,162  |  INFO  |  DATA VALIDATION SUCCESS: All general DQ checks passed!   
2023-12-16 11:57:29,162  |  DEBUG  |    
2023-12-16 11:57:29,163  |  INFO  |  Now saving changes made by SQL statements to Postgres DB....  
2023-12-16 11:57:29,163  |  INFO  |  Saved successfully, now terminating cursor and current session....  
2023-12-16 11:57:29,163  |  DEBUG  |    
2023-12-16 11:57:29,163  |  DEBUG  |  Cursor closed successfully.  
2023-12-16 11:57:29,164  |  DEBUG  |  Session connected to Postgres database closed.  
